[0.015s] Invoking command in '/root/slam/slam/driver_FR_APOLLO/build/lslidar_c16_driver': CMAKE_PREFIX_PATH=/root/slam/slam/driver_FR_APOLLO/install/lslidar_c16_msg:/root/slam/slam/driver_FR_APOLLO/install/lslidar_c16_driver:/root/slam/slam/driver_FR_APOLLO/install/lslidar_c16_decoder:/opt/ros/humble CONDA_PROMPT_MODIFIER=(openalt) /usr/bin/cmake --build /root/slam/slam/driver_FR_APOLLO/build/lslidar_c16_driver -- -j12 -l12
[0.057s] [35m[1mConsolidate compiler generated dependencies of target lslidar_c16_driver_node[0m
[0.076s] [100%] Built target lslidar_c16_driver_node
[0.089s] Invoked command in '/root/slam/slam/driver_FR_APOLLO/build/lslidar_c16_driver' returned '0': CMAKE_PREFIX_PATH=/root/slam/slam/driver_FR_APOLLO/install/lslidar_c16_msg:/root/slam/slam/driver_FR_APOLLO/install/lslidar_c16_driver:/root/slam/slam/driver_FR_APOLLO/install/lslidar_c16_decoder:/opt/ros/humble CONDA_PROMPT_MODIFIER=(openalt) /usr/bin/cmake --build /root/slam/slam/driver_FR_APOLLO/build/lslidar_c16_driver -- -j12 -l12
[0.113s] Invoking command in '/root/slam/slam/driver_FR_APOLLO/build/lslidar_c16_driver': CMAKE_PREFIX_PATH=/root/slam/slam/driver_FR_APOLLO/install/lslidar_c16_msg:/root/slam/slam/driver_FR_APOLLO/install/lslidar_c16_driver:/root/slam/slam/driver_FR_APOLLO/install/lslidar_c16_decoder:/opt/ros/humble CONDA_PROMPT_MODIFIER=(openalt) /usr/bin/cmake --install /root/slam/slam/driver_FR_APOLLO/build/lslidar_c16_driver
[0.117s] -- Install configuration: ""
[0.117s] -- Up-to-date: /root/slam/slam/driver_FR_APOLLO/install/lslidar_c16_driver/lib/lslidar_c16_driver/lslidar_c16_driver_node
[0.117s] -- Up-to-date: /root/slam/slam/driver_FR_APOLLO/install/lslidar_c16_driver/share/ament_index/resource_index/package_run_dependencies/lslidar_c16_driver
[0.117s] -- Up-to-date: /root/slam/slam/driver_FR_APOLLO/install/lslidar_c16_driver/share/ament_index/resource_index/parent_prefix_path/lslidar_c16_driver
[0.117s] -- Up-to-date: /root/slam/slam/driver_FR_APOLLO/install/lslidar_c16_driver/share/lslidar_c16_driver/environment/ament_prefix_path.sh
[0.117s] -- Up-to-date: /root/slam/slam/driver_FR_APOLLO/install/lslidar_c16_driver/share/lslidar_c16_driver/environment/ament_prefix_path.dsv
[0.117s] -- Up-to-date: /root/slam/slam/driver_FR_APOLLO/install/lslidar_c16_driver/share/lslidar_c16_driver/environment/path.sh
[0.117s] -- Up-to-date: /root/slam/slam/driver_FR_APOLLO/install/lslidar_c16_driver/share/lslidar_c16_driver/environment/path.dsv
[0.117s] -- Up-to-date: /root/slam/slam/driver_FR_APOLLO/install/lslidar_c16_driver/share/lslidar_c16_driver/local_setup.bash
[0.117s] -- Up-to-date: /root/slam/slam/driver_FR_APOLLO/install/lslidar_c16_driver/share/lslidar_c16_driver/local_setup.sh
[0.117s] -- Up-to-date: /root/slam/slam/driver_FR_APOLLO/install/lslidar_c16_driver/share/lslidar_c16_driver/local_setup.zsh
[0.117s] -- Up-to-date: /root/slam/slam/driver_FR_APOLLO/install/lslidar_c16_driver/share/lslidar_c16_driver/local_setup.dsv
[0.117s] -- Installing: /root/slam/slam/driver_FR_APOLLO/install/lslidar_c16_driver/share/lslidar_c16_driver/package.dsv
[0.117s] -- Up-to-date: /root/slam/slam/driver_FR_APOLLO/install/lslidar_c16_driver/share/ament_index/resource_index/packages/lslidar_c16_driver
[0.118s] -- Up-to-date: /root/slam/slam/driver_FR_APOLLO/install/lslidar_c16_driver/share/lslidar_c16_driver/cmake/lslidar_c16_driverConfig.cmake
[0.118s] -- Up-to-date: /root/slam/slam/driver_FR_APOLLO/install/lslidar_c16_driver/share/lslidar_c16_driver/cmake/lslidar_c16_driverConfig-version.cmake
[0.118s] -- Up-to-date: /root/slam/slam/driver_FR_APOLLO/install/lslidar_c16_driver/share/lslidar_c16_driver/package.xml
[0.119s] Invoked command in '/root/slam/slam/driver_FR_APOLLO/build/lslidar_c16_driver' returned '0': CMAKE_PREFIX_PATH=/root/slam/slam/driver_FR_APOLLO/install/lslidar_c16_msg:/root/slam/slam/driver_FR_APOLLO/install/lslidar_c16_driver:/root/slam/slam/driver_FR_APOLLO/install/lslidar_c16_decoder:/opt/ros/humble CONDA_PROMPT_MODIFIER=(openalt) /usr/bin/cmake --install /root/slam/slam/driver_FR_APOLLO/build/lslidar_c16_driver
