[100%] Built target lslidar_c16_decoder_node
-- Install configuration: ""
-- Up-to-date: /root/slam/slam/driver_FR_APOLLO/install/lslidar_c16_decoder/lib/lslidar_c16_decoder/lslidar_c16_decoder_node
-- Up-to-date: /root/slam/slam/driver_FR_APOLLO/install/lslidar_c16_decoder/share/lslidar_c16_decoder/launch
-- Up-to-date: /root/slam/slam/driver_FR_APOLLO/install/lslidar_c16_decoder/share/lslidar_c16_decoder/launch/lslidar_c16_decoder.launch.py
-- Up-to-date: /root/slam/slam/driver_FR_APOLLO/install/lslidar_c16_decoder/share/ament_index/resource_index/package_run_dependencies/lslidar_c16_decoder
-- Up-to-date: /root/slam/slam/driver_FR_APOLLO/install/lslidar_c16_decoder/share/ament_index/resource_index/parent_prefix_path/lslidar_c16_decoder
-- Up-to-date: /root/slam/slam/driver_FR_APOLLO/install/lslidar_c16_decoder/share/lslidar_c16_decoder/environment/ament_prefix_path.sh
-- Up-to-date: /root/slam/slam/driver_FR_APOLLO/install/lslidar_c16_decoder/share/lslidar_c16_decoder/environment/ament_prefix_path.dsv
-- Up-to-date: /root/slam/slam/driver_FR_APOLLO/install/lslidar_c16_decoder/share/lslidar_c16_decoder/environment/path.sh
-- Up-to-date: /root/slam/slam/driver_FR_APOLLO/install/lslidar_c16_decoder/share/lslidar_c16_decoder/environment/path.dsv
-- Up-to-date: /root/slam/slam/driver_FR_APOLLO/install/lslidar_c16_decoder/share/lslidar_c16_decoder/local_setup.bash
-- Up-to-date: /root/slam/slam/driver_FR_APOLLO/install/lslidar_c16_decoder/share/lslidar_c16_decoder/local_setup.sh
-- Up-to-date: /root/slam/slam/driver_FR_APOLLO/install/lslidar_c16_decoder/share/lslidar_c16_decoder/local_setup.zsh
-- Up-to-date: /root/slam/slam/driver_FR_APOLLO/install/lslidar_c16_decoder/share/lslidar_c16_decoder/local_setup.dsv
-- Installing: /root/slam/slam/driver_FR_APOLLO/install/lslidar_c16_decoder/share/lslidar_c16_decoder/package.dsv
-- Up-to-date: /root/slam/slam/driver_FR_APOLLO/install/lslidar_c16_decoder/share/ament_index/resource_index/packages/lslidar_c16_decoder
-- Up-to-date: /root/slam/slam/driver_FR_APOLLO/install/lslidar_c16_decoder/share/lslidar_c16_decoder/cmake/lslidar_c16_decoderConfig.cmake
-- Up-to-date: /root/slam/slam/driver_FR_APOLLO/install/lslidar_c16_decoder/share/lslidar_c16_decoder/cmake/lslidar_c16_decoderConfig-version.cmake
-- Up-to-date: /root/slam/slam/driver_FR_APOLLO/install/lslidar_c16_decoder/share/lslidar_c16_decoder/package.xml
