[0.011s] Invoking command in '/root/slam/slam/driver_FR_APOLLO/build/lslidar_c16_decoder': CMAKE_PREFIX_PATH=/root/slam/slam/driver_FR_APOLLO/install/lslidar_c16_msg:/root/slam/slam/driver_FR_APOLLO/install/lslidar_c16_driver:/root/slam/slam/driver_FR_APOLLO/install/lslidar_c16_decoder:/opt/ros/humble CONDA_PROMPT_MODIFIER=(openalt) /usr/bin/cmake --build /root/slam/slam/driver_FR_APOLLO/build/lslidar_c16_decoder -- -j12 -l12
[0.041s] [35m[1mConsolidate compiler generated dependencies of target lslidar_c16_decoder_node[0m
[0.076s] [100%] Built target lslidar_c16_decoder_node
[0.083s] Invoked command in '/root/slam/slam/driver_FR_APOLLO/build/lslidar_c16_decoder' returned '0': CMAKE_PREFIX_PATH=/root/slam/slam/driver_FR_APOLLO/install/lslidar_c16_msg:/root/slam/slam/driver_FR_APOLLO/install/lslidar_c16_driver:/root/slam/slam/driver_FR_APOLLO/install/lslidar_c16_decoder:/opt/ros/humble CONDA_PROMPT_MODIFIER=(openalt) /usr/bin/cmake --build /root/slam/slam/driver_FR_APOLLO/build/lslidar_c16_decoder -- -j12 -l12
[0.102s] Invoking command in '/root/slam/slam/driver_FR_APOLLO/build/lslidar_c16_decoder': CMAKE_PREFIX_PATH=/root/slam/slam/driver_FR_APOLLO/install/lslidar_c16_msg:/root/slam/slam/driver_FR_APOLLO/install/lslidar_c16_driver:/root/slam/slam/driver_FR_APOLLO/install/lslidar_c16_decoder:/opt/ros/humble CONDA_PROMPT_MODIFIER=(openalt) /usr/bin/cmake --install /root/slam/slam/driver_FR_APOLLO/build/lslidar_c16_decoder
[0.107s] -- Install configuration: ""
[0.108s] -- Up-to-date: /root/slam/slam/driver_FR_APOLLO/install/lslidar_c16_decoder/lib/lslidar_c16_decoder/lslidar_c16_decoder_node
[0.108s] -- Up-to-date: /root/slam/slam/driver_FR_APOLLO/install/lslidar_c16_decoder/share/lslidar_c16_decoder/launch
[0.108s] -- Up-to-date: /root/slam/slam/driver_FR_APOLLO/install/lslidar_c16_decoder/share/lslidar_c16_decoder/launch/lslidar_c16_decoder.launch.py
[0.108s] -- Up-to-date: /root/slam/slam/driver_FR_APOLLO/install/lslidar_c16_decoder/share/ament_index/resource_index/package_run_dependencies/lslidar_c16_decoder
[0.108s] -- Up-to-date: /root/slam/slam/driver_FR_APOLLO/install/lslidar_c16_decoder/share/ament_index/resource_index/parent_prefix_path/lslidar_c16_decoder
[0.108s] -- Up-to-date: /root/slam/slam/driver_FR_APOLLO/install/lslidar_c16_decoder/share/lslidar_c16_decoder/environment/ament_prefix_path.sh
[0.108s] -- Up-to-date: /root/slam/slam/driver_FR_APOLLO/install/lslidar_c16_decoder/share/lslidar_c16_decoder/environment/ament_prefix_path.dsv
[0.108s] -- Up-to-date: /root/slam/slam/driver_FR_APOLLO/install/lslidar_c16_decoder/share/lslidar_c16_decoder/environment/path.sh
[0.108s] -- Up-to-date: /root/slam/slam/driver_FR_APOLLO/install/lslidar_c16_decoder/share/lslidar_c16_decoder/environment/path.dsv
[0.108s] -- Up-to-date: /root/slam/slam/driver_FR_APOLLO/install/lslidar_c16_decoder/share/lslidar_c16_decoder/local_setup.bash
[0.108s] -- Up-to-date: /root/slam/slam/driver_FR_APOLLO/install/lslidar_c16_decoder/share/lslidar_c16_decoder/local_setup.sh
[0.108s] -- Up-to-date: /root/slam/slam/driver_FR_APOLLO/install/lslidar_c16_decoder/share/lslidar_c16_decoder/local_setup.zsh
[0.108s] -- Up-to-date: /root/slam/slam/driver_FR_APOLLO/install/lslidar_c16_decoder/share/lslidar_c16_decoder/local_setup.dsv
[0.108s] -- Installing: /root/slam/slam/driver_FR_APOLLO/install/lslidar_c16_decoder/share/lslidar_c16_decoder/package.dsv
[0.108s] -- Up-to-date: /root/slam/slam/driver_FR_APOLLO/install/lslidar_c16_decoder/share/ament_index/resource_index/packages/lslidar_c16_decoder
[0.108s] -- Up-to-date: /root/slam/slam/driver_FR_APOLLO/install/lslidar_c16_decoder/share/lslidar_c16_decoder/cmake/lslidar_c16_decoderConfig.cmake
[0.108s] -- Up-to-date: /root/slam/slam/driver_FR_APOLLO/install/lslidar_c16_decoder/share/lslidar_c16_decoder/cmake/lslidar_c16_decoderConfig-version.cmake
[0.108s] -- Up-to-date: /root/slam/slam/driver_FR_APOLLO/install/lslidar_c16_decoder/share/lslidar_c16_decoder/package.xml
[0.110s] Invoked command in '/root/slam/slam/driver_FR_APOLLO/build/lslidar_c16_decoder' returned '0': CMAKE_PREFIX_PATH=/root/slam/slam/driver_FR_APOLLO/install/lslidar_c16_msg:/root/slam/slam/driver_FR_APOLLO/install/lslidar_c16_driver:/root/slam/slam/driver_FR_APOLLO/install/lslidar_c16_decoder:/opt/ros/humble CONDA_PROMPT_MODIFIER=(openalt) /usr/bin/cmake --install /root/slam/slam/driver_FR_APOLLO/build/lslidar_c16_decoder
