[35m[1mConsolidate compiler generated dependencies of target lslidar_c16_msg__rosidl_generator_c[0m
[  1%] Built target lslidar_c16_msg__cpp
[ 12%] Built target lslidar_c16_msg__rosidl_generator_c
[ 12%] Built target ament_cmake_python_copy_lslidar_c16_msg
[35m[1mConsolidate compiler generated dependencies of target lslidar_c16_msg__rosidl_typesupport_cpp[0m
[35m[1mConsolidate compiler generated dependencies of target lslidar_c16_msg__rosidl_typesupport_fastrtps_cpp[0m
[35m[1mConsolidate compiler generated dependencies of target lslidar_c16_msg__rosidl_typesupport_introspection_cpp[0m
[35m[1mConsolidate compiler generated dependencies of target lslidar_c16_msg__rosidl_typesupport_c[0m
[35m[1mConsolidate compiler generated dependencies of target lslidar_c16_msg__rosidl_typesupport_introspection_c[0m
[35m[1mConsolidate compiler generated dependencies of target lslidar_c16_msg__rosidl_typesupport_fastrtps_c[0m
[ 24%] Built target lslidar_c16_msg__rosidl_typesupport_cpp
[ 35%] Built target lslidar_c16_msg__rosidl_typesupport_c
[ 46%] Built target lslidar_c16_msg__rosidl_typesupport_introspection_c
[ 58%] Built target lslidar_c16_msg__rosidl_typesupport_introspection_cpp
[ 69%] Built target lslidar_c16_msg__rosidl_typesupport_fastrtps_cpp
[ 81%] Built target lslidar_c16_msg__rosidl_typesupport_fastrtps_c
[ 81%] Built target lslidar_c16_msg
[ 82%] Built target lslidar_c16_msg__py
[35m[1mConsolidate compiler generated dependencies of target lslidar_c16_msg__rosidl_generator_py[0m
[ 92%] Built target lslidar_c16_msg__rosidl_generator_py
[35m[1mConsolidate compiler generated dependencies of target lslidar_c16_msg__rosidl_typesupport_fastrtps_c__pyext[0m
[35m[1mConsolidate compiler generated dependencies of target lslidar_c16_msg__rosidl_typesupport_introspection_c__pyext[0m
[35m[1mConsolidate compiler generated dependencies of target lslidar_c16_msg__rosidl_typesupport_c__pyext[0m
[ 94%] Built target lslidar_c16_msg__rosidl_typesupport_fastrtps_c__pyext
[ 97%] Built target lslidar_c16_msg__rosidl_typesupport_introspection_c__pyext
[100%] Built target lslidar_c16_msg__rosidl_typesupport_c__pyext
running egg_info
writing lslidar_c16_msg.egg-info/PKG-INFO
writing dependency_links to lslidar_c16_msg.egg-info/dependency_links.txt
writing top-level names to lslidar_c16_msg.egg-info/top_level.txt
reading manifest file 'lslidar_c16_msg.egg-info/SOURCES.txt'
writing manifest file 'lslidar_c16_msg.egg-info/SOURCES.txt'
[100%] Built target ament_cmake_python_build_lslidar_c16_msg_egg
-- Install configuration: ""
-- Up-to-date: /root/slam/slam/driver_FR_APOLLO/install/lslidar_c16_msg/share/ament_index/resource_index/rosidl_interfaces/lslidar_c16_msg
-- Up-to-date: /root/slam/slam/driver_FR_APOLLO/install/lslidar_c16_msg/include/lslidar_c16_msg/lslidar_c16_msg
-- Up-to-date: /root/slam/slam/driver_FR_APOLLO/install/lslidar_c16_msg/include/lslidar_c16_msg/lslidar_c16_msg/srv
-- Up-to-date: /root/slam/slam/driver_FR_APOLLO/install/lslidar_c16_msg/include/lslidar_c16_msg/lslidar_c16_msg/srv/lslidar_c16_control.h
-- Up-to-date: /root/slam/slam/driver_FR_APOLLO/install/lslidar_c16_msg/include/lslidar_c16_msg/lslidar_c16_msg/srv/detail
-- Up-to-date: /root/slam/slam/driver_FR_APOLLO/install/lslidar_c16_msg/include/lslidar_c16_msg/lslidar_c16_msg/srv/detail/lslidar_c16_control__functions.c
-- Up-to-date: /root/slam/slam/driver_FR_APOLLO/install/lslidar_c16_msg/include/lslidar_c16_msg/lslidar_c16_msg/srv/detail/lslidar_c16_control__type_support.h
-- Up-to-date: /root/slam/slam/driver_FR_APOLLO/install/lslidar_c16_msg/include/lslidar_c16_msg/lslidar_c16_msg/srv/detail/lslidar_c16_control__functions.h
-- Up-to-date: /root/slam/slam/driver_FR_APOLLO/install/lslidar_c16_msg/include/lslidar_c16_msg/lslidar_c16_msg/srv/detail/lslidar_c16_control__struct.h
-- Up-to-date: /root/slam/slam/driver_FR_APOLLO/install/lslidar_c16_msg/include/lslidar_c16_msg/lslidar_c16_msg/msg
-- Up-to-date: /root/slam/slam/driver_FR_APOLLO/install/lslidar_c16_msg/include/lslidar_c16_msg/lslidar_c16_msg/msg/lslidar_c16_packet.h
-- Up-to-date: /root/slam/slam/driver_FR_APOLLO/install/lslidar_c16_msg/include/lslidar_c16_msg/lslidar_c16_msg/msg/lslidar_c16_layer.h
-- Up-to-date: /root/slam/slam/driver_FR_APOLLO/install/lslidar_c16_msg/include/lslidar_c16_msg/lslidar_c16_msg/msg/lslidar_c16_point.h
-- Up-to-date: /root/slam/slam/driver_FR_APOLLO/install/lslidar_c16_msg/include/lslidar_c16_msg/lslidar_c16_msg/msg/lslidar_c16_scan_unified.h
-- Up-to-date: /root/slam/slam/driver_FR_APOLLO/install/lslidar_c16_msg/include/lslidar_c16_msg/lslidar_c16_msg/msg/lslidar_c16_sweep.h
-- Up-to-date: /root/slam/slam/driver_FR_APOLLO/install/lslidar_c16_msg/include/lslidar_c16_msg/lslidar_c16_msg/msg/lslidar_c16_scan.h
-- Up-to-date: /root/slam/slam/driver_FR_APOLLO/install/lslidar_c16_msg/include/lslidar_c16_msg/lslidar_c16_msg/msg/detail
-- Up-to-date: /root/slam/slam/driver_FR_APOLLO/install/lslidar_c16_msg/include/lslidar_c16_msg/lslidar_c16_msg/msg/detail/lslidar_c16_scan__type_support.h
-- Up-to-date: /root/slam/slam/driver_FR_APOLLO/install/lslidar_c16_msg/include/lslidar_c16_msg/lslidar_c16_msg/msg/detail/lslidar_c16_sweep__functions.c
-- Up-to-date: /root/slam/slam/driver_FR_APOLLO/install/lslidar_c16_msg/include/lslidar_c16_msg/lslidar_c16_msg/msg/detail/lslidar_c16_scan_unified__type_support.h
-- Up-to-date: /root/slam/slam/driver_FR_APOLLO/install/lslidar_c16_msg/include/lslidar_c16_msg/lslidar_c16_msg/msg/detail/lslidar_c16_layer__type_support.h
-- Up-to-date: /root/slam/slam/driver_FR_APOLLO/install/lslidar_c16_msg/include/lslidar_c16_msg/lslidar_c16_msg/msg/detail/lslidar_c16_packet__type_support.h
-- Up-to-date: /root/slam/slam/driver_FR_APOLLO/install/lslidar_c16_msg/include/lslidar_c16_msg/lslidar_c16_msg/msg/detail/lslidar_c16_scan__functions.h
-- Up-to-date: /root/slam/slam/driver_FR_APOLLO/install/lslidar_c16_msg/include/lslidar_c16_msg/lslidar_c16_msg/msg/detail/lslidar_c16_scan_unified__struct.h
-- Up-to-date: /root/slam/slam/driver_FR_APOLLO/install/lslidar_c16_msg/include/lslidar_c16_msg/lslidar_c16_msg/msg/detail/lslidar_c16_layer__struct.h
-- Up-to-date: /root/slam/slam/driver_FR_APOLLO/install/lslidar_c16_msg/include/lslidar_c16_msg/lslidar_c16_msg/msg/detail/lslidar_c16_point__struct.h
-- Up-to-date: /root/slam/slam/driver_FR_APOLLO/install/lslidar_c16_msg/include/lslidar_c16_msg/lslidar_c16_msg/msg/detail/lslidar_c16_scan__struct.h
-- Up-to-date: /root/slam/slam/driver_FR_APOLLO/install/lslidar_c16_msg/include/lslidar_c16_msg/lslidar_c16_msg/msg/detail/lslidar_c16_sweep__struct.h
-- Up-to-date: /root/slam/slam/driver_FR_APOLLO/install/lslidar_c16_msg/include/lslidar_c16_msg/lslidar_c16_msg/msg/detail/lslidar_c16_scan_unified__functions.c
-- Up-to-date: /root/slam/slam/driver_FR_APOLLO/install/lslidar_c16_msg/include/lslidar_c16_msg/lslidar_c16_msg/msg/detail/lslidar_c16_layer__functions.h
-- Up-to-date: /root/slam/slam/driver_FR_APOLLO/install/lslidar_c16_msg/include/lslidar_c16_msg/lslidar_c16_msg/msg/detail/lslidar_c16_scan_unified__functions.h
-- Up-to-date: /root/slam/slam/driver_FR_APOLLO/install/lslidar_c16_msg/include/lslidar_c16_msg/lslidar_c16_msg/msg/detail/lslidar_c16_layer__functions.c
-- Up-to-date: /root/slam/slam/driver_FR_APOLLO/install/lslidar_c16_msg/include/lslidar_c16_msg/lslidar_c16_msg/msg/detail/lslidar_c16_scan__functions.c
-- Up-to-date: /root/slam/slam/driver_FR_APOLLO/install/lslidar_c16_msg/include/lslidar_c16_msg/lslidar_c16_msg/msg/detail/lslidar_c16_sweep__functions.h
-- Up-to-date: /root/slam/slam/driver_FR_APOLLO/install/lslidar_c16_msg/include/lslidar_c16_msg/lslidar_c16_msg/msg/detail/lslidar_c16_packet__functions.h
-- Up-to-date: /root/slam/slam/driver_FR_APOLLO/install/lslidar_c16_msg/include/lslidar_c16_msg/lslidar_c16_msg/msg/detail/lslidar_c16_sweep__type_support.h
-- Up-to-date: /root/slam/slam/driver_FR_APOLLO/install/lslidar_c16_msg/include/lslidar_c16_msg/lslidar_c16_msg/msg/detail/lslidar_c16_point__type_support.h
-- Up-to-date: /root/slam/slam/driver_FR_APOLLO/install/lslidar_c16_msg/include/lslidar_c16_msg/lslidar_c16_msg/msg/detail/lslidar_c16_packet__functions.c
-- Up-to-date: /root/slam/slam/driver_FR_APOLLO/install/lslidar_c16_msg/include/lslidar_c16_msg/lslidar_c16_msg/msg/detail/lslidar_c16_point__functions.h
-- Up-to-date: /root/slam/slam/driver_FR_APOLLO/install/lslidar_c16_msg/include/lslidar_c16_msg/lslidar_c16_msg/msg/detail/lslidar_c16_packet__struct.h
-- Up-to-date: /root/slam/slam/driver_FR_APOLLO/install/lslidar_c16_msg/include/lslidar_c16_msg/lslidar_c16_msg/msg/detail/lslidar_c16_point__functions.c
-- Up-to-date: /root/slam/slam/driver_FR_APOLLO/install/lslidar_c16_msg/include/lslidar_c16_msg/lslidar_c16_msg/msg/rosidl_generator_c__visibility_control.h
-- Up-to-date: /root/slam/slam/driver_FR_APOLLO/install/lslidar_c16_msg/share/lslidar_c16_msg/environment/library_path.sh
-- Up-to-date: /root/slam/slam/driver_FR_APOLLO/install/lslidar_c16_msg/share/lslidar_c16_msg/environment/library_path.dsv
-- Up-to-date: /root/slam/slam/driver_FR_APOLLO/install/lslidar_c16_msg/lib/liblslidar_c16_msg__rosidl_generator_c.so
-- Up-to-date: /root/slam/slam/driver_FR_APOLLO/install/lslidar_c16_msg/include/lslidar_c16_msg/lslidar_c16_msg
-- Up-to-date: /root/slam/slam/driver_FR_APOLLO/install/lslidar_c16_msg/include/lslidar_c16_msg/lslidar_c16_msg/srv
-- Up-to-date: /root/slam/slam/driver_FR_APOLLO/install/lslidar_c16_msg/include/lslidar_c16_msg/lslidar_c16_msg/srv/detail
-- Up-to-date: /root/slam/slam/driver_FR_APOLLO/install/lslidar_c16_msg/include/lslidar_c16_msg/lslidar_c16_msg/srv/detail/lslidar_c16_control__rosidl_typesupport_fastrtps_c.h
-- Up-to-date: /root/slam/slam/driver_FR_APOLLO/install/lslidar_c16_msg/include/lslidar_c16_msg/lslidar_c16_msg/msg
-- Up-to-date: /root/slam/slam/driver_FR_APOLLO/install/lslidar_c16_msg/include/lslidar_c16_msg/lslidar_c16_msg/msg/detail
-- Up-to-date: /root/slam/slam/driver_FR_APOLLO/install/lslidar_c16_msg/include/lslidar_c16_msg/lslidar_c16_msg/msg/detail/lslidar_c16_point__rosidl_typesupport_fastrtps_c.h
-- Up-to-date: /root/slam/slam/driver_FR_APOLLO/install/lslidar_c16_msg/include/lslidar_c16_msg/lslidar_c16_msg/msg/detail/lslidar_c16_scan_unified__rosidl_typesupport_fastrtps_c.h
-- Up-to-date: /root/slam/slam/driver_FR_APOLLO/install/lslidar_c16_msg/include/lslidar_c16_msg/lslidar_c16_msg/msg/detail/lslidar_c16_scan__rosidl_typesupport_fastrtps_c.h
-- Up-to-date: /root/slam/slam/driver_FR_APOLLO/install/lslidar_c16_msg/include/lslidar_c16_msg/lslidar_c16_msg/msg/detail/lslidar_c16_sweep__rosidl_typesupport_fastrtps_c.h
-- Up-to-date: /root/slam/slam/driver_FR_APOLLO/install/lslidar_c16_msg/include/lslidar_c16_msg/lslidar_c16_msg/msg/detail/lslidar_c16_packet__rosidl_typesupport_fastrtps_c.h
-- Up-to-date: /root/slam/slam/driver_FR_APOLLO/install/lslidar_c16_msg/include/lslidar_c16_msg/lslidar_c16_msg/msg/detail/lslidar_c16_layer__rosidl_typesupport_fastrtps_c.h
-- Up-to-date: /root/slam/slam/driver_FR_APOLLO/install/lslidar_c16_msg/include/lslidar_c16_msg/lslidar_c16_msg/msg/rosidl_typesupport_fastrtps_c__visibility_control.h
-- Up-to-date: /root/slam/slam/driver_FR_APOLLO/install/lslidar_c16_msg/lib/liblslidar_c16_msg__rosidl_typesupport_fastrtps_c.so
-- Up-to-date: /root/slam/slam/driver_FR_APOLLO/install/lslidar_c16_msg/include/lslidar_c16_msg/lslidar_c16_msg
-- Up-to-date: /root/slam/slam/driver_FR_APOLLO/install/lslidar_c16_msg/include/lslidar_c16_msg/lslidar_c16_msg/srv
-- Up-to-date: /root/slam/slam/driver_FR_APOLLO/install/lslidar_c16_msg/include/lslidar_c16_msg/lslidar_c16_msg/srv/detail
-- Up-to-date: /root/slam/slam/driver_FR_APOLLO/install/lslidar_c16_msg/include/lslidar_c16_msg/lslidar_c16_msg/srv/detail/lslidar_c16_control__rosidl_typesupport_introspection_c.h
-- Up-to-date: /root/slam/slam/driver_FR_APOLLO/install/lslidar_c16_msg/include/lslidar_c16_msg/lslidar_c16_msg/srv/detail/lslidar_c16_control__type_support.c
-- Up-to-date: /root/slam/slam/driver_FR_APOLLO/install/lslidar_c16_msg/include/lslidar_c16_msg/lslidar_c16_msg/msg
-- Up-to-date: /root/slam/slam/driver_FR_APOLLO/install/lslidar_c16_msg/include/lslidar_c16_msg/lslidar_c16_msg/msg/detail
-- Up-to-date: /root/slam/slam/driver_FR_APOLLO/install/lslidar_c16_msg/include/lslidar_c16_msg/lslidar_c16_msg/msg/detail/lslidar_c16_point__type_support.c
-- Up-to-date: /root/slam/slam/driver_FR_APOLLO/install/lslidar_c16_msg/include/lslidar_c16_msg/lslidar_c16_msg/msg/detail/lslidar_c16_scan_unified__rosidl_typesupport_introspection_c.h
-- Up-to-date: /root/slam/slam/driver_FR_APOLLO/install/lslidar_c16_msg/include/lslidar_c16_msg/lslidar_c16_msg/msg/detail/lslidar_c16_sweep__type_support.c
-- Up-to-date: /root/slam/slam/driver_FR_APOLLO/install/lslidar_c16_msg/include/lslidar_c16_msg/lslidar_c16_msg/msg/detail/lslidar_c16_layer__rosidl_typesupport_introspection_c.h
-- Up-to-date: /root/slam/slam/driver_FR_APOLLO/install/lslidar_c16_msg/include/lslidar_c16_msg/lslidar_c16_msg/msg/detail/lslidar_c16_layer__type_support.c
-- Up-to-date: /root/slam/slam/driver_FR_APOLLO/install/lslidar_c16_msg/include/lslidar_c16_msg/lslidar_c16_msg/msg/detail/lslidar_c16_packet__rosidl_typesupport_introspection_c.h
-- Up-to-date: /root/slam/slam/driver_FR_APOLLO/install/lslidar_c16_msg/include/lslidar_c16_msg/lslidar_c16_msg/msg/detail/lslidar_c16_point__rosidl_typesupport_introspection_c.h
-- Up-to-date: /root/slam/slam/driver_FR_APOLLO/install/lslidar_c16_msg/include/lslidar_c16_msg/lslidar_c16_msg/msg/detail/lslidar_c16_packet__type_support.c
-- Up-to-date: /root/slam/slam/driver_FR_APOLLO/install/lslidar_c16_msg/include/lslidar_c16_msg/lslidar_c16_msg/msg/detail/lslidar_c16_scan_unified__type_support.c
-- Up-to-date: /root/slam/slam/driver_FR_APOLLO/install/lslidar_c16_msg/include/lslidar_c16_msg/lslidar_c16_msg/msg/detail/lslidar_c16_scan__type_support.c
-- Up-to-date: /root/slam/slam/driver_FR_APOLLO/install/lslidar_c16_msg/include/lslidar_c16_msg/lslidar_c16_msg/msg/detail/lslidar_c16_sweep__rosidl_typesupport_introspection_c.h
-- Up-to-date: /root/slam/slam/driver_FR_APOLLO/install/lslidar_c16_msg/include/lslidar_c16_msg/lslidar_c16_msg/msg/detail/lslidar_c16_scan__rosidl_typesupport_introspection_c.h
-- Up-to-date: /root/slam/slam/driver_FR_APOLLO/install/lslidar_c16_msg/include/lslidar_c16_msg/lslidar_c16_msg/msg/rosidl_typesupport_introspection_c__visibility_control.h
-- Up-to-date: /root/slam/slam/driver_FR_APOLLO/install/lslidar_c16_msg/lib/liblslidar_c16_msg__rosidl_typesupport_introspection_c.so
-- Up-to-date: /root/slam/slam/driver_FR_APOLLO/install/lslidar_c16_msg/lib/liblslidar_c16_msg__rosidl_typesupport_c.so
-- Up-to-date: /root/slam/slam/driver_FR_APOLLO/install/lslidar_c16_msg/include/lslidar_c16_msg/lslidar_c16_msg
-- Up-to-date: /root/slam/slam/driver_FR_APOLLO/install/lslidar_c16_msg/include/lslidar_c16_msg/lslidar_c16_msg/srv
-- Up-to-date: /root/slam/slam/driver_FR_APOLLO/install/lslidar_c16_msg/include/lslidar_c16_msg/lslidar_c16_msg/srv/lslidar_c16_control.hpp
-- Up-to-date: /root/slam/slam/driver_FR_APOLLO/install/lslidar_c16_msg/include/lslidar_c16_msg/lslidar_c16_msg/srv/detail
-- Up-to-date: /root/slam/slam/driver_FR_APOLLO/install/lslidar_c16_msg/include/lslidar_c16_msg/lslidar_c16_msg/srv/detail/lslidar_c16_control__traits.hpp
-- Up-to-date: /root/slam/slam/driver_FR_APOLLO/install/lslidar_c16_msg/include/lslidar_c16_msg/lslidar_c16_msg/srv/detail/lslidar_c16_control__struct.hpp
-- Up-to-date: /root/slam/slam/driver_FR_APOLLO/install/lslidar_c16_msg/include/lslidar_c16_msg/lslidar_c16_msg/srv/detail/lslidar_c16_control__builder.hpp
-- Up-to-date: /root/slam/slam/driver_FR_APOLLO/install/lslidar_c16_msg/include/lslidar_c16_msg/lslidar_c16_msg/msg
-- Up-to-date: /root/slam/slam/driver_FR_APOLLO/install/lslidar_c16_msg/include/lslidar_c16_msg/lslidar_c16_msg/msg/lslidar_c16_scan_unified.hpp
-- Up-to-date: /root/slam/slam/driver_FR_APOLLO/install/lslidar_c16_msg/include/lslidar_c16_msg/lslidar_c16_msg/msg/lslidar_c16_sweep.hpp
-- Up-to-date: /root/slam/slam/driver_FR_APOLLO/install/lslidar_c16_msg/include/lslidar_c16_msg/lslidar_c16_msg/msg/lslidar_c16_packet.hpp
-- Up-to-date: /root/slam/slam/driver_FR_APOLLO/install/lslidar_c16_msg/include/lslidar_c16_msg/lslidar_c16_msg/msg/lslidar_c16_layer.hpp
-- Up-to-date: /root/slam/slam/driver_FR_APOLLO/install/lslidar_c16_msg/include/lslidar_c16_msg/lslidar_c16_msg/msg/lslidar_c16_point.hpp
-- Up-to-date: /root/slam/slam/driver_FR_APOLLO/install/lslidar_c16_msg/include/lslidar_c16_msg/lslidar_c16_msg/msg/detail
-- Up-to-date: /root/slam/slam/driver_FR_APOLLO/install/lslidar_c16_msg/include/lslidar_c16_msg/lslidar_c16_msg/msg/detail/lslidar_c16_scan_unified__builder.hpp
-- Up-to-date: /root/slam/slam/driver_FR_APOLLO/install/lslidar_c16_msg/include/lslidar_c16_msg/lslidar_c16_msg/msg/detail/lslidar_c16_scan_unified__struct.hpp
-- Up-to-date: /root/slam/slam/driver_FR_APOLLO/install/lslidar_c16_msg/include/lslidar_c16_msg/lslidar_c16_msg/msg/detail/lslidar_c16_point__struct.hpp
-- Up-to-date: /root/slam/slam/driver_FR_APOLLO/install/lslidar_c16_msg/include/lslidar_c16_msg/lslidar_c16_msg/msg/detail/lslidar_c16_scan__traits.hpp
-- Up-to-date: /root/slam/slam/driver_FR_APOLLO/install/lslidar_c16_msg/include/lslidar_c16_msg/lslidar_c16_msg/msg/detail/lslidar_c16_sweep__traits.hpp
-- Up-to-date: /root/slam/slam/driver_FR_APOLLO/install/lslidar_c16_msg/include/lslidar_c16_msg/lslidar_c16_msg/msg/detail/lslidar_c16_scan__builder.hpp
-- Up-to-date: /root/slam/slam/driver_FR_APOLLO/install/lslidar_c16_msg/include/lslidar_c16_msg/lslidar_c16_msg/msg/detail/lslidar_c16_layer__traits.hpp
-- Up-to-date: /root/slam/slam/driver_FR_APOLLO/install/lslidar_c16_msg/include/lslidar_c16_msg/lslidar_c16_msg/msg/detail/lslidar_c16_sweep__struct.hpp
-- Up-to-date: /root/slam/slam/driver_FR_APOLLO/install/lslidar_c16_msg/include/lslidar_c16_msg/lslidar_c16_msg/msg/detail/lslidar_c16_scan_unified__traits.hpp
-- Up-to-date: /root/slam/slam/driver_FR_APOLLO/install/lslidar_c16_msg/include/lslidar_c16_msg/lslidar_c16_msg/msg/detail/lslidar_c16_point__traits.hpp
-- Up-to-date: /root/slam/slam/driver_FR_APOLLO/install/lslidar_c16_msg/include/lslidar_c16_msg/lslidar_c16_msg/msg/detail/lslidar_c16_sweep__builder.hpp
-- Up-to-date: /root/slam/slam/driver_FR_APOLLO/install/lslidar_c16_msg/include/lslidar_c16_msg/lslidar_c16_msg/msg/detail/lslidar_c16_point__builder.hpp
-- Up-to-date: /root/slam/slam/driver_FR_APOLLO/install/lslidar_c16_msg/include/lslidar_c16_msg/lslidar_c16_msg/msg/detail/lslidar_c16_scan__struct.hpp
-- Up-to-date: /root/slam/slam/driver_FR_APOLLO/install/lslidar_c16_msg/include/lslidar_c16_msg/lslidar_c16_msg/msg/detail/lslidar_c16_layer__struct.hpp
-- Up-to-date: /root/slam/slam/driver_FR_APOLLO/install/lslidar_c16_msg/include/lslidar_c16_msg/lslidar_c16_msg/msg/detail/lslidar_c16_packet__struct.hpp
-- Up-to-date: /root/slam/slam/driver_FR_APOLLO/install/lslidar_c16_msg/include/lslidar_c16_msg/lslidar_c16_msg/msg/detail/lslidar_c16_packet__builder.hpp
-- Up-to-date: /root/slam/slam/driver_FR_APOLLO/install/lslidar_c16_msg/include/lslidar_c16_msg/lslidar_c16_msg/msg/detail/lslidar_c16_layer__builder.hpp
-- Up-to-date: /root/slam/slam/driver_FR_APOLLO/install/lslidar_c16_msg/include/lslidar_c16_msg/lslidar_c16_msg/msg/detail/lslidar_c16_packet__traits.hpp
-- Up-to-date: /root/slam/slam/driver_FR_APOLLO/install/lslidar_c16_msg/include/lslidar_c16_msg/lslidar_c16_msg/msg/lslidar_c16_scan.hpp
-- Up-to-date: /root/slam/slam/driver_FR_APOLLO/install/lslidar_c16_msg/include/lslidar_c16_msg/lslidar_c16_msg
-- Up-to-date: /root/slam/slam/driver_FR_APOLLO/install/lslidar_c16_msg/include/lslidar_c16_msg/lslidar_c16_msg/srv
-- Up-to-date: /root/slam/slam/driver_FR_APOLLO/install/lslidar_c16_msg/include/lslidar_c16_msg/lslidar_c16_msg/srv/detail
-- Up-to-date: /root/slam/slam/driver_FR_APOLLO/install/lslidar_c16_msg/include/lslidar_c16_msg/lslidar_c16_msg/srv/detail/dds_fastrtps
-- Up-to-date: /root/slam/slam/driver_FR_APOLLO/install/lslidar_c16_msg/include/lslidar_c16_msg/lslidar_c16_msg/srv/detail/lslidar_c16_control__rosidl_typesupport_fastrtps_cpp.hpp
-- Up-to-date: /root/slam/slam/driver_FR_APOLLO/install/lslidar_c16_msg/include/lslidar_c16_msg/lslidar_c16_msg/msg
-- Up-to-date: /root/slam/slam/driver_FR_APOLLO/install/lslidar_c16_msg/include/lslidar_c16_msg/lslidar_c16_msg/msg/rosidl_typesupport_fastrtps_cpp__visibility_control.h
-- Up-to-date: /root/slam/slam/driver_FR_APOLLO/install/lslidar_c16_msg/include/lslidar_c16_msg/lslidar_c16_msg/msg/detail
-- Up-to-date: /root/slam/slam/driver_FR_APOLLO/install/lslidar_c16_msg/include/lslidar_c16_msg/lslidar_c16_msg/msg/detail/lslidar_c16_layer__rosidl_typesupport_fastrtps_cpp.hpp
-- Up-to-date: /root/slam/slam/driver_FR_APOLLO/install/lslidar_c16_msg/include/lslidar_c16_msg/lslidar_c16_msg/msg/detail/dds_fastrtps
-- Up-to-date: /root/slam/slam/driver_FR_APOLLO/install/lslidar_c16_msg/include/lslidar_c16_msg/lslidar_c16_msg/msg/detail/lslidar_c16_scan__rosidl_typesupport_fastrtps_cpp.hpp
-- Up-to-date: /root/slam/slam/driver_FR_APOLLO/install/lslidar_c16_msg/include/lslidar_c16_msg/lslidar_c16_msg/msg/detail/lslidar_c16_point__rosidl_typesupport_fastrtps_cpp.hpp
-- Up-to-date: /root/slam/slam/driver_FR_APOLLO/install/lslidar_c16_msg/include/lslidar_c16_msg/lslidar_c16_msg/msg/detail/lslidar_c16_sweep__rosidl_typesupport_fastrtps_cpp.hpp
-- Up-to-date: /root/slam/slam/driver_FR_APOLLO/install/lslidar_c16_msg/include/lslidar_c16_msg/lslidar_c16_msg/msg/detail/lslidar_c16_scan_unified__rosidl_typesupport_fastrtps_cpp.hpp
-- Up-to-date: /root/slam/slam/driver_FR_APOLLO/install/lslidar_c16_msg/include/lslidar_c16_msg/lslidar_c16_msg/msg/detail/lslidar_c16_packet__rosidl_typesupport_fastrtps_cpp.hpp
-- Up-to-date: /root/slam/slam/driver_FR_APOLLO/install/lslidar_c16_msg/lib/liblslidar_c16_msg__rosidl_typesupport_fastrtps_cpp.so
-- Up-to-date: /root/slam/slam/driver_FR_APOLLO/install/lslidar_c16_msg/include/lslidar_c16_msg/lslidar_c16_msg
-- Up-to-date: /root/slam/slam/driver_FR_APOLLO/install/lslidar_c16_msg/include/lslidar_c16_msg/lslidar_c16_msg/srv
-- Up-to-date: /root/slam/slam/driver_FR_APOLLO/install/lslidar_c16_msg/include/lslidar_c16_msg/lslidar_c16_msg/srv/detail
-- Up-to-date: /root/slam/slam/driver_FR_APOLLO/install/lslidar_c16_msg/include/lslidar_c16_msg/lslidar_c16_msg/srv/detail/lslidar_c16_control__type_support.cpp
-- Up-to-date: /root/slam/slam/driver_FR_APOLLO/install/lslidar_c16_msg/include/lslidar_c16_msg/lslidar_c16_msg/srv/detail/lslidar_c16_control__rosidl_typesupport_introspection_cpp.hpp
-- Up-to-date: /root/slam/slam/driver_FR_APOLLO/install/lslidar_c16_msg/include/lslidar_c16_msg/lslidar_c16_msg/msg
-- Up-to-date: /root/slam/slam/driver_FR_APOLLO/install/lslidar_c16_msg/include/lslidar_c16_msg/lslidar_c16_msg/msg/detail
-- Up-to-date: /root/slam/slam/driver_FR_APOLLO/install/lslidar_c16_msg/include/lslidar_c16_msg/lslidar_c16_msg/msg/detail/lslidar_c16_sweep__rosidl_typesupport_introspection_cpp.hpp
-- Up-to-date: /root/slam/slam/driver_FR_APOLLO/install/lslidar_c16_msg/include/lslidar_c16_msg/lslidar_c16_msg/msg/detail/lslidar_c16_scan__type_support.cpp
-- Up-to-date: /root/slam/slam/driver_FR_APOLLO/install/lslidar_c16_msg/include/lslidar_c16_msg/lslidar_c16_msg/msg/detail/lslidar_c16_layer__rosidl_typesupport_introspection_cpp.hpp
-- Up-to-date: /root/slam/slam/driver_FR_APOLLO/install/lslidar_c16_msg/include/lslidar_c16_msg/lslidar_c16_msg/msg/detail/lslidar_c16_scan_unified__rosidl_typesupport_introspection_cpp.hpp
-- Up-to-date: /root/slam/slam/driver_FR_APOLLO/install/lslidar_c16_msg/include/lslidar_c16_msg/lslidar_c16_msg/msg/detail/lslidar_c16_sweep__type_support.cpp
-- Up-to-date: /root/slam/slam/driver_FR_APOLLO/install/lslidar_c16_msg/include/lslidar_c16_msg/lslidar_c16_msg/msg/detail/lslidar_c16_scan_unified__type_support.cpp
-- Up-to-date: /root/slam/slam/driver_FR_APOLLO/install/lslidar_c16_msg/include/lslidar_c16_msg/lslidar_c16_msg/msg/detail/lslidar_c16_scan__rosidl_typesupport_introspection_cpp.hpp
-- Up-to-date: /root/slam/slam/driver_FR_APOLLO/install/lslidar_c16_msg/include/lslidar_c16_msg/lslidar_c16_msg/msg/detail/lslidar_c16_layer__type_support.cpp
-- Up-to-date: /root/slam/slam/driver_FR_APOLLO/install/lslidar_c16_msg/include/lslidar_c16_msg/lslidar_c16_msg/msg/detail/lslidar_c16_point__rosidl_typesupport_introspection_cpp.hpp
-- Up-to-date: /root/slam/slam/driver_FR_APOLLO/install/lslidar_c16_msg/include/lslidar_c16_msg/lslidar_c16_msg/msg/detail/lslidar_c16_packet__type_support.cpp
-- Up-to-date: /root/slam/slam/driver_FR_APOLLO/install/lslidar_c16_msg/include/lslidar_c16_msg/lslidar_c16_msg/msg/detail/lslidar_c16_point__type_support.cpp
-- Up-to-date: /root/slam/slam/driver_FR_APOLLO/install/lslidar_c16_msg/include/lslidar_c16_msg/lslidar_c16_msg/msg/detail/lslidar_c16_packet__rosidl_typesupport_introspection_cpp.hpp
-- Up-to-date: /root/slam/slam/driver_FR_APOLLO/install/lslidar_c16_msg/lib/liblslidar_c16_msg__rosidl_typesupport_introspection_cpp.so
-- Up-to-date: /root/slam/slam/driver_FR_APOLLO/install/lslidar_c16_msg/lib/liblslidar_c16_msg__rosidl_typesupport_cpp.so
-- Up-to-date: /root/slam/slam/driver_FR_APOLLO/install/lslidar_c16_msg/share/lslidar_c16_msg/environment/pythonpath.sh
-- Up-to-date: /root/slam/slam/driver_FR_APOLLO/install/lslidar_c16_msg/share/lslidar_c16_msg/environment/pythonpath.dsv
-- Up-to-date: /root/slam/slam/driver_FR_APOLLO/install/lslidar_c16_msg/local/lib/python3.10/dist-packages/lslidar_c16_msg-0.0.0-py3.10.egg-info
-- Installing: /root/slam/slam/driver_FR_APOLLO/install/lslidar_c16_msg/local/lib/python3.10/dist-packages/lslidar_c16_msg-0.0.0-py3.10.egg-info/dependency_links.txt
-- Installing: /root/slam/slam/driver_FR_APOLLO/install/lslidar_c16_msg/local/lib/python3.10/dist-packages/lslidar_c16_msg-0.0.0-py3.10.egg-info/PKG-INFO
-- Installing: /root/slam/slam/driver_FR_APOLLO/install/lslidar_c16_msg/local/lib/python3.10/dist-packages/lslidar_c16_msg-0.0.0-py3.10.egg-info/SOURCES.txt
-- Installing: /root/slam/slam/driver_FR_APOLLO/install/lslidar_c16_msg/local/lib/python3.10/dist-packages/lslidar_c16_msg-0.0.0-py3.10.egg-info/top_level.txt
-- Up-to-date: /root/slam/slam/driver_FR_APOLLO/install/lslidar_c16_msg/local/lib/python3.10/dist-packages/lslidar_c16_msg
-- Up-to-date: /root/slam/slam/driver_FR_APOLLO/install/lslidar_c16_msg/local/lib/python3.10/dist-packages/lslidar_c16_msg/_lslidar_c16_msg_s.ep.rosidl_typesupport_fastrtps_c.c
-- Up-to-date: /root/slam/slam/driver_FR_APOLLO/install/lslidar_c16_msg/local/lib/python3.10/dist-packages/lslidar_c16_msg/lslidar_c16_msg_s__rosidl_typesupport_c.cpython-311-x86_64-linux-gnu.so
-- Up-to-date: /root/slam/slam/driver_FR_APOLLO/install/lslidar_c16_msg/local/lib/python3.10/dist-packages/lslidar_c16_msg/_lslidar_c16_msg_s.ep.rosidl_typesupport_c.c
-- Up-to-date: /root/slam/slam/driver_FR_APOLLO/install/lslidar_c16_msg/local/lib/python3.10/dist-packages/lslidar_c16_msg/lslidar_c16_msg_s__rosidl_typesupport_introspection_c.cpython-311-x86_64-linux-gnu.so
-- Up-to-date: /root/slam/slam/driver_FR_APOLLO/install/lslidar_c16_msg/local/lib/python3.10/dist-packages/lslidar_c16_msg/lslidar_c16_msg_s__rosidl_typesupport_fastrtps_c.cpython-311-x86_64-linux-gnu.so
-- Up-to-date: /root/slam/slam/driver_FR_APOLLO/install/lslidar_c16_msg/local/lib/python3.10/dist-packages/lslidar_c16_msg/_lslidar_c16_msg_s.ep.rosidl_typesupport_introspection_c.c
-- Up-to-date: /root/slam/slam/driver_FR_APOLLO/install/lslidar_c16_msg/local/lib/python3.10/dist-packages/lslidar_c16_msg/liblslidar_c16_msg__rosidl_generator_py.so
-- Up-to-date: /root/slam/slam/driver_FR_APOLLO/install/lslidar_c16_msg/local/lib/python3.10/dist-packages/lslidar_c16_msg/srv
-- Up-to-date: /root/slam/slam/driver_FR_APOLLO/install/lslidar_c16_msg/local/lib/python3.10/dist-packages/lslidar_c16_msg/srv/_lslidar_c16_control.py
-- Up-to-date: /root/slam/slam/driver_FR_APOLLO/install/lslidar_c16_msg/local/lib/python3.10/dist-packages/lslidar_c16_msg/srv/__init__.py
-- Up-to-date: /root/slam/slam/driver_FR_APOLLO/install/lslidar_c16_msg/local/lib/python3.10/dist-packages/lslidar_c16_msg/srv/_lslidar_c16_control_s.c
-- Up-to-date: /root/slam/slam/driver_FR_APOLLO/install/lslidar_c16_msg/local/lib/python3.10/dist-packages/lslidar_c16_msg/msg
-- Up-to-date: /root/slam/slam/driver_FR_APOLLO/install/lslidar_c16_msg/local/lib/python3.10/dist-packages/lslidar_c16_msg/msg/_lslidar_c16_layer_s.c
-- Up-to-date: /root/slam/slam/driver_FR_APOLLO/install/lslidar_c16_msg/local/lib/python3.10/dist-packages/lslidar_c16_msg/msg/_lslidar_c16_layer.py
-- Up-to-date: /root/slam/slam/driver_FR_APOLLO/install/lslidar_c16_msg/local/lib/python3.10/dist-packages/lslidar_c16_msg/msg/_lslidar_c16_scan.py
-- Up-to-date: /root/slam/slam/driver_FR_APOLLO/install/lslidar_c16_msg/local/lib/python3.10/dist-packages/lslidar_c16_msg/msg/_lslidar_c16_sweep.py
-- Up-to-date: /root/slam/slam/driver_FR_APOLLO/install/lslidar_c16_msg/local/lib/python3.10/dist-packages/lslidar_c16_msg/msg/_lslidar_c16_packet_s.c
-- Up-to-date: /root/slam/slam/driver_FR_APOLLO/install/lslidar_c16_msg/local/lib/python3.10/dist-packages/lslidar_c16_msg/msg/_lslidar_c16_scan_unified_s.c
-- Up-to-date: /root/slam/slam/driver_FR_APOLLO/install/lslidar_c16_msg/local/lib/python3.10/dist-packages/lslidar_c16_msg/msg/_lslidar_c16_packet.py
-- Up-to-date: /root/slam/slam/driver_FR_APOLLO/install/lslidar_c16_msg/local/lib/python3.10/dist-packages/lslidar_c16_msg/msg/_lslidar_c16_scan_unified.py
-- Up-to-date: /root/slam/slam/driver_FR_APOLLO/install/lslidar_c16_msg/local/lib/python3.10/dist-packages/lslidar_c16_msg/msg/_lslidar_c16_scan_s.c
-- Up-to-date: /root/slam/slam/driver_FR_APOLLO/install/lslidar_c16_msg/local/lib/python3.10/dist-packages/lslidar_c16_msg/msg/_lslidar_c16_point_s.c
-- Up-to-date: /root/slam/slam/driver_FR_APOLLO/install/lslidar_c16_msg/local/lib/python3.10/dist-packages/lslidar_c16_msg/msg/_lslidar_c16_point.py
-- Up-to-date: /root/slam/slam/driver_FR_APOLLO/install/lslidar_c16_msg/local/lib/python3.10/dist-packages/lslidar_c16_msg/msg/_lslidar_c16_sweep_s.c
-- Up-to-date: /root/slam/slam/driver_FR_APOLLO/install/lslidar_c16_msg/local/lib/python3.10/dist-packages/lslidar_c16_msg/msg/__init__.py
-- Up-to-date: /root/slam/slam/driver_FR_APOLLO/install/lslidar_c16_msg/local/lib/python3.10/dist-packages/lslidar_c16_msg/__init__.py
Listing '/root/slam/slam/driver_FR_APOLLO/install/lslidar_c16_msg/local/lib/python3.10/dist-packages/lslidar_c16_msg'...
Listing '/root/slam/slam/driver_FR_APOLLO/install/lslidar_c16_msg/local/lib/python3.10/dist-packages/lslidar_c16_msg/msg'...
Listing '/root/slam/slam/driver_FR_APOLLO/install/lslidar_c16_msg/local/lib/python3.10/dist-packages/lslidar_c16_msg/srv'...
-- Up-to-date: /root/slam/slam/driver_FR_APOLLO/install/lslidar_c16_msg/local/lib/python3.10/dist-packages/lslidar_c16_msg/lslidar_c16_msg_s__rosidl_typesupport_fastrtps_c.cpython-311-x86_64-linux-gnu.so
-- Up-to-date: /root/slam/slam/driver_FR_APOLLO/install/lslidar_c16_msg/local/lib/python3.10/dist-packages/lslidar_c16_msg/lslidar_c16_msg_s__rosidl_typesupport_introspection_c.cpython-311-x86_64-linux-gnu.so
-- Up-to-date: /root/slam/slam/driver_FR_APOLLO/install/lslidar_c16_msg/local/lib/python3.10/dist-packages/lslidar_c16_msg/lslidar_c16_msg_s__rosidl_typesupport_c.cpython-311-x86_64-linux-gnu.so
-- Up-to-date: /root/slam/slam/driver_FR_APOLLO/install/lslidar_c16_msg/lib/liblslidar_c16_msg__rosidl_generator_py.so
-- Up-to-date: /root/slam/slam/driver_FR_APOLLO/install/lslidar_c16_msg/share/lslidar_c16_msg/srv/LslidarC16Control.idl
-- Up-to-date: /root/slam/slam/driver_FR_APOLLO/install/lslidar_c16_msg/share/lslidar_c16_msg/msg/LslidarC16Point.idl
-- Up-to-date: /root/slam/slam/driver_FR_APOLLO/install/lslidar_c16_msg/share/lslidar_c16_msg/msg/LslidarC16Packet.idl
-- Up-to-date: /root/slam/slam/driver_FR_APOLLO/install/lslidar_c16_msg/share/lslidar_c16_msg/msg/LslidarC16Scan.idl
-- Up-to-date: /root/slam/slam/driver_FR_APOLLO/install/lslidar_c16_msg/share/lslidar_c16_msg/msg/LslidarC16Layer.idl
-- Up-to-date: /root/slam/slam/driver_FR_APOLLO/install/lslidar_c16_msg/share/lslidar_c16_msg/msg/LslidarC16ScanUnified.idl
-- Up-to-date: /root/slam/slam/driver_FR_APOLLO/install/lslidar_c16_msg/share/lslidar_c16_msg/msg/LslidarC16Sweep.idl
-- Up-to-date: /root/slam/slam/driver_FR_APOLLO/install/lslidar_c16_msg/share/lslidar_c16_msg/srv/LslidarC16Control.srv
-- Up-to-date: /root/slam/slam/driver_FR_APOLLO/install/lslidar_c16_msg/share/lslidar_c16_msg/srv/LslidarC16Control_Request.msg
-- Up-to-date: /root/slam/slam/driver_FR_APOLLO/install/lslidar_c16_msg/share/lslidar_c16_msg/srv/LslidarC16Control_Response.msg
-- Up-to-date: /root/slam/slam/driver_FR_APOLLO/install/lslidar_c16_msg/share/lslidar_c16_msg/msg/LslidarC16Point.msg
-- Up-to-date: /root/slam/slam/driver_FR_APOLLO/install/lslidar_c16_msg/share/lslidar_c16_msg/msg/LslidarC16Packet.msg
-- Up-to-date: /root/slam/slam/driver_FR_APOLLO/install/lslidar_c16_msg/share/lslidar_c16_msg/msg/LslidarC16Scan.msg
-- Up-to-date: /root/slam/slam/driver_FR_APOLLO/install/lslidar_c16_msg/share/lslidar_c16_msg/msg/LslidarC16Layer.msg
-- Up-to-date: /root/slam/slam/driver_FR_APOLLO/install/lslidar_c16_msg/share/lslidar_c16_msg/msg/LslidarC16ScanUnified.msg
-- Up-to-date: /root/slam/slam/driver_FR_APOLLO/install/lslidar_c16_msg/share/lslidar_c16_msg/msg/LslidarC16Sweep.msg
-- Up-to-date: /root/slam/slam/driver_FR_APOLLO/install/lslidar_c16_msg/share/ament_index/resource_index/package_run_dependencies/lslidar_c16_msg
-- Up-to-date: /root/slam/slam/driver_FR_APOLLO/install/lslidar_c16_msg/share/ament_index/resource_index/parent_prefix_path/lslidar_c16_msg
-- Up-to-date: /root/slam/slam/driver_FR_APOLLO/install/lslidar_c16_msg/share/lslidar_c16_msg/environment/ament_prefix_path.sh
-- Up-to-date: /root/slam/slam/driver_FR_APOLLO/install/lslidar_c16_msg/share/lslidar_c16_msg/environment/ament_prefix_path.dsv
-- Up-to-date: /root/slam/slam/driver_FR_APOLLO/install/lslidar_c16_msg/share/lslidar_c16_msg/environment/path.sh
-- Up-to-date: /root/slam/slam/driver_FR_APOLLO/install/lslidar_c16_msg/share/lslidar_c16_msg/environment/path.dsv
-- Up-to-date: /root/slam/slam/driver_FR_APOLLO/install/lslidar_c16_msg/share/lslidar_c16_msg/local_setup.bash
-- Up-to-date: /root/slam/slam/driver_FR_APOLLO/install/lslidar_c16_msg/share/lslidar_c16_msg/local_setup.sh
-- Up-to-date: /root/slam/slam/driver_FR_APOLLO/install/lslidar_c16_msg/share/lslidar_c16_msg/local_setup.zsh
-- Up-to-date: /root/slam/slam/driver_FR_APOLLO/install/lslidar_c16_msg/share/lslidar_c16_msg/local_setup.dsv
-- Installing: /root/slam/slam/driver_FR_APOLLO/install/lslidar_c16_msg/share/lslidar_c16_msg/package.dsv
-- Up-to-date: /root/slam/slam/driver_FR_APOLLO/install/lslidar_c16_msg/share/ament_index/resource_index/packages/lslidar_c16_msg
-- Up-to-date: /root/slam/slam/driver_FR_APOLLO/install/lslidar_c16_msg/share/lslidar_c16_msg/cmake/export_lslidar_c16_msg__rosidl_generator_cExport.cmake
-- Up-to-date: /root/slam/slam/driver_FR_APOLLO/install/lslidar_c16_msg/share/lslidar_c16_msg/cmake/export_lslidar_c16_msg__rosidl_generator_cExport-noconfig.cmake
-- Up-to-date: /root/slam/slam/driver_FR_APOLLO/install/lslidar_c16_msg/share/lslidar_c16_msg/cmake/export_lslidar_c16_msg__rosidl_typesupport_fastrtps_cExport.cmake
-- Up-to-date: /root/slam/slam/driver_FR_APOLLO/install/lslidar_c16_msg/share/lslidar_c16_msg/cmake/export_lslidar_c16_msg__rosidl_typesupport_fastrtps_cExport-noconfig.cmake
-- Up-to-date: /root/slam/slam/driver_FR_APOLLO/install/lslidar_c16_msg/share/lslidar_c16_msg/cmake/lslidar_c16_msg__rosidl_typesupport_introspection_cExport.cmake
-- Up-to-date: /root/slam/slam/driver_FR_APOLLO/install/lslidar_c16_msg/share/lslidar_c16_msg/cmake/lslidar_c16_msg__rosidl_typesupport_introspection_cExport-noconfig.cmake
-- Up-to-date: /root/slam/slam/driver_FR_APOLLO/install/lslidar_c16_msg/share/lslidar_c16_msg/cmake/lslidar_c16_msg__rosidl_typesupport_cExport.cmake
-- Up-to-date: /root/slam/slam/driver_FR_APOLLO/install/lslidar_c16_msg/share/lslidar_c16_msg/cmake/lslidar_c16_msg__rosidl_typesupport_cExport-noconfig.cmake
-- Up-to-date: /root/slam/slam/driver_FR_APOLLO/install/lslidar_c16_msg/share/lslidar_c16_msg/cmake/export_lslidar_c16_msg__rosidl_generator_cppExport.cmake
-- Up-to-date: /root/slam/slam/driver_FR_APOLLO/install/lslidar_c16_msg/share/lslidar_c16_msg/cmake/export_lslidar_c16_msg__rosidl_typesupport_fastrtps_cppExport.cmake
-- Up-to-date: /root/slam/slam/driver_FR_APOLLO/install/lslidar_c16_msg/share/lslidar_c16_msg/cmake/export_lslidar_c16_msg__rosidl_typesupport_fastrtps_cppExport-noconfig.cmake
-- Up-to-date: /root/slam/slam/driver_FR_APOLLO/install/lslidar_c16_msg/share/lslidar_c16_msg/cmake/lslidar_c16_msg__rosidl_typesupport_introspection_cppExport.cmake
-- Up-to-date: /root/slam/slam/driver_FR_APOLLO/install/lslidar_c16_msg/share/lslidar_c16_msg/cmake/lslidar_c16_msg__rosidl_typesupport_introspection_cppExport-noconfig.cmake
-- Up-to-date: /root/slam/slam/driver_FR_APOLLO/install/lslidar_c16_msg/share/lslidar_c16_msg/cmake/lslidar_c16_msg__rosidl_typesupport_cppExport.cmake
-- Up-to-date: /root/slam/slam/driver_FR_APOLLO/install/lslidar_c16_msg/share/lslidar_c16_msg/cmake/lslidar_c16_msg__rosidl_typesupport_cppExport-noconfig.cmake
-- Up-to-date: /root/slam/slam/driver_FR_APOLLO/install/lslidar_c16_msg/share/lslidar_c16_msg/cmake/export_lslidar_c16_msg__rosidl_generator_pyExport.cmake
-- Up-to-date: /root/slam/slam/driver_FR_APOLLO/install/lslidar_c16_msg/share/lslidar_c16_msg/cmake/export_lslidar_c16_msg__rosidl_generator_pyExport-noconfig.cmake
-- Up-to-date: /root/slam/slam/driver_FR_APOLLO/install/lslidar_c16_msg/share/lslidar_c16_msg/cmake/rosidl_cmake-extras.cmake
-- Up-to-date: /root/slam/slam/driver_FR_APOLLO/install/lslidar_c16_msg/share/lslidar_c16_msg/cmake/ament_cmake_export_dependencies-extras.cmake
-- Up-to-date: /root/slam/slam/driver_FR_APOLLO/install/lslidar_c16_msg/share/lslidar_c16_msg/cmake/ament_cmake_export_include_directories-extras.cmake
-- Up-to-date: /root/slam/slam/driver_FR_APOLLO/install/lslidar_c16_msg/share/lslidar_c16_msg/cmake/ament_cmake_export_libraries-extras.cmake
-- Up-to-date: /root/slam/slam/driver_FR_APOLLO/install/lslidar_c16_msg/share/lslidar_c16_msg/cmake/ament_cmake_export_targets-extras.cmake
-- Up-to-date: /root/slam/slam/driver_FR_APOLLO/install/lslidar_c16_msg/share/lslidar_c16_msg/cmake/rosidl_cmake_export_typesupport_targets-extras.cmake
-- Up-to-date: /root/slam/slam/driver_FR_APOLLO/install/lslidar_c16_msg/share/lslidar_c16_msg/cmake/rosidl_cmake_export_typesupport_libraries-extras.cmake
-- Up-to-date: /root/slam/slam/driver_FR_APOLLO/install/lslidar_c16_msg/share/lslidar_c16_msg/cmake/lslidar_c16_msgConfig.cmake
-- Up-to-date: /root/slam/slam/driver_FR_APOLLO/install/lslidar_c16_msg/share/lslidar_c16_msg/cmake/lslidar_c16_msgConfig-version.cmake
-- Up-to-date: /root/slam/slam/driver_FR_APOLLO/install/lslidar_c16_msg/share/lslidar_c16_msg/package.xml
