[0.173s] DEBUG:colcon:Command line arguments: ['/usr/bin/colcon', 'build']
[0.173s] DEBUG:colcon:Parsed command line arguments: Namespace(log_base=None, log_level=None, verb_name='build', build_base='build', install_base='install', merge_install=False, symlink_install=False, test_result_base=None, continue_on_error=False, executor='parallel', parallel_workers=12, event_handlers=None, ignore_user_meta=False, metas=['./colcon.meta'], base_paths=['.'], packages_ignore=None, packages_ignore_regex=None, paths=None, packages_up_to=None, packages_up_to_regex=None, packages_above=None, packages_above_and_dependencies=None, packages_above_depth=None, packages_select_by_dep=None, packages_skip_by_dep=None, packages_skip_up_to=None, packages_select_build_failed=False, packages_skip_build_finished=False, packages_select_test_failures=False, packages_skip_test_passed=False, packages_select=None, packages_skip=None, packages_select_regex=None, packages_skip_regex=None, packages_start=None, packages_end=None, cmake_args=None, cmake_target=None, cmake_target_skip_unavailable=False, cmake_clean_cache=False, cmake_clean_first=False, cmake_force_configure=False, ament_cmake_args=None, catkin_cmake_args=None, catkin_skip_building_tests=False, mixin_files=None, mixin=None, verb_parser=<colcon_mixin.mixin.mixin_argument.MixinArgumentDecorator object at 0x7fc910016140>, verb_extension=<colcon_core.verb.build.BuildVerb object at 0x7fc9107fe410>, main=<bound method BuildVerb.main of <colcon_core.verb.build.BuildVerb object at 0x7fc9107fe410>>, mixin_verb=('build',))
[0.190s] Level 1:colcon.colcon_core.package_discovery:discover_packages(colcon_meta) check parameters
[0.191s] INFO:colcon.colcon_metadata.package_discovery.colcon_meta:Using configuration from '/root/.colcon/metadata/default/Gazebo.meta'
[0.191s] INFO:colcon.colcon_metadata.package_discovery.colcon_meta:Using configuration from '/root/.colcon/metadata/default/fastrtps.meta'
[0.191s] Level 1:colcon.colcon_core.package_discovery:discover_packages(recursive) check parameters
[0.191s] Level 1:colcon.colcon_core.package_discovery:discover_packages(ignore) check parameters
[0.191s] Level 1:colcon.colcon_core.package_discovery:discover_packages(path) check parameters
[0.191s] Level 1:colcon.colcon_core.package_discovery:discover_packages(colcon_meta) discover
[0.191s] Level 1:colcon.colcon_core.package_discovery:discover_packages(recursive) discover
[0.191s] INFO:colcon.colcon_core.package_discovery:Crawling recursively for packages in '/root/slam/slam/driver_FR_APOLLO'
[0.191s] Level 1:colcon.colcon_core.package_identification:_identify(.) by extensions ['ignore', 'ignore_ament_install']
[0.191s] Level 1:colcon.colcon_core.package_identification:_identify(.) by extension 'ignore'
[0.191s] Level 1:colcon.colcon_core.package_identification:_identify(.) by extension 'ignore_ament_install'
[0.191s] Level 1:colcon.colcon_core.package_identification:_identify(.) by extensions ['colcon_pkg']
[0.191s] Level 1:colcon.colcon_core.package_identification:_identify(.) by extension 'colcon_pkg'
[0.191s] Level 1:colcon.colcon_core.package_identification:_identify(.) by extensions ['colcon_meta']
[0.191s] Level 1:colcon.colcon_core.package_identification:_identify(.) by extension 'colcon_meta'
[0.191s] Level 1:colcon.colcon_core.package_identification:_identify(.) by extensions ['ros']
[0.191s] Level 1:colcon.colcon_core.package_identification:_identify(.) by extension 'ros'
[0.198s] Level 1:colcon.colcon_core.package_identification:_identify(.) by extensions ['cmake', 'python']
[0.198s] Level 1:colcon.colcon_core.package_identification:_identify(.) by extension 'cmake'
[0.198s] Level 1:colcon.colcon_core.package_identification:_identify(.) by extension 'python'
[0.198s] Level 1:colcon.colcon_core.package_identification:_identify(.) by extensions ['python_setup_py']
[0.198s] Level 1:colcon.colcon_core.package_identification:_identify(.) by extension 'python_setup_py'
[0.198s] Level 1:colcon.colcon_core.package_identification:_identify(build) by extensions ['ignore', 'ignore_ament_install']
[0.198s] Level 1:colcon.colcon_core.package_identification:_identify(build) by extension 'ignore'
[0.198s] Level 1:colcon.colcon_core.package_identification:_identify(build) ignored
[0.198s] Level 1:colcon.colcon_core.package_identification:_identify(install) by extensions ['ignore', 'ignore_ament_install']
[0.198s] Level 1:colcon.colcon_core.package_identification:_identify(install) by extension 'ignore'
[0.198s] Level 1:colcon.colcon_core.package_identification:_identify(install) ignored
[0.198s] Level 1:colcon.colcon_core.package_identification:_identify(log) by extensions ['ignore', 'ignore_ament_install']
[0.198s] Level 1:colcon.colcon_core.package_identification:_identify(log) by extension 'ignore'
[0.198s] Level 1:colcon.colcon_core.package_identification:_identify(log) ignored
[0.198s] Level 1:colcon.colcon_core.package_identification:_identify(src) by extensions ['ignore', 'ignore_ament_install']
[0.198s] Level 1:colcon.colcon_core.package_identification:_identify(src) by extension 'ignore'
[0.198s] Level 1:colcon.colcon_core.package_identification:_identify(src) by extension 'ignore_ament_install'
[0.198s] Level 1:colcon.colcon_core.package_identification:_identify(src) by extensions ['colcon_pkg']
[0.198s] Level 1:colcon.colcon_core.package_identification:_identify(src) by extension 'colcon_pkg'
[0.198s] Level 1:colcon.colcon_core.package_identification:_identify(src) by extensions ['colcon_meta']
[0.198s] Level 1:colcon.colcon_core.package_identification:_identify(src) by extension 'colcon_meta'
[0.199s] Level 1:colcon.colcon_core.package_identification:_identify(src) by extensions ['ros']
[0.199s] Level 1:colcon.colcon_core.package_identification:_identify(src) by extension 'ros'
[0.199s] Level 1:colcon.colcon_core.package_identification:_identify(src) by extensions ['cmake', 'python']
[0.199s] Level 1:colcon.colcon_core.package_identification:_identify(src) by extension 'cmake'
[0.199s] Level 1:colcon.colcon_core.package_identification:_identify(src) by extension 'python'
[0.199s] Level 1:colcon.colcon_core.package_identification:_identify(src) by extensions ['python_setup_py']
[0.199s] Level 1:colcon.colcon_core.package_identification:_identify(src) by extension 'python_setup_py'
[0.199s] Level 1:colcon.colcon_core.package_identification:_identify(src/lslidar_c16_decoder) by extensions ['ignore', 'ignore_ament_install']
[0.199s] Level 1:colcon.colcon_core.package_identification:_identify(src/lslidar_c16_decoder) by extension 'ignore'
[0.199s] Level 1:colcon.colcon_core.package_identification:_identify(src/lslidar_c16_decoder) by extension 'ignore_ament_install'
[0.199s] Level 1:colcon.colcon_core.package_identification:_identify(src/lslidar_c16_decoder) by extensions ['colcon_pkg']
[0.199s] Level 1:colcon.colcon_core.package_identification:_identify(src/lslidar_c16_decoder) by extension 'colcon_pkg'
[0.199s] Level 1:colcon.colcon_core.package_identification:_identify(src/lslidar_c16_decoder) by extensions ['colcon_meta']
[0.199s] Level 1:colcon.colcon_core.package_identification:_identify(src/lslidar_c16_decoder) by extension 'colcon_meta'
[0.199s] Level 1:colcon.colcon_core.package_identification:_identify(src/lslidar_c16_decoder) by extensions ['ros']
[0.199s] Level 1:colcon.colcon_core.package_identification:_identify(src/lslidar_c16_decoder) by extension 'ros'
[0.200s] DEBUG:colcon.colcon_core.package_identification:Package 'src/lslidar_c16_decoder' with type 'ros.ament_cmake' and name 'lslidar_c16_decoder'
[0.200s] Level 1:colcon.colcon_core.package_identification:_identify(src/lslidar_c16_driver) by extensions ['ignore', 'ignore_ament_install']
[0.200s] Level 1:colcon.colcon_core.package_identification:_identify(src/lslidar_c16_driver) by extension 'ignore'
[0.200s] Level 1:colcon.colcon_core.package_identification:_identify(src/lslidar_c16_driver) by extension 'ignore_ament_install'
[0.200s] Level 1:colcon.colcon_core.package_identification:_identify(src/lslidar_c16_driver) by extensions ['colcon_pkg']
[0.200s] Level 1:colcon.colcon_core.package_identification:_identify(src/lslidar_c16_driver) by extension 'colcon_pkg'
[0.200s] Level 1:colcon.colcon_core.package_identification:_identify(src/lslidar_c16_driver) by extensions ['colcon_meta']
[0.200s] Level 1:colcon.colcon_core.package_identification:_identify(src/lslidar_c16_driver) by extension 'colcon_meta'
[0.201s] Level 1:colcon.colcon_core.package_identification:_identify(src/lslidar_c16_driver) by extensions ['ros']
[0.201s] Level 1:colcon.colcon_core.package_identification:_identify(src/lslidar_c16_driver) by extension 'ros'
[0.201s] DEBUG:colcon.colcon_core.package_identification:Package 'src/lslidar_c16_driver' with type 'ros.ament_cmake' and name 'lslidar_c16_driver'
[0.201s] Level 1:colcon.colcon_core.package_identification:_identify(src/lslidar_c16_msg) by extensions ['ignore', 'ignore_ament_install']
[0.201s] Level 1:colcon.colcon_core.package_identification:_identify(src/lslidar_c16_msg) by extension 'ignore'
[0.201s] Level 1:colcon.colcon_core.package_identification:_identify(src/lslidar_c16_msg) by extension 'ignore_ament_install'
[0.201s] Level 1:colcon.colcon_core.package_identification:_identify(src/lslidar_c16_msg) by extensions ['colcon_pkg']
[0.201s] Level 1:colcon.colcon_core.package_identification:_identify(src/lslidar_c16_msg) by extension 'colcon_pkg'
[0.201s] Level 1:colcon.colcon_core.package_identification:_identify(src/lslidar_c16_msg) by extensions ['colcon_meta']
[0.201s] Level 1:colcon.colcon_core.package_identification:_identify(src/lslidar_c16_msg) by extension 'colcon_meta'
[0.201s] Level 1:colcon.colcon_core.package_identification:_identify(src/lslidar_c16_msg) by extensions ['ros']
[0.201s] Level 1:colcon.colcon_core.package_identification:_identify(src/lslidar_c16_msg) by extension 'ros'
[0.202s] DEBUG:colcon.colcon_core.package_identification:Package 'src/lslidar_c16_msg' with type 'ros.ament_cmake' and name 'lslidar_c16_msg'
[0.202s] Level 1:colcon.colcon_core.package_discovery:discover_packages(recursive) using defaults
[0.202s] Level 1:colcon.colcon_core.package_discovery:discover_packages(ignore) discover
[0.202s] Level 1:colcon.colcon_core.package_discovery:discover_packages(ignore) using defaults
[0.202s] Level 1:colcon.colcon_core.package_discovery:discover_packages(path) discover
[0.202s] Level 1:colcon.colcon_core.package_discovery:discover_packages(path) using defaults
[0.216s] Level 5:colcon.colcon_core.verb:set package 'lslidar_c16_msg' build argument 'cmake_args' from command line to 'None'
[0.216s] Level 5:colcon.colcon_core.verb:set package 'lslidar_c16_msg' build argument 'cmake_target' from command line to 'None'
[0.216s] Level 5:colcon.colcon_core.verb:set package 'lslidar_c16_msg' build argument 'cmake_target_skip_unavailable' from command line to 'False'
[0.216s] Level 5:colcon.colcon_core.verb:set package 'lslidar_c16_msg' build argument 'cmake_clean_cache' from command line to 'False'
[0.216s] Level 5:colcon.colcon_core.verb:set package 'lslidar_c16_msg' build argument 'cmake_clean_first' from command line to 'False'
[0.217s] Level 5:colcon.colcon_core.verb:set package 'lslidar_c16_msg' build argument 'cmake_force_configure' from command line to 'False'
[0.217s] Level 5:colcon.colcon_core.verb:set package 'lslidar_c16_msg' build argument 'ament_cmake_args' from command line to 'None'
[0.217s] Level 5:colcon.colcon_core.verb:set package 'lslidar_c16_msg' build argument 'catkin_cmake_args' from command line to 'None'
[0.217s] Level 5:colcon.colcon_core.verb:set package 'lslidar_c16_msg' build argument 'catkin_skip_building_tests' from command line to 'False'
[0.217s] DEBUG:colcon.colcon_core.verb:Building package 'lslidar_c16_msg' with the following arguments: {'ament_cmake_args': None, 'build_base': '/root/slam/slam/driver_FR_APOLLO/build/lslidar_c16_msg', 'catkin_cmake_args': None, 'catkin_skip_building_tests': False, 'cmake_args': None, 'cmake_clean_cache': False, 'cmake_clean_first': False, 'cmake_force_configure': False, 'cmake_target': None, 'cmake_target_skip_unavailable': False, 'install_base': '/root/slam/slam/driver_FR_APOLLO/install/lslidar_c16_msg', 'merge_install': False, 'path': '/root/slam/slam/driver_FR_APOLLO/src/lslidar_c16_msg', 'symlink_install': False, 'test_result_base': None}
[0.217s] Level 5:colcon.colcon_core.verb:set package 'lslidar_c16_decoder' build argument 'cmake_args' from command line to 'None'
[0.217s] Level 5:colcon.colcon_core.verb:set package 'lslidar_c16_decoder' build argument 'cmake_target' from command line to 'None'
[0.217s] Level 5:colcon.colcon_core.verb:set package 'lslidar_c16_decoder' build argument 'cmake_target_skip_unavailable' from command line to 'False'
[0.217s] Level 5:colcon.colcon_core.verb:set package 'lslidar_c16_decoder' build argument 'cmake_clean_cache' from command line to 'False'
[0.217s] Level 5:colcon.colcon_core.verb:set package 'lslidar_c16_decoder' build argument 'cmake_clean_first' from command line to 'False'
[0.217s] Level 5:colcon.colcon_core.verb:set package 'lslidar_c16_decoder' build argument 'cmake_force_configure' from command line to 'False'
[0.217s] Level 5:colcon.colcon_core.verb:set package 'lslidar_c16_decoder' build argument 'ament_cmake_args' from command line to 'None'
[0.217s] Level 5:colcon.colcon_core.verb:set package 'lslidar_c16_decoder' build argument 'catkin_cmake_args' from command line to 'None'
[0.217s] Level 5:colcon.colcon_core.verb:set package 'lslidar_c16_decoder' build argument 'catkin_skip_building_tests' from command line to 'False'
[0.217s] DEBUG:colcon.colcon_core.verb:Building package 'lslidar_c16_decoder' with the following arguments: {'ament_cmake_args': None, 'build_base': '/root/slam/slam/driver_FR_APOLLO/build/lslidar_c16_decoder', 'catkin_cmake_args': None, 'catkin_skip_building_tests': False, 'cmake_args': None, 'cmake_clean_cache': False, 'cmake_clean_first': False, 'cmake_force_configure': False, 'cmake_target': None, 'cmake_target_skip_unavailable': False, 'install_base': '/root/slam/slam/driver_FR_APOLLO/install/lslidar_c16_decoder', 'merge_install': False, 'path': '/root/slam/slam/driver_FR_APOLLO/src/lslidar_c16_decoder', 'symlink_install': False, 'test_result_base': None}
[0.218s] Level 5:colcon.colcon_core.verb:set package 'lslidar_c16_driver' build argument 'cmake_args' from command line to 'None'
[0.218s] Level 5:colcon.colcon_core.verb:set package 'lslidar_c16_driver' build argument 'cmake_target' from command line to 'None'
[0.218s] Level 5:colcon.colcon_core.verb:set package 'lslidar_c16_driver' build argument 'cmake_target_skip_unavailable' from command line to 'False'
[0.218s] Level 5:colcon.colcon_core.verb:set package 'lslidar_c16_driver' build argument 'cmake_clean_cache' from command line to 'False'
[0.218s] Level 5:colcon.colcon_core.verb:set package 'lslidar_c16_driver' build argument 'cmake_clean_first' from command line to 'False'
[0.218s] Level 5:colcon.colcon_core.verb:set package 'lslidar_c16_driver' build argument 'cmake_force_configure' from command line to 'False'
[0.218s] Level 5:colcon.colcon_core.verb:set package 'lslidar_c16_driver' build argument 'ament_cmake_args' from command line to 'None'
[0.218s] Level 5:colcon.colcon_core.verb:set package 'lslidar_c16_driver' build argument 'catkin_cmake_args' from command line to 'None'
[0.218s] Level 5:colcon.colcon_core.verb:set package 'lslidar_c16_driver' build argument 'catkin_skip_building_tests' from command line to 'False'
[0.218s] DEBUG:colcon.colcon_core.verb:Building package 'lslidar_c16_driver' with the following arguments: {'ament_cmake_args': None, 'build_base': '/root/slam/slam/driver_FR_APOLLO/build/lslidar_c16_driver', 'catkin_cmake_args': None, 'catkin_skip_building_tests': False, 'cmake_args': None, 'cmake_clean_cache': False, 'cmake_clean_first': False, 'cmake_force_configure': False, 'cmake_target': None, 'cmake_target_skip_unavailable': False, 'install_base': '/root/slam/slam/driver_FR_APOLLO/install/lslidar_c16_driver', 'merge_install': False, 'path': '/root/slam/slam/driver_FR_APOLLO/src/lslidar_c16_driver', 'symlink_install': False, 'test_result_base': None}
[0.218s] INFO:colcon.colcon_core.executor:Executing jobs using 'parallel' executor
[0.220s] DEBUG:colcon.colcon_parallel_executor.executor.parallel:run_until_complete
[0.220s] INFO:colcon.colcon_ros.task.ament_cmake.build:Building ROS package in '/root/slam/slam/driver_FR_APOLLO/src/lslidar_c16_msg' with build type 'ament_cmake'
[0.220s] INFO:colcon.colcon_cmake.task.cmake.build:Building CMake package in '/root/slam/slam/driver_FR_APOLLO/src/lslidar_c16_msg'
[0.223s] INFO:colcon.colcon_core.plugin_system:Skipping extension 'colcon_core.shell.bat': Not used on non-Windows systems
[0.223s] INFO:colcon.colcon_core.shell:Skip shell extension 'powershell' for command environment: Not usable outside of PowerShell
[0.223s] DEBUG:colcon.colcon_core.shell:Skip shell extension 'dsv' for command environment
[0.224s] WARNING:colcon.colcon_ros.prefix_path.ament:The path '/root/slam/slam/driver_FR_APOLLO/install/lslidar_c16_decoder_node' in the environment variable AMENT_PREFIX_PATH doesn't exist
[0.224s] WARNING:colcon.colcon_ros.prefix_path.catkin:The path '/root/slam/slam/driver_FR_APOLLO/install/lslidar_c16_decoder_node' in the environment variable CMAKE_PREFIX_PATH doesn't exist
[0.230s] DEBUG:colcon.colcon_core.event_handler.log_command:Invoking command in '/root/slam/slam/driver_FR_APOLLO/build/lslidar_c16_msg': CMAKE_PREFIX_PATH=${CMAKE_PREFIX_PATH}:/opt/ros/humble CONDA_PROMPT_MODIFIER=(openalt) /usr/bin/cmake --build /root/slam/slam/driver_FR_APOLLO/build/lslidar_c16_msg -- -j12 -l12
[0.438s] DEBUG:colcon.colcon_core.event_handler.log_command:Invoked command in '/root/slam/slam/driver_FR_APOLLO/build/lslidar_c16_msg' returned '0': CMAKE_PREFIX_PATH=${CMAKE_PREFIX_PATH}:/opt/ros/humble CONDA_PROMPT_MODIFIER=(openalt) /usr/bin/cmake --build /root/slam/slam/driver_FR_APOLLO/build/lslidar_c16_msg -- -j12 -l12
[0.581s] DEBUG:colcon.colcon_core.event_handler.log_command:Invoking command in '/root/slam/slam/driver_FR_APOLLO/build/lslidar_c16_msg': CMAKE_PREFIX_PATH=${CMAKE_PREFIX_PATH}:/opt/ros/humble CONDA_PROMPT_MODIFIER=(openalt) /usr/bin/cmake --install /root/slam/slam/driver_FR_APOLLO/build/lslidar_c16_msg
[0.617s] Level 1:colcon.colcon_core.environment:create_environment_scripts_only(lslidar_c16_msg)
[0.617s] DEBUG:colcon.colcon_core.event_handler.log_command:Invoked command in '/root/slam/slam/driver_FR_APOLLO/build/lslidar_c16_msg' returned '0': CMAKE_PREFIX_PATH=${CMAKE_PREFIX_PATH}:/opt/ros/humble CONDA_PROMPT_MODIFIER=(openalt) /usr/bin/cmake --install /root/slam/slam/driver_FR_APOLLO/build/lslidar_c16_msg
[0.620s] Level 1:colcon.colcon_core.environment:checking '/root/slam/slam/driver_FR_APOLLO/install/lslidar_c16_msg' for CMake module files
[0.620s] Level 1:colcon.colcon_core.environment:checking '/root/slam/slam/driver_FR_APOLLO/install/lslidar_c16_msg' for CMake config files
[0.620s] Level 1:colcon.colcon_core.shell:create_environment_hook('lslidar_c16_msg', 'cmake_prefix_path')
[0.621s] INFO:colcon.colcon_core.shell:Creating environment hook '/root/slam/slam/driver_FR_APOLLO/install/lslidar_c16_msg/share/lslidar_c16_msg/hook/cmake_prefix_path.ps1'
[0.621s] INFO:colcon.colcon_core.shell:Creating environment descriptor '/root/slam/slam/driver_FR_APOLLO/install/lslidar_c16_msg/share/lslidar_c16_msg/hook/cmake_prefix_path.dsv'
[0.622s] INFO:colcon.colcon_core.shell:Creating environment hook '/root/slam/slam/driver_FR_APOLLO/install/lslidar_c16_msg/share/lslidar_c16_msg/hook/cmake_prefix_path.sh'
[0.622s] Level 1:colcon.colcon_core.environment:checking '/root/slam/slam/driver_FR_APOLLO/install/lslidar_c16_msg/lib'
[0.622s] Level 1:colcon.colcon_core.shell:create_environment_hook('lslidar_c16_msg', 'ld_library_path_lib')
[0.623s] INFO:colcon.colcon_core.shell:Creating environment hook '/root/slam/slam/driver_FR_APOLLO/install/lslidar_c16_msg/share/lslidar_c16_msg/hook/ld_library_path_lib.ps1'
[0.623s] INFO:colcon.colcon_core.shell:Creating environment descriptor '/root/slam/slam/driver_FR_APOLLO/install/lslidar_c16_msg/share/lslidar_c16_msg/hook/ld_library_path_lib.dsv'
[0.623s] INFO:colcon.colcon_core.shell:Creating environment hook '/root/slam/slam/driver_FR_APOLLO/install/lslidar_c16_msg/share/lslidar_c16_msg/hook/ld_library_path_lib.sh'
[0.623s] Level 1:colcon.colcon_core.environment:checking '/root/slam/slam/driver_FR_APOLLO/install/lslidar_c16_msg/bin'
[0.623s] Level 1:colcon.colcon_core.environment:checking '/root/slam/slam/driver_FR_APOLLO/install/lslidar_c16_msg/lib/pkgconfig/lslidar_c16_msg.pc'
[0.624s] Level 1:colcon.colcon_core.environment:checking '/root/slam/slam/driver_FR_APOLLO/install/lslidar_c16_msg/lib/python3.10/site-packages'
[0.625s] Level 1:colcon.colcon_core.environment:checking '/root/slam/slam/driver_FR_APOLLO/install/lslidar_c16_msg/bin'
[0.625s] INFO:colcon.colcon_core.shell:Creating package script '/root/slam/slam/driver_FR_APOLLO/install/lslidar_c16_msg/share/lslidar_c16_msg/package.ps1'
[0.626s] INFO:colcon.colcon_core.shell:Creating package descriptor '/root/slam/slam/driver_FR_APOLLO/install/lslidar_c16_msg/share/lslidar_c16_msg/package.dsv'
[0.626s] INFO:colcon.colcon_core.shell:Creating package script '/root/slam/slam/driver_FR_APOLLO/install/lslidar_c16_msg/share/lslidar_c16_msg/package.sh'
[0.626s] INFO:colcon.colcon_core.shell:Creating package script '/root/slam/slam/driver_FR_APOLLO/install/lslidar_c16_msg/share/lslidar_c16_msg/package.bash'
[0.627s] INFO:colcon.colcon_core.shell:Creating package script '/root/slam/slam/driver_FR_APOLLO/install/lslidar_c16_msg/share/lslidar_c16_msg/package.zsh'
[0.627s] Level 1:colcon.colcon_core.environment:create_file_with_runtime_dependencies(/root/slam/slam/driver_FR_APOLLO/install/lslidar_c16_msg/share/colcon-core/packages/lslidar_c16_msg)
[0.780s] Level 1:colcon.colcon_core.environment:create_environment_scripts_only(lslidar_c16_msg)
[0.782s] Level 1:colcon.colcon_core.environment:checking '/root/slam/slam/driver_FR_APOLLO/install/lslidar_c16_msg' for CMake module files
[0.782s] Level 1:colcon.colcon_core.environment:checking '/root/slam/slam/driver_FR_APOLLO/install/lslidar_c16_msg' for CMake config files
[0.783s] Level 1:colcon.colcon_core.shell:create_environment_hook('lslidar_c16_msg', 'cmake_prefix_path')
[0.783s] INFO:colcon.colcon_core.shell:Creating environment hook '/root/slam/slam/driver_FR_APOLLO/install/lslidar_c16_msg/share/lslidar_c16_msg/hook/cmake_prefix_path.ps1'
[0.784s] INFO:colcon.colcon_core.shell:Creating environment descriptor '/root/slam/slam/driver_FR_APOLLO/install/lslidar_c16_msg/share/lslidar_c16_msg/hook/cmake_prefix_path.dsv'
[0.784s] INFO:colcon.colcon_core.shell:Creating environment hook '/root/slam/slam/driver_FR_APOLLO/install/lslidar_c16_msg/share/lslidar_c16_msg/hook/cmake_prefix_path.sh'
[0.784s] Level 1:colcon.colcon_core.environment:checking '/root/slam/slam/driver_FR_APOLLO/install/lslidar_c16_msg/lib'
[0.784s] Level 1:colcon.colcon_core.shell:create_environment_hook('lslidar_c16_msg', 'ld_library_path_lib')
[0.785s] INFO:colcon.colcon_core.shell:Creating environment hook '/root/slam/slam/driver_FR_APOLLO/install/lslidar_c16_msg/share/lslidar_c16_msg/hook/ld_library_path_lib.ps1'
[0.785s] INFO:colcon.colcon_core.shell:Creating environment descriptor '/root/slam/slam/driver_FR_APOLLO/install/lslidar_c16_msg/share/lslidar_c16_msg/hook/ld_library_path_lib.dsv'
[0.785s] INFO:colcon.colcon_core.shell:Creating environment hook '/root/slam/slam/driver_FR_APOLLO/install/lslidar_c16_msg/share/lslidar_c16_msg/hook/ld_library_path_lib.sh'
[0.785s] Level 1:colcon.colcon_core.environment:checking '/root/slam/slam/driver_FR_APOLLO/install/lslidar_c16_msg/bin'
[0.785s] Level 1:colcon.colcon_core.environment:checking '/root/slam/slam/driver_FR_APOLLO/install/lslidar_c16_msg/lib/pkgconfig/lslidar_c16_msg.pc'
[0.786s] Level 1:colcon.colcon_core.environment:checking '/root/slam/slam/driver_FR_APOLLO/install/lslidar_c16_msg/lib/python3.10/site-packages'
[0.786s] Level 1:colcon.colcon_core.environment:checking '/root/slam/slam/driver_FR_APOLLO/install/lslidar_c16_msg/bin'
[0.787s] INFO:colcon.colcon_core.shell:Creating package script '/root/slam/slam/driver_FR_APOLLO/install/lslidar_c16_msg/share/lslidar_c16_msg/package.ps1'
[0.787s] INFO:colcon.colcon_core.shell:Creating package descriptor '/root/slam/slam/driver_FR_APOLLO/install/lslidar_c16_msg/share/lslidar_c16_msg/package.dsv'
[0.787s] INFO:colcon.colcon_core.shell:Creating package script '/root/slam/slam/driver_FR_APOLLO/install/lslidar_c16_msg/share/lslidar_c16_msg/package.sh'
[0.788s] INFO:colcon.colcon_core.shell:Creating package script '/root/slam/slam/driver_FR_APOLLO/install/lslidar_c16_msg/share/lslidar_c16_msg/package.bash'
[0.788s] INFO:colcon.colcon_core.shell:Creating package script '/root/slam/slam/driver_FR_APOLLO/install/lslidar_c16_msg/share/lslidar_c16_msg/package.zsh'
[0.788s] Level 1:colcon.colcon_core.environment:create_file_with_runtime_dependencies(/root/slam/slam/driver_FR_APOLLO/install/lslidar_c16_msg/share/colcon-core/packages/lslidar_c16_msg)
[0.788s] INFO:colcon.colcon_ros.task.ament_cmake.build:Building ROS package in '/root/slam/slam/driver_FR_APOLLO/src/lslidar_c16_decoder' with build type 'ament_cmake'
[0.788s] INFO:colcon.colcon_cmake.task.cmake.build:Building CMake package in '/root/slam/slam/driver_FR_APOLLO/src/lslidar_c16_decoder'
[0.789s] INFO:colcon.colcon_core.shell:Skip shell extension 'powershell' for command environment: Not usable outside of PowerShell
[0.789s] DEBUG:colcon.colcon_core.shell:Skip shell extension 'dsv' for command environment
[0.792s] INFO:colcon.colcon_ros.task.ament_cmake.build:Building ROS package in '/root/slam/slam/driver_FR_APOLLO/src/lslidar_c16_driver' with build type 'ament_cmake'
[0.792s] INFO:colcon.colcon_cmake.task.cmake.build:Building CMake package in '/root/slam/slam/driver_FR_APOLLO/src/lslidar_c16_driver'
[0.793s] INFO:colcon.colcon_core.shell:Skip shell extension 'powershell' for command environment: Not usable outside of PowerShell
[0.793s] DEBUG:colcon.colcon_core.shell:Skip shell extension 'dsv' for command environment
[0.799s] DEBUG:colcon.colcon_core.event_handler.log_command:Invoking command in '/root/slam/slam/driver_FR_APOLLO/build/lslidar_c16_decoder': CMAKE_PREFIX_PATH=/root/slam/slam/driver_FR_APOLLO/install/lslidar_c16_msg:/root/slam/slam/driver_FR_APOLLO/install/lslidar_c16_decoder:/root/slam/slam/driver_FR_APOLLO/install/lslidar_c16_driver:/root/slam/slam/driver_FR_APOLLO/install/lslidar_c16_decoder_node:/opt/ros/humble CONDA_PROMPT_MODIFIER=(openalt) /usr/bin/cmake --build /root/slam/slam/driver_FR_APOLLO/build/lslidar_c16_decoder -- -j12 -l12
[0.801s] DEBUG:colcon.colcon_core.event_handler.log_command:Invoking command in '/root/slam/slam/driver_FR_APOLLO/build/lslidar_c16_driver': CMAKE_PREFIX_PATH=/root/slam/slam/driver_FR_APOLLO/install/lslidar_c16_msg:/root/slam/slam/driver_FR_APOLLO/install/lslidar_c16_decoder:/root/slam/slam/driver_FR_APOLLO/install/lslidar_c16_driver:/root/slam/slam/driver_FR_APOLLO/install/lslidar_c16_decoder_node:/opt/ros/humble CONDA_PROMPT_MODIFIER=(openalt) /usr/bin/cmake --build /root/slam/slam/driver_FR_APOLLO/build/lslidar_c16_driver -- -j12 -l12
[0.845s] DEBUG:colcon.colcon_core.event_handler.log_command:Invoked command in '/root/slam/slam/driver_FR_APOLLO/build/lslidar_c16_decoder' returned '0': CMAKE_PREFIX_PATH=/root/slam/slam/driver_FR_APOLLO/install/lslidar_c16_msg:/root/slam/slam/driver_FR_APOLLO/install/lslidar_c16_decoder:/root/slam/slam/driver_FR_APOLLO/install/lslidar_c16_driver:/root/slam/slam/driver_FR_APOLLO/install/lslidar_c16_decoder_node:/opt/ros/humble CONDA_PROMPT_MODIFIER=(openalt) /usr/bin/cmake --build /root/slam/slam/driver_FR_APOLLO/build/lslidar_c16_decoder -- -j12 -l12
[0.848s] DEBUG:colcon.colcon_core.event_handler.log_command:Invoked command in '/root/slam/slam/driver_FR_APOLLO/build/lslidar_c16_driver' returned '0': CMAKE_PREFIX_PATH=/root/slam/slam/driver_FR_APOLLO/install/lslidar_c16_msg:/root/slam/slam/driver_FR_APOLLO/install/lslidar_c16_decoder:/root/slam/slam/driver_FR_APOLLO/install/lslidar_c16_driver:/root/slam/slam/driver_FR_APOLLO/install/lslidar_c16_decoder_node:/opt/ros/humble CONDA_PROMPT_MODIFIER=(openalt) /usr/bin/cmake --build /root/slam/slam/driver_FR_APOLLO/build/lslidar_c16_driver -- -j12 -l12
[0.870s] DEBUG:colcon.colcon_core.event_handler.log_command:Invoking command in '/root/slam/slam/driver_FR_APOLLO/build/lslidar_c16_decoder': CMAKE_PREFIX_PATH=/root/slam/slam/driver_FR_APOLLO/install/lslidar_c16_msg:/root/slam/slam/driver_FR_APOLLO/install/lslidar_c16_decoder:/root/slam/slam/driver_FR_APOLLO/install/lslidar_c16_driver:/root/slam/slam/driver_FR_APOLLO/install/lslidar_c16_decoder_node:/opt/ros/humble CONDA_PROMPT_MODIFIER=(openalt) /usr/bin/cmake --install /root/slam/slam/driver_FR_APOLLO/build/lslidar_c16_decoder
[0.872s] DEBUG:colcon.colcon_core.event_handler.log_command:Invoking command in '/root/slam/slam/driver_FR_APOLLO/build/lslidar_c16_driver': CMAKE_PREFIX_PATH=/root/slam/slam/driver_FR_APOLLO/install/lslidar_c16_msg:/root/slam/slam/driver_FR_APOLLO/install/lslidar_c16_decoder:/root/slam/slam/driver_FR_APOLLO/install/lslidar_c16_driver:/root/slam/slam/driver_FR_APOLLO/install/lslidar_c16_decoder_node:/opt/ros/humble CONDA_PROMPT_MODIFIER=(openalt) /usr/bin/cmake --install /root/slam/slam/driver_FR_APOLLO/build/lslidar_c16_driver
[0.876s] Level 1:colcon.colcon_core.environment:create_environment_scripts_only(lslidar_c16_decoder)
[0.877s] Level 1:colcon.colcon_core.environment:checking '/root/slam/slam/driver_FR_APOLLO/install/lslidar_c16_decoder' for CMake module files
[0.878s] DEBUG:colcon.colcon_core.event_handler.log_command:Invoked command in '/root/slam/slam/driver_FR_APOLLO/build/lslidar_c16_decoder' returned '0': CMAKE_PREFIX_PATH=/root/slam/slam/driver_FR_APOLLO/install/lslidar_c16_msg:/root/slam/slam/driver_FR_APOLLO/install/lslidar_c16_decoder:/root/slam/slam/driver_FR_APOLLO/install/lslidar_c16_driver:/root/slam/slam/driver_FR_APOLLO/install/lslidar_c16_decoder_node:/opt/ros/humble CONDA_PROMPT_MODIFIER=(openalt) /usr/bin/cmake --install /root/slam/slam/driver_FR_APOLLO/build/lslidar_c16_decoder
[0.879s] Level 1:colcon.colcon_core.environment:checking '/root/slam/slam/driver_FR_APOLLO/install/lslidar_c16_decoder' for CMake config files
[0.880s] Level 1:colcon.colcon_core.shell:create_environment_hook('lslidar_c16_decoder', 'cmake_prefix_path')
[0.881s] INFO:colcon.colcon_core.shell:Creating environment hook '/root/slam/slam/driver_FR_APOLLO/install/lslidar_c16_decoder/share/lslidar_c16_decoder/hook/cmake_prefix_path.ps1'
[0.881s] INFO:colcon.colcon_core.shell:Creating environment descriptor '/root/slam/slam/driver_FR_APOLLO/install/lslidar_c16_decoder/share/lslidar_c16_decoder/hook/cmake_prefix_path.dsv'
[0.881s] INFO:colcon.colcon_core.shell:Creating environment hook '/root/slam/slam/driver_FR_APOLLO/install/lslidar_c16_decoder/share/lslidar_c16_decoder/hook/cmake_prefix_path.sh'
[0.881s] Level 1:colcon.colcon_core.environment:checking '/root/slam/slam/driver_FR_APOLLO/install/lslidar_c16_decoder/lib'
[0.881s] Level 1:colcon.colcon_core.environment:checking '/root/slam/slam/driver_FR_APOLLO/install/lslidar_c16_decoder/bin'
[0.882s] Level 1:colcon.colcon_core.environment:checking '/root/slam/slam/driver_FR_APOLLO/install/lslidar_c16_decoder/lib/pkgconfig/lslidar_c16_decoder.pc'
[0.882s] Level 1:colcon.colcon_core.environment:checking '/root/slam/slam/driver_FR_APOLLO/install/lslidar_c16_decoder/lib/python3.10/site-packages'
[0.882s] Level 1:colcon.colcon_core.environment:checking '/root/slam/slam/driver_FR_APOLLO/install/lslidar_c16_decoder/bin'
[0.883s] INFO:colcon.colcon_core.shell:Creating package script '/root/slam/slam/driver_FR_APOLLO/install/lslidar_c16_decoder/share/lslidar_c16_decoder/package.ps1'
[0.884s] INFO:colcon.colcon_core.shell:Creating package descriptor '/root/slam/slam/driver_FR_APOLLO/install/lslidar_c16_decoder/share/lslidar_c16_decoder/package.dsv'
[0.884s] INFO:colcon.colcon_core.shell:Creating package script '/root/slam/slam/driver_FR_APOLLO/install/lslidar_c16_decoder/share/lslidar_c16_decoder/package.sh'
[0.884s] INFO:colcon.colcon_core.shell:Creating package script '/root/slam/slam/driver_FR_APOLLO/install/lslidar_c16_decoder/share/lslidar_c16_decoder/package.bash'
[0.884s] INFO:colcon.colcon_core.shell:Creating package script '/root/slam/slam/driver_FR_APOLLO/install/lslidar_c16_decoder/share/lslidar_c16_decoder/package.zsh'
[0.884s] Level 1:colcon.colcon_core.environment:create_file_with_runtime_dependencies(/root/slam/slam/driver_FR_APOLLO/install/lslidar_c16_decoder/share/colcon-core/packages/lslidar_c16_decoder)
[0.885s] Level 1:colcon.colcon_core.environment:create_environment_scripts_only(lslidar_c16_driver)
[0.887s] Level 1:colcon.colcon_core.environment:checking '/root/slam/slam/driver_FR_APOLLO/install/lslidar_c16_driver' for CMake module files
[0.887s] DEBUG:colcon.colcon_core.event_handler.log_command:Invoked command in '/root/slam/slam/driver_FR_APOLLO/build/lslidar_c16_driver' returned '0': CMAKE_PREFIX_PATH=/root/slam/slam/driver_FR_APOLLO/install/lslidar_c16_msg:/root/slam/slam/driver_FR_APOLLO/install/lslidar_c16_decoder:/root/slam/slam/driver_FR_APOLLO/install/lslidar_c16_driver:/root/slam/slam/driver_FR_APOLLO/install/lslidar_c16_decoder_node:/opt/ros/humble CONDA_PROMPT_MODIFIER=(openalt) /usr/bin/cmake --install /root/slam/slam/driver_FR_APOLLO/build/lslidar_c16_driver
[0.887s] Level 1:colcon.colcon_core.environment:checking '/root/slam/slam/driver_FR_APOLLO/install/lslidar_c16_driver' for CMake config files
[0.887s] Level 1:colcon.colcon_core.shell:create_environment_hook('lslidar_c16_driver', 'cmake_prefix_path')
[0.888s] INFO:colcon.colcon_core.shell:Creating environment hook '/root/slam/slam/driver_FR_APOLLO/install/lslidar_c16_driver/share/lslidar_c16_driver/hook/cmake_prefix_path.ps1'
[0.888s] INFO:colcon.colcon_core.shell:Creating environment descriptor '/root/slam/slam/driver_FR_APOLLO/install/lslidar_c16_driver/share/lslidar_c16_driver/hook/cmake_prefix_path.dsv'
[0.888s] INFO:colcon.colcon_core.shell:Creating environment hook '/root/slam/slam/driver_FR_APOLLO/install/lslidar_c16_driver/share/lslidar_c16_driver/hook/cmake_prefix_path.sh'
[0.888s] Level 1:colcon.colcon_core.environment:checking '/root/slam/slam/driver_FR_APOLLO/install/lslidar_c16_driver/lib'
[0.889s] Level 1:colcon.colcon_core.environment:checking '/root/slam/slam/driver_FR_APOLLO/install/lslidar_c16_driver/bin'
[0.889s] Level 1:colcon.colcon_core.environment:checking '/root/slam/slam/driver_FR_APOLLO/install/lslidar_c16_driver/lib/pkgconfig/lslidar_c16_driver.pc'
[0.889s] Level 1:colcon.colcon_core.environment:checking '/root/slam/slam/driver_FR_APOLLO/install/lslidar_c16_driver/lib/python3.10/site-packages'
[0.889s] Level 1:colcon.colcon_core.environment:checking '/root/slam/slam/driver_FR_APOLLO/install/lslidar_c16_driver/bin'
[0.889s] INFO:colcon.colcon_core.shell:Creating package script '/root/slam/slam/driver_FR_APOLLO/install/lslidar_c16_driver/share/lslidar_c16_driver/package.ps1'
[0.890s] INFO:colcon.colcon_core.shell:Creating package descriptor '/root/slam/slam/driver_FR_APOLLO/install/lslidar_c16_driver/share/lslidar_c16_driver/package.dsv'
[0.890s] INFO:colcon.colcon_core.shell:Creating package script '/root/slam/slam/driver_FR_APOLLO/install/lslidar_c16_driver/share/lslidar_c16_driver/package.sh'
[0.890s] INFO:colcon.colcon_core.shell:Creating package script '/root/slam/slam/driver_FR_APOLLO/install/lslidar_c16_driver/share/lslidar_c16_driver/package.bash'
[0.891s] INFO:colcon.colcon_core.shell:Creating package script '/root/slam/slam/driver_FR_APOLLO/install/lslidar_c16_driver/share/lslidar_c16_driver/package.zsh'
[0.891s] Level 1:colcon.colcon_core.environment:create_file_with_runtime_dependencies(/root/slam/slam/driver_FR_APOLLO/install/lslidar_c16_driver/share/colcon-core/packages/lslidar_c16_driver)
[0.900s] Level 1:colcon.colcon_core.environment:create_environment_scripts_only(lslidar_c16_decoder)
[0.901s] Level 1:colcon.colcon_core.environment:checking '/root/slam/slam/driver_FR_APOLLO/install/lslidar_c16_decoder' for CMake module files
[0.901s] Level 1:colcon.colcon_core.environment:checking '/root/slam/slam/driver_FR_APOLLO/install/lslidar_c16_decoder' for CMake config files
[0.901s] Level 1:colcon.colcon_core.shell:create_environment_hook('lslidar_c16_decoder', 'cmake_prefix_path')
[0.902s] INFO:colcon.colcon_core.shell:Creating environment hook '/root/slam/slam/driver_FR_APOLLO/install/lslidar_c16_decoder/share/lslidar_c16_decoder/hook/cmake_prefix_path.ps1'
[0.902s] INFO:colcon.colcon_core.shell:Creating environment descriptor '/root/slam/slam/driver_FR_APOLLO/install/lslidar_c16_decoder/share/lslidar_c16_decoder/hook/cmake_prefix_path.dsv'
[0.903s] INFO:colcon.colcon_core.shell:Creating environment hook '/root/slam/slam/driver_FR_APOLLO/install/lslidar_c16_decoder/share/lslidar_c16_decoder/hook/cmake_prefix_path.sh'
[0.903s] Level 1:colcon.colcon_core.environment:checking '/root/slam/slam/driver_FR_APOLLO/install/lslidar_c16_decoder/lib'
[0.903s] Level 1:colcon.colcon_core.environment:checking '/root/slam/slam/driver_FR_APOLLO/install/lslidar_c16_decoder/bin'
[0.903s] Level 1:colcon.colcon_core.environment:checking '/root/slam/slam/driver_FR_APOLLO/install/lslidar_c16_decoder/lib/pkgconfig/lslidar_c16_decoder.pc'
[0.903s] Level 1:colcon.colcon_core.environment:checking '/root/slam/slam/driver_FR_APOLLO/install/lslidar_c16_decoder/lib/python3.10/site-packages'
[0.903s] Level 1:colcon.colcon_core.environment:checking '/root/slam/slam/driver_FR_APOLLO/install/lslidar_c16_decoder/bin'
[0.904s] INFO:colcon.colcon_core.shell:Creating package script '/root/slam/slam/driver_FR_APOLLO/install/lslidar_c16_decoder/share/lslidar_c16_decoder/package.ps1'
[0.904s] INFO:colcon.colcon_core.shell:Creating package descriptor '/root/slam/slam/driver_FR_APOLLO/install/lslidar_c16_decoder/share/lslidar_c16_decoder/package.dsv'
[0.904s] INFO:colcon.colcon_core.shell:Creating package script '/root/slam/slam/driver_FR_APOLLO/install/lslidar_c16_decoder/share/lslidar_c16_decoder/package.sh'
[0.905s] INFO:colcon.colcon_core.shell:Creating package script '/root/slam/slam/driver_FR_APOLLO/install/lslidar_c16_decoder/share/lslidar_c16_decoder/package.bash'
[0.905s] INFO:colcon.colcon_core.shell:Creating package script '/root/slam/slam/driver_FR_APOLLO/install/lslidar_c16_decoder/share/lslidar_c16_decoder/package.zsh'
[0.905s] Level 1:colcon.colcon_core.environment:create_file_with_runtime_dependencies(/root/slam/slam/driver_FR_APOLLO/install/lslidar_c16_decoder/share/colcon-core/packages/lslidar_c16_decoder)
[0.906s] Level 1:colcon.colcon_core.environment:create_environment_scripts_only(lslidar_c16_driver)
[0.907s] Level 1:colcon.colcon_core.environment:checking '/root/slam/slam/driver_FR_APOLLO/install/lslidar_c16_driver' for CMake module files
[0.907s] Level 1:colcon.colcon_core.environment:checking '/root/slam/slam/driver_FR_APOLLO/install/lslidar_c16_driver' for CMake config files
[0.907s] Level 1:colcon.colcon_core.shell:create_environment_hook('lslidar_c16_driver', 'cmake_prefix_path')
[0.908s] INFO:colcon.colcon_core.shell:Creating environment hook '/root/slam/slam/driver_FR_APOLLO/install/lslidar_c16_driver/share/lslidar_c16_driver/hook/cmake_prefix_path.ps1'
[0.908s] INFO:colcon.colcon_core.shell:Creating environment descriptor '/root/slam/slam/driver_FR_APOLLO/install/lslidar_c16_driver/share/lslidar_c16_driver/hook/cmake_prefix_path.dsv'
[0.908s] INFO:colcon.colcon_core.shell:Creating environment hook '/root/slam/slam/driver_FR_APOLLO/install/lslidar_c16_driver/share/lslidar_c16_driver/hook/cmake_prefix_path.sh'
[0.909s] Level 1:colcon.colcon_core.environment:checking '/root/slam/slam/driver_FR_APOLLO/install/lslidar_c16_driver/lib'
[0.909s] Level 1:colcon.colcon_core.environment:checking '/root/slam/slam/driver_FR_APOLLO/install/lslidar_c16_driver/bin'
[0.909s] Level 1:colcon.colcon_core.environment:checking '/root/slam/slam/driver_FR_APOLLO/install/lslidar_c16_driver/lib/pkgconfig/lslidar_c16_driver.pc'
[0.909s] Level 1:colcon.colcon_core.environment:checking '/root/slam/slam/driver_FR_APOLLO/install/lslidar_c16_driver/lib/python3.10/site-packages'
[0.909s] Level 1:colcon.colcon_core.environment:checking '/root/slam/slam/driver_FR_APOLLO/install/lslidar_c16_driver/bin'
[0.910s] INFO:colcon.colcon_core.shell:Creating package script '/root/slam/slam/driver_FR_APOLLO/install/lslidar_c16_driver/share/lslidar_c16_driver/package.ps1'
[0.910s] INFO:colcon.colcon_core.shell:Creating package descriptor '/root/slam/slam/driver_FR_APOLLO/install/lslidar_c16_driver/share/lslidar_c16_driver/package.dsv'
[0.910s] INFO:colcon.colcon_core.shell:Creating package script '/root/slam/slam/driver_FR_APOLLO/install/lslidar_c16_driver/share/lslidar_c16_driver/package.sh'
[0.910s] INFO:colcon.colcon_core.shell:Creating package script '/root/slam/slam/driver_FR_APOLLO/install/lslidar_c16_driver/share/lslidar_c16_driver/package.bash'
[0.910s] INFO:colcon.colcon_core.shell:Creating package script '/root/slam/slam/driver_FR_APOLLO/install/lslidar_c16_driver/share/lslidar_c16_driver/package.zsh'
[0.911s] Level 1:colcon.colcon_core.environment:create_file_with_runtime_dependencies(/root/slam/slam/driver_FR_APOLLO/install/lslidar_c16_driver/share/colcon-core/packages/lslidar_c16_driver)
[0.911s] DEBUG:colcon.colcon_parallel_executor.executor.parallel:closing loop
[0.911s] DEBUG:colcon.colcon_parallel_executor.executor.parallel:loop closed
[0.911s] DEBUG:colcon.colcon_parallel_executor.executor.parallel:run_until_complete finished with '0'
[0.911s] DEBUG:colcon.colcon_core.event_reactor:joining thread
[0.914s] INFO:colcon.colcon_core.plugin_system:Skipping extension 'colcon_notification.desktop_notification.notify_send': Could not find 'notify-send'
[0.914s] INFO:colcon.colcon_core.plugin_system:Skipping extension 'colcon_notification.desktop_notification.terminal_notifier': Not used on non-Darwin systems
[0.914s] INFO:colcon.colcon_core.plugin_system:Skipping extension 'colcon_notification.desktop_notification.win32': Not used on non-Windows systems
[0.914s] INFO:colcon.colcon_notification.desktop_notification:Sending desktop notification using 'notify2'
[0.915s] DEBUG:colcon.colcon_notification.desktop_notification.notify2:Failed to initialize notify2: org.freedesktop.DBus.Error.Spawn.ExecFailed: /usr/bin/dbus-launch terminated abnormally without any error message
[0.915s] DEBUG:colcon.colcon_core.event_reactor:joined thread
[0.916s] INFO:colcon.colcon_core.shell:Creating prefix script '/root/slam/slam/driver_FR_APOLLO/install/local_setup.ps1'
[0.917s] INFO:colcon.colcon_core.shell:Creating prefix util module '/root/slam/slam/driver_FR_APOLLO/install/_local_setup_util_ps1.py'
[0.918s] INFO:colcon.colcon_core.shell:Creating prefix chain script '/root/slam/slam/driver_FR_APOLLO/install/setup.ps1'
[0.918s] INFO:colcon.colcon_core.shell:Creating prefix script '/root/slam/slam/driver_FR_APOLLO/install/local_setup.sh'
[0.919s] INFO:colcon.colcon_core.shell:Creating prefix util module '/root/slam/slam/driver_FR_APOLLO/install/_local_setup_util_sh.py'
[0.919s] INFO:colcon.colcon_core.shell:Creating prefix chain script '/root/slam/slam/driver_FR_APOLLO/install/setup.sh'
[0.920s] INFO:colcon.colcon_core.shell:Creating prefix script '/root/slam/slam/driver_FR_APOLLO/install/local_setup.bash'
[0.920s] INFO:colcon.colcon_core.shell:Creating prefix chain script '/root/slam/slam/driver_FR_APOLLO/install/setup.bash'
[0.921s] INFO:colcon.colcon_core.shell:Creating prefix script '/root/slam/slam/driver_FR_APOLLO/install/local_setup.zsh'
[0.922s] INFO:colcon.colcon_core.shell:Creating prefix chain script '/root/slam/slam/driver_FR_APOLLO/install/setup.zsh'
