[0.008s] Invoking command in '/root/slam/slam/driver_FR_APOLLO/build/lslidar_c16_msg': CMAKE_PREFIX_PATH=${CMAKE_PREFIX_PATH}:/opt/ros/humble CONDA_PROMPT_MODIFIER=(openalt) /usr/bin/cmake --build /root/slam/slam/driver_FR_APOLLO/build/lslidar_c16_msg -- -j12 -l12
[0.044s] [  1%] Built target lslidar_c16_msg__cpp
[0.045s] [ 12%] Built target lslidar_c16_msg__rosidl_generator_c
[0.050s] [ 12%] Built target ament_cmake_python_copy_lslidar_c16_msg
[0.062s] [ 24%] Built target lslidar_c16_msg__rosidl_typesupport_fastrtps_c
[0.062s] [ 35%] Built target lslidar_c16_msg__rosidl_typesupport_c
[0.063s] [ 54%] Built target lslidar_c16_msg__rosidl_typesupport_cpp
[0.063s] [ 58%] Built target lslidar_c16_msg__rosidl_typesupport_introspection_c
[0.064s] [ 69%] Built target lslidar_c16_msg__rosidl_typesupport_introspection_cpp
[0.064s] [ 81%] Built target lslidar_c16_msg__rosidl_typesupport_fastrtps_cpp
[0.073s] [ 81%] Built target lslidar_c16_msg
[0.083s] [ 82%] Built target lslidar_c16_msg__py
[0.095s] [ 92%] Built target lslidar_c16_msg__rosidl_generator_py
[0.107s] [100%] Built target lslidar_c16_msg__rosidl_typesupport_introspection_c__pyext
[0.107s] [100%] Built target lslidar_c16_msg__rosidl_typesupport_c__pyext
[0.107s] [100%] Built target lslidar_c16_msg__rosidl_typesupport_fastrtps_c__pyext
[0.191s] running egg_info
[0.191s] writing lslidar_c16_msg.egg-info/PKG-INFO
[0.191s] writing dependency_links to lslidar_c16_msg.egg-info/dependency_links.txt
[0.191s] writing top-level names to lslidar_c16_msg.egg-info/top_level.txt
[0.193s] reading manifest file 'lslidar_c16_msg.egg-info/SOURCES.txt'
[0.193s] writing manifest file 'lslidar_c16_msg.egg-info/SOURCES.txt'
[0.206s] [100%] Built target ament_cmake_python_build_lslidar_c16_msg_egg
[0.213s] Invoked command in '/root/slam/slam/driver_FR_APOLLO/build/lslidar_c16_msg' returned '0': CMAKE_PREFIX_PATH=${CMAKE_PREFIX_PATH}:/opt/ros/humble CONDA_PROMPT_MODIFIER=(openalt) /usr/bin/cmake --build /root/slam/slam/driver_FR_APOLLO/build/lslidar_c16_msg -- -j12 -l12
[0.327s] Invoking command in '/root/slam/slam/driver_FR_APOLLO/build/lslidar_c16_msg': CMAKE_PREFIX_PATH=${CMAKE_PREFIX_PATH}:/opt/ros/humble CONDA_PROMPT_MODIFIER=(openalt) /usr/bin/cmake --install /root/slam/slam/driver_FR_APOLLO/build/lslidar_c16_msg
[0.335s] -- Install configuration: ""
[0.335s] -- Up-to-date: /root/slam/slam/driver_FR_APOLLO/install/lslidar_c16_msg/share/ament_index/resource_index/rosidl_interfaces/lslidar_c16_msg
[0.335s] -- Up-to-date: /root/slam/slam/driver_FR_APOLLO/install/lslidar_c16_msg/include/lslidar_c16_msg/lslidar_c16_msg
[0.335s] -- Up-to-date: /root/slam/slam/driver_FR_APOLLO/install/lslidar_c16_msg/include/lslidar_c16_msg/lslidar_c16_msg/srv
[0.335s] -- Up-to-date: /root/slam/slam/driver_FR_APOLLO/install/lslidar_c16_msg/include/lslidar_c16_msg/lslidar_c16_msg/srv/lslidar_c16_control.h
[0.335s] -- Up-to-date: /root/slam/slam/driver_FR_APOLLO/install/lslidar_c16_msg/include/lslidar_c16_msg/lslidar_c16_msg/srv/detail
[0.335s] -- Up-to-date: /root/slam/slam/driver_FR_APOLLO/install/lslidar_c16_msg/include/lslidar_c16_msg/lslidar_c16_msg/srv/detail/lslidar_c16_control__functions.c
[0.335s] -- Up-to-date: /root/slam/slam/driver_FR_APOLLO/install/lslidar_c16_msg/include/lslidar_c16_msg/lslidar_c16_msg/srv/detail/lslidar_c16_control__type_support.h
[0.335s] -- Up-to-date: /root/slam/slam/driver_FR_APOLLO/install/lslidar_c16_msg/include/lslidar_c16_msg/lslidar_c16_msg/srv/detail/lslidar_c16_control__functions.h
[0.335s] -- Up-to-date: /root/slam/slam/driver_FR_APOLLO/install/lslidar_c16_msg/include/lslidar_c16_msg/lslidar_c16_msg/srv/detail/lslidar_c16_control__struct.h
[0.335s] -- Up-to-date: /root/slam/slam/driver_FR_APOLLO/install/lslidar_c16_msg/include/lslidar_c16_msg/lslidar_c16_msg/msg
[0.335s] -- Up-to-date: /root/slam/slam/driver_FR_APOLLO/install/lslidar_c16_msg/include/lslidar_c16_msg/lslidar_c16_msg/msg/lslidar_c16_packet.h
[0.336s] -- Up-to-date: /root/slam/slam/driver_FR_APOLLO/install/lslidar_c16_msg/include/lslidar_c16_msg/lslidar_c16_msg/msg/lslidar_c16_layer.h
[0.336s] -- Up-to-date: /root/slam/slam/driver_FR_APOLLO/install/lslidar_c16_msg/include/lslidar_c16_msg/lslidar_c16_msg/msg/lslidar_c16_point.h
[0.336s] -- Up-to-date: /root/slam/slam/driver_FR_APOLLO/install/lslidar_c16_msg/include/lslidar_c16_msg/lslidar_c16_msg/msg/lslidar_c16_scan_unified.h
[0.336s] -- Up-to-date: /root/slam/slam/driver_FR_APOLLO/install/lslidar_c16_msg/include/lslidar_c16_msg/lslidar_c16_msg/msg/lslidar_c16_sweep.h
[0.336s] -- Up-to-date: /root/slam/slam/driver_FR_APOLLO/install/lslidar_c16_msg/include/lslidar_c16_msg/lslidar_c16_msg/msg/lslidar_c16_scan.h
[0.336s] -- Up-to-date: /root/slam/slam/driver_FR_APOLLO/install/lslidar_c16_msg/include/lslidar_c16_msg/lslidar_c16_msg/msg/detail
[0.336s] -- Up-to-date: /root/slam/slam/driver_FR_APOLLO/install/lslidar_c16_msg/include/lslidar_c16_msg/lslidar_c16_msg/msg/detail/lslidar_c16_scan__type_support.h
[0.336s] -- Up-to-date: /root/slam/slam/driver_FR_APOLLO/install/lslidar_c16_msg/include/lslidar_c16_msg/lslidar_c16_msg/msg/detail/lslidar_c16_sweep__functions.c
[0.336s] -- Up-to-date: /root/slam/slam/driver_FR_APOLLO/install/lslidar_c16_msg/include/lslidar_c16_msg/lslidar_c16_msg/msg/detail/lslidar_c16_scan_unified__type_support.h
[0.336s] -- Up-to-date: /root/slam/slam/driver_FR_APOLLO/install/lslidar_c16_msg/include/lslidar_c16_msg/lslidar_c16_msg/msg/detail/lslidar_c16_layer__type_support.h
[0.336s] -- Up-to-date: /root/slam/slam/driver_FR_APOLLO/install/lslidar_c16_msg/include/lslidar_c16_msg/lslidar_c16_msg/msg/detail/lslidar_c16_packet__type_support.h
[0.336s] -- Up-to-date: /root/slam/slam/driver_FR_APOLLO/install/lslidar_c16_msg/include/lslidar_c16_msg/lslidar_c16_msg/msg/detail/lslidar_c16_scan__functions.h
[0.336s] -- Up-to-date: /root/slam/slam/driver_FR_APOLLO/install/lslidar_c16_msg/include/lslidar_c16_msg/lslidar_c16_msg/msg/detail/lslidar_c16_scan_unified__struct.h
[0.336s] -- Up-to-date: /root/slam/slam/driver_FR_APOLLO/install/lslidar_c16_msg/include/lslidar_c16_msg/lslidar_c16_msg/msg/detail/lslidar_c16_layer__struct.h
[0.336s] -- Up-to-date: /root/slam/slam/driver_FR_APOLLO/install/lslidar_c16_msg/include/lslidar_c16_msg/lslidar_c16_msg/msg/detail/lslidar_c16_point__struct.h
[0.336s] -- Up-to-date: /root/slam/slam/driver_FR_APOLLO/install/lslidar_c16_msg/include/lslidar_c16_msg/lslidar_c16_msg/msg/detail/lslidar_c16_scan__struct.h
[0.336s] -- Up-to-date: /root/slam/slam/driver_FR_APOLLO/install/lslidar_c16_msg/include/lslidar_c16_msg/lslidar_c16_msg/msg/detail/lslidar_c16_sweep__struct.h
[0.336s] -- Up-to-date: /root/slam/slam/driver_FR_APOLLO/install/lslidar_c16_msg/include/lslidar_c16_msg/lslidar_c16_msg/msg/detail/lslidar_c16_scan_unified__functions.c
[0.336s] -- Up-to-date: /root/slam/slam/driver_FR_APOLLO/install/lslidar_c16_msg/include/lslidar_c16_msg/lslidar_c16_msg/msg/detail/lslidar_c16_layer__functions.h
[0.336s] -- Up-to-date: /root/slam/slam/driver_FR_APOLLO/install/lslidar_c16_msg/include/lslidar_c16_msg/lslidar_c16_msg/msg/detail/lslidar_c16_scan_unified__functions.h
[0.336s] -- Up-to-date: /root/slam/slam/driver_FR_APOLLO/install/lslidar_c16_msg/include/lslidar_c16_msg/lslidar_c16_msg/msg/detail/lslidar_c16_layer__functions.c
[0.337s] -- Up-to-date: /root/slam/slam/driver_FR_APOLLO/install/lslidar_c16_msg/include/lslidar_c16_msg/lslidar_c16_msg/msg/detail/lslidar_c16_scan__functions.c
[0.337s] -- Up-to-date: /root/slam/slam/driver_FR_APOLLO/install/lslidar_c16_msg/include/lslidar_c16_msg/lslidar_c16_msg/msg/detail/lslidar_c16_sweep__functions.h
[0.337s] -- Up-to-date: /root/slam/slam/driver_FR_APOLLO/install/lslidar_c16_msg/include/lslidar_c16_msg/lslidar_c16_msg/msg/detail/lslidar_c16_packet__functions.h
[0.337s] -- Up-to-date: /root/slam/slam/driver_FR_APOLLO/install/lslidar_c16_msg/include/lslidar_c16_msg/lslidar_c16_msg/msg/detail/lslidar_c16_sweep__type_support.h
[0.337s] -- Up-to-date: /root/slam/slam/driver_FR_APOLLO/install/lslidar_c16_msg/include/lslidar_c16_msg/lslidar_c16_msg/msg/detail/lslidar_c16_point__type_support.h
[0.337s] -- Up-to-date: /root/slam/slam/driver_FR_APOLLO/install/lslidar_c16_msg/include/lslidar_c16_msg/lslidar_c16_msg/msg/detail/lslidar_c16_packet__functions.c
[0.337s] -- Up-to-date: /root/slam/slam/driver_FR_APOLLO/install/lslidar_c16_msg/include/lslidar_c16_msg/lslidar_c16_msg/msg/detail/lslidar_c16_point__functions.h
[0.337s] -- Up-to-date: /root/slam/slam/driver_FR_APOLLO/install/lslidar_c16_msg/include/lslidar_c16_msg/lslidar_c16_msg/msg/detail/lslidar_c16_packet__struct.h
[0.337s] -- Up-to-date: /root/slam/slam/driver_FR_APOLLO/install/lslidar_c16_msg/include/lslidar_c16_msg/lslidar_c16_msg/msg/detail/lslidar_c16_point__functions.c
[0.337s] -- Up-to-date: /root/slam/slam/driver_FR_APOLLO/install/lslidar_c16_msg/include/lslidar_c16_msg/lslidar_c16_msg/msg/rosidl_generator_c__visibility_control.h
[0.337s] -- Up-to-date: /root/slam/slam/driver_FR_APOLLO/install/lslidar_c16_msg/share/lslidar_c16_msg/environment/library_path.sh
[0.337s] -- Up-to-date: /root/slam/slam/driver_FR_APOLLO/install/lslidar_c16_msg/share/lslidar_c16_msg/environment/library_path.dsv
[0.337s] -- Up-to-date: /root/slam/slam/driver_FR_APOLLO/install/lslidar_c16_msg/lib/liblslidar_c16_msg__rosidl_generator_c.so
[0.337s] -- Up-to-date: /root/slam/slam/driver_FR_APOLLO/install/lslidar_c16_msg/include/lslidar_c16_msg/lslidar_c16_msg
[0.337s] -- Up-to-date: /root/slam/slam/driver_FR_APOLLO/install/lslidar_c16_msg/include/lslidar_c16_msg/lslidar_c16_msg/srv
[0.337s] -- Up-to-date: /root/slam/slam/driver_FR_APOLLO/install/lslidar_c16_msg/include/lslidar_c16_msg/lslidar_c16_msg/srv/detail
[0.337s] -- Up-to-date: /root/slam/slam/driver_FR_APOLLO/install/lslidar_c16_msg/include/lslidar_c16_msg/lslidar_c16_msg/srv/detail/lslidar_c16_control__rosidl_typesupport_fastrtps_c.h
[0.337s] -- Up-to-date: /root/slam/slam/driver_FR_APOLLO/install/lslidar_c16_msg/include/lslidar_c16_msg/lslidar_c16_msg/msg
[0.337s] -- Up-to-date: /root/slam/slam/driver_FR_APOLLO/install/lslidar_c16_msg/include/lslidar_c16_msg/lslidar_c16_msg/msg/detail
[0.337s] -- Up-to-date: /root/slam/slam/driver_FR_APOLLO/install/lslidar_c16_msg/include/lslidar_c16_msg/lslidar_c16_msg/msg/detail/lslidar_c16_point__rosidl_typesupport_fastrtps_c.h
[0.337s] -- Up-to-date: /root/slam/slam/driver_FR_APOLLO/install/lslidar_c16_msg/include/lslidar_c16_msg/lslidar_c16_msg/msg/detail/lslidar_c16_scan_unified__rosidl_typesupport_fastrtps_c.h
[0.337s] -- Up-to-date: /root/slam/slam/driver_FR_APOLLO/install/lslidar_c16_msg/include/lslidar_c16_msg/lslidar_c16_msg/msg/detail/lslidar_c16_scan__rosidl_typesupport_fastrtps_c.h
[0.337s] -- Up-to-date: /root/slam/slam/driver_FR_APOLLO/install/lslidar_c16_msg/include/lslidar_c16_msg/lslidar_c16_msg/msg/detail/lslidar_c16_sweep__rosidl_typesupport_fastrtps_c.h
[0.337s] -- Up-to-date: /root/slam/slam/driver_FR_APOLLO/install/lslidar_c16_msg/include/lslidar_c16_msg/lslidar_c16_msg/msg/detail/lslidar_c16_packet__rosidl_typesupport_fastrtps_c.h
[0.337s] -- Up-to-date: /root/slam/slam/driver_FR_APOLLO/install/lslidar_c16_msg/include/lslidar_c16_msg/lslidar_c16_msg/msg/detail/lslidar_c16_layer__rosidl_typesupport_fastrtps_c.h
[0.338s] -- Up-to-date: /root/slam/slam/driver_FR_APOLLO/install/lslidar_c16_msg/include/lslidar_c16_msg/lslidar_c16_msg/msg/rosidl_typesupport_fastrtps_c__visibility_control.h
[0.338s] -- Up-to-date: /root/slam/slam/driver_FR_APOLLO/install/lslidar_c16_msg/lib/liblslidar_c16_msg__rosidl_typesupport_fastrtps_c.so
[0.338s] -- Up-to-date: /root/slam/slam/driver_FR_APOLLO/install/lslidar_c16_msg/include/lslidar_c16_msg/lslidar_c16_msg
[0.338s] -- Up-to-date: /root/slam/slam/driver_FR_APOLLO/install/lslidar_c16_msg/include/lslidar_c16_msg/lslidar_c16_msg/srv
[0.338s] -- Up-to-date: /root/slam/slam/driver_FR_APOLLO/install/lslidar_c16_msg/include/lslidar_c16_msg/lslidar_c16_msg/srv/detail
[0.338s] -- Up-to-date: /root/slam/slam/driver_FR_APOLLO/install/lslidar_c16_msg/include/lslidar_c16_msg/lslidar_c16_msg/srv/detail/lslidar_c16_control__rosidl_typesupport_introspection_c.h
[0.338s] -- Up-to-date: /root/slam/slam/driver_FR_APOLLO/install/lslidar_c16_msg/include/lslidar_c16_msg/lslidar_c16_msg/srv/detail/lslidar_c16_control__type_support.c
[0.338s] -- Up-to-date: /root/slam/slam/driver_FR_APOLLO/install/lslidar_c16_msg/include/lslidar_c16_msg/lslidar_c16_msg/msg
[0.338s] -- Up-to-date: /root/slam/slam/driver_FR_APOLLO/install/lslidar_c16_msg/include/lslidar_c16_msg/lslidar_c16_msg/msg/detail
[0.338s] -- Up-to-date: /root/slam/slam/driver_FR_APOLLO/install/lslidar_c16_msg/include/lslidar_c16_msg/lslidar_c16_msg/msg/detail/lslidar_c16_point__type_support.c
[0.338s] -- Up-to-date: /root/slam/slam/driver_FR_APOLLO/install/lslidar_c16_msg/include/lslidar_c16_msg/lslidar_c16_msg/msg/detail/lslidar_c16_scan_unified__rosidl_typesupport_introspection_c.h
[0.338s] -- Up-to-date: /root/slam/slam/driver_FR_APOLLO/install/lslidar_c16_msg/include/lslidar_c16_msg/lslidar_c16_msg/msg/detail/lslidar_c16_sweep__type_support.c
[0.338s] -- Up-to-date: /root/slam/slam/driver_FR_APOLLO/install/lslidar_c16_msg/include/lslidar_c16_msg/lslidar_c16_msg/msg/detail/lslidar_c16_layer__rosidl_typesupport_introspection_c.h
[0.338s] -- Up-to-date: /root/slam/slam/driver_FR_APOLLO/install/lslidar_c16_msg/include/lslidar_c16_msg/lslidar_c16_msg/msg/detail/lslidar_c16_layer__type_support.c
[0.338s] -- Up-to-date: /root/slam/slam/driver_FR_APOLLO/install/lslidar_c16_msg/include/lslidar_c16_msg/lslidar_c16_msg/msg/detail/lslidar_c16_packet__rosidl_typesupport_introspection_c.h
[0.338s] -- Up-to-date: /root/slam/slam/driver_FR_APOLLO/install/lslidar_c16_msg/include/lslidar_c16_msg/lslidar_c16_msg/msg/detail/lslidar_c16_point__rosidl_typesupport_introspection_c.h
[0.338s] -- Up-to-date: /root/slam/slam/driver_FR_APOLLO/install/lslidar_c16_msg/include/lslidar_c16_msg/lslidar_c16_msg/msg/detail/lslidar_c16_packet__type_support.c
[0.338s] -- Up-to-date: /root/slam/slam/driver_FR_APOLLO/install/lslidar_c16_msg/include/lslidar_c16_msg/lslidar_c16_msg/msg/detail/lslidar_c16_scan_unified__type_support.c
[0.338s] -- Up-to-date: /root/slam/slam/driver_FR_APOLLO/install/lslidar_c16_msg/include/lslidar_c16_msg/lslidar_c16_msg/msg/detail/lslidar_c16_scan__type_support.c
[0.338s] -- Up-to-date: /root/slam/slam/driver_FR_APOLLO/install/lslidar_c16_msg/include/lslidar_c16_msg/lslidar_c16_msg/msg/detail/lslidar_c16_sweep__rosidl_typesupport_introspection_c.h
[0.338s] -- Up-to-date: /root/slam/slam/driver_FR_APOLLO/install/lslidar_c16_msg/include/lslidar_c16_msg/lslidar_c16_msg/msg/detail/lslidar_c16_scan__rosidl_typesupport_introspection_c.h
[0.338s] -- Up-to-date: /root/slam/slam/driver_FR_APOLLO/install/lslidar_c16_msg/include/lslidar_c16_msg/lslidar_c16_msg/msg/rosidl_typesupport_introspection_c__visibility_control.h
[0.338s] -- Up-to-date: /root/slam/slam/driver_FR_APOLLO/install/lslidar_c16_msg/lib/liblslidar_c16_msg__rosidl_typesupport_introspection_c.so
[0.338s] -- Up-to-date: /root/slam/slam/driver_FR_APOLLO/install/lslidar_c16_msg/lib/liblslidar_c16_msg__rosidl_typesupport_c.so
[0.338s] -- Up-to-date: /root/slam/slam/driver_FR_APOLLO/install/lslidar_c16_msg/include/lslidar_c16_msg/lslidar_c16_msg
[0.338s] -- Up-to-date: /root/slam/slam/driver_FR_APOLLO/install/lslidar_c16_msg/include/lslidar_c16_msg/lslidar_c16_msg/srv
[0.338s] -- Up-to-date: /root/slam/slam/driver_FR_APOLLO/install/lslidar_c16_msg/include/lslidar_c16_msg/lslidar_c16_msg/srv/lslidar_c16_control.hpp
[0.338s] -- Up-to-date: /root/slam/slam/driver_FR_APOLLO/install/lslidar_c16_msg/include/lslidar_c16_msg/lslidar_c16_msg/srv/detail
[0.338s] -- Up-to-date: /root/slam/slam/driver_FR_APOLLO/install/lslidar_c16_msg/include/lslidar_c16_msg/lslidar_c16_msg/srv/detail/lslidar_c16_control__traits.hpp
[0.338s] -- Up-to-date: /root/slam/slam/driver_FR_APOLLO/install/lslidar_c16_msg/include/lslidar_c16_msg/lslidar_c16_msg/srv/detail/lslidar_c16_control__struct.hpp
[0.338s] -- Up-to-date: /root/slam/slam/driver_FR_APOLLO/install/lslidar_c16_msg/include/lslidar_c16_msg/lslidar_c16_msg/srv/detail/lslidar_c16_control__builder.hpp
[0.338s] -- Up-to-date: /root/slam/slam/driver_FR_APOLLO/install/lslidar_c16_msg/include/lslidar_c16_msg/lslidar_c16_msg/msg
[0.338s] -- Up-to-date: /root/slam/slam/driver_FR_APOLLO/install/lslidar_c16_msg/include/lslidar_c16_msg/lslidar_c16_msg/msg/lslidar_c16_scan_unified.hpp
[0.338s] -- Up-to-date: /root/slam/slam/driver_FR_APOLLO/install/lslidar_c16_msg/include/lslidar_c16_msg/lslidar_c16_msg/msg/lslidar_c16_sweep.hpp
[0.338s] -- Up-to-date: /root/slam/slam/driver_FR_APOLLO/install/lslidar_c16_msg/include/lslidar_c16_msg/lslidar_c16_msg/msg/lslidar_c16_packet.hpp
[0.338s] -- Up-to-date: /root/slam/slam/driver_FR_APOLLO/install/lslidar_c16_msg/include/lslidar_c16_msg/lslidar_c16_msg/msg/lslidar_c16_layer.hpp
[0.338s] -- Up-to-date: /root/slam/slam/driver_FR_APOLLO/install/lslidar_c16_msg/include/lslidar_c16_msg/lslidar_c16_msg/msg/lslidar_c16_point.hpp
[0.339s] -- Up-to-date: /root/slam/slam/driver_FR_APOLLO/install/lslidar_c16_msg/include/lslidar_c16_msg/lslidar_c16_msg/msg/detail
[0.339s] -- Up-to-date: /root/slam/slam/driver_FR_APOLLO/install/lslidar_c16_msg/include/lslidar_c16_msg/lslidar_c16_msg/msg/detail/lslidar_c16_scan_unified__builder.hpp
[0.339s] -- Up-to-date: /root/slam/slam/driver_FR_APOLLO/install/lslidar_c16_msg/include/lslidar_c16_msg/lslidar_c16_msg/msg/detail/lslidar_c16_scan_unified__struct.hpp
[0.339s] -- Up-to-date: /root/slam/slam/driver_FR_APOLLO/install/lslidar_c16_msg/include/lslidar_c16_msg/lslidar_c16_msg/msg/detail/lslidar_c16_point__struct.hpp
[0.339s] -- Up-to-date: /root/slam/slam/driver_FR_APOLLO/install/lslidar_c16_msg/include/lslidar_c16_msg/lslidar_c16_msg/msg/detail/lslidar_c16_scan__traits.hpp
[0.339s] -- Up-to-date: /root/slam/slam/driver_FR_APOLLO/install/lslidar_c16_msg/include/lslidar_c16_msg/lslidar_c16_msg/msg/detail/lslidar_c16_sweep__traits.hpp
[0.339s] -- Up-to-date: /root/slam/slam/driver_FR_APOLLO/install/lslidar_c16_msg/include/lslidar_c16_msg/lslidar_c16_msg/msg/detail/lslidar_c16_scan__builder.hpp
[0.339s] -- Up-to-date: /root/slam/slam/driver_FR_APOLLO/install/lslidar_c16_msg/include/lslidar_c16_msg/lslidar_c16_msg/msg/detail/lslidar_c16_layer__traits.hpp
[0.339s] -- Up-to-date: /root/slam/slam/driver_FR_APOLLO/install/lslidar_c16_msg/include/lslidar_c16_msg/lslidar_c16_msg/msg/detail/lslidar_c16_sweep__struct.hpp
[0.339s] -- Up-to-date: /root/slam/slam/driver_FR_APOLLO/install/lslidar_c16_msg/include/lslidar_c16_msg/lslidar_c16_msg/msg/detail/lslidar_c16_scan_unified__traits.hpp
[0.339s] -- Up-to-date: /root/slam/slam/driver_FR_APOLLO/install/lslidar_c16_msg/include/lslidar_c16_msg/lslidar_c16_msg/msg/detail/lslidar_c16_point__traits.hpp
[0.339s] -- Up-to-date: /root/slam/slam/driver_FR_APOLLO/install/lslidar_c16_msg/include/lslidar_c16_msg/lslidar_c16_msg/msg/detail/lslidar_c16_sweep__builder.hpp
[0.339s] -- Up-to-date: /root/slam/slam/driver_FR_APOLLO/install/lslidar_c16_msg/include/lslidar_c16_msg/lslidar_c16_msg/msg/detail/lslidar_c16_point__builder.hpp
[0.339s] -- Up-to-date: /root/slam/slam/driver_FR_APOLLO/install/lslidar_c16_msg/include/lslidar_c16_msg/lslidar_c16_msg/msg/detail/lslidar_c16_scan__struct.hpp
[0.339s] -- Up-to-date: /root/slam/slam/driver_FR_APOLLO/install/lslidar_c16_msg/include/lslidar_c16_msg/lslidar_c16_msg/msg/detail/lslidar_c16_layer__struct.hpp
[0.339s] -- Up-to-date: /root/slam/slam/driver_FR_APOLLO/install/lslidar_c16_msg/include/lslidar_c16_msg/lslidar_c16_msg/msg/detail/lslidar_c16_packet__struct.hpp
[0.339s] -- Up-to-date: /root/slam/slam/driver_FR_APOLLO/install/lslidar_c16_msg/include/lslidar_c16_msg/lslidar_c16_msg/msg/detail/lslidar_c16_packet__builder.hpp
[0.339s] -- Up-to-date: /root/slam/slam/driver_FR_APOLLO/install/lslidar_c16_msg/include/lslidar_c16_msg/lslidar_c16_msg/msg/detail/lslidar_c16_layer__builder.hpp
[0.339s] -- Up-to-date: /root/slam/slam/driver_FR_APOLLO/install/lslidar_c16_msg/include/lslidar_c16_msg/lslidar_c16_msg/msg/detail/lslidar_c16_packet__traits.hpp
[0.339s] -- Up-to-date: /root/slam/slam/driver_FR_APOLLO/install/lslidar_c16_msg/include/lslidar_c16_msg/lslidar_c16_msg/msg/lslidar_c16_scan.hpp
[0.339s] -- Up-to-date: /root/slam/slam/driver_FR_APOLLO/install/lslidar_c16_msg/include/lslidar_c16_msg/lslidar_c16_msg
[0.339s] -- Up-to-date: /root/slam/slam/driver_FR_APOLLO/install/lslidar_c16_msg/include/lslidar_c16_msg/lslidar_c16_msg/srv
[0.339s] -- Up-to-date: /root/slam/slam/driver_FR_APOLLO/install/lslidar_c16_msg/include/lslidar_c16_msg/lslidar_c16_msg/srv/detail
[0.339s] -- Up-to-date: /root/slam/slam/driver_FR_APOLLO/install/lslidar_c16_msg/include/lslidar_c16_msg/lslidar_c16_msg/srv/detail/dds_fastrtps
[0.339s] -- Up-to-date: /root/slam/slam/driver_FR_APOLLO/install/lslidar_c16_msg/include/lslidar_c16_msg/lslidar_c16_msg/srv/detail/lslidar_c16_control__rosidl_typesupport_fastrtps_cpp.hpp
[0.339s] -- Up-to-date: /root/slam/slam/driver_FR_APOLLO/install/lslidar_c16_msg/include/lslidar_c16_msg/lslidar_c16_msg/msg
[0.339s] -- Up-to-date: /root/slam/slam/driver_FR_APOLLO/install/lslidar_c16_msg/include/lslidar_c16_msg/lslidar_c16_msg/msg/rosidl_typesupport_fastrtps_cpp__visibility_control.h
[0.339s] -- Up-to-date: /root/slam/slam/driver_FR_APOLLO/install/lslidar_c16_msg/include/lslidar_c16_msg/lslidar_c16_msg/msg/detail
[0.339s] -- Up-to-date: /root/slam/slam/driver_FR_APOLLO/install/lslidar_c16_msg/include/lslidar_c16_msg/lslidar_c16_msg/msg/detail/lslidar_c16_layer__rosidl_typesupport_fastrtps_cpp.hpp
[0.339s] -- Up-to-date: /root/slam/slam/driver_FR_APOLLO/install/lslidar_c16_msg/include/lslidar_c16_msg/lslidar_c16_msg/msg/detail/dds_fastrtps
[0.339s] -- Up-to-date: /root/slam/slam/driver_FR_APOLLO/install/lslidar_c16_msg/include/lslidar_c16_msg/lslidar_c16_msg/msg/detail/lslidar_c16_scan__rosidl_typesupport_fastrtps_cpp.hpp
[0.339s] -- Up-to-date: /root/slam/slam/driver_FR_APOLLO/install/lslidar_c16_msg/include/lslidar_c16_msg/lslidar_c16_msg/msg/detail/lslidar_c16_point__rosidl_typesupport_fastrtps_cpp.hpp
[0.339s] -- Up-to-date: /root/slam/slam/driver_FR_APOLLO/install/lslidar_c16_msg/include/lslidar_c16_msg/lslidar_c16_msg/msg/detail/lslidar_c16_sweep__rosidl_typesupport_fastrtps_cpp.hpp
[0.339s] -- Up-to-date: /root/slam/slam/driver_FR_APOLLO/install/lslidar_c16_msg/include/lslidar_c16_msg/lslidar_c16_msg/msg/detail/lslidar_c16_scan_unified__rosidl_typesupport_fastrtps_cpp.hpp
[0.339s] -- Up-to-date: /root/slam/slam/driver_FR_APOLLO/install/lslidar_c16_msg/include/lslidar_c16_msg/lslidar_c16_msg/msg/detail/lslidar_c16_packet__rosidl_typesupport_fastrtps_cpp.hpp
[0.340s] -- Up-to-date: /root/slam/slam/driver_FR_APOLLO/install/lslidar_c16_msg/lib/liblslidar_c16_msg__rosidl_typesupport_fastrtps_cpp.so
[0.340s] -- Up-to-date: /root/slam/slam/driver_FR_APOLLO/install/lslidar_c16_msg/include/lslidar_c16_msg/lslidar_c16_msg
[0.340s] -- Up-to-date: /root/slam/slam/driver_FR_APOLLO/install/lslidar_c16_msg/include/lslidar_c16_msg/lslidar_c16_msg/srv
[0.340s] -- Up-to-date: /root/slam/slam/driver_FR_APOLLO/install/lslidar_c16_msg/include/lslidar_c16_msg/lslidar_c16_msg/srv/detail
[0.340s] -- Up-to-date: /root/slam/slam/driver_FR_APOLLO/install/lslidar_c16_msg/include/lslidar_c16_msg/lslidar_c16_msg/srv/detail/lslidar_c16_control__type_support.cpp
[0.340s] -- Up-to-date: /root/slam/slam/driver_FR_APOLLO/install/lslidar_c16_msg/include/lslidar_c16_msg/lslidar_c16_msg/srv/detail/lslidar_c16_control__rosidl_typesupport_introspection_cpp.hpp
[0.340s] -- Up-to-date: /root/slam/slam/driver_FR_APOLLO/install/lslidar_c16_msg/include/lslidar_c16_msg/lslidar_c16_msg/msg
[0.340s] -- Up-to-date: /root/slam/slam/driver_FR_APOLLO/install/lslidar_c16_msg/include/lslidar_c16_msg/lslidar_c16_msg/msg/detail
[0.340s] -- Up-to-date: /root/slam/slam/driver_FR_APOLLO/install/lslidar_c16_msg/include/lslidar_c16_msg/lslidar_c16_msg/msg/detail/lslidar_c16_sweep__rosidl_typesupport_introspection_cpp.hpp
[0.340s] -- Up-to-date: /root/slam/slam/driver_FR_APOLLO/install/lslidar_c16_msg/include/lslidar_c16_msg/lslidar_c16_msg/msg/detail/lslidar_c16_scan__type_support.cpp
[0.340s] -- Up-to-date: /root/slam/slam/driver_FR_APOLLO/install/lslidar_c16_msg/include/lslidar_c16_msg/lslidar_c16_msg/msg/detail/lslidar_c16_layer__rosidl_typesupport_introspection_cpp.hpp
[0.340s] -- Up-to-date: /root/slam/slam/driver_FR_APOLLO/install/lslidar_c16_msg/include/lslidar_c16_msg/lslidar_c16_msg/msg/detail/lslidar_c16_scan_unified__rosidl_typesupport_introspection_cpp.hpp
[0.340s] -- Up-to-date: /root/slam/slam/driver_FR_APOLLO/install/lslidar_c16_msg/include/lslidar_c16_msg/lslidar_c16_msg/msg/detail/lslidar_c16_sweep__type_support.cpp
[0.340s] -- Up-to-date: /root/slam/slam/driver_FR_APOLLO/install/lslidar_c16_msg/include/lslidar_c16_msg/lslidar_c16_msg/msg/detail/lslidar_c16_scan_unified__type_support.cpp
[0.340s] -- Up-to-date: /root/slam/slam/driver_FR_APOLLO/install/lslidar_c16_msg/include/lslidar_c16_msg/lslidar_c16_msg/msg/detail/lslidar_c16_scan__rosidl_typesupport_introspection_cpp.hpp
[0.340s] -- Up-to-date: /root/slam/slam/driver_FR_APOLLO/install/lslidar_c16_msg/include/lslidar_c16_msg/lslidar_c16_msg/msg/detail/lslidar_c16_layer__type_support.cpp
[0.340s] -- Up-to-date: /root/slam/slam/driver_FR_APOLLO/install/lslidar_c16_msg/include/lslidar_c16_msg/lslidar_c16_msg/msg/detail/lslidar_c16_point__rosidl_typesupport_introspection_cpp.hpp
[0.340s] -- Up-to-date: /root/slam/slam/driver_FR_APOLLO/install/lslidar_c16_msg/include/lslidar_c16_msg/lslidar_c16_msg/msg/detail/lslidar_c16_packet__type_support.cpp
[0.340s] -- Up-to-date: /root/slam/slam/driver_FR_APOLLO/install/lslidar_c16_msg/include/lslidar_c16_msg/lslidar_c16_msg/msg/detail/lslidar_c16_point__type_support.cpp
[0.340s] -- Up-to-date: /root/slam/slam/driver_FR_APOLLO/install/lslidar_c16_msg/include/lslidar_c16_msg/lslidar_c16_msg/msg/detail/lslidar_c16_packet__rosidl_typesupport_introspection_cpp.hpp
[0.340s] -- Up-to-date: /root/slam/slam/driver_FR_APOLLO/install/lslidar_c16_msg/lib/liblslidar_c16_msg__rosidl_typesupport_introspection_cpp.so
[0.340s] -- Up-to-date: /root/slam/slam/driver_FR_APOLLO/install/lslidar_c16_msg/lib/liblslidar_c16_msg__rosidl_typesupport_cpp.so
[0.340s] -- Up-to-date: /root/slam/slam/driver_FR_APOLLO/install/lslidar_c16_msg/share/lslidar_c16_msg/environment/pythonpath.sh
[0.340s] -- Up-to-date: /root/slam/slam/driver_FR_APOLLO/install/lslidar_c16_msg/share/lslidar_c16_msg/environment/pythonpath.dsv
[0.340s] -- Up-to-date: /root/slam/slam/driver_FR_APOLLO/install/lslidar_c16_msg/local/lib/python3.10/dist-packages/lslidar_c16_msg-0.0.0-py3.10.egg-info
[0.340s] -- Installing: /root/slam/slam/driver_FR_APOLLO/install/lslidar_c16_msg/local/lib/python3.10/dist-packages/lslidar_c16_msg-0.0.0-py3.10.egg-info/dependency_links.txt
[0.340s] -- Installing: /root/slam/slam/driver_FR_APOLLO/install/lslidar_c16_msg/local/lib/python3.10/dist-packages/lslidar_c16_msg-0.0.0-py3.10.egg-info/PKG-INFO
[0.340s] -- Installing: /root/slam/slam/driver_FR_APOLLO/install/lslidar_c16_msg/local/lib/python3.10/dist-packages/lslidar_c16_msg-0.0.0-py3.10.egg-info/SOURCES.txt
[0.340s] -- Installing: /root/slam/slam/driver_FR_APOLLO/install/lslidar_c16_msg/local/lib/python3.10/dist-packages/lslidar_c16_msg-0.0.0-py3.10.egg-info/top_level.txt
[0.340s] -- Up-to-date: /root/slam/slam/driver_FR_APOLLO/install/lslidar_c16_msg/local/lib/python3.10/dist-packages/lslidar_c16_msg
[0.340s] -- Up-to-date: /root/slam/slam/driver_FR_APOLLO/install/lslidar_c16_msg/local/lib/python3.10/dist-packages/lslidar_c16_msg/_lslidar_c16_msg_s.ep.rosidl_typesupport_fastrtps_c.c
[0.340s] -- Up-to-date: /root/slam/slam/driver_FR_APOLLO/install/lslidar_c16_msg/local/lib/python3.10/dist-packages/lslidar_c16_msg/lslidar_c16_msg_s__rosidl_typesupport_c.cpython-311-x86_64-linux-gnu.so
[0.341s] -- Up-to-date: /root/slam/slam/driver_FR_APOLLO/install/lslidar_c16_msg/local/lib/python3.10/dist-packages/lslidar_c16_msg/_lslidar_c16_msg_s.ep.rosidl_typesupport_c.c
[0.341s] -- Up-to-date: /root/slam/slam/driver_FR_APOLLO/install/lslidar_c16_msg/local/lib/python3.10/dist-packages/lslidar_c16_msg/lslidar_c16_msg_s__rosidl_typesupport_introspection_c.cpython-311-x86_64-linux-gnu.so
[0.341s] -- Up-to-date: /root/slam/slam/driver_FR_APOLLO/install/lslidar_c16_msg/local/lib/python3.10/dist-packages/lslidar_c16_msg/lslidar_c16_msg_s__rosidl_typesupport_fastrtps_c.cpython-311-x86_64-linux-gnu.so
[0.341s] -- Up-to-date: /root/slam/slam/driver_FR_APOLLO/install/lslidar_c16_msg/local/lib/python3.10/dist-packages/lslidar_c16_msg/_lslidar_c16_msg_s.ep.rosidl_typesupport_introspection_c.c
[0.341s] -- Up-to-date: /root/slam/slam/driver_FR_APOLLO/install/lslidar_c16_msg/local/lib/python3.10/dist-packages/lslidar_c16_msg/liblslidar_c16_msg__rosidl_generator_py.so
[0.341s] -- Up-to-date: /root/slam/slam/driver_FR_APOLLO/install/lslidar_c16_msg/local/lib/python3.10/dist-packages/lslidar_c16_msg/srv
[0.341s] -- Up-to-date: /root/slam/slam/driver_FR_APOLLO/install/lslidar_c16_msg/local/lib/python3.10/dist-packages/lslidar_c16_msg/srv/_lslidar_c16_control.py
[0.341s] -- Up-to-date: /root/slam/slam/driver_FR_APOLLO/install/lslidar_c16_msg/local/lib/python3.10/dist-packages/lslidar_c16_msg/srv/__init__.py
[0.341s] -- Up-to-date: /root/slam/slam/driver_FR_APOLLO/install/lslidar_c16_msg/local/lib/python3.10/dist-packages/lslidar_c16_msg/srv/_lslidar_c16_control_s.c
[0.341s] -- Up-to-date: /root/slam/slam/driver_FR_APOLLO/install/lslidar_c16_msg/local/lib/python3.10/dist-packages/lslidar_c16_msg/msg
[0.342s] -- Up-to-date: /root/slam/slam/driver_FR_APOLLO/install/lslidar_c16_msg/local/lib/python3.10/dist-packages/lslidar_c16_msg/msg/_lslidar_c16_layer_s.c
[0.342s] -- Up-to-date: /root/slam/slam/driver_FR_APOLLO/install/lslidar_c16_msg/local/lib/python3.10/dist-packages/lslidar_c16_msg/msg/_lslidar_c16_layer.py
[0.342s] -- Up-to-date: /root/slam/slam/driver_FR_APOLLO/install/lslidar_c16_msg/local/lib/python3.10/dist-packages/lslidar_c16_msg/msg/_lslidar_c16_scan.py
[0.342s] -- Up-to-date: /root/slam/slam/driver_FR_APOLLO/install/lslidar_c16_msg/local/lib/python3.10/dist-packages/lslidar_c16_msg/msg/_lslidar_c16_sweep.py
[0.342s] -- Up-to-date: /root/slam/slam/driver_FR_APOLLO/install/lslidar_c16_msg/local/lib/python3.10/dist-packages/lslidar_c16_msg/msg/_lslidar_c16_packet_s.c
[0.342s] -- Up-to-date: /root/slam/slam/driver_FR_APOLLO/install/lslidar_c16_msg/local/lib/python3.10/dist-packages/lslidar_c16_msg/msg/_lslidar_c16_scan_unified_s.c
[0.342s] -- Up-to-date: /root/slam/slam/driver_FR_APOLLO/install/lslidar_c16_msg/local/lib/python3.10/dist-packages/lslidar_c16_msg/msg/_lslidar_c16_packet.py
[0.342s] -- Up-to-date: /root/slam/slam/driver_FR_APOLLO/install/lslidar_c16_msg/local/lib/python3.10/dist-packages/lslidar_c16_msg/msg/_lslidar_c16_scan_unified.py
[0.342s] -- Up-to-date: /root/slam/slam/driver_FR_APOLLO/install/lslidar_c16_msg/local/lib/python3.10/dist-packages/lslidar_c16_msg/msg/_lslidar_c16_scan_s.c
[0.343s] -- Up-to-date: /root/slam/slam/driver_FR_APOLLO/install/lslidar_c16_msg/local/lib/python3.10/dist-packages/lslidar_c16_msg/msg/_lslidar_c16_point_s.c
[0.343s] -- Up-to-date: /root/slam/slam/driver_FR_APOLLO/install/lslidar_c16_msg/local/lib/python3.10/dist-packages/lslidar_c16_msg/msg/_lslidar_c16_point.py
[0.343s] -- Up-to-date: /root/slam/slam/driver_FR_APOLLO/install/lslidar_c16_msg/local/lib/python3.10/dist-packages/lslidar_c16_msg/msg/_lslidar_c16_sweep_s.c
[0.343s] -- Up-to-date: /root/slam/slam/driver_FR_APOLLO/install/lslidar_c16_msg/local/lib/python3.10/dist-packages/lslidar_c16_msg/msg/__init__.py
[0.343s] -- Up-to-date: /root/slam/slam/driver_FR_APOLLO/install/lslidar_c16_msg/local/lib/python3.10/dist-packages/lslidar_c16_msg/__init__.py
[0.361s] Listing '/root/slam/slam/driver_FR_APOLLO/install/lslidar_c16_msg/local/lib/python3.10/dist-packages/lslidar_c16_msg'...
[0.361s] Listing '/root/slam/slam/driver_FR_APOLLO/install/lslidar_c16_msg/local/lib/python3.10/dist-packages/lslidar_c16_msg/msg'...
[0.361s] Listing '/root/slam/slam/driver_FR_APOLLO/install/lslidar_c16_msg/local/lib/python3.10/dist-packages/lslidar_c16_msg/srv'...
[0.364s] -- Up-to-date: /root/slam/slam/driver_FR_APOLLO/install/lslidar_c16_msg/local/lib/python3.10/dist-packages/lslidar_c16_msg/lslidar_c16_msg_s__rosidl_typesupport_fastrtps_c.cpython-311-x86_64-linux-gnu.so
[0.364s] -- Up-to-date: /root/slam/slam/driver_FR_APOLLO/install/lslidar_c16_msg/local/lib/python3.10/dist-packages/lslidar_c16_msg/lslidar_c16_msg_s__rosidl_typesupport_introspection_c.cpython-311-x86_64-linux-gnu.so
[0.364s] -- Up-to-date: /root/slam/slam/driver_FR_APOLLO/install/lslidar_c16_msg/local/lib/python3.10/dist-packages/lslidar_c16_msg/lslidar_c16_msg_s__rosidl_typesupport_c.cpython-311-x86_64-linux-gnu.so
[0.364s] -- Up-to-date: /root/slam/slam/driver_FR_APOLLO/install/lslidar_c16_msg/lib/liblslidar_c16_msg__rosidl_generator_py.so
[0.364s] -- Up-to-date: /root/slam/slam/driver_FR_APOLLO/install/lslidar_c16_msg/share/lslidar_c16_msg/srv/LslidarC16Control.idl
[0.364s] -- Up-to-date: /root/slam/slam/driver_FR_APOLLO/install/lslidar_c16_msg/share/lslidar_c16_msg/msg/LslidarC16Point.idl
[0.364s] -- Up-to-date: /root/slam/slam/driver_FR_APOLLO/install/lslidar_c16_msg/share/lslidar_c16_msg/msg/LslidarC16Packet.idl
[0.364s] -- Up-to-date: /root/slam/slam/driver_FR_APOLLO/install/lslidar_c16_msg/share/lslidar_c16_msg/msg/LslidarC16Scan.idl
[0.364s] -- Up-to-date: /root/slam/slam/driver_FR_APOLLO/install/lslidar_c16_msg/share/lslidar_c16_msg/msg/LslidarC16Layer.idl
[0.365s] -- Up-to-date: /root/slam/slam/driver_FR_APOLLO/install/lslidar_c16_msg/share/lslidar_c16_msg/msg/LslidarC16ScanUnified.idl
[0.365s] -- Up-to-date: /root/slam/slam/driver_FR_APOLLO/install/lslidar_c16_msg/share/lslidar_c16_msg/msg/LslidarC16Sweep.idl
[0.365s] -- Up-to-date: /root/slam/slam/driver_FR_APOLLO/install/lslidar_c16_msg/share/lslidar_c16_msg/srv/LslidarC16Control.srv
[0.365s] -- Up-to-date: /root/slam/slam/driver_FR_APOLLO/install/lslidar_c16_msg/share/lslidar_c16_msg/srv/LslidarC16Control_Request.msg
[0.365s] -- Up-to-date: /root/slam/slam/driver_FR_APOLLO/install/lslidar_c16_msg/share/lslidar_c16_msg/srv/LslidarC16Control_Response.msg
[0.365s] -- Up-to-date: /root/slam/slam/driver_FR_APOLLO/install/lslidar_c16_msg/share/lslidar_c16_msg/msg/LslidarC16Point.msg
[0.365s] -- Up-to-date: /root/slam/slam/driver_FR_APOLLO/install/lslidar_c16_msg/share/lslidar_c16_msg/msg/LslidarC16Packet.msg
[0.365s] -- Up-to-date: /root/slam/slam/driver_FR_APOLLO/install/lslidar_c16_msg/share/lslidar_c16_msg/msg/LslidarC16Scan.msg
[0.365s] -- Up-to-date: /root/slam/slam/driver_FR_APOLLO/install/lslidar_c16_msg/share/lslidar_c16_msg/msg/LslidarC16Layer.msg
[0.365s] -- Up-to-date: /root/slam/slam/driver_FR_APOLLO/install/lslidar_c16_msg/share/lslidar_c16_msg/msg/LslidarC16ScanUnified.msg
[0.365s] -- Up-to-date: /root/slam/slam/driver_FR_APOLLO/install/lslidar_c16_msg/share/lslidar_c16_msg/msg/LslidarC16Sweep.msg
[0.365s] -- Up-to-date: /root/slam/slam/driver_FR_APOLLO/install/lslidar_c16_msg/share/ament_index/resource_index/package_run_dependencies/lslidar_c16_msg
[0.365s] -- Up-to-date: /root/slam/slam/driver_FR_APOLLO/install/lslidar_c16_msg/share/ament_index/resource_index/parent_prefix_path/lslidar_c16_msg
[0.365s] -- Up-to-date: /root/slam/slam/driver_FR_APOLLO/install/lslidar_c16_msg/share/lslidar_c16_msg/environment/ament_prefix_path.sh
[0.365s] -- Up-to-date: /root/slam/slam/driver_FR_APOLLO/install/lslidar_c16_msg/share/lslidar_c16_msg/environment/ament_prefix_path.dsv
[0.365s] -- Up-to-date: /root/slam/slam/driver_FR_APOLLO/install/lslidar_c16_msg/share/lslidar_c16_msg/environment/path.sh
[0.365s] -- Up-to-date: /root/slam/slam/driver_FR_APOLLO/install/lslidar_c16_msg/share/lslidar_c16_msg/environment/path.dsv
[0.365s] -- Up-to-date: /root/slam/slam/driver_FR_APOLLO/install/lslidar_c16_msg/share/lslidar_c16_msg/local_setup.bash
[0.365s] -- Up-to-date: /root/slam/slam/driver_FR_APOLLO/install/lslidar_c16_msg/share/lslidar_c16_msg/local_setup.sh
[0.365s] -- Up-to-date: /root/slam/slam/driver_FR_APOLLO/install/lslidar_c16_msg/share/lslidar_c16_msg/local_setup.zsh
[0.365s] -- Up-to-date: /root/slam/slam/driver_FR_APOLLO/install/lslidar_c16_msg/share/lslidar_c16_msg/local_setup.dsv
[0.365s] -- Installing: /root/slam/slam/driver_FR_APOLLO/install/lslidar_c16_msg/share/lslidar_c16_msg/package.dsv
[0.365s] -- Up-to-date: /root/slam/slam/driver_FR_APOLLO/install/lslidar_c16_msg/share/ament_index/resource_index/packages/lslidar_c16_msg
[0.365s] -- Up-to-date: /root/slam/slam/driver_FR_APOLLO/install/lslidar_c16_msg/share/lslidar_c16_msg/cmake/export_lslidar_c16_msg__rosidl_generator_cExport.cmake
[0.365s] -- Up-to-date: /root/slam/slam/driver_FR_APOLLO/install/lslidar_c16_msg/share/lslidar_c16_msg/cmake/export_lslidar_c16_msg__rosidl_generator_cExport-noconfig.cmake
[0.365s] -- Up-to-date: /root/slam/slam/driver_FR_APOLLO/install/lslidar_c16_msg/share/lslidar_c16_msg/cmake/export_lslidar_c16_msg__rosidl_typesupport_fastrtps_cExport.cmake
[0.366s] -- Up-to-date: /root/slam/slam/driver_FR_APOLLO/install/lslidar_c16_msg/share/lslidar_c16_msg/cmake/export_lslidar_c16_msg__rosidl_typesupport_fastrtps_cExport-noconfig.cmake
[0.366s] -- Up-to-date: /root/slam/slam/driver_FR_APOLLO/install/lslidar_c16_msg/share/lslidar_c16_msg/cmake/lslidar_c16_msg__rosidl_typesupport_introspection_cExport.cmake
[0.366s] -- Up-to-date: /root/slam/slam/driver_FR_APOLLO/install/lslidar_c16_msg/share/lslidar_c16_msg/cmake/lslidar_c16_msg__rosidl_typesupport_introspection_cExport-noconfig.cmake
[0.366s] -- Up-to-date: /root/slam/slam/driver_FR_APOLLO/install/lslidar_c16_msg/share/lslidar_c16_msg/cmake/lslidar_c16_msg__rosidl_typesupport_cExport.cmake
[0.366s] -- Up-to-date: /root/slam/slam/driver_FR_APOLLO/install/lslidar_c16_msg/share/lslidar_c16_msg/cmake/lslidar_c16_msg__rosidl_typesupport_cExport-noconfig.cmake
[0.366s] -- Up-to-date: /root/slam/slam/driver_FR_APOLLO/install/lslidar_c16_msg/share/lslidar_c16_msg/cmake/export_lslidar_c16_msg__rosidl_generator_cppExport.cmake
[0.366s] -- Up-to-date: /root/slam/slam/driver_FR_APOLLO/install/lslidar_c16_msg/share/lslidar_c16_msg/cmake/export_lslidar_c16_msg__rosidl_typesupport_fastrtps_cppExport.cmake
[0.366s] -- Up-to-date: /root/slam/slam/driver_FR_APOLLO/install/lslidar_c16_msg/share/lslidar_c16_msg/cmake/export_lslidar_c16_msg__rosidl_typesupport_fastrtps_cppExport-noconfig.cmake
[0.366s] -- Up-to-date: /root/slam/slam/driver_FR_APOLLO/install/lslidar_c16_msg/share/lslidar_c16_msg/cmake/lslidar_c16_msg__rosidl_typesupport_introspection_cppExport.cmake
[0.366s] -- Up-to-date: /root/slam/slam/driver_FR_APOLLO/install/lslidar_c16_msg/share/lslidar_c16_msg/cmake/lslidar_c16_msg__rosidl_typesupport_introspection_cppExport-noconfig.cmake
[0.366s] -- Up-to-date: /root/slam/slam/driver_FR_APOLLO/install/lslidar_c16_msg/share/lslidar_c16_msg/cmake/lslidar_c16_msg__rosidl_typesupport_cppExport.cmake
[0.366s] -- Up-to-date: /root/slam/slam/driver_FR_APOLLO/install/lslidar_c16_msg/share/lslidar_c16_msg/cmake/lslidar_c16_msg__rosidl_typesupport_cppExport-noconfig.cmake
[0.366s] -- Up-to-date: /root/slam/slam/driver_FR_APOLLO/install/lslidar_c16_msg/share/lslidar_c16_msg/cmake/export_lslidar_c16_msg__rosidl_generator_pyExport.cmake
[0.366s] -- Up-to-date: /root/slam/slam/driver_FR_APOLLO/install/lslidar_c16_msg/share/lslidar_c16_msg/cmake/export_lslidar_c16_msg__rosidl_generator_pyExport-noconfig.cmake
[0.366s] -- Up-to-date: /root/slam/slam/driver_FR_APOLLO/install/lslidar_c16_msg/share/lslidar_c16_msg/cmake/rosidl_cmake-extras.cmake
[0.366s] -- Up-to-date: /root/slam/slam/driver_FR_APOLLO/install/lslidar_c16_msg/share/lslidar_c16_msg/cmake/ament_cmake_export_dependencies-extras.cmake
[0.366s] -- Up-to-date: /root/slam/slam/driver_FR_APOLLO/install/lslidar_c16_msg/share/lslidar_c16_msg/cmake/ament_cmake_export_include_directories-extras.cmake
[0.366s] -- Up-to-date: /root/slam/slam/driver_FR_APOLLO/install/lslidar_c16_msg/share/lslidar_c16_msg/cmake/ament_cmake_export_libraries-extras.cmake
[0.366s] -- Up-to-date: /root/slam/slam/driver_FR_APOLLO/install/lslidar_c16_msg/share/lslidar_c16_msg/cmake/ament_cmake_export_targets-extras.cmake
[0.366s] -- Up-to-date: /root/slam/slam/driver_FR_APOLLO/install/lslidar_c16_msg/share/lslidar_c16_msg/cmake/rosidl_cmake_export_typesupport_targets-extras.cmake
[0.366s] -- Up-to-date: /root/slam/slam/driver_FR_APOLLO/install/lslidar_c16_msg/share/lslidar_c16_msg/cmake/rosidl_cmake_export_typesupport_libraries-extras.cmake
[0.366s] -- Up-to-date: /root/slam/slam/driver_FR_APOLLO/install/lslidar_c16_msg/share/lslidar_c16_msg/cmake/lslidar_c16_msgConfig.cmake
[0.366s] -- Up-to-date: /root/slam/slam/driver_FR_APOLLO/install/lslidar_c16_msg/share/lslidar_c16_msg/cmake/lslidar_c16_msgConfig-version.cmake
[0.366s] -- Up-to-date: /root/slam/slam/driver_FR_APOLLO/install/lslidar_c16_msg/share/lslidar_c16_msg/package.xml
[0.367s] Invoked command in '/root/slam/slam/driver_FR_APOLLO/build/lslidar_c16_msg' returned '0': CMAKE_PREFIX_PATH=${CMAKE_PREFIX_PATH}:/opt/ros/humble CONDA_PROMPT_MODIFIER=(openalt) /usr/bin/cmake --install /root/slam/slam/driver_FR_APOLLO/build/lslidar_c16_msg
