[0.189s] DEBUG:colcon:Command line arguments: ['/usr/bin/colcon', 'build']
[0.189s] DEBUG:colcon:Parsed command line arguments: Namespace(log_base=None, log_level=None, verb_name='build', build_base='build', install_base='install', merge_install=False, symlink_install=False, test_result_base=None, continue_on_error=False, executor='parallel', parallel_workers=12, event_handlers=None, ignore_user_meta=False, metas=['./colcon.meta'], base_paths=['.'], packages_ignore=None, packages_ignore_regex=None, paths=None, packages_up_to=None, packages_up_to_regex=None, packages_above=None, packages_above_and_dependencies=None, packages_above_depth=None, packages_select_by_dep=None, packages_skip_by_dep=None, packages_skip_up_to=None, packages_select_build_failed=False, packages_skip_build_finished=False, packages_select_test_failures=False, packages_skip_test_passed=False, packages_select=None, packages_skip=None, packages_select_regex=None, packages_skip_regex=None, packages_start=None, packages_end=None, cmake_args=None, cmake_target=None, cmake_target_skip_unavailable=False, cmake_clean_cache=False, cmake_clean_first=False, cmake_force_configure=False, ament_cmake_args=None, catkin_cmake_args=None, catkin_skip_building_tests=False, mixin_files=None, mixin=None, verb_parser=<colcon_mixin.mixin.mixin_argument.MixinArgumentDecorator object at 0x7fa5c754dd20>, verb_extension=<colcon_core.verb.build.BuildVerb object at 0x7fa5c7d31db0>, main=<bound method BuildVerb.main of <colcon_core.verb.build.BuildVerb object at 0x7fa5c7d31db0>>, mixin_verb=('build',))
[0.212s] Level 1:colcon.colcon_core.package_discovery:discover_packages(colcon_meta) check parameters
[0.212s] INFO:colcon.colcon_metadata.package_discovery.colcon_meta:Using configuration from '/root/.colcon/metadata/default/Gazebo.meta'
[0.212s] INFO:colcon.colcon_metadata.package_discovery.colcon_meta:Using configuration from '/root/.colcon/metadata/default/fastrtps.meta'
[0.212s] Level 1:colcon.colcon_core.package_discovery:discover_packages(recursive) check parameters
[0.212s] Level 1:colcon.colcon_core.package_discovery:discover_packages(ignore) check parameters
[0.212s] Level 1:colcon.colcon_core.package_discovery:discover_packages(path) check parameters
[0.213s] Level 1:colcon.colcon_core.package_discovery:discover_packages(colcon_meta) discover
[0.213s] Level 1:colcon.colcon_core.package_discovery:discover_packages(recursive) discover
[0.213s] INFO:colcon.colcon_core.package_discovery:Crawling recursively for packages in '/root/slam/slam/driver_FR_APOLLO'
[0.213s] Level 1:colcon.colcon_core.package_identification:_identify(.) by extensions ['ignore', 'ignore_ament_install']
[0.213s] Level 1:colcon.colcon_core.package_identification:_identify(.) by extension 'ignore'
[0.213s] Level 1:colcon.colcon_core.package_identification:_identify(.) by extension 'ignore_ament_install'
[0.213s] Level 1:colcon.colcon_core.package_identification:_identify(.) by extensions ['colcon_pkg']
[0.213s] Level 1:colcon.colcon_core.package_identification:_identify(.) by extension 'colcon_pkg'
[0.213s] Level 1:colcon.colcon_core.package_identification:_identify(.) by extensions ['colcon_meta']
[0.213s] Level 1:colcon.colcon_core.package_identification:_identify(.) by extension 'colcon_meta'
[0.213s] Level 1:colcon.colcon_core.package_identification:_identify(.) by extensions ['ros']
[0.213s] Level 1:colcon.colcon_core.package_identification:_identify(.) by extension 'ros'
[0.220s] Level 1:colcon.colcon_core.package_identification:_identify(.) by extensions ['cmake', 'python']
[0.220s] Level 1:colcon.colcon_core.package_identification:_identify(.) by extension 'cmake'
[0.220s] Level 1:colcon.colcon_core.package_identification:_identify(.) by extension 'python'
[0.220s] Level 1:colcon.colcon_core.package_identification:_identify(.) by extensions ['python_setup_py']
[0.220s] Level 1:colcon.colcon_core.package_identification:_identify(.) by extension 'python_setup_py'
[0.220s] Level 1:colcon.colcon_core.package_identification:_identify(build) by extensions ['ignore', 'ignore_ament_install']
[0.220s] Level 1:colcon.colcon_core.package_identification:_identify(build) by extension 'ignore'
[0.221s] Level 1:colcon.colcon_core.package_identification:_identify(build) ignored
[0.221s] Level 1:colcon.colcon_core.package_identification:_identify(install) by extensions ['ignore', 'ignore_ament_install']
[0.221s] Level 1:colcon.colcon_core.package_identification:_identify(install) by extension 'ignore'
[0.221s] Level 1:colcon.colcon_core.package_identification:_identify(install) ignored
[0.221s] Level 1:colcon.colcon_core.package_identification:_identify(log) by extensions ['ignore', 'ignore_ament_install']
[0.221s] Level 1:colcon.colcon_core.package_identification:_identify(log) by extension 'ignore'
[0.221s] Level 1:colcon.colcon_core.package_identification:_identify(log) ignored
[0.221s] Level 1:colcon.colcon_core.package_identification:_identify(src) by extensions ['ignore', 'ignore_ament_install']
[0.221s] Level 1:colcon.colcon_core.package_identification:_identify(src) by extension 'ignore'
[0.221s] Level 1:colcon.colcon_core.package_identification:_identify(src) by extension 'ignore_ament_install'
[0.221s] Level 1:colcon.colcon_core.package_identification:_identify(src) by extensions ['colcon_pkg']
[0.221s] Level 1:colcon.colcon_core.package_identification:_identify(src) by extension 'colcon_pkg'
[0.221s] Level 1:colcon.colcon_core.package_identification:_identify(src) by extensions ['colcon_meta']
[0.221s] Level 1:colcon.colcon_core.package_identification:_identify(src) by extension 'colcon_meta'
[0.221s] Level 1:colcon.colcon_core.package_identification:_identify(src) by extensions ['ros']
[0.221s] Level 1:colcon.colcon_core.package_identification:_identify(src) by extension 'ros'
[0.221s] Level 1:colcon.colcon_core.package_identification:_identify(src) by extensions ['cmake', 'python']
[0.221s] Level 1:colcon.colcon_core.package_identification:_identify(src) by extension 'cmake'
[0.221s] Level 1:colcon.colcon_core.package_identification:_identify(src) by extension 'python'
[0.221s] Level 1:colcon.colcon_core.package_identification:_identify(src) by extensions ['python_setup_py']
[0.221s] Level 1:colcon.colcon_core.package_identification:_identify(src) by extension 'python_setup_py'
[0.221s] Level 1:colcon.colcon_core.package_identification:_identify(src/lslidar_c16_decoder) by extensions ['ignore', 'ignore_ament_install']
[0.221s] Level 1:colcon.colcon_core.package_identification:_identify(src/lslidar_c16_decoder) by extension 'ignore'
[0.221s] Level 1:colcon.colcon_core.package_identification:_identify(src/lslidar_c16_decoder) by extension 'ignore_ament_install'
[0.221s] Level 1:colcon.colcon_core.package_identification:_identify(src/lslidar_c16_decoder) by extensions ['colcon_pkg']
[0.221s] Level 1:colcon.colcon_core.package_identification:_identify(src/lslidar_c16_decoder) by extension 'colcon_pkg'
[0.221s] Level 1:colcon.colcon_core.package_identification:_identify(src/lslidar_c16_decoder) by extensions ['colcon_meta']
[0.221s] Level 1:colcon.colcon_core.package_identification:_identify(src/lslidar_c16_decoder) by extension 'colcon_meta'
[0.221s] Level 1:colcon.colcon_core.package_identification:_identify(src/lslidar_c16_decoder) by extensions ['ros']
[0.221s] Level 1:colcon.colcon_core.package_identification:_identify(src/lslidar_c16_decoder) by extension 'ros'
[0.223s] DEBUG:colcon.colcon_core.package_identification:Package 'src/lslidar_c16_decoder' with type 'ros.ament_cmake' and name 'lslidar_c16_decoder'
[0.223s] Level 1:colcon.colcon_core.package_identification:_identify(src/lslidar_c16_driver) by extensions ['ignore', 'ignore_ament_install']
[0.223s] Level 1:colcon.colcon_core.package_identification:_identify(src/lslidar_c16_driver) by extension 'ignore'
[0.223s] Level 1:colcon.colcon_core.package_identification:_identify(src/lslidar_c16_driver) by extension 'ignore_ament_install'
[0.223s] Level 1:colcon.colcon_core.package_identification:_identify(src/lslidar_c16_driver) by extensions ['colcon_pkg']
[0.223s] Level 1:colcon.colcon_core.package_identification:_identify(src/lslidar_c16_driver) by extension 'colcon_pkg'
[0.223s] Level 1:colcon.colcon_core.package_identification:_identify(src/lslidar_c16_driver) by extensions ['colcon_meta']
[0.223s] Level 1:colcon.colcon_core.package_identification:_identify(src/lslidar_c16_driver) by extension 'colcon_meta'
[0.223s] Level 1:colcon.colcon_core.package_identification:_identify(src/lslidar_c16_driver) by extensions ['ros']
[0.223s] Level 1:colcon.colcon_core.package_identification:_identify(src/lslidar_c16_driver) by extension 'ros'
[0.224s] DEBUG:colcon.colcon_core.package_identification:Package 'src/lslidar_c16_driver' with type 'ros.ament_cmake' and name 'lslidar_c16_driver'
[0.224s] Level 1:colcon.colcon_core.package_identification:_identify(src/lslidar_c16_msg) by extensions ['ignore', 'ignore_ament_install']
[0.224s] Level 1:colcon.colcon_core.package_identification:_identify(src/lslidar_c16_msg) by extension 'ignore'
[0.224s] Level 1:colcon.colcon_core.package_identification:_identify(src/lslidar_c16_msg) by extension 'ignore_ament_install'
[0.224s] Level 1:colcon.colcon_core.package_identification:_identify(src/lslidar_c16_msg) by extensions ['colcon_pkg']
[0.224s] Level 1:colcon.colcon_core.package_identification:_identify(src/lslidar_c16_msg) by extension 'colcon_pkg'
[0.224s] Level 1:colcon.colcon_core.package_identification:_identify(src/lslidar_c16_msg) by extensions ['colcon_meta']
[0.224s] Level 1:colcon.colcon_core.package_identification:_identify(src/lslidar_c16_msg) by extension 'colcon_meta'
[0.224s] Level 1:colcon.colcon_core.package_identification:_identify(src/lslidar_c16_msg) by extensions ['ros']
[0.224s] Level 1:colcon.colcon_core.package_identification:_identify(src/lslidar_c16_msg) by extension 'ros'
[0.224s] DEBUG:colcon.colcon_core.package_identification:Package 'src/lslidar_c16_msg' with type 'ros.ament_cmake' and name 'lslidar_c16_msg'
[0.224s] Level 1:colcon.colcon_core.package_discovery:discover_packages(recursive) using defaults
[0.224s] Level 1:colcon.colcon_core.package_discovery:discover_packages(ignore) discover
[0.224s] Level 1:colcon.colcon_core.package_discovery:discover_packages(ignore) using defaults
[0.224s] Level 1:colcon.colcon_core.package_discovery:discover_packages(path) discover
[0.224s] Level 1:colcon.colcon_core.package_discovery:discover_packages(path) using defaults
[0.240s] Level 5:colcon.colcon_core.verb:set package 'lslidar_c16_msg' build argument 'cmake_args' from command line to 'None'
[0.240s] Level 5:colcon.colcon_core.verb:set package 'lslidar_c16_msg' build argument 'cmake_target' from command line to 'None'
[0.240s] Level 5:colcon.colcon_core.verb:set package 'lslidar_c16_msg' build argument 'cmake_target_skip_unavailable' from command line to 'False'
[0.240s] Level 5:colcon.colcon_core.verb:set package 'lslidar_c16_msg' build argument 'cmake_clean_cache' from command line to 'False'
[0.240s] Level 5:colcon.colcon_core.verb:set package 'lslidar_c16_msg' build argument 'cmake_clean_first' from command line to 'False'
[0.240s] Level 5:colcon.colcon_core.verb:set package 'lslidar_c16_msg' build argument 'cmake_force_configure' from command line to 'False'
[0.240s] Level 5:colcon.colcon_core.verb:set package 'lslidar_c16_msg' build argument 'ament_cmake_args' from command line to 'None'
[0.240s] Level 5:colcon.colcon_core.verb:set package 'lslidar_c16_msg' build argument 'catkin_cmake_args' from command line to 'None'
[0.240s] Level 5:colcon.colcon_core.verb:set package 'lslidar_c16_msg' build argument 'catkin_skip_building_tests' from command line to 'False'
[0.240s] DEBUG:colcon.colcon_core.verb:Building package 'lslidar_c16_msg' with the following arguments: {'ament_cmake_args': None, 'build_base': '/root/slam/slam/driver_FR_APOLLO/build/lslidar_c16_msg', 'catkin_cmake_args': None, 'catkin_skip_building_tests': False, 'cmake_args': None, 'cmake_clean_cache': False, 'cmake_clean_first': False, 'cmake_force_configure': False, 'cmake_target': None, 'cmake_target_skip_unavailable': False, 'install_base': '/root/slam/slam/driver_FR_APOLLO/install/lslidar_c16_msg', 'merge_install': False, 'path': '/root/slam/slam/driver_FR_APOLLO/src/lslidar_c16_msg', 'symlink_install': False, 'test_result_base': None}
[0.241s] Level 5:colcon.colcon_core.verb:set package 'lslidar_c16_decoder' build argument 'cmake_args' from command line to 'None'
[0.241s] Level 5:colcon.colcon_core.verb:set package 'lslidar_c16_decoder' build argument 'cmake_target' from command line to 'None'
[0.241s] Level 5:colcon.colcon_core.verb:set package 'lslidar_c16_decoder' build argument 'cmake_target_skip_unavailable' from command line to 'False'
[0.241s] Level 5:colcon.colcon_core.verb:set package 'lslidar_c16_decoder' build argument 'cmake_clean_cache' from command line to 'False'
[0.241s] Level 5:colcon.colcon_core.verb:set package 'lslidar_c16_decoder' build argument 'cmake_clean_first' from command line to 'False'
[0.241s] Level 5:colcon.colcon_core.verb:set package 'lslidar_c16_decoder' build argument 'cmake_force_configure' from command line to 'False'
[0.241s] Level 5:colcon.colcon_core.verb:set package 'lslidar_c16_decoder' build argument 'ament_cmake_args' from command line to 'None'
[0.241s] Level 5:colcon.colcon_core.verb:set package 'lslidar_c16_decoder' build argument 'catkin_cmake_args' from command line to 'None'
[0.241s] Level 5:colcon.colcon_core.verb:set package 'lslidar_c16_decoder' build argument 'catkin_skip_building_tests' from command line to 'False'
[0.241s] DEBUG:colcon.colcon_core.verb:Building package 'lslidar_c16_decoder' with the following arguments: {'ament_cmake_args': None, 'build_base': '/root/slam/slam/driver_FR_APOLLO/build/lslidar_c16_decoder', 'catkin_cmake_args': None, 'catkin_skip_building_tests': False, 'cmake_args': None, 'cmake_clean_cache': False, 'cmake_clean_first': False, 'cmake_force_configure': False, 'cmake_target': None, 'cmake_target_skip_unavailable': False, 'install_base': '/root/slam/slam/driver_FR_APOLLO/install/lslidar_c16_decoder', 'merge_install': False, 'path': '/root/slam/slam/driver_FR_APOLLO/src/lslidar_c16_decoder', 'symlink_install': False, 'test_result_base': None}
[0.241s] Level 5:colcon.colcon_core.verb:set package 'lslidar_c16_driver' build argument 'cmake_args' from command line to 'None'
[0.241s] Level 5:colcon.colcon_core.verb:set package 'lslidar_c16_driver' build argument 'cmake_target' from command line to 'None'
[0.241s] Level 5:colcon.colcon_core.verb:set package 'lslidar_c16_driver' build argument 'cmake_target_skip_unavailable' from command line to 'False'
[0.241s] Level 5:colcon.colcon_core.verb:set package 'lslidar_c16_driver' build argument 'cmake_clean_cache' from command line to 'False'
[0.241s] Level 5:colcon.colcon_core.verb:set package 'lslidar_c16_driver' build argument 'cmake_clean_first' from command line to 'False'
[0.241s] Level 5:colcon.colcon_core.verb:set package 'lslidar_c16_driver' build argument 'cmake_force_configure' from command line to 'False'
[0.241s] Level 5:colcon.colcon_core.verb:set package 'lslidar_c16_driver' build argument 'ament_cmake_args' from command line to 'None'
[0.241s] Level 5:colcon.colcon_core.verb:set package 'lslidar_c16_driver' build argument 'catkin_cmake_args' from command line to 'None'
[0.242s] Level 5:colcon.colcon_core.verb:set package 'lslidar_c16_driver' build argument 'catkin_skip_building_tests' from command line to 'False'
[0.242s] DEBUG:colcon.colcon_core.verb:Building package 'lslidar_c16_driver' with the following arguments: {'ament_cmake_args': None, 'build_base': '/root/slam/slam/driver_FR_APOLLO/build/lslidar_c16_driver', 'catkin_cmake_args': None, 'catkin_skip_building_tests': False, 'cmake_args': None, 'cmake_clean_cache': False, 'cmake_clean_first': False, 'cmake_force_configure': False, 'cmake_target': None, 'cmake_target_skip_unavailable': False, 'install_base': '/root/slam/slam/driver_FR_APOLLO/install/lslidar_c16_driver', 'merge_install': False, 'path': '/root/slam/slam/driver_FR_APOLLO/src/lslidar_c16_driver', 'symlink_install': False, 'test_result_base': None}
[0.242s] INFO:colcon.colcon_core.executor:Executing jobs using 'parallel' executor
[0.244s] DEBUG:colcon.colcon_parallel_executor.executor.parallel:run_until_complete
[0.244s] INFO:colcon.colcon_ros.task.ament_cmake.build:Building ROS package in '/root/slam/slam/driver_FR_APOLLO/src/lslidar_c16_msg' with build type 'ament_cmake'
[0.244s] INFO:colcon.colcon_cmake.task.cmake.build:Building CMake package in '/root/slam/slam/driver_FR_APOLLO/src/lslidar_c16_msg'
[0.247s] INFO:colcon.colcon_core.plugin_system:Skipping extension 'colcon_core.shell.bat': Not used on non-Windows systems
[0.247s] INFO:colcon.colcon_core.shell:Skip shell extension 'powershell' for command environment: Not usable outside of PowerShell
[0.247s] DEBUG:colcon.colcon_core.shell:Skip shell extension 'dsv' for command environment
[0.253s] DEBUG:colcon.colcon_core.event_handler.log_command:Invoking command in '/root/slam/slam/driver_FR_APOLLO/build/lslidar_c16_msg': CMAKE_PREFIX_PATH=${CMAKE_PREFIX_PATH}:/opt/ros/humble CONDA_PROMPT_MODIFIER=(openalt) /usr/bin/cmake --build /root/slam/slam/driver_FR_APOLLO/build/lslidar_c16_msg -- -j12 -l12
[0.505s] DEBUG:colcon.colcon_core.event_handler.log_command:Invoked command in '/root/slam/slam/driver_FR_APOLLO/build/lslidar_c16_msg' returned '0': CMAKE_PREFIX_PATH=${CMAKE_PREFIX_PATH}:/opt/ros/humble CONDA_PROMPT_MODIFIER=(openalt) /usr/bin/cmake --build /root/slam/slam/driver_FR_APOLLO/build/lslidar_c16_msg -- -j12 -l12
[0.689s] DEBUG:colcon.colcon_core.event_handler.log_command:Invoking command in '/root/slam/slam/driver_FR_APOLLO/build/lslidar_c16_msg': CMAKE_PREFIX_PATH=${CMAKE_PREFIX_PATH}:/opt/ros/humble CONDA_PROMPT_MODIFIER=(openalt) /usr/bin/cmake --install /root/slam/slam/driver_FR_APOLLO/build/lslidar_c16_msg
[0.740s] Level 1:colcon.colcon_core.environment:create_environment_scripts_only(lslidar_c16_msg)
[0.741s] DEBUG:colcon.colcon_core.event_handler.log_command:Invoked command in '/root/slam/slam/driver_FR_APOLLO/build/lslidar_c16_msg' returned '0': CMAKE_PREFIX_PATH=${CMAKE_PREFIX_PATH}:/opt/ros/humble CONDA_PROMPT_MODIFIER=(openalt) /usr/bin/cmake --install /root/slam/slam/driver_FR_APOLLO/build/lslidar_c16_msg
[0.743s] Level 1:colcon.colcon_core.environment:checking '/root/slam/slam/driver_FR_APOLLO/install/lslidar_c16_msg' for CMake module files
[0.744s] Level 1:colcon.colcon_core.environment:checking '/root/slam/slam/driver_FR_APOLLO/install/lslidar_c16_msg' for CMake config files
[0.744s] Level 1:colcon.colcon_core.shell:create_environment_hook('lslidar_c16_msg', 'cmake_prefix_path')
[0.745s] INFO:colcon.colcon_core.shell:Creating environment hook '/root/slam/slam/driver_FR_APOLLO/install/lslidar_c16_msg/share/lslidar_c16_msg/hook/cmake_prefix_path.ps1'
[0.745s] INFO:colcon.colcon_core.shell:Creating environment descriptor '/root/slam/slam/driver_FR_APOLLO/install/lslidar_c16_msg/share/lslidar_c16_msg/hook/cmake_prefix_path.dsv'
[0.745s] INFO:colcon.colcon_core.shell:Creating environment hook '/root/slam/slam/driver_FR_APOLLO/install/lslidar_c16_msg/share/lslidar_c16_msg/hook/cmake_prefix_path.sh'
[0.746s] Level 1:colcon.colcon_core.environment:checking '/root/slam/slam/driver_FR_APOLLO/install/lslidar_c16_msg/lib'
[0.746s] Level 1:colcon.colcon_core.shell:create_environment_hook('lslidar_c16_msg', 'ld_library_path_lib')
[0.747s] INFO:colcon.colcon_core.shell:Creating environment hook '/root/slam/slam/driver_FR_APOLLO/install/lslidar_c16_msg/share/lslidar_c16_msg/hook/ld_library_path_lib.ps1'
[0.747s] INFO:colcon.colcon_core.shell:Creating environment descriptor '/root/slam/slam/driver_FR_APOLLO/install/lslidar_c16_msg/share/lslidar_c16_msg/hook/ld_library_path_lib.dsv'
[0.747s] INFO:colcon.colcon_core.shell:Creating environment hook '/root/slam/slam/driver_FR_APOLLO/install/lslidar_c16_msg/share/lslidar_c16_msg/hook/ld_library_path_lib.sh'
[0.747s] Level 1:colcon.colcon_core.environment:checking '/root/slam/slam/driver_FR_APOLLO/install/lslidar_c16_msg/bin'
[0.747s] Level 1:colcon.colcon_core.environment:checking '/root/slam/slam/driver_FR_APOLLO/install/lslidar_c16_msg/lib/pkgconfig/lslidar_c16_msg.pc'
[0.748s] Level 1:colcon.colcon_core.environment:checking '/root/slam/slam/driver_FR_APOLLO/install/lslidar_c16_msg/lib/python3.10/site-packages'
[0.749s] Level 1:colcon.colcon_core.environment:checking '/root/slam/slam/driver_FR_APOLLO/install/lslidar_c16_msg/bin'
[0.749s] INFO:colcon.colcon_core.shell:Creating package script '/root/slam/slam/driver_FR_APOLLO/install/lslidar_c16_msg/share/lslidar_c16_msg/package.ps1'
[0.750s] INFO:colcon.colcon_core.shell:Creating package descriptor '/root/slam/slam/driver_FR_APOLLO/install/lslidar_c16_msg/share/lslidar_c16_msg/package.dsv'
[0.750s] INFO:colcon.colcon_core.shell:Creating package script '/root/slam/slam/driver_FR_APOLLO/install/lslidar_c16_msg/share/lslidar_c16_msg/package.sh'
[0.751s] INFO:colcon.colcon_core.shell:Creating package script '/root/slam/slam/driver_FR_APOLLO/install/lslidar_c16_msg/share/lslidar_c16_msg/package.bash'
[0.751s] INFO:colcon.colcon_core.shell:Creating package script '/root/slam/slam/driver_FR_APOLLO/install/lslidar_c16_msg/share/lslidar_c16_msg/package.zsh'
[0.751s] Level 1:colcon.colcon_core.environment:create_file_with_runtime_dependencies(/root/slam/slam/driver_FR_APOLLO/install/lslidar_c16_msg/share/colcon-core/packages/lslidar_c16_msg)
[0.930s] Level 1:colcon.colcon_core.environment:create_environment_scripts_only(lslidar_c16_msg)
[0.933s] Level 1:colcon.colcon_core.environment:checking '/root/slam/slam/driver_FR_APOLLO/install/lslidar_c16_msg' for CMake module files
[0.934s] Level 1:colcon.colcon_core.environment:checking '/root/slam/slam/driver_FR_APOLLO/install/lslidar_c16_msg' for CMake config files
[0.936s] Level 1:colcon.colcon_core.shell:create_environment_hook('lslidar_c16_msg', 'cmake_prefix_path')
[0.937s] INFO:colcon.colcon_core.shell:Creating environment hook '/root/slam/slam/driver_FR_APOLLO/install/lslidar_c16_msg/share/lslidar_c16_msg/hook/cmake_prefix_path.ps1'
[0.938s] INFO:colcon.colcon_core.shell:Creating environment descriptor '/root/slam/slam/driver_FR_APOLLO/install/lslidar_c16_msg/share/lslidar_c16_msg/hook/cmake_prefix_path.dsv'
[0.939s] INFO:colcon.colcon_core.shell:Creating environment hook '/root/slam/slam/driver_FR_APOLLO/install/lslidar_c16_msg/share/lslidar_c16_msg/hook/cmake_prefix_path.sh'
[0.939s] Level 1:colcon.colcon_core.environment:checking '/root/slam/slam/driver_FR_APOLLO/install/lslidar_c16_msg/lib'
[0.939s] Level 1:colcon.colcon_core.shell:create_environment_hook('lslidar_c16_msg', 'ld_library_path_lib')
[0.941s] INFO:colcon.colcon_core.shell:Creating environment hook '/root/slam/slam/driver_FR_APOLLO/install/lslidar_c16_msg/share/lslidar_c16_msg/hook/ld_library_path_lib.ps1'
[0.941s] INFO:colcon.colcon_core.shell:Creating environment descriptor '/root/slam/slam/driver_FR_APOLLO/install/lslidar_c16_msg/share/lslidar_c16_msg/hook/ld_library_path_lib.dsv'
[0.941s] INFO:colcon.colcon_core.shell:Creating environment hook '/root/slam/slam/driver_FR_APOLLO/install/lslidar_c16_msg/share/lslidar_c16_msg/hook/ld_library_path_lib.sh'
[0.941s] Level 1:colcon.colcon_core.environment:checking '/root/slam/slam/driver_FR_APOLLO/install/lslidar_c16_msg/bin'
[0.941s] Level 1:colcon.colcon_core.environment:checking '/root/slam/slam/driver_FR_APOLLO/install/lslidar_c16_msg/lib/pkgconfig/lslidar_c16_msg.pc'
[0.942s] Level 1:colcon.colcon_core.environment:checking '/root/slam/slam/driver_FR_APOLLO/install/lslidar_c16_msg/lib/python3.10/site-packages'
[0.942s] Level 1:colcon.colcon_core.environment:checking '/root/slam/slam/driver_FR_APOLLO/install/lslidar_c16_msg/bin'
[0.943s] INFO:colcon.colcon_core.shell:Creating package script '/root/slam/slam/driver_FR_APOLLO/install/lslidar_c16_msg/share/lslidar_c16_msg/package.ps1'
[0.943s] INFO:colcon.colcon_core.shell:Creating package descriptor '/root/slam/slam/driver_FR_APOLLO/install/lslidar_c16_msg/share/lslidar_c16_msg/package.dsv'
[0.944s] INFO:colcon.colcon_core.shell:Creating package script '/root/slam/slam/driver_FR_APOLLO/install/lslidar_c16_msg/share/lslidar_c16_msg/package.sh'
[0.944s] INFO:colcon.colcon_core.shell:Creating package script '/root/slam/slam/driver_FR_APOLLO/install/lslidar_c16_msg/share/lslidar_c16_msg/package.bash'
[0.944s] INFO:colcon.colcon_core.shell:Creating package script '/root/slam/slam/driver_FR_APOLLO/install/lslidar_c16_msg/share/lslidar_c16_msg/package.zsh'
[0.944s] Level 1:colcon.colcon_core.environment:create_file_with_runtime_dependencies(/root/slam/slam/driver_FR_APOLLO/install/lslidar_c16_msg/share/colcon-core/packages/lslidar_c16_msg)
[0.944s] INFO:colcon.colcon_ros.task.ament_cmake.build:Building ROS package in '/root/slam/slam/driver_FR_APOLLO/src/lslidar_c16_decoder' with build type 'ament_cmake'
[0.945s] INFO:colcon.colcon_cmake.task.cmake.build:Building CMake package in '/root/slam/slam/driver_FR_APOLLO/src/lslidar_c16_decoder'
[0.945s] INFO:colcon.colcon_core.shell:Skip shell extension 'powershell' for command environment: Not usable outside of PowerShell
[0.946s] DEBUG:colcon.colcon_core.shell:Skip shell extension 'dsv' for command environment
[0.948s] INFO:colcon.colcon_ros.task.ament_cmake.build:Building ROS package in '/root/slam/slam/driver_FR_APOLLO/src/lslidar_c16_driver' with build type 'ament_cmake'
[0.948s] INFO:colcon.colcon_cmake.task.cmake.build:Building CMake package in '/root/slam/slam/driver_FR_APOLLO/src/lslidar_c16_driver'
[0.949s] INFO:colcon.colcon_core.shell:Skip shell extension 'powershell' for command environment: Not usable outside of PowerShell
[0.949s] DEBUG:colcon.colcon_core.shell:Skip shell extension 'dsv' for command environment
[0.956s] DEBUG:colcon.colcon_core.event_handler.log_command:Invoking command in '/root/slam/slam/driver_FR_APOLLO/build/lslidar_c16_decoder': CMAKE_PREFIX_PATH=/root/slam/slam/driver_FR_APOLLO/install/lslidar_c16_msg:/root/slam/slam/driver_FR_APOLLO/install/lslidar_c16_driver:/root/slam/slam/driver_FR_APOLLO/install/lslidar_c16_decoder:/opt/ros/humble CONDA_PROMPT_MODIFIER=(openalt) /usr/bin/cmake --build /root/slam/slam/driver_FR_APOLLO/build/lslidar_c16_decoder -- -j12 -l12
[0.959s] DEBUG:colcon.colcon_core.event_handler.log_command:Invoking command in '/root/slam/slam/driver_FR_APOLLO/build/lslidar_c16_driver': CMAKE_PREFIX_PATH=/root/slam/slam/driver_FR_APOLLO/install/lslidar_c16_msg:/root/slam/slam/driver_FR_APOLLO/install/lslidar_c16_driver:/root/slam/slam/driver_FR_APOLLO/install/lslidar_c16_decoder:/opt/ros/humble CONDA_PROMPT_MODIFIER=(openalt) /usr/bin/cmake --build /root/slam/slam/driver_FR_APOLLO/build/lslidar_c16_driver -- -j12 -l12
[1.022s] DEBUG:colcon.colcon_core.event_handler.log_command:Invoked command in '/root/slam/slam/driver_FR_APOLLO/build/lslidar_c16_driver' returned '0': CMAKE_PREFIX_PATH=/root/slam/slam/driver_FR_APOLLO/install/lslidar_c16_msg:/root/slam/slam/driver_FR_APOLLO/install/lslidar_c16_driver:/root/slam/slam/driver_FR_APOLLO/install/lslidar_c16_decoder:/opt/ros/humble CONDA_PROMPT_MODIFIER=(openalt) /usr/bin/cmake --build /root/slam/slam/driver_FR_APOLLO/build/lslidar_c16_driver -- -j12 -l12
[1.023s] DEBUG:colcon.colcon_core.event_handler.log_command:Invoked command in '/root/slam/slam/driver_FR_APOLLO/build/lslidar_c16_decoder' returned '0': CMAKE_PREFIX_PATH=/root/slam/slam/driver_FR_APOLLO/install/lslidar_c16_msg:/root/slam/slam/driver_FR_APOLLO/install/lslidar_c16_driver:/root/slam/slam/driver_FR_APOLLO/install/lslidar_c16_decoder:/opt/ros/humble CONDA_PROMPT_MODIFIER=(openalt) /usr/bin/cmake --build /root/slam/slam/driver_FR_APOLLO/build/lslidar_c16_decoder -- -j12 -l12
[1.039s] DEBUG:colcon.colcon_core.event_handler.log_command:Invoking command in '/root/slam/slam/driver_FR_APOLLO/build/lslidar_c16_driver': CMAKE_PREFIX_PATH=/root/slam/slam/driver_FR_APOLLO/install/lslidar_c16_msg:/root/slam/slam/driver_FR_APOLLO/install/lslidar_c16_driver:/root/slam/slam/driver_FR_APOLLO/install/lslidar_c16_decoder:/opt/ros/humble CONDA_PROMPT_MODIFIER=(openalt) /usr/bin/cmake --install /root/slam/slam/driver_FR_APOLLO/build/lslidar_c16_driver
[1.041s] DEBUG:colcon.colcon_core.event_handler.log_command:Invoking command in '/root/slam/slam/driver_FR_APOLLO/build/lslidar_c16_decoder': CMAKE_PREFIX_PATH=/root/slam/slam/driver_FR_APOLLO/install/lslidar_c16_msg:/root/slam/slam/driver_FR_APOLLO/install/lslidar_c16_driver:/root/slam/slam/driver_FR_APOLLO/install/lslidar_c16_decoder:/opt/ros/humble CONDA_PROMPT_MODIFIER=(openalt) /usr/bin/cmake --install /root/slam/slam/driver_FR_APOLLO/build/lslidar_c16_decoder
[1.045s] Level 1:colcon.colcon_core.environment:create_environment_scripts_only(lslidar_c16_decoder)
[1.047s] Level 1:colcon.colcon_core.environment:checking '/root/slam/slam/driver_FR_APOLLO/install/lslidar_c16_decoder' for CMake module files
[1.047s] DEBUG:colcon.colcon_core.event_handler.log_command:Invoked command in '/root/slam/slam/driver_FR_APOLLO/build/lslidar_c16_decoder' returned '0': CMAKE_PREFIX_PATH=/root/slam/slam/driver_FR_APOLLO/install/lslidar_c16_msg:/root/slam/slam/driver_FR_APOLLO/install/lslidar_c16_driver:/root/slam/slam/driver_FR_APOLLO/install/lslidar_c16_decoder:/opt/ros/humble CONDA_PROMPT_MODIFIER=(openalt) /usr/bin/cmake --install /root/slam/slam/driver_FR_APOLLO/build/lslidar_c16_decoder
[1.047s] Level 1:colcon.colcon_core.environment:checking '/root/slam/slam/driver_FR_APOLLO/install/lslidar_c16_decoder' for CMake config files
[1.047s] Level 1:colcon.colcon_core.shell:create_environment_hook('lslidar_c16_decoder', 'cmake_prefix_path')
[1.048s] INFO:colcon.colcon_core.shell:Creating environment hook '/root/slam/slam/driver_FR_APOLLO/install/lslidar_c16_decoder/share/lslidar_c16_decoder/hook/cmake_prefix_path.ps1'
[1.048s] INFO:colcon.colcon_core.shell:Creating environment descriptor '/root/slam/slam/driver_FR_APOLLO/install/lslidar_c16_decoder/share/lslidar_c16_decoder/hook/cmake_prefix_path.dsv'
[1.048s] INFO:colcon.colcon_core.shell:Creating environment hook '/root/slam/slam/driver_FR_APOLLO/install/lslidar_c16_decoder/share/lslidar_c16_decoder/hook/cmake_prefix_path.sh'
[1.049s] Level 1:colcon.colcon_core.environment:checking '/root/slam/slam/driver_FR_APOLLO/install/lslidar_c16_decoder/lib'
[1.049s] Level 1:colcon.colcon_core.environment:checking '/root/slam/slam/driver_FR_APOLLO/install/lslidar_c16_decoder/bin'
[1.049s] Level 1:colcon.colcon_core.environment:checking '/root/slam/slam/driver_FR_APOLLO/install/lslidar_c16_decoder/lib/pkgconfig/lslidar_c16_decoder.pc'
[1.049s] Level 1:colcon.colcon_core.environment:checking '/root/slam/slam/driver_FR_APOLLO/install/lslidar_c16_decoder/lib/python3.10/site-packages'
[1.049s] Level 1:colcon.colcon_core.environment:checking '/root/slam/slam/driver_FR_APOLLO/install/lslidar_c16_decoder/bin'
[1.050s] INFO:colcon.colcon_core.shell:Creating package script '/root/slam/slam/driver_FR_APOLLO/install/lslidar_c16_decoder/share/lslidar_c16_decoder/package.ps1'
[1.050s] INFO:colcon.colcon_core.shell:Creating package descriptor '/root/slam/slam/driver_FR_APOLLO/install/lslidar_c16_decoder/share/lslidar_c16_decoder/package.dsv'
[1.050s] INFO:colcon.colcon_core.shell:Creating package script '/root/slam/slam/driver_FR_APOLLO/install/lslidar_c16_decoder/share/lslidar_c16_decoder/package.sh'
[1.051s] INFO:colcon.colcon_core.shell:Creating package script '/root/slam/slam/driver_FR_APOLLO/install/lslidar_c16_decoder/share/lslidar_c16_decoder/package.bash'
[1.051s] INFO:colcon.colcon_core.shell:Creating package script '/root/slam/slam/driver_FR_APOLLO/install/lslidar_c16_decoder/share/lslidar_c16_decoder/package.zsh'
[1.051s] Level 1:colcon.colcon_core.environment:create_file_with_runtime_dependencies(/root/slam/slam/driver_FR_APOLLO/install/lslidar_c16_decoder/share/colcon-core/packages/lslidar_c16_decoder)
[1.052s] Level 1:colcon.colcon_core.environment:create_environment_scripts_only(lslidar_c16_driver)
[1.053s] Level 1:colcon.colcon_core.environment:checking '/root/slam/slam/driver_FR_APOLLO/install/lslidar_c16_driver' for CMake module files
[1.053s] DEBUG:colcon.colcon_core.event_handler.log_command:Invoked command in '/root/slam/slam/driver_FR_APOLLO/build/lslidar_c16_driver' returned '0': CMAKE_PREFIX_PATH=/root/slam/slam/driver_FR_APOLLO/install/lslidar_c16_msg:/root/slam/slam/driver_FR_APOLLO/install/lslidar_c16_driver:/root/slam/slam/driver_FR_APOLLO/install/lslidar_c16_decoder:/opt/ros/humble CONDA_PROMPT_MODIFIER=(openalt) /usr/bin/cmake --install /root/slam/slam/driver_FR_APOLLO/build/lslidar_c16_driver
[1.053s] Level 1:colcon.colcon_core.environment:checking '/root/slam/slam/driver_FR_APOLLO/install/lslidar_c16_driver' for CMake config files
[1.054s] Level 1:colcon.colcon_core.shell:create_environment_hook('lslidar_c16_driver', 'cmake_prefix_path')
[1.054s] INFO:colcon.colcon_core.shell:Creating environment hook '/root/slam/slam/driver_FR_APOLLO/install/lslidar_c16_driver/share/lslidar_c16_driver/hook/cmake_prefix_path.ps1'
[1.054s] INFO:colcon.colcon_core.shell:Creating environment descriptor '/root/slam/slam/driver_FR_APOLLO/install/lslidar_c16_driver/share/lslidar_c16_driver/hook/cmake_prefix_path.dsv'
[1.055s] INFO:colcon.colcon_core.shell:Creating environment hook '/root/slam/slam/driver_FR_APOLLO/install/lslidar_c16_driver/share/lslidar_c16_driver/hook/cmake_prefix_path.sh'
[1.055s] Level 1:colcon.colcon_core.environment:checking '/root/slam/slam/driver_FR_APOLLO/install/lslidar_c16_driver/lib'
[1.055s] Level 1:colcon.colcon_core.environment:checking '/root/slam/slam/driver_FR_APOLLO/install/lslidar_c16_driver/bin'
[1.055s] Level 1:colcon.colcon_core.environment:checking '/root/slam/slam/driver_FR_APOLLO/install/lslidar_c16_driver/lib/pkgconfig/lslidar_c16_driver.pc'
[1.055s] Level 1:colcon.colcon_core.environment:checking '/root/slam/slam/driver_FR_APOLLO/install/lslidar_c16_driver/lib/python3.10/site-packages'
[1.055s] Level 1:colcon.colcon_core.environment:checking '/root/slam/slam/driver_FR_APOLLO/install/lslidar_c16_driver/bin'
[1.056s] INFO:colcon.colcon_core.shell:Creating package script '/root/slam/slam/driver_FR_APOLLO/install/lslidar_c16_driver/share/lslidar_c16_driver/package.ps1'
[1.056s] INFO:colcon.colcon_core.shell:Creating package descriptor '/root/slam/slam/driver_FR_APOLLO/install/lslidar_c16_driver/share/lslidar_c16_driver/package.dsv'
[1.056s] INFO:colcon.colcon_core.shell:Creating package script '/root/slam/slam/driver_FR_APOLLO/install/lslidar_c16_driver/share/lslidar_c16_driver/package.sh'
[1.056s] INFO:colcon.colcon_core.shell:Creating package script '/root/slam/slam/driver_FR_APOLLO/install/lslidar_c16_driver/share/lslidar_c16_driver/package.bash'
[1.057s] INFO:colcon.colcon_core.shell:Creating package script '/root/slam/slam/driver_FR_APOLLO/install/lslidar_c16_driver/share/lslidar_c16_driver/package.zsh'
[1.057s] Level 1:colcon.colcon_core.environment:create_file_with_runtime_dependencies(/root/slam/slam/driver_FR_APOLLO/install/lslidar_c16_driver/share/colcon-core/packages/lslidar_c16_driver)
[1.065s] Level 1:colcon.colcon_core.environment:create_environment_scripts_only(lslidar_c16_decoder)
[1.066s] Level 1:colcon.colcon_core.environment:checking '/root/slam/slam/driver_FR_APOLLO/install/lslidar_c16_decoder' for CMake module files
[1.066s] Level 1:colcon.colcon_core.environment:checking '/root/slam/slam/driver_FR_APOLLO/install/lslidar_c16_decoder' for CMake config files
[1.066s] Level 1:colcon.colcon_core.shell:create_environment_hook('lslidar_c16_decoder', 'cmake_prefix_path')
[1.067s] INFO:colcon.colcon_core.shell:Creating environment hook '/root/slam/slam/driver_FR_APOLLO/install/lslidar_c16_decoder/share/lslidar_c16_decoder/hook/cmake_prefix_path.ps1'
[1.067s] INFO:colcon.colcon_core.shell:Creating environment descriptor '/root/slam/slam/driver_FR_APOLLO/install/lslidar_c16_decoder/share/lslidar_c16_decoder/hook/cmake_prefix_path.dsv'
[1.067s] INFO:colcon.colcon_core.shell:Creating environment hook '/root/slam/slam/driver_FR_APOLLO/install/lslidar_c16_decoder/share/lslidar_c16_decoder/hook/cmake_prefix_path.sh'
[1.068s] Level 1:colcon.colcon_core.environment:checking '/root/slam/slam/driver_FR_APOLLO/install/lslidar_c16_decoder/lib'
[1.068s] Level 1:colcon.colcon_core.environment:checking '/root/slam/slam/driver_FR_APOLLO/install/lslidar_c16_decoder/bin'
[1.068s] Level 1:colcon.colcon_core.environment:checking '/root/slam/slam/driver_FR_APOLLO/install/lslidar_c16_decoder/lib/pkgconfig/lslidar_c16_decoder.pc'
[1.068s] Level 1:colcon.colcon_core.environment:checking '/root/slam/slam/driver_FR_APOLLO/install/lslidar_c16_decoder/lib/python3.10/site-packages'
[1.068s] Level 1:colcon.colcon_core.environment:checking '/root/slam/slam/driver_FR_APOLLO/install/lslidar_c16_decoder/bin'
[1.069s] INFO:colcon.colcon_core.shell:Creating package script '/root/slam/slam/driver_FR_APOLLO/install/lslidar_c16_decoder/share/lslidar_c16_decoder/package.ps1'
[1.069s] INFO:colcon.colcon_core.shell:Creating package descriptor '/root/slam/slam/driver_FR_APOLLO/install/lslidar_c16_decoder/share/lslidar_c16_decoder/package.dsv'
[1.069s] INFO:colcon.colcon_core.shell:Creating package script '/root/slam/slam/driver_FR_APOLLO/install/lslidar_c16_decoder/share/lslidar_c16_decoder/package.sh'
[1.069s] INFO:colcon.colcon_core.shell:Creating package script '/root/slam/slam/driver_FR_APOLLO/install/lslidar_c16_decoder/share/lslidar_c16_decoder/package.bash'
[1.070s] INFO:colcon.colcon_core.shell:Creating package script '/root/slam/slam/driver_FR_APOLLO/install/lslidar_c16_decoder/share/lslidar_c16_decoder/package.zsh'
[1.070s] Level 1:colcon.colcon_core.environment:create_file_with_runtime_dependencies(/root/slam/slam/driver_FR_APOLLO/install/lslidar_c16_decoder/share/colcon-core/packages/lslidar_c16_decoder)
[1.076s] Level 1:colcon.colcon_core.environment:create_environment_scripts_only(lslidar_c16_driver)
[1.077s] Level 1:colcon.colcon_core.environment:checking '/root/slam/slam/driver_FR_APOLLO/install/lslidar_c16_driver' for CMake module files
[1.077s] Level 1:colcon.colcon_core.environment:checking '/root/slam/slam/driver_FR_APOLLO/install/lslidar_c16_driver' for CMake config files
[1.078s] Level 1:colcon.colcon_core.shell:create_environment_hook('lslidar_c16_driver', 'cmake_prefix_path')
[1.078s] INFO:colcon.colcon_core.shell:Creating environment hook '/root/slam/slam/driver_FR_APOLLO/install/lslidar_c16_driver/share/lslidar_c16_driver/hook/cmake_prefix_path.ps1'
[1.079s] INFO:colcon.colcon_core.shell:Creating environment descriptor '/root/slam/slam/driver_FR_APOLLO/install/lslidar_c16_driver/share/lslidar_c16_driver/hook/cmake_prefix_path.dsv'
[1.079s] INFO:colcon.colcon_core.shell:Creating environment hook '/root/slam/slam/driver_FR_APOLLO/install/lslidar_c16_driver/share/lslidar_c16_driver/hook/cmake_prefix_path.sh'
[1.080s] Level 1:colcon.colcon_core.environment:checking '/root/slam/slam/driver_FR_APOLLO/install/lslidar_c16_driver/lib'
[1.080s] Level 1:colcon.colcon_core.environment:checking '/root/slam/slam/driver_FR_APOLLO/install/lslidar_c16_driver/bin'
[1.080s] Level 1:colcon.colcon_core.environment:checking '/root/slam/slam/driver_FR_APOLLO/install/lslidar_c16_driver/lib/pkgconfig/lslidar_c16_driver.pc'
[1.080s] Level 1:colcon.colcon_core.environment:checking '/root/slam/slam/driver_FR_APOLLO/install/lslidar_c16_driver/lib/python3.10/site-packages'
[1.080s] Level 1:colcon.colcon_core.environment:checking '/root/slam/slam/driver_FR_APOLLO/install/lslidar_c16_driver/bin'
[1.081s] INFO:colcon.colcon_core.shell:Creating package script '/root/slam/slam/driver_FR_APOLLO/install/lslidar_c16_driver/share/lslidar_c16_driver/package.ps1'
[1.081s] INFO:colcon.colcon_core.shell:Creating package descriptor '/root/slam/slam/driver_FR_APOLLO/install/lslidar_c16_driver/share/lslidar_c16_driver/package.dsv'
[1.082s] INFO:colcon.colcon_core.shell:Creating package script '/root/slam/slam/driver_FR_APOLLO/install/lslidar_c16_driver/share/lslidar_c16_driver/package.sh'
[1.082s] INFO:colcon.colcon_core.shell:Creating package script '/root/slam/slam/driver_FR_APOLLO/install/lslidar_c16_driver/share/lslidar_c16_driver/package.bash'
[1.082s] INFO:colcon.colcon_core.shell:Creating package script '/root/slam/slam/driver_FR_APOLLO/install/lslidar_c16_driver/share/lslidar_c16_driver/package.zsh'
[1.082s] Level 1:colcon.colcon_core.environment:create_file_with_runtime_dependencies(/root/slam/slam/driver_FR_APOLLO/install/lslidar_c16_driver/share/colcon-core/packages/lslidar_c16_driver)
[1.082s] DEBUG:colcon.colcon_parallel_executor.executor.parallel:closing loop
[1.083s] DEBUG:colcon.colcon_parallel_executor.executor.parallel:loop closed
[1.083s] DEBUG:colcon.colcon_parallel_executor.executor.parallel:run_until_complete finished with '0'
[1.083s] DEBUG:colcon.colcon_core.event_reactor:joining thread
[1.087s] INFO:colcon.colcon_core.plugin_system:Skipping extension 'colcon_notification.desktop_notification.notify_send': Could not find 'notify-send'
[1.088s] INFO:colcon.colcon_core.plugin_system:Skipping extension 'colcon_notification.desktop_notification.terminal_notifier': Not used on non-Darwin systems
[1.088s] INFO:colcon.colcon_core.plugin_system:Skipping extension 'colcon_notification.desktop_notification.win32': Not used on non-Windows systems
[1.088s] INFO:colcon.colcon_notification.desktop_notification:Sending desktop notification using 'notify2'
[1.089s] DEBUG:colcon.colcon_notification.desktop_notification.notify2:Failed to initialize notify2: org.freedesktop.DBus.Error.Spawn.ExecFailed: /usr/bin/dbus-launch terminated abnormally without any error message
[1.089s] DEBUG:colcon.colcon_core.event_reactor:joined thread
[1.090s] INFO:colcon.colcon_core.shell:Creating prefix script '/root/slam/slam/driver_FR_APOLLO/install/local_setup.ps1'
[1.091s] INFO:colcon.colcon_core.shell:Creating prefix util module '/root/slam/slam/driver_FR_APOLLO/install/_local_setup_util_ps1.py'
[1.092s] INFO:colcon.colcon_core.shell:Creating prefix chain script '/root/slam/slam/driver_FR_APOLLO/install/setup.ps1'
[1.092s] INFO:colcon.colcon_core.shell:Creating prefix script '/root/slam/slam/driver_FR_APOLLO/install/local_setup.sh'
[1.093s] INFO:colcon.colcon_core.shell:Creating prefix util module '/root/slam/slam/driver_FR_APOLLO/install/_local_setup_util_sh.py'
[1.093s] INFO:colcon.colcon_core.shell:Creating prefix chain script '/root/slam/slam/driver_FR_APOLLO/install/setup.sh'
[1.094s] INFO:colcon.colcon_core.shell:Creating prefix script '/root/slam/slam/driver_FR_APOLLO/install/local_setup.bash'
[1.094s] INFO:colcon.colcon_core.shell:Creating prefix chain script '/root/slam/slam/driver_FR_APOLLO/install/setup.bash'
[1.095s] INFO:colcon.colcon_core.shell:Creating prefix script '/root/slam/slam/driver_FR_APOLLO/install/local_setup.zsh'
[1.095s] INFO:colcon.colcon_core.shell:Creating prefix chain script '/root/slam/slam/driver_FR_APOLLO/install/setup.zsh'
