-- The C compiler identification is GNU 11.4.0
-- The CXX compiler identification is GNU 11.4.0
-- Detecting C compiler ABI info
-- Detecting C compiler ABI info - done
-- Check for working C compiler: /usr/bin/cc - skipped
-- Detecting C compile features
-- Detecting C compile features - done
-- Detecting CXX compiler ABI info
-- Detecting CXX compiler ABI info - done
-- Check for working CXX compiler: /usr/bin/c++ - skipped
-- Detecting CXX compile features
-- Detecting CXX compile features - done
-- Found ament_cmake: 1.3.5 (/opt/ros/humble/share/ament_cmake/cmake)
-- Found Python3: /usr/bin/python3.10 (found version "3.10.12") found components: Interpreter 
-- Found rosidl_default_generators: 1.2.0 (/opt/ros/humble/share/rosidl_default_generators/cmake)
-- Using all available rosidl_typesupport_c: rosidl_typesupport_fastrtps_c;rosidl_typesupport_introspection_c
-- Found rosidl_adapter: 3.1.5 (/opt/ros/humble/share/rosidl_adapter/cmake)
-- Using all available rosidl_typesupport_cpp: rosidl_typesupport_fastrtps_cpp;rosidl_typesupport_introspection_cpp
-- Found std_msgs: 4.2.3 (/opt/ros/humble/share/std_msgs/cmake)
-- Found sensor_msgs: 4.2.3 (/opt/ros/humble/share/sensor_msgs/cmake)
-- Found ament_cmake_ros: 0.10.0 (/opt/ros/humble/share/ament_cmake_ros/cmake)
-- Using all available rosidl_typesupport_c: rosidl_typesupport_fastrtps_c;rosidl_typesupport_introspection_c
-- Using all available rosidl_typesupport_cpp: rosidl_typesupport_fastrtps_cpp;rosidl_typesupport_introspection_cpp
-- Found PythonInterp: /root/miniconda3/envs/openalt/bin/python3 (found suitable version "3.11.5", minimum required is "3.6") 
-- Found python_cmake_module: 0.10.0 (/opt/ros/humble/share/python_cmake_module/cmake)
-- Found PythonLibs: /root/miniconda3/envs/openalt/lib/libpython3.11.so (found suitable version "3.11.5", minimum required is "3.5") 
-- Using PYTHON_EXECUTABLE: /root/miniconda3/envs/openalt/bin/python3
-- Using PYTHON_INCLUDE_DIRS: /root/miniconda3/envs/openalt/include/python3.11
-- Using PYTHON_LIBRARIES: /root/miniconda3/envs/openalt/lib/libpython3.11.so
-- Found PythonExtra: .so  
-- Using numpy include directory: /root/miniconda3/envs/openalt/lib/python3.11/site-packages/numpy/core/include
-- Found ament_lint_auto: 0.12.7 (/opt/ros/humble/share/ament_lint_auto/cmake)
-- Added test 'lint_cmake' to check CMake code style
-- Added test 'xmllint' to check XML markup files
-- Configuring done
-- Generating done
-- Build files have been written to: /root/slam/slam/driver_FR_APOLLO/build/lslidar_c16_msg
[  1%] [34m[1mGenerating C code for ROS interfaces[0m
[  2%] [34m[1mGenerating C++ code for ROS interfaces[0m
[  2%] Built target ament_cmake_python_copy_lslidar_c16_msg
running egg_info
creating lslidar_c16_msg.egg-info
writing lslidar_c16_msg.egg-info/PKG-INFO
writing dependency_links to lslidar_c16_msg.egg-info/dependency_links.txt
writing top-level names to lslidar_c16_msg.egg-info/top_level.txt
writing manifest file 'lslidar_c16_msg.egg-info/SOURCES.txt'
reading manifest file 'lslidar_c16_msg.egg-info/SOURCES.txt'
writing manifest file 'lslidar_c16_msg.egg-info/SOURCES.txt'
[  2%] Built target ament_cmake_python_build_lslidar_c16_msg_egg
[  2%] Built target lslidar_c16_msg__cpp
[  3%] [32mBuilding C object CMakeFiles/lslidar_c16_msg__rosidl_generator_c.dir/rosidl_generator_c/lslidar_c16_msg/srv/detail/lslidar_c16_control__functions.c.o[0m
[  5%] [32mBuilding C object CMakeFiles/lslidar_c16_msg__rosidl_generator_c.dir/rosidl_generator_c/lslidar_c16_msg/msg/detail/lslidar_c16_packet__functions.c.o[0m
[  6%] [32mBuilding C object CMakeFiles/lslidar_c16_msg__rosidl_generator_c.dir/rosidl_generator_c/lslidar_c16_msg/msg/detail/lslidar_c16_point__functions.c.o[0m
[  7%] [32mBuilding C object CMakeFiles/lslidar_c16_msg__rosidl_generator_c.dir/rosidl_generator_c/lslidar_c16_msg/msg/detail/lslidar_c16_layer__functions.c.o[0m
[  8%] [32mBuilding C object CMakeFiles/lslidar_c16_msg__rosidl_generator_c.dir/rosidl_generator_c/lslidar_c16_msg/msg/detail/lslidar_c16_scan__functions.c.o[0m
[ 10%] [32mBuilding C object CMakeFiles/lslidar_c16_msg__rosidl_generator_c.dir/rosidl_generator_c/lslidar_c16_msg/msg/detail/lslidar_c16_scan_unified__functions.c.o[0m
[ 11%] [34m[1mGenerating C++ type support dispatch for ROS interfaces[0m
[ 12%] [32mBuilding C object CMakeFiles/lslidar_c16_msg__rosidl_generator_c.dir/rosidl_generator_c/lslidar_c16_msg/msg/detail/lslidar_c16_sweep__functions.c.o[0m
[ 13%] [34m[1mGenerating C++ type support for eProsima Fast-RTPS[0m
[ 15%] [34m[1mGenerating C++ introspection for ROS interfaces[0m
[ 16%] [32m[1mLinking C shared library liblslidar_c16_msg__rosidl_generator_c.so[0m
[ 16%] Built target lslidar_c16_msg__rosidl_generator_c
[ 17%] [34m[1mGenerating C type support for eProsima Fast-RTPS[0m
[ 18%] [34m[1mGenerating C introspection for ROS interfaces[0m
[ 20%] [34m[1mGenerating C type support dispatch for ROS interfaces[0m
[ 21%] [32mBuilding CXX object CMakeFiles/lslidar_c16_msg__rosidl_typesupport_cpp.dir/rosidl_typesupport_cpp/lslidar_c16_msg/srv/lslidar_c16_control__type_support.cpp.o[0m
[ 22%] [32mBuilding CXX object CMakeFiles/lslidar_c16_msg__rosidl_typesupport_cpp.dir/rosidl_typesupport_cpp/lslidar_c16_msg/msg/lslidar_c16_point__type_support.cpp.o[0m
[ 24%] [32mBuilding CXX object CMakeFiles/lslidar_c16_msg__rosidl_typesupport_cpp.dir/rosidl_typesupport_cpp/lslidar_c16_msg/msg/lslidar_c16_scan__type_support.cpp.o[0m
[ 25%] [32mBuilding CXX object CMakeFiles/lslidar_c16_msg__rosidl_typesupport_cpp.dir/rosidl_typesupport_cpp/lslidar_c16_msg/msg/lslidar_c16_packet__type_support.cpp.o[0m
[ 26%] [32mBuilding CXX object CMakeFiles/lslidar_c16_msg__rosidl_typesupport_cpp.dir/rosidl_typesupport_cpp/lslidar_c16_msg/msg/lslidar_c16_scan_unified__type_support.cpp.o[0m
[ 27%] [32mBuilding CXX object CMakeFiles/lslidar_c16_msg__rosidl_typesupport_cpp.dir/rosidl_typesupport_cpp/lslidar_c16_msg/msg/lslidar_c16_layer__type_support.cpp.o[0m
[ 29%] [32mBuilding CXX object CMakeFiles/lslidar_c16_msg__rosidl_typesupport_cpp.dir/rosidl_typesupport_cpp/lslidar_c16_msg/msg/lslidar_c16_sweep__type_support.cpp.o[0m
[ 30%] [32mBuilding CXX object CMakeFiles/lslidar_c16_msg__rosidl_typesupport_c.dir/rosidl_typesupport_c/lslidar_c16_msg/srv/lslidar_c16_control__type_support.cpp.o[0m
[ 31%] [32mBuilding CXX object CMakeFiles/lslidar_c16_msg__rosidl_typesupport_c.dir/rosidl_typesupport_c/lslidar_c16_msg/msg/lslidar_c16_point__type_support.cpp.o[0m
[ 32%] [32mBuilding CXX object CMakeFiles/lslidar_c16_msg__rosidl_typesupport_c.dir/rosidl_typesupport_c/lslidar_c16_msg/msg/lslidar_c16_packet__type_support.cpp.o[0m
[ 35%] [32mBuilding CXX object CMakeFiles/lslidar_c16_msg__rosidl_typesupport_c.dir/rosidl_typesupport_c/lslidar_c16_msg/msg/lslidar_c16_layer__type_support.cpp.o[0m
[ 35%] [32mBuilding CXX object CMakeFiles/lslidar_c16_msg__rosidl_typesupport_c.dir/rosidl_typesupport_c/lslidar_c16_msg/msg/lslidar_c16_scan__type_support.cpp.o[0m
[ 36%] [32mBuilding CXX object CMakeFiles/lslidar_c16_msg__rosidl_typesupport_c.dir/rosidl_typesupport_c/lslidar_c16_msg/msg/lslidar_c16_scan_unified__type_support.cpp.o[0m
[ 37%] [32mBuilding CXX object CMakeFiles/lslidar_c16_msg__rosidl_typesupport_fastrtps_cpp.dir/rosidl_typesupport_fastrtps_cpp/lslidar_c16_msg/msg/detail/dds_fastrtps/lslidar_c16_point__type_support.cpp.o[0m
[ 39%] [32mBuilding CXX object CMakeFiles/lslidar_c16_msg__rosidl_typesupport_fastrtps_cpp.dir/rosidl_typesupport_fastrtps_cpp/lslidar_c16_msg/srv/detail/dds_fastrtps/lslidar_c16_control__type_support.cpp.o[0m
[ 40%] [32mBuilding CXX object CMakeFiles/lslidar_c16_msg__rosidl_typesupport_c.dir/rosidl_typesupport_c/lslidar_c16_msg/msg/lslidar_c16_sweep__type_support.cpp.o[0m
[ 41%] [32mBuilding CXX object CMakeFiles/lslidar_c16_msg__rosidl_typesupport_fastrtps_cpp.dir/rosidl_typesupport_fastrtps_cpp/lslidar_c16_msg/msg/detail/dds_fastrtps/lslidar_c16_packet__type_support.cpp.o[0m
[ 43%] [32mBuilding CXX object CMakeFiles/lslidar_c16_msg__rosidl_typesupport_fastrtps_cpp.dir/rosidl_typesupport_fastrtps_cpp/lslidar_c16_msg/msg/detail/dds_fastrtps/lslidar_c16_scan__type_support.cpp.o[0m
[ 44%] [32mBuilding CXX object CMakeFiles/lslidar_c16_msg__rosidl_typesupport_fastrtps_cpp.dir/rosidl_typesupport_fastrtps_cpp/lslidar_c16_msg/msg/detail/dds_fastrtps/lslidar_c16_layer__type_support.cpp.o[0m
[ 45%] [32mBuilding CXX object CMakeFiles/lslidar_c16_msg__rosidl_typesupport_introspection_cpp.dir/rosidl_typesupport_introspection_cpp/lslidar_c16_msg/srv/detail/lslidar_c16_control__type_support.cpp.o[0m
[ 46%] [32mBuilding CXX object CMakeFiles/lslidar_c16_msg__rosidl_typesupport_introspection_cpp.dir/rosidl_typesupport_introspection_cpp/lslidar_c16_msg/msg/detail/lslidar_c16_point__type_support.cpp.o[0m
[ 48%] [32m[1mLinking CXX shared library liblslidar_c16_msg__rosidl_typesupport_cpp.so[0m
[ 49%] [32m[1mLinking CXX shared library liblslidar_c16_msg__rosidl_typesupport_c.so[0m
[ 50%] [32mBuilding CXX object CMakeFiles/lslidar_c16_msg__rosidl_typesupport_fastrtps_cpp.dir/rosidl_typesupport_fastrtps_cpp/lslidar_c16_msg/msg/detail/dds_fastrtps/lslidar_c16_scan_unified__type_support.cpp.o[0m
[ 50%] Built target lslidar_c16_msg__rosidl_typesupport_cpp
[ 50%] Built target lslidar_c16_msg__rosidl_typesupport_c
[ 51%] [32mBuilding CXX object CMakeFiles/lslidar_c16_msg__rosidl_typesupport_fastrtps_c.dir/rosidl_typesupport_fastrtps_c/lslidar_c16_msg/srv/detail/lslidar_c16_control__type_support_c.cpp.o[0m
[ 53%] [32mBuilding CXX object CMakeFiles/lslidar_c16_msg__rosidl_typesupport_fastrtps_cpp.dir/rosidl_typesupport_fastrtps_cpp/lslidar_c16_msg/msg/detail/dds_fastrtps/lslidar_c16_sweep__type_support.cpp.o[0m
[ 54%] [32mBuilding CXX object CMakeFiles/lslidar_c16_msg__rosidl_typesupport_fastrtps_c.dir/rosidl_typesupport_fastrtps_c/lslidar_c16_msg/msg/detail/lslidar_c16_point__type_support_c.cpp.o[0m
[ 55%] [32mBuilding CXX object CMakeFiles/lslidar_c16_msg__rosidl_typesupport_introspection_cpp.dir/rosidl_typesupport_introspection_cpp/lslidar_c16_msg/msg/detail/lslidar_c16_packet__type_support.cpp.o[0m
[ 56%] [32mBuilding C object CMakeFiles/lslidar_c16_msg__rosidl_typesupport_introspection_c.dir/rosidl_typesupport_introspection_c/lslidar_c16_msg/srv/detail/lslidar_c16_control__type_support.c.o[0m
[ 58%] [32mBuilding CXX object CMakeFiles/lslidar_c16_msg__rosidl_typesupport_introspection_cpp.dir/rosidl_typesupport_introspection_cpp/lslidar_c16_msg/msg/detail/lslidar_c16_scan__type_support.cpp.o[0m
[ 59%] [32mBuilding CXX object CMakeFiles/lslidar_c16_msg__rosidl_typesupport_fastrtps_c.dir/rosidl_typesupport_fastrtps_c/lslidar_c16_msg/msg/detail/lslidar_c16_packet__type_support_c.cpp.o[0m
[ 60%] [32mBuilding C object CMakeFiles/lslidar_c16_msg__rosidl_typesupport_introspection_c.dir/rosidl_typesupport_introspection_c/lslidar_c16_msg/msg/detail/lslidar_c16_point__type_support.c.o[0m
[ 62%] [32mBuilding CXX object CMakeFiles/lslidar_c16_msg__rosidl_typesupport_fastrtps_c.dir/rosidl_typesupport_fastrtps_c/lslidar_c16_msg/msg/detail/lslidar_c16_scan__type_support_c.cpp.o[0m
[ 63%] [32mBuilding CXX object CMakeFiles/lslidar_c16_msg__rosidl_typesupport_introspection_cpp.dir/rosidl_typesupport_introspection_cpp/lslidar_c16_msg/msg/detail/lslidar_c16_scan_unified__type_support.cpp.o[0m
[ 64%] [32mBuilding CXX object CMakeFiles/lslidar_c16_msg__rosidl_typesupport_introspection_cpp.dir/rosidl_typesupport_introspection_cpp/lslidar_c16_msg/msg/detail/lslidar_c16_layer__type_support.cpp.o[0m
[ 65%] [32mBuilding CXX object CMakeFiles/lslidar_c16_msg__rosidl_typesupport_fastrtps_c.dir/rosidl_typesupport_fastrtps_c/lslidar_c16_msg/msg/detail/lslidar_c16_layer__type_support_c.cpp.o[0m
[ 67%] [32mBuilding C object CMakeFiles/lslidar_c16_msg__rosidl_typesupport_introspection_c.dir/rosidl_typesupport_introspection_c/lslidar_c16_msg/msg/detail/lslidar_c16_packet__type_support.c.o[0m
[ 68%] [32mBuilding CXX object CMakeFiles/lslidar_c16_msg__rosidl_typesupport_fastrtps_c.dir/rosidl_typesupport_fastrtps_c/lslidar_c16_msg/msg/detail/lslidar_c16_scan_unified__type_support_c.cpp.o[0m
[ 69%] [32mBuilding C object CMakeFiles/lslidar_c16_msg__rosidl_typesupport_introspection_c.dir/rosidl_typesupport_introspection_c/lslidar_c16_msg/msg/detail/lslidar_c16_scan__type_support.c.o[0m
[ 72%] [32mBuilding C object CMakeFiles/lslidar_c16_msg__rosidl_typesupport_introspection_c.dir/rosidl_typesupport_introspection_c/lslidar_c16_msg/msg/detail/lslidar_c16_layer__type_support.c.o[0m
[ 72%] [32mBuilding CXX object CMakeFiles/lslidar_c16_msg__rosidl_typesupport_fastrtps_c.dir/rosidl_typesupport_fastrtps_c/lslidar_c16_msg/msg/detail/lslidar_c16_sweep__type_support_c.cpp.o[0m
[ 73%] [32m[1mLinking CXX shared library liblslidar_c16_msg__rosidl_typesupport_fastrtps_cpp.so[0m
[ 74%] [32mBuilding CXX object CMakeFiles/lslidar_c16_msg__rosidl_typesupport_introspection_cpp.dir/rosidl_typesupport_introspection_cpp/lslidar_c16_msg/msg/detail/lslidar_c16_sweep__type_support.cpp.o[0m
[ 75%] [32mBuilding C object CMakeFiles/lslidar_c16_msg__rosidl_typesupport_introspection_c.dir/rosidl_typesupport_introspection_c/lslidar_c16_msg/msg/detail/lslidar_c16_scan_unified__type_support.c.o[0m
[ 77%] [32mBuilding C object CMakeFiles/lslidar_c16_msg__rosidl_typesupport_introspection_c.dir/rosidl_typesupport_introspection_c/lslidar_c16_msg/msg/detail/lslidar_c16_sweep__type_support.c.o[0m
[ 78%] [32m[1mLinking C shared library liblslidar_c16_msg__rosidl_typesupport_introspection_c.so[0m
[ 78%] Built target lslidar_c16_msg__rosidl_typesupport_fastrtps_cpp
[ 78%] Built target lslidar_c16_msg__rosidl_typesupport_introspection_c
[ 79%] [32m[1mLinking CXX shared library liblslidar_c16_msg__rosidl_typesupport_fastrtps_c.so[0m
[ 79%] Built target lslidar_c16_msg__rosidl_typesupport_fastrtps_c
[ 81%] [32m[1mLinking CXX shared library liblslidar_c16_msg__rosidl_typesupport_introspection_cpp.so[0m
[ 81%] Built target lslidar_c16_msg__rosidl_typesupport_introspection_cpp
[ 81%] Built target lslidar_c16_msg
[ 82%] [34m[1mGenerating Python code for ROS interfaces[0m
[ 82%] Built target lslidar_c16_msg__py
[ 84%] [32mBuilding C object CMakeFiles/lslidar_c16_msg__rosidl_generator_py.dir/rosidl_generator_py/lslidar_c16_msg/msg/_lslidar_c16_scan_s.c.o[0m
[ 84%] [32mBuilding C object CMakeFiles/lslidar_c16_msg__rosidl_generator_py.dir/rosidl_generator_py/lslidar_c16_msg/msg/_lslidar_c16_layer_s.c.o[0m
[ 86%] [32mBuilding C object CMakeFiles/lslidar_c16_msg__rosidl_generator_py.dir/rosidl_generator_py/lslidar_c16_msg/msg/_lslidar_c16_packet_s.c.o[0m
[ 87%] [32mBuilding C object CMakeFiles/lslidar_c16_msg__rosidl_generator_py.dir/rosidl_generator_py/lslidar_c16_msg/msg/_lslidar_c16_point_s.c.o[0m
[ 88%] [32mBuilding C object CMakeFiles/lslidar_c16_msg__rosidl_generator_py.dir/rosidl_generator_py/lslidar_c16_msg/srv/_lslidar_c16_control_s.c.o[0m
[ 89%] [32mBuilding C object CMakeFiles/lslidar_c16_msg__rosidl_generator_py.dir/rosidl_generator_py/lslidar_c16_msg/msg/_lslidar_c16_sweep_s.c.o[0m
[ 91%] [32mBuilding C object CMakeFiles/lslidar_c16_msg__rosidl_generator_py.dir/rosidl_generator_py/lslidar_c16_msg/msg/_lslidar_c16_scan_unified_s.c.o[0m
[ 92%] [32m[1mLinking C shared library rosidl_generator_py/lslidar_c16_msg/liblslidar_c16_msg__rosidl_generator_py.so[0m
[ 92%] Built target lslidar_c16_msg__rosidl_generator_py
[ 96%] [32mBuilding C object CMakeFiles/lslidar_c16_msg__rosidl_typesupport_fastrtps_c__pyext.dir/rosidl_generator_py/lslidar_c16_msg/_lslidar_c16_msg_s.ep.rosidl_typesupport_fastrtps_c.c.o[0m
[ 96%] [32mBuilding C object CMakeFiles/lslidar_c16_msg__rosidl_typesupport_introspection_c__pyext.dir/rosidl_generator_py/lslidar_c16_msg/_lslidar_c16_msg_s.ep.rosidl_typesupport_introspection_c.c.o[0m
[ 96%] [32mBuilding C object CMakeFiles/lslidar_c16_msg__rosidl_typesupport_c__pyext.dir/rosidl_generator_py/lslidar_c16_msg/_lslidar_c16_msg_s.ep.rosidl_typesupport_c.c.o[0m
[ 97%] [32m[1mLinking C shared library rosidl_generator_py/lslidar_c16_msg/lslidar_c16_msg_s__rosidl_typesupport_introspection_c.cpython-311-x86_64-linux-gnu.so[0m
[100%] [32m[1mLinking C shared library rosidl_generator_py/lslidar_c16_msg/lslidar_c16_msg_s__rosidl_typesupport_fastrtps_c.cpython-311-x86_64-linux-gnu.so[0m
[100%] [32m[1mLinking C shared library rosidl_generator_py/lslidar_c16_msg/lslidar_c16_msg_s__rosidl_typesupport_c.cpython-311-x86_64-linux-gnu.so[0m
[100%] Built target lslidar_c16_msg__rosidl_typesupport_c__pyext
[100%] Built target lslidar_c16_msg__rosidl_typesupport_introspection_c__pyext
[100%] Built target lslidar_c16_msg__rosidl_typesupport_fastrtps_c__pyext
-- Install configuration: ""
-- Installing: /root/slam/slam/driver_FR_APOLLO/install/lslidar_c16_msg/share/ament_index/resource_index/rosidl_interfaces/lslidar_c16_msg
-- Installing: /root/slam/slam/driver_FR_APOLLO/install/lslidar_c16_msg/include/lslidar_c16_msg/lslidar_c16_msg
-- Installing: /root/slam/slam/driver_FR_APOLLO/install/lslidar_c16_msg/include/lslidar_c16_msg/lslidar_c16_msg/srv
-- Installing: /root/slam/slam/driver_FR_APOLLO/install/lslidar_c16_msg/include/lslidar_c16_msg/lslidar_c16_msg/srv/lslidar_c16_control.h
-- Installing: /root/slam/slam/driver_FR_APOLLO/install/lslidar_c16_msg/include/lslidar_c16_msg/lslidar_c16_msg/srv/detail
-- Installing: /root/slam/slam/driver_FR_APOLLO/install/lslidar_c16_msg/include/lslidar_c16_msg/lslidar_c16_msg/srv/detail/lslidar_c16_control__functions.c
-- Installing: /root/slam/slam/driver_FR_APOLLO/install/lslidar_c16_msg/include/lslidar_c16_msg/lslidar_c16_msg/srv/detail/lslidar_c16_control__type_support.h
-- Installing: /root/slam/slam/driver_FR_APOLLO/install/lslidar_c16_msg/include/lslidar_c16_msg/lslidar_c16_msg/srv/detail/lslidar_c16_control__functions.h
-- Installing: /root/slam/slam/driver_FR_APOLLO/install/lslidar_c16_msg/include/lslidar_c16_msg/lslidar_c16_msg/srv/detail/lslidar_c16_control__struct.h
-- Installing: /root/slam/slam/driver_FR_APOLLO/install/lslidar_c16_msg/include/lslidar_c16_msg/lslidar_c16_msg/msg
-- Installing: /root/slam/slam/driver_FR_APOLLO/install/lslidar_c16_msg/include/lslidar_c16_msg/lslidar_c16_msg/msg/lslidar_c16_packet.h
-- Installing: /root/slam/slam/driver_FR_APOLLO/install/lslidar_c16_msg/include/lslidar_c16_msg/lslidar_c16_msg/msg/lslidar_c16_layer.h
-- Installing: /root/slam/slam/driver_FR_APOLLO/install/lslidar_c16_msg/include/lslidar_c16_msg/lslidar_c16_msg/msg/lslidar_c16_point.h
-- Installing: /root/slam/slam/driver_FR_APOLLO/install/lslidar_c16_msg/include/lslidar_c16_msg/lslidar_c16_msg/msg/lslidar_c16_scan_unified.h
-- Installing: /root/slam/slam/driver_FR_APOLLO/install/lslidar_c16_msg/include/lslidar_c16_msg/lslidar_c16_msg/msg/lslidar_c16_sweep.h
-- Installing: /root/slam/slam/driver_FR_APOLLO/install/lslidar_c16_msg/include/lslidar_c16_msg/lslidar_c16_msg/msg/lslidar_c16_scan.h
-- Installing: /root/slam/slam/driver_FR_APOLLO/install/lslidar_c16_msg/include/lslidar_c16_msg/lslidar_c16_msg/msg/detail
-- Installing: /root/slam/slam/driver_FR_APOLLO/install/lslidar_c16_msg/include/lslidar_c16_msg/lslidar_c16_msg/msg/detail/lslidar_c16_scan__type_support.h
-- Installing: /root/slam/slam/driver_FR_APOLLO/install/lslidar_c16_msg/include/lslidar_c16_msg/lslidar_c16_msg/msg/detail/lslidar_c16_sweep__functions.c
-- Installing: /root/slam/slam/driver_FR_APOLLO/install/lslidar_c16_msg/include/lslidar_c16_msg/lslidar_c16_msg/msg/detail/lslidar_c16_scan_unified__type_support.h
-- Installing: /root/slam/slam/driver_FR_APOLLO/install/lslidar_c16_msg/include/lslidar_c16_msg/lslidar_c16_msg/msg/detail/lslidar_c16_layer__type_support.h
-- Installing: /root/slam/slam/driver_FR_APOLLO/install/lslidar_c16_msg/include/lslidar_c16_msg/lslidar_c16_msg/msg/detail/lslidar_c16_packet__type_support.h
-- Installing: /root/slam/slam/driver_FR_APOLLO/install/lslidar_c16_msg/include/lslidar_c16_msg/lslidar_c16_msg/msg/detail/lslidar_c16_scan__functions.h
-- Installing: /root/slam/slam/driver_FR_APOLLO/install/lslidar_c16_msg/include/lslidar_c16_msg/lslidar_c16_msg/msg/detail/lslidar_c16_scan_unified__struct.h
-- Installing: /root/slam/slam/driver_FR_APOLLO/install/lslidar_c16_msg/include/lslidar_c16_msg/lslidar_c16_msg/msg/detail/lslidar_c16_layer__struct.h
-- Installing: /root/slam/slam/driver_FR_APOLLO/install/lslidar_c16_msg/include/lslidar_c16_msg/lslidar_c16_msg/msg/detail/lslidar_c16_point__struct.h
-- Installing: /root/slam/slam/driver_FR_APOLLO/install/lslidar_c16_msg/include/lslidar_c16_msg/lslidar_c16_msg/msg/detail/lslidar_c16_scan__struct.h
-- Installing: /root/slam/slam/driver_FR_APOLLO/install/lslidar_c16_msg/include/lslidar_c16_msg/lslidar_c16_msg/msg/detail/lslidar_c16_sweep__struct.h
-- Installing: /root/slam/slam/driver_FR_APOLLO/install/lslidar_c16_msg/include/lslidar_c16_msg/lslidar_c16_msg/msg/detail/lslidar_c16_scan_unified__functions.c
-- Installing: /root/slam/slam/driver_FR_APOLLO/install/lslidar_c16_msg/include/lslidar_c16_msg/lslidar_c16_msg/msg/detail/lslidar_c16_layer__functions.h
-- Installing: /root/slam/slam/driver_FR_APOLLO/install/lslidar_c16_msg/include/lslidar_c16_msg/lslidar_c16_msg/msg/detail/lslidar_c16_scan_unified__functions.h
-- Installing: /root/slam/slam/driver_FR_APOLLO/install/lslidar_c16_msg/include/lslidar_c16_msg/lslidar_c16_msg/msg/detail/lslidar_c16_layer__functions.c
-- Installing: /root/slam/slam/driver_FR_APOLLO/install/lslidar_c16_msg/include/lslidar_c16_msg/lslidar_c16_msg/msg/detail/lslidar_c16_scan__functions.c
-- Installing: /root/slam/slam/driver_FR_APOLLO/install/lslidar_c16_msg/include/lslidar_c16_msg/lslidar_c16_msg/msg/detail/lslidar_c16_sweep__functions.h
-- Installing: /root/slam/slam/driver_FR_APOLLO/install/lslidar_c16_msg/include/lslidar_c16_msg/lslidar_c16_msg/msg/detail/lslidar_c16_packet__functions.h
-- Installing: /root/slam/slam/driver_FR_APOLLO/install/lslidar_c16_msg/include/lslidar_c16_msg/lslidar_c16_msg/msg/detail/lslidar_c16_sweep__type_support.h
-- Installing: /root/slam/slam/driver_FR_APOLLO/install/lslidar_c16_msg/include/lslidar_c16_msg/lslidar_c16_msg/msg/detail/lslidar_c16_point__type_support.h
-- Installing: /root/slam/slam/driver_FR_APOLLO/install/lslidar_c16_msg/include/lslidar_c16_msg/lslidar_c16_msg/msg/detail/lslidar_c16_packet__functions.c
-- Installing: /root/slam/slam/driver_FR_APOLLO/install/lslidar_c16_msg/include/lslidar_c16_msg/lslidar_c16_msg/msg/detail/lslidar_c16_point__functions.h
-- Installing: /root/slam/slam/driver_FR_APOLLO/install/lslidar_c16_msg/include/lslidar_c16_msg/lslidar_c16_msg/msg/detail/lslidar_c16_packet__struct.h
-- Installing: /root/slam/slam/driver_FR_APOLLO/install/lslidar_c16_msg/include/lslidar_c16_msg/lslidar_c16_msg/msg/detail/lslidar_c16_point__functions.c
-- Installing: /root/slam/slam/driver_FR_APOLLO/install/lslidar_c16_msg/include/lslidar_c16_msg/lslidar_c16_msg/msg/rosidl_generator_c__visibility_control.h
-- Installing: /root/slam/slam/driver_FR_APOLLO/install/lslidar_c16_msg/share/lslidar_c16_msg/environment/library_path.sh
-- Installing: /root/slam/slam/driver_FR_APOLLO/install/lslidar_c16_msg/share/lslidar_c16_msg/environment/library_path.dsv
-- Installing: /root/slam/slam/driver_FR_APOLLO/install/lslidar_c16_msg/lib/liblslidar_c16_msg__rosidl_generator_c.so
-- Set runtime path of "/root/slam/slam/driver_FR_APOLLO/install/lslidar_c16_msg/lib/liblslidar_c16_msg__rosidl_generator_c.so" to ""
-- Up-to-date: /root/slam/slam/driver_FR_APOLLO/install/lslidar_c16_msg/include/lslidar_c16_msg/lslidar_c16_msg
-- Up-to-date: /root/slam/slam/driver_FR_APOLLO/install/lslidar_c16_msg/include/lslidar_c16_msg/lslidar_c16_msg/srv
-- Up-to-date: /root/slam/slam/driver_FR_APOLLO/install/lslidar_c16_msg/include/lslidar_c16_msg/lslidar_c16_msg/srv/detail
-- Installing: /root/slam/slam/driver_FR_APOLLO/install/lslidar_c16_msg/include/lslidar_c16_msg/lslidar_c16_msg/srv/detail/lslidar_c16_control__rosidl_typesupport_fastrtps_c.h
-- Up-to-date: /root/slam/slam/driver_FR_APOLLO/install/lslidar_c16_msg/include/lslidar_c16_msg/lslidar_c16_msg/msg
-- Up-to-date: /root/slam/slam/driver_FR_APOLLO/install/lslidar_c16_msg/include/lslidar_c16_msg/lslidar_c16_msg/msg/detail
-- Installing: /root/slam/slam/driver_FR_APOLLO/install/lslidar_c16_msg/include/lslidar_c16_msg/lslidar_c16_msg/msg/detail/lslidar_c16_point__rosidl_typesupport_fastrtps_c.h
-- Installing: /root/slam/slam/driver_FR_APOLLO/install/lslidar_c16_msg/include/lslidar_c16_msg/lslidar_c16_msg/msg/detail/lslidar_c16_scan_unified__rosidl_typesupport_fastrtps_c.h
-- Installing: /root/slam/slam/driver_FR_APOLLO/install/lslidar_c16_msg/include/lslidar_c16_msg/lslidar_c16_msg/msg/detail/lslidar_c16_scan__rosidl_typesupport_fastrtps_c.h
-- Installing: /root/slam/slam/driver_FR_APOLLO/install/lslidar_c16_msg/include/lslidar_c16_msg/lslidar_c16_msg/msg/detail/lslidar_c16_sweep__rosidl_typesupport_fastrtps_c.h
-- Installing: /root/slam/slam/driver_FR_APOLLO/install/lslidar_c16_msg/include/lslidar_c16_msg/lslidar_c16_msg/msg/detail/lslidar_c16_packet__rosidl_typesupport_fastrtps_c.h
-- Installing: /root/slam/slam/driver_FR_APOLLO/install/lslidar_c16_msg/include/lslidar_c16_msg/lslidar_c16_msg/msg/detail/lslidar_c16_layer__rosidl_typesupport_fastrtps_c.h
-- Installing: /root/slam/slam/driver_FR_APOLLO/install/lslidar_c16_msg/include/lslidar_c16_msg/lslidar_c16_msg/msg/rosidl_typesupport_fastrtps_c__visibility_control.h
-- Installing: /root/slam/slam/driver_FR_APOLLO/install/lslidar_c16_msg/lib/liblslidar_c16_msg__rosidl_typesupport_fastrtps_c.so
-- Set runtime path of "/root/slam/slam/driver_FR_APOLLO/install/lslidar_c16_msg/lib/liblslidar_c16_msg__rosidl_typesupport_fastrtps_c.so" to ""
-- Up-to-date: /root/slam/slam/driver_FR_APOLLO/install/lslidar_c16_msg/include/lslidar_c16_msg/lslidar_c16_msg
-- Up-to-date: /root/slam/slam/driver_FR_APOLLO/install/lslidar_c16_msg/include/lslidar_c16_msg/lslidar_c16_msg/srv
-- Up-to-date: /root/slam/slam/driver_FR_APOLLO/install/lslidar_c16_msg/include/lslidar_c16_msg/lslidar_c16_msg/srv/detail
-- Installing: /root/slam/slam/driver_FR_APOLLO/install/lslidar_c16_msg/include/lslidar_c16_msg/lslidar_c16_msg/srv/detail/lslidar_c16_control__rosidl_typesupport_introspection_c.h
-- Installing: /root/slam/slam/driver_FR_APOLLO/install/lslidar_c16_msg/include/lslidar_c16_msg/lslidar_c16_msg/srv/detail/lslidar_c16_control__type_support.c
-- Up-to-date: /root/slam/slam/driver_FR_APOLLO/install/lslidar_c16_msg/include/lslidar_c16_msg/lslidar_c16_msg/msg
-- Up-to-date: /root/slam/slam/driver_FR_APOLLO/install/lslidar_c16_msg/include/lslidar_c16_msg/lslidar_c16_msg/msg/detail
-- Installing: /root/slam/slam/driver_FR_APOLLO/install/lslidar_c16_msg/include/lslidar_c16_msg/lslidar_c16_msg/msg/detail/lslidar_c16_point__type_support.c
-- Installing: /root/slam/slam/driver_FR_APOLLO/install/lslidar_c16_msg/include/lslidar_c16_msg/lslidar_c16_msg/msg/detail/lslidar_c16_scan_unified__rosidl_typesupport_introspection_c.h
-- Installing: /root/slam/slam/driver_FR_APOLLO/install/lslidar_c16_msg/include/lslidar_c16_msg/lslidar_c16_msg/msg/detail/lslidar_c16_sweep__type_support.c
-- Installing: /root/slam/slam/driver_FR_APOLLO/install/lslidar_c16_msg/include/lslidar_c16_msg/lslidar_c16_msg/msg/detail/lslidar_c16_layer__rosidl_typesupport_introspection_c.h
-- Installing: /root/slam/slam/driver_FR_APOLLO/install/lslidar_c16_msg/include/lslidar_c16_msg/lslidar_c16_msg/msg/detail/lslidar_c16_layer__type_support.c
-- Installing: /root/slam/slam/driver_FR_APOLLO/install/lslidar_c16_msg/include/lslidar_c16_msg/lslidar_c16_msg/msg/detail/lslidar_c16_packet__rosidl_typesupport_introspection_c.h
-- Installing: /root/slam/slam/driver_FR_APOLLO/install/lslidar_c16_msg/include/lslidar_c16_msg/lslidar_c16_msg/msg/detail/lslidar_c16_point__rosidl_typesupport_introspection_c.h
-- Installing: /root/slam/slam/driver_FR_APOLLO/install/lslidar_c16_msg/include/lslidar_c16_msg/lslidar_c16_msg/msg/detail/lslidar_c16_packet__type_support.c
-- Installing: /root/slam/slam/driver_FR_APOLLO/install/lslidar_c16_msg/include/lslidar_c16_msg/lslidar_c16_msg/msg/detail/lslidar_c16_scan_unified__type_support.c
-- Installing: /root/slam/slam/driver_FR_APOLLO/install/lslidar_c16_msg/include/lslidar_c16_msg/lslidar_c16_msg/msg/detail/lslidar_c16_scan__type_support.c
-- Installing: /root/slam/slam/driver_FR_APOLLO/install/lslidar_c16_msg/include/lslidar_c16_msg/lslidar_c16_msg/msg/detail/lslidar_c16_sweep__rosidl_typesupport_introspection_c.h
-- Installing: /root/slam/slam/driver_FR_APOLLO/install/lslidar_c16_msg/include/lslidar_c16_msg/lslidar_c16_msg/msg/detail/lslidar_c16_scan__rosidl_typesupport_introspection_c.h
-- Installing: /root/slam/slam/driver_FR_APOLLO/install/lslidar_c16_msg/include/lslidar_c16_msg/lslidar_c16_msg/msg/rosidl_typesupport_introspection_c__visibility_control.h
-- Installing: /root/slam/slam/driver_FR_APOLLO/install/lslidar_c16_msg/lib/liblslidar_c16_msg__rosidl_typesupport_introspection_c.so
-- Set runtime path of "/root/slam/slam/driver_FR_APOLLO/install/lslidar_c16_msg/lib/liblslidar_c16_msg__rosidl_typesupport_introspection_c.so" to ""
-- Installing: /root/slam/slam/driver_FR_APOLLO/install/lslidar_c16_msg/lib/liblslidar_c16_msg__rosidl_typesupport_c.so
-- Set runtime path of "/root/slam/slam/driver_FR_APOLLO/install/lslidar_c16_msg/lib/liblslidar_c16_msg__rosidl_typesupport_c.so" to ""
-- Up-to-date: /root/slam/slam/driver_FR_APOLLO/install/lslidar_c16_msg/include/lslidar_c16_msg/lslidar_c16_msg
-- Up-to-date: /root/slam/slam/driver_FR_APOLLO/install/lslidar_c16_msg/include/lslidar_c16_msg/lslidar_c16_msg/srv
-- Installing: /root/slam/slam/driver_FR_APOLLO/install/lslidar_c16_msg/include/lslidar_c16_msg/lslidar_c16_msg/srv/lslidar_c16_control.hpp
-- Up-to-date: /root/slam/slam/driver_FR_APOLLO/install/lslidar_c16_msg/include/lslidar_c16_msg/lslidar_c16_msg/srv/detail
-- Installing: /root/slam/slam/driver_FR_APOLLO/install/lslidar_c16_msg/include/lslidar_c16_msg/lslidar_c16_msg/srv/detail/lslidar_c16_control__traits.hpp
-- Installing: /root/slam/slam/driver_FR_APOLLO/install/lslidar_c16_msg/include/lslidar_c16_msg/lslidar_c16_msg/srv/detail/lslidar_c16_control__struct.hpp
-- Installing: /root/slam/slam/driver_FR_APOLLO/install/lslidar_c16_msg/include/lslidar_c16_msg/lslidar_c16_msg/srv/detail/lslidar_c16_control__builder.hpp
-- Up-to-date: /root/slam/slam/driver_FR_APOLLO/install/lslidar_c16_msg/include/lslidar_c16_msg/lslidar_c16_msg/msg
-- Installing: /root/slam/slam/driver_FR_APOLLO/install/lslidar_c16_msg/include/lslidar_c16_msg/lslidar_c16_msg/msg/lslidar_c16_scan_unified.hpp
-- Installing: /root/slam/slam/driver_FR_APOLLO/install/lslidar_c16_msg/include/lslidar_c16_msg/lslidar_c16_msg/msg/lslidar_c16_sweep.hpp
-- Installing: /root/slam/slam/driver_FR_APOLLO/install/lslidar_c16_msg/include/lslidar_c16_msg/lslidar_c16_msg/msg/lslidar_c16_packet.hpp
-- Installing: /root/slam/slam/driver_FR_APOLLO/install/lslidar_c16_msg/include/lslidar_c16_msg/lslidar_c16_msg/msg/lslidar_c16_layer.hpp
-- Installing: /root/slam/slam/driver_FR_APOLLO/install/lslidar_c16_msg/include/lslidar_c16_msg/lslidar_c16_msg/msg/lslidar_c16_point.hpp
-- Up-to-date: /root/slam/slam/driver_FR_APOLLO/install/lslidar_c16_msg/include/lslidar_c16_msg/lslidar_c16_msg/msg/detail
-- Installing: /root/slam/slam/driver_FR_APOLLO/install/lslidar_c16_msg/include/lslidar_c16_msg/lslidar_c16_msg/msg/detail/lslidar_c16_scan_unified__builder.hpp
-- Installing: /root/slam/slam/driver_FR_APOLLO/install/lslidar_c16_msg/include/lslidar_c16_msg/lslidar_c16_msg/msg/detail/lslidar_c16_scan_unified__struct.hpp
-- Installing: /root/slam/slam/driver_FR_APOLLO/install/lslidar_c16_msg/include/lslidar_c16_msg/lslidar_c16_msg/msg/detail/lslidar_c16_point__struct.hpp
-- Installing: /root/slam/slam/driver_FR_APOLLO/install/lslidar_c16_msg/include/lslidar_c16_msg/lslidar_c16_msg/msg/detail/lslidar_c16_scan__traits.hpp
-- Installing: /root/slam/slam/driver_FR_APOLLO/install/lslidar_c16_msg/include/lslidar_c16_msg/lslidar_c16_msg/msg/detail/lslidar_c16_sweep__traits.hpp
-- Installing: /root/slam/slam/driver_FR_APOLLO/install/lslidar_c16_msg/include/lslidar_c16_msg/lslidar_c16_msg/msg/detail/lslidar_c16_scan__builder.hpp
-- Installing: /root/slam/slam/driver_FR_APOLLO/install/lslidar_c16_msg/include/lslidar_c16_msg/lslidar_c16_msg/msg/detail/lslidar_c16_layer__traits.hpp
-- Installing: /root/slam/slam/driver_FR_APOLLO/install/lslidar_c16_msg/include/lslidar_c16_msg/lslidar_c16_msg/msg/detail/lslidar_c16_sweep__struct.hpp
-- Installing: /root/slam/slam/driver_FR_APOLLO/install/lslidar_c16_msg/include/lslidar_c16_msg/lslidar_c16_msg/msg/detail/lslidar_c16_scan_unified__traits.hpp
-- Installing: /root/slam/slam/driver_FR_APOLLO/install/lslidar_c16_msg/include/lslidar_c16_msg/lslidar_c16_msg/msg/detail/lslidar_c16_point__traits.hpp
-- Installing: /root/slam/slam/driver_FR_APOLLO/install/lslidar_c16_msg/include/lslidar_c16_msg/lslidar_c16_msg/msg/detail/lslidar_c16_sweep__builder.hpp
-- Installing: /root/slam/slam/driver_FR_APOLLO/install/lslidar_c16_msg/include/lslidar_c16_msg/lslidar_c16_msg/msg/detail/lslidar_c16_point__builder.hpp
-- Installing: /root/slam/slam/driver_FR_APOLLO/install/lslidar_c16_msg/include/lslidar_c16_msg/lslidar_c16_msg/msg/detail/lslidar_c16_scan__struct.hpp
-- Installing: /root/slam/slam/driver_FR_APOLLO/install/lslidar_c16_msg/include/lslidar_c16_msg/lslidar_c16_msg/msg/detail/lslidar_c16_layer__struct.hpp
-- Installing: /root/slam/slam/driver_FR_APOLLO/install/lslidar_c16_msg/include/lslidar_c16_msg/lslidar_c16_msg/msg/detail/lslidar_c16_packet__struct.hpp
-- Installing: /root/slam/slam/driver_FR_APOLLO/install/lslidar_c16_msg/include/lslidar_c16_msg/lslidar_c16_msg/msg/detail/lslidar_c16_packet__builder.hpp
-- Installing: /root/slam/slam/driver_FR_APOLLO/install/lslidar_c16_msg/include/lslidar_c16_msg/lslidar_c16_msg/msg/detail/lslidar_c16_layer__builder.hpp
-- Installing: /root/slam/slam/driver_FR_APOLLO/install/lslidar_c16_msg/include/lslidar_c16_msg/lslidar_c16_msg/msg/detail/lslidar_c16_packet__traits.hpp
-- Installing: /root/slam/slam/driver_FR_APOLLO/install/lslidar_c16_msg/include/lslidar_c16_msg/lslidar_c16_msg/msg/lslidar_c16_scan.hpp
-- Up-to-date: /root/slam/slam/driver_FR_APOLLO/install/lslidar_c16_msg/include/lslidar_c16_msg/lslidar_c16_msg
-- Up-to-date: /root/slam/slam/driver_FR_APOLLO/install/lslidar_c16_msg/include/lslidar_c16_msg/lslidar_c16_msg/srv
-- Up-to-date: /root/slam/slam/driver_FR_APOLLO/install/lslidar_c16_msg/include/lslidar_c16_msg/lslidar_c16_msg/srv/detail
-- Installing: /root/slam/slam/driver_FR_APOLLO/install/lslidar_c16_msg/include/lslidar_c16_msg/lslidar_c16_msg/srv/detail/dds_fastrtps
-- Installing: /root/slam/slam/driver_FR_APOLLO/install/lslidar_c16_msg/include/lslidar_c16_msg/lslidar_c16_msg/srv/detail/lslidar_c16_control__rosidl_typesupport_fastrtps_cpp.hpp
-- Up-to-date: /root/slam/slam/driver_FR_APOLLO/install/lslidar_c16_msg/include/lslidar_c16_msg/lslidar_c16_msg/msg
-- Installing: /root/slam/slam/driver_FR_APOLLO/install/lslidar_c16_msg/include/lslidar_c16_msg/lslidar_c16_msg/msg/rosidl_typesupport_fastrtps_cpp__visibility_control.h
-- Up-to-date: /root/slam/slam/driver_FR_APOLLO/install/lslidar_c16_msg/include/lslidar_c16_msg/lslidar_c16_msg/msg/detail
-- Installing: /root/slam/slam/driver_FR_APOLLO/install/lslidar_c16_msg/include/lslidar_c16_msg/lslidar_c16_msg/msg/detail/lslidar_c16_layer__rosidl_typesupport_fastrtps_cpp.hpp
-- Installing: /root/slam/slam/driver_FR_APOLLO/install/lslidar_c16_msg/include/lslidar_c16_msg/lslidar_c16_msg/msg/detail/dds_fastrtps
-- Installing: /root/slam/slam/driver_FR_APOLLO/install/lslidar_c16_msg/include/lslidar_c16_msg/lslidar_c16_msg/msg/detail/lslidar_c16_scan__rosidl_typesupport_fastrtps_cpp.hpp
-- Installing: /root/slam/slam/driver_FR_APOLLO/install/lslidar_c16_msg/include/lslidar_c16_msg/lslidar_c16_msg/msg/detail/lslidar_c16_point__rosidl_typesupport_fastrtps_cpp.hpp
-- Installing: /root/slam/slam/driver_FR_APOLLO/install/lslidar_c16_msg/include/lslidar_c16_msg/lslidar_c16_msg/msg/detail/lslidar_c16_sweep__rosidl_typesupport_fastrtps_cpp.hpp
-- Installing: /root/slam/slam/driver_FR_APOLLO/install/lslidar_c16_msg/include/lslidar_c16_msg/lslidar_c16_msg/msg/detail/lslidar_c16_scan_unified__rosidl_typesupport_fastrtps_cpp.hpp
-- Installing: /root/slam/slam/driver_FR_APOLLO/install/lslidar_c16_msg/include/lslidar_c16_msg/lslidar_c16_msg/msg/detail/lslidar_c16_packet__rosidl_typesupport_fastrtps_cpp.hpp
-- Installing: /root/slam/slam/driver_FR_APOLLO/install/lslidar_c16_msg/lib/liblslidar_c16_msg__rosidl_typesupport_fastrtps_cpp.so
-- Set runtime path of "/root/slam/slam/driver_FR_APOLLO/install/lslidar_c16_msg/lib/liblslidar_c16_msg__rosidl_typesupport_fastrtps_cpp.so" to ""
-- Up-to-date: /root/slam/slam/driver_FR_APOLLO/install/lslidar_c16_msg/include/lslidar_c16_msg/lslidar_c16_msg
-- Up-to-date: /root/slam/slam/driver_FR_APOLLO/install/lslidar_c16_msg/include/lslidar_c16_msg/lslidar_c16_msg/srv
-- Up-to-date: /root/slam/slam/driver_FR_APOLLO/install/lslidar_c16_msg/include/lslidar_c16_msg/lslidar_c16_msg/srv/detail
-- Installing: /root/slam/slam/driver_FR_APOLLO/install/lslidar_c16_msg/include/lslidar_c16_msg/lslidar_c16_msg/srv/detail/lslidar_c16_control__type_support.cpp
-- Installing: /root/slam/slam/driver_FR_APOLLO/install/lslidar_c16_msg/include/lslidar_c16_msg/lslidar_c16_msg/srv/detail/lslidar_c16_control__rosidl_typesupport_introspection_cpp.hpp
-- Up-to-date: /root/slam/slam/driver_FR_APOLLO/install/lslidar_c16_msg/include/lslidar_c16_msg/lslidar_c16_msg/msg
-- Up-to-date: /root/slam/slam/driver_FR_APOLLO/install/lslidar_c16_msg/include/lslidar_c16_msg/lslidar_c16_msg/msg/detail
-- Installing: /root/slam/slam/driver_FR_APOLLO/install/lslidar_c16_msg/include/lslidar_c16_msg/lslidar_c16_msg/msg/detail/lslidar_c16_sweep__rosidl_typesupport_introspection_cpp.hpp
-- Installing: /root/slam/slam/driver_FR_APOLLO/install/lslidar_c16_msg/include/lslidar_c16_msg/lslidar_c16_msg/msg/detail/lslidar_c16_scan__type_support.cpp
-- Installing: /root/slam/slam/driver_FR_APOLLO/install/lslidar_c16_msg/include/lslidar_c16_msg/lslidar_c16_msg/msg/detail/lslidar_c16_layer__rosidl_typesupport_introspection_cpp.hpp
-- Installing: /root/slam/slam/driver_FR_APOLLO/install/lslidar_c16_msg/include/lslidar_c16_msg/lslidar_c16_msg/msg/detail/lslidar_c16_scan_unified__rosidl_typesupport_introspection_cpp.hpp
-- Installing: /root/slam/slam/driver_FR_APOLLO/install/lslidar_c16_msg/include/lslidar_c16_msg/lslidar_c16_msg/msg/detail/lslidar_c16_sweep__type_support.cpp
-- Installing: /root/slam/slam/driver_FR_APOLLO/install/lslidar_c16_msg/include/lslidar_c16_msg/lslidar_c16_msg/msg/detail/lslidar_c16_scan_unified__type_support.cpp
-- Installing: /root/slam/slam/driver_FR_APOLLO/install/lslidar_c16_msg/include/lslidar_c16_msg/lslidar_c16_msg/msg/detail/lslidar_c16_scan__rosidl_typesupport_introspection_cpp.hpp
-- Installing: /root/slam/slam/driver_FR_APOLLO/install/lslidar_c16_msg/include/lslidar_c16_msg/lslidar_c16_msg/msg/detail/lslidar_c16_layer__type_support.cpp
-- Installing: /root/slam/slam/driver_FR_APOLLO/install/lslidar_c16_msg/include/lslidar_c16_msg/lslidar_c16_msg/msg/detail/lslidar_c16_point__rosidl_typesupport_introspection_cpp.hpp
-- Installing: /root/slam/slam/driver_FR_APOLLO/install/lslidar_c16_msg/include/lslidar_c16_msg/lslidar_c16_msg/msg/detail/lslidar_c16_packet__type_support.cpp
-- Installing: /root/slam/slam/driver_FR_APOLLO/install/lslidar_c16_msg/include/lslidar_c16_msg/lslidar_c16_msg/msg/detail/lslidar_c16_point__type_support.cpp
-- Installing: /root/slam/slam/driver_FR_APOLLO/install/lslidar_c16_msg/include/lslidar_c16_msg/lslidar_c16_msg/msg/detail/lslidar_c16_packet__rosidl_typesupport_introspection_cpp.hpp
-- Installing: /root/slam/slam/driver_FR_APOLLO/install/lslidar_c16_msg/lib/liblslidar_c16_msg__rosidl_typesupport_introspection_cpp.so
-- Set runtime path of "/root/slam/slam/driver_FR_APOLLO/install/lslidar_c16_msg/lib/liblslidar_c16_msg__rosidl_typesupport_introspection_cpp.so" to ""
-- Installing: /root/slam/slam/driver_FR_APOLLO/install/lslidar_c16_msg/lib/liblslidar_c16_msg__rosidl_typesupport_cpp.so
-- Set runtime path of "/root/slam/slam/driver_FR_APOLLO/install/lslidar_c16_msg/lib/liblslidar_c16_msg__rosidl_typesupport_cpp.so" to ""
-- Installing: /root/slam/slam/driver_FR_APOLLO/install/lslidar_c16_msg/share/lslidar_c16_msg/environment/pythonpath.sh
-- Installing: /root/slam/slam/driver_FR_APOLLO/install/lslidar_c16_msg/share/lslidar_c16_msg/environment/pythonpath.dsv
-- Installing: /root/slam/slam/driver_FR_APOLLO/install/lslidar_c16_msg/local/lib/python3.10/dist-packages/lslidar_c16_msg-0.0.0-py3.10.egg-info
-- Installing: /root/slam/slam/driver_FR_APOLLO/install/lslidar_c16_msg/local/lib/python3.10/dist-packages/lslidar_c16_msg-0.0.0-py3.10.egg-info/dependency_links.txt
-- Installing: /root/slam/slam/driver_FR_APOLLO/install/lslidar_c16_msg/local/lib/python3.10/dist-packages/lslidar_c16_msg-0.0.0-py3.10.egg-info/PKG-INFO
-- Installing: /root/slam/slam/driver_FR_APOLLO/install/lslidar_c16_msg/local/lib/python3.10/dist-packages/lslidar_c16_msg-0.0.0-py3.10.egg-info/SOURCES.txt
-- Installing: /root/slam/slam/driver_FR_APOLLO/install/lslidar_c16_msg/local/lib/python3.10/dist-packages/lslidar_c16_msg-0.0.0-py3.10.egg-info/top_level.txt
-- Installing: /root/slam/slam/driver_FR_APOLLO/install/lslidar_c16_msg/local/lib/python3.10/dist-packages/lslidar_c16_msg
-- Installing: /root/slam/slam/driver_FR_APOLLO/install/lslidar_c16_msg/local/lib/python3.10/dist-packages/lslidar_c16_msg/_lslidar_c16_msg_s.ep.rosidl_typesupport_fastrtps_c.c
-- Installing: /root/slam/slam/driver_FR_APOLLO/install/lslidar_c16_msg/local/lib/python3.10/dist-packages/lslidar_c16_msg/lslidar_c16_msg_s__rosidl_typesupport_c.cpython-311-x86_64-linux-gnu.so
-- Installing: /root/slam/slam/driver_FR_APOLLO/install/lslidar_c16_msg/local/lib/python3.10/dist-packages/lslidar_c16_msg/_lslidar_c16_msg_s.ep.rosidl_typesupport_c.c
-- Installing: /root/slam/slam/driver_FR_APOLLO/install/lslidar_c16_msg/local/lib/python3.10/dist-packages/lslidar_c16_msg/lslidar_c16_msg_s__rosidl_typesupport_introspection_c.cpython-311-x86_64-linux-gnu.so
-- Installing: /root/slam/slam/driver_FR_APOLLO/install/lslidar_c16_msg/local/lib/python3.10/dist-packages/lslidar_c16_msg/lslidar_c16_msg_s__rosidl_typesupport_fastrtps_c.cpython-311-x86_64-linux-gnu.so
-- Installing: /root/slam/slam/driver_FR_APOLLO/install/lslidar_c16_msg/local/lib/python3.10/dist-packages/lslidar_c16_msg/_lslidar_c16_msg_s.ep.rosidl_typesupport_introspection_c.c
-- Installing: /root/slam/slam/driver_FR_APOLLO/install/lslidar_c16_msg/local/lib/python3.10/dist-packages/lslidar_c16_msg/liblslidar_c16_msg__rosidl_generator_py.so
-- Installing: /root/slam/slam/driver_FR_APOLLO/install/lslidar_c16_msg/local/lib/python3.10/dist-packages/lslidar_c16_msg/srv
-- Installing: /root/slam/slam/driver_FR_APOLLO/install/lslidar_c16_msg/local/lib/python3.10/dist-packages/lslidar_c16_msg/srv/_lslidar_c16_control.py
-- Installing: /root/slam/slam/driver_FR_APOLLO/install/lslidar_c16_msg/local/lib/python3.10/dist-packages/lslidar_c16_msg/srv/__init__.py
-- Installing: /root/slam/slam/driver_FR_APOLLO/install/lslidar_c16_msg/local/lib/python3.10/dist-packages/lslidar_c16_msg/srv/_lslidar_c16_control_s.c
-- Installing: /root/slam/slam/driver_FR_APOLLO/install/lslidar_c16_msg/local/lib/python3.10/dist-packages/lslidar_c16_msg/msg
-- Installing: /root/slam/slam/driver_FR_APOLLO/install/lslidar_c16_msg/local/lib/python3.10/dist-packages/lslidar_c16_msg/msg/_lslidar_c16_layer_s.c
-- Installing: /root/slam/slam/driver_FR_APOLLO/install/lslidar_c16_msg/local/lib/python3.10/dist-packages/lslidar_c16_msg/msg/_lslidar_c16_layer.py
-- Installing: /root/slam/slam/driver_FR_APOLLO/install/lslidar_c16_msg/local/lib/python3.10/dist-packages/lslidar_c16_msg/msg/_lslidar_c16_scan.py
-- Installing: /root/slam/slam/driver_FR_APOLLO/install/lslidar_c16_msg/local/lib/python3.10/dist-packages/lslidar_c16_msg/msg/_lslidar_c16_sweep.py
-- Installing: /root/slam/slam/driver_FR_APOLLO/install/lslidar_c16_msg/local/lib/python3.10/dist-packages/lslidar_c16_msg/msg/_lslidar_c16_packet_s.c
-- Installing: /root/slam/slam/driver_FR_APOLLO/install/lslidar_c16_msg/local/lib/python3.10/dist-packages/lslidar_c16_msg/msg/_lslidar_c16_scan_unified_s.c
-- Installing: /root/slam/slam/driver_FR_APOLLO/install/lslidar_c16_msg/local/lib/python3.10/dist-packages/lslidar_c16_msg/msg/_lslidar_c16_packet.py
-- Installing: /root/slam/slam/driver_FR_APOLLO/install/lslidar_c16_msg/local/lib/python3.10/dist-packages/lslidar_c16_msg/msg/_lslidar_c16_scan_unified.py
-- Installing: /root/slam/slam/driver_FR_APOLLO/install/lslidar_c16_msg/local/lib/python3.10/dist-packages/lslidar_c16_msg/msg/_lslidar_c16_scan_s.c
-- Installing: /root/slam/slam/driver_FR_APOLLO/install/lslidar_c16_msg/local/lib/python3.10/dist-packages/lslidar_c16_msg/msg/_lslidar_c16_point_s.c
-- Installing: /root/slam/slam/driver_FR_APOLLO/install/lslidar_c16_msg/local/lib/python3.10/dist-packages/lslidar_c16_msg/msg/_lslidar_c16_point.py
-- Installing: /root/slam/slam/driver_FR_APOLLO/install/lslidar_c16_msg/local/lib/python3.10/dist-packages/lslidar_c16_msg/msg/_lslidar_c16_sweep_s.c
-- Installing: /root/slam/slam/driver_FR_APOLLO/install/lslidar_c16_msg/local/lib/python3.10/dist-packages/lslidar_c16_msg/msg/__init__.py
-- Installing: /root/slam/slam/driver_FR_APOLLO/install/lslidar_c16_msg/local/lib/python3.10/dist-packages/lslidar_c16_msg/__init__.py
Listing '/root/slam/slam/driver_FR_APOLLO/install/lslidar_c16_msg/local/lib/python3.10/dist-packages/lslidar_c16_msg'...
Compiling '/root/slam/slam/driver_FR_APOLLO/install/lslidar_c16_msg/local/lib/python3.10/dist-packages/lslidar_c16_msg/__init__.py'...
Listing '/root/slam/slam/driver_FR_APOLLO/install/lslidar_c16_msg/local/lib/python3.10/dist-packages/lslidar_c16_msg/msg'...
Compiling '/root/slam/slam/driver_FR_APOLLO/install/lslidar_c16_msg/local/lib/python3.10/dist-packages/lslidar_c16_msg/msg/__init__.py'...
Compiling '/root/slam/slam/driver_FR_APOLLO/install/lslidar_c16_msg/local/lib/python3.10/dist-packages/lslidar_c16_msg/msg/_lslidar_c16_layer.py'...
Compiling '/root/slam/slam/driver_FR_APOLLO/install/lslidar_c16_msg/local/lib/python3.10/dist-packages/lslidar_c16_msg/msg/_lslidar_c16_packet.py'...
Compiling '/root/slam/slam/driver_FR_APOLLO/install/lslidar_c16_msg/local/lib/python3.10/dist-packages/lslidar_c16_msg/msg/_lslidar_c16_point.py'...
Compiling '/root/slam/slam/driver_FR_APOLLO/install/lslidar_c16_msg/local/lib/python3.10/dist-packages/lslidar_c16_msg/msg/_lslidar_c16_scan.py'...
Compiling '/root/slam/slam/driver_FR_APOLLO/install/lslidar_c16_msg/local/lib/python3.10/dist-packages/lslidar_c16_msg/msg/_lslidar_c16_scan_unified.py'...
Compiling '/root/slam/slam/driver_FR_APOLLO/install/lslidar_c16_msg/local/lib/python3.10/dist-packages/lslidar_c16_msg/msg/_lslidar_c16_sweep.py'...
Listing '/root/slam/slam/driver_FR_APOLLO/install/lslidar_c16_msg/local/lib/python3.10/dist-packages/lslidar_c16_msg/srv'...
Compiling '/root/slam/slam/driver_FR_APOLLO/install/lslidar_c16_msg/local/lib/python3.10/dist-packages/lslidar_c16_msg/srv/__init__.py'...
Compiling '/root/slam/slam/driver_FR_APOLLO/install/lslidar_c16_msg/local/lib/python3.10/dist-packages/lslidar_c16_msg/srv/_lslidar_c16_control.py'...
-- Installing: /root/slam/slam/driver_FR_APOLLO/install/lslidar_c16_msg/local/lib/python3.10/dist-packages/lslidar_c16_msg/lslidar_c16_msg_s__rosidl_typesupport_fastrtps_c.cpython-311-x86_64-linux-gnu.so
-- Set runtime path of "/root/slam/slam/driver_FR_APOLLO/install/lslidar_c16_msg/local/lib/python3.10/dist-packages/lslidar_c16_msg/lslidar_c16_msg_s__rosidl_typesupport_fastrtps_c.cpython-311-x86_64-linux-gnu.so" to ""
-- Installing: /root/slam/slam/driver_FR_APOLLO/install/lslidar_c16_msg/local/lib/python3.10/dist-packages/lslidar_c16_msg/lslidar_c16_msg_s__rosidl_typesupport_introspection_c.cpython-311-x86_64-linux-gnu.so
-- Set runtime path of "/root/slam/slam/driver_FR_APOLLO/install/lslidar_c16_msg/local/lib/python3.10/dist-packages/lslidar_c16_msg/lslidar_c16_msg_s__rosidl_typesupport_introspection_c.cpython-311-x86_64-linux-gnu.so" to ""
-- Installing: /root/slam/slam/driver_FR_APOLLO/install/lslidar_c16_msg/local/lib/python3.10/dist-packages/lslidar_c16_msg/lslidar_c16_msg_s__rosidl_typesupport_c.cpython-311-x86_64-linux-gnu.so
-- Set runtime path of "/root/slam/slam/driver_FR_APOLLO/install/lslidar_c16_msg/local/lib/python3.10/dist-packages/lslidar_c16_msg/lslidar_c16_msg_s__rosidl_typesupport_c.cpython-311-x86_64-linux-gnu.so" to ""
-- Installing: /root/slam/slam/driver_FR_APOLLO/install/lslidar_c16_msg/lib/liblslidar_c16_msg__rosidl_generator_py.so
-- Set runtime path of "/root/slam/slam/driver_FR_APOLLO/install/lslidar_c16_msg/lib/liblslidar_c16_msg__rosidl_generator_py.so" to ""
-- Installing: /root/slam/slam/driver_FR_APOLLO/install/lslidar_c16_msg/share/lslidar_c16_msg/srv/LslidarC16Control.idl
-- Installing: /root/slam/slam/driver_FR_APOLLO/install/lslidar_c16_msg/share/lslidar_c16_msg/msg/LslidarC16Point.idl
-- Installing: /root/slam/slam/driver_FR_APOLLO/install/lslidar_c16_msg/share/lslidar_c16_msg/msg/LslidarC16Packet.idl
-- Installing: /root/slam/slam/driver_FR_APOLLO/install/lslidar_c16_msg/share/lslidar_c16_msg/msg/LslidarC16Scan.idl
-- Installing: /root/slam/slam/driver_FR_APOLLO/install/lslidar_c16_msg/share/lslidar_c16_msg/msg/LslidarC16Layer.idl
-- Installing: /root/slam/slam/driver_FR_APOLLO/install/lslidar_c16_msg/share/lslidar_c16_msg/msg/LslidarC16ScanUnified.idl
-- Installing: /root/slam/slam/driver_FR_APOLLO/install/lslidar_c16_msg/share/lslidar_c16_msg/msg/LslidarC16Sweep.idl
-- Installing: /root/slam/slam/driver_FR_APOLLO/install/lslidar_c16_msg/share/lslidar_c16_msg/srv/LslidarC16Control.srv
-- Installing: /root/slam/slam/driver_FR_APOLLO/install/lslidar_c16_msg/share/lslidar_c16_msg/srv/LslidarC16Control_Request.msg
-- Installing: /root/slam/slam/driver_FR_APOLLO/install/lslidar_c16_msg/share/lslidar_c16_msg/srv/LslidarC16Control_Response.msg
-- Installing: /root/slam/slam/driver_FR_APOLLO/install/lslidar_c16_msg/share/lslidar_c16_msg/msg/LslidarC16Point.msg
-- Installing: /root/slam/slam/driver_FR_APOLLO/install/lslidar_c16_msg/share/lslidar_c16_msg/msg/LslidarC16Packet.msg
-- Installing: /root/slam/slam/driver_FR_APOLLO/install/lslidar_c16_msg/share/lslidar_c16_msg/msg/LslidarC16Scan.msg
-- Installing: /root/slam/slam/driver_FR_APOLLO/install/lslidar_c16_msg/share/lslidar_c16_msg/msg/LslidarC16Layer.msg
-- Installing: /root/slam/slam/driver_FR_APOLLO/install/lslidar_c16_msg/share/lslidar_c16_msg/msg/LslidarC16ScanUnified.msg
-- Installing: /root/slam/slam/driver_FR_APOLLO/install/lslidar_c16_msg/share/lslidar_c16_msg/msg/LslidarC16Sweep.msg
-- Installing: /root/slam/slam/driver_FR_APOLLO/install/lslidar_c16_msg/share/ament_index/resource_index/package_run_dependencies/lslidar_c16_msg
-- Installing: /root/slam/slam/driver_FR_APOLLO/install/lslidar_c16_msg/share/ament_index/resource_index/parent_prefix_path/lslidar_c16_msg
-- Installing: /root/slam/slam/driver_FR_APOLLO/install/lslidar_c16_msg/share/lslidar_c16_msg/environment/ament_prefix_path.sh
-- Installing: /root/slam/slam/driver_FR_APOLLO/install/lslidar_c16_msg/share/lslidar_c16_msg/environment/ament_prefix_path.dsv
-- Installing: /root/slam/slam/driver_FR_APOLLO/install/lslidar_c16_msg/share/lslidar_c16_msg/environment/path.sh
-- Installing: /root/slam/slam/driver_FR_APOLLO/install/lslidar_c16_msg/share/lslidar_c16_msg/environment/path.dsv
-- Installing: /root/slam/slam/driver_FR_APOLLO/install/lslidar_c16_msg/share/lslidar_c16_msg/local_setup.bash
-- Installing: /root/slam/slam/driver_FR_APOLLO/install/lslidar_c16_msg/share/lslidar_c16_msg/local_setup.sh
-- Installing: /root/slam/slam/driver_FR_APOLLO/install/lslidar_c16_msg/share/lslidar_c16_msg/local_setup.zsh
-- Installing: /root/slam/slam/driver_FR_APOLLO/install/lslidar_c16_msg/share/lslidar_c16_msg/local_setup.dsv
-- Installing: /root/slam/slam/driver_FR_APOLLO/install/lslidar_c16_msg/share/lslidar_c16_msg/package.dsv
-- Installing: /root/slam/slam/driver_FR_APOLLO/install/lslidar_c16_msg/share/ament_index/resource_index/packages/lslidar_c16_msg
-- Installing: /root/slam/slam/driver_FR_APOLLO/install/lslidar_c16_msg/share/lslidar_c16_msg/cmake/export_lslidar_c16_msg__rosidl_generator_cExport.cmake
-- Installing: /root/slam/slam/driver_FR_APOLLO/install/lslidar_c16_msg/share/lslidar_c16_msg/cmake/export_lslidar_c16_msg__rosidl_generator_cExport-noconfig.cmake
-- Installing: /root/slam/slam/driver_FR_APOLLO/install/lslidar_c16_msg/share/lslidar_c16_msg/cmake/export_lslidar_c16_msg__rosidl_typesupport_fastrtps_cExport.cmake
-- Installing: /root/slam/slam/driver_FR_APOLLO/install/lslidar_c16_msg/share/lslidar_c16_msg/cmake/export_lslidar_c16_msg__rosidl_typesupport_fastrtps_cExport-noconfig.cmake
-- Installing: /root/slam/slam/driver_FR_APOLLO/install/lslidar_c16_msg/share/lslidar_c16_msg/cmake/lslidar_c16_msg__rosidl_typesupport_introspection_cExport.cmake
-- Installing: /root/slam/slam/driver_FR_APOLLO/install/lslidar_c16_msg/share/lslidar_c16_msg/cmake/lslidar_c16_msg__rosidl_typesupport_introspection_cExport-noconfig.cmake
-- Installing: /root/slam/slam/driver_FR_APOLLO/install/lslidar_c16_msg/share/lslidar_c16_msg/cmake/lslidar_c16_msg__rosidl_typesupport_cExport.cmake
-- Installing: /root/slam/slam/driver_FR_APOLLO/install/lslidar_c16_msg/share/lslidar_c16_msg/cmake/lslidar_c16_msg__rosidl_typesupport_cExport-noconfig.cmake
-- Installing: /root/slam/slam/driver_FR_APOLLO/install/lslidar_c16_msg/share/lslidar_c16_msg/cmake/export_lslidar_c16_msg__rosidl_generator_cppExport.cmake
-- Installing: /root/slam/slam/driver_FR_APOLLO/install/lslidar_c16_msg/share/lslidar_c16_msg/cmake/export_lslidar_c16_msg__rosidl_typesupport_fastrtps_cppExport.cmake
-- Installing: /root/slam/slam/driver_FR_APOLLO/install/lslidar_c16_msg/share/lslidar_c16_msg/cmake/export_lslidar_c16_msg__rosidl_typesupport_fastrtps_cppExport-noconfig.cmake
-- Installing: /root/slam/slam/driver_FR_APOLLO/install/lslidar_c16_msg/share/lslidar_c16_msg/cmake/lslidar_c16_msg__rosidl_typesupport_introspection_cppExport.cmake
-- Installing: /root/slam/slam/driver_FR_APOLLO/install/lslidar_c16_msg/share/lslidar_c16_msg/cmake/lslidar_c16_msg__rosidl_typesupport_introspection_cppExport-noconfig.cmake
-- Installing: /root/slam/slam/driver_FR_APOLLO/install/lslidar_c16_msg/share/lslidar_c16_msg/cmake/lslidar_c16_msg__rosidl_typesupport_cppExport.cmake
-- Installing: /root/slam/slam/driver_FR_APOLLO/install/lslidar_c16_msg/share/lslidar_c16_msg/cmake/lslidar_c16_msg__rosidl_typesupport_cppExport-noconfig.cmake
-- Installing: /root/slam/slam/driver_FR_APOLLO/install/lslidar_c16_msg/share/lslidar_c16_msg/cmake/export_lslidar_c16_msg__rosidl_generator_pyExport.cmake
-- Installing: /root/slam/slam/driver_FR_APOLLO/install/lslidar_c16_msg/share/lslidar_c16_msg/cmake/export_lslidar_c16_msg__rosidl_generator_pyExport-noconfig.cmake
-- Installing: /root/slam/slam/driver_FR_APOLLO/install/lslidar_c16_msg/share/lslidar_c16_msg/cmake/rosidl_cmake-extras.cmake
-- Installing: /root/slam/slam/driver_FR_APOLLO/install/lslidar_c16_msg/share/lslidar_c16_msg/cmake/ament_cmake_export_dependencies-extras.cmake
-- Installing: /root/slam/slam/driver_FR_APOLLO/install/lslidar_c16_msg/share/lslidar_c16_msg/cmake/ament_cmake_export_include_directories-extras.cmake
-- Installing: /root/slam/slam/driver_FR_APOLLO/install/lslidar_c16_msg/share/lslidar_c16_msg/cmake/ament_cmake_export_libraries-extras.cmake
-- Installing: /root/slam/slam/driver_FR_APOLLO/install/lslidar_c16_msg/share/lslidar_c16_msg/cmake/ament_cmake_export_targets-extras.cmake
-- Installing: /root/slam/slam/driver_FR_APOLLO/install/lslidar_c16_msg/share/lslidar_c16_msg/cmake/rosidl_cmake_export_typesupport_targets-extras.cmake
-- Installing: /root/slam/slam/driver_FR_APOLLO/install/lslidar_c16_msg/share/lslidar_c16_msg/cmake/rosidl_cmake_export_typesupport_libraries-extras.cmake
-- Installing: /root/slam/slam/driver_FR_APOLLO/install/lslidar_c16_msg/share/lslidar_c16_msg/cmake/lslidar_c16_msgConfig.cmake
-- Installing: /root/slam/slam/driver_FR_APOLLO/install/lslidar_c16_msg/share/lslidar_c16_msg/cmake/lslidar_c16_msgConfig-version.cmake
-- Installing: /root/slam/slam/driver_FR_APOLLO/install/lslidar_c16_msg/share/lslidar_c16_msg/package.xml
