[0.008s] Invoking command in '/root/slam/slam/driver_FR_APOLLO/build/lslidar_c16_msg': CMAKE_PREFIX_PATH=${CMAKE_PREFIX_PATH}:/opt/ros/humble CONDA_PROMPT_MODIFIER=(openalt) /usr/bin/cmake /root/slam/slam/driver_FR_APOLLO/src/lslidar_c16_msg -DCMAKE_INSTALL_PREFIX=/root/slam/slam/driver_FR_APOLLO/install/lslidar_c16_msg
[0.074s] -- The C compiler identification is GNU 11.4.0
[0.117s] -- The CXX compiler identification is GNU 11.4.0
[0.121s] -- Detecting C compiler ABI info
[0.177s] -- Detecting C compiler ABI info - done
[0.181s] -- Check for working C compiler: /usr/bin/cc - skipped
[0.181s] -- Detecting C compile features
[0.181s] -- Detecting C compile features - done
[0.184s] -- Detecting CXX compiler ABI info
[0.235s] -- Detecting CXX compiler ABI info - done
[0.240s] -- Check for working CXX compiler: /usr/bin/c++ - skipped
[0.240s] -- Detecting CXX compile features
[0.240s] -- Detecting CXX compile features - done
[0.242s] -- Found ament_cmake: 1.3.5 (/opt/ros/humble/share/ament_cmake/cmake)
[0.366s] -- Found Python3: /usr/bin/python3.10 (found version "3.10.12") found components: Interpreter 
[0.425s] -- Found rosidl_default_generators: 1.2.0 (/opt/ros/humble/share/rosidl_default_generators/cmake)
[0.427s] -- Using all available rosidl_typesupport_c: rosidl_typesupport_fastrtps_c;rosidl_typesupport_introspection_c
[0.433s] -- Found rosidl_adapter: 3.1.5 (/opt/ros/humble/share/rosidl_adapter/cmake)
[0.461s] -- Using all available rosidl_typesupport_cpp: rosidl_typesupport_fastrtps_cpp;rosidl_typesupport_introspection_cpp
[0.486s] -- Found std_msgs: 4.2.3 (/opt/ros/humble/share/std_msgs/cmake)
[0.526s] -- Found sensor_msgs: 4.2.3 (/opt/ros/humble/share/sensor_msgs/cmake)
[0.810s] -- Found ament_cmake_ros: 0.10.0 (/opt/ros/humble/share/ament_cmake_ros/cmake)
[1.051s] -- Using all available rosidl_typesupport_c: rosidl_typesupport_fastrtps_c;rosidl_typesupport_introspection_c
[1.346s] -- Using all available rosidl_typesupport_cpp: rosidl_typesupport_fastrtps_cpp;rosidl_typesupport_introspection_cpp
[1.359s] -- Found PythonInterp: /root/miniconda3/envs/openalt/bin/python3 (found suitable version "3.11.5", minimum required is "3.6") 
[1.360s] -- Found python_cmake_module: 0.10.0 (/opt/ros/humble/share/python_cmake_module/cmake)
[1.375s] -- Found PythonLibs: /root/miniconda3/envs/openalt/lib/libpython3.11.so (found suitable version "3.11.5", minimum required is "3.5") 
[1.375s] -- Using PYTHON_EXECUTABLE: /root/miniconda3/envs/openalt/bin/python3
[1.375s] -- Using PYTHON_INCLUDE_DIRS: /root/miniconda3/envs/openalt/include/python3.11
[1.375s] -- Using PYTHON_LIBRARIES: /root/miniconda3/envs/openalt/lib/libpython3.11.so
[1.386s] -- Found PythonExtra: .so  
[1.526s] -- Using numpy include directory: /root/miniconda3/envs/openalt/lib/python3.11/site-packages/numpy/core/include
[1.536s] -- Found ament_lint_auto: 0.12.7 (/opt/ros/humble/share/ament_lint_auto/cmake)
[1.551s] -- Added test 'lint_cmake' to check CMake code style
[1.552s] -- Added test 'xmllint' to check XML markup files
[1.553s] -- Configuring done
[1.589s] -- Generating done
[1.591s] -- Build files have been written to: /root/slam/slam/driver_FR_APOLLO/build/lslidar_c16_msg
[1.598s] Invoked command in '/root/slam/slam/driver_FR_APOLLO/build/lslidar_c16_msg' returned '0': CMAKE_PREFIX_PATH=${CMAKE_PREFIX_PATH}:/opt/ros/humble CONDA_PROMPT_MODIFIER=(openalt) /usr/bin/cmake /root/slam/slam/driver_FR_APOLLO/src/lslidar_c16_msg -DCMAKE_INSTALL_PREFIX=/root/slam/slam/driver_FR_APOLLO/install/lslidar_c16_msg
[1.599s] Invoking command in '/root/slam/slam/driver_FR_APOLLO/build/lslidar_c16_msg': CMAKE_PREFIX_PATH=${CMAKE_PREFIX_PATH}:/opt/ros/humble CONDA_PROMPT_MODIFIER=(openalt) /usr/bin/cmake --build /root/slam/slam/driver_FR_APOLLO/build/lslidar_c16_msg -- -j12 -l12
[1.624s] [  1%] [34m[1mGenerating C code for ROS interfaces[0m
[1.629s] [  2%] [34m[1mGenerating C++ code for ROS interfaces[0m
[1.634s] [  2%] Built target ament_cmake_python_copy_lslidar_c16_msg
[1.764s] running egg_info
[1.765s] creating lslidar_c16_msg.egg-info
[1.765s] writing lslidar_c16_msg.egg-info/PKG-INFO
[1.765s] writing dependency_links to lslidar_c16_msg.egg-info/dependency_links.txt
[1.765s] writing top-level names to lslidar_c16_msg.egg-info/top_level.txt
[1.766s] writing manifest file 'lslidar_c16_msg.egg-info/SOURCES.txt'
[1.767s] reading manifest file 'lslidar_c16_msg.egg-info/SOURCES.txt'
[1.768s] writing manifest file 'lslidar_c16_msg.egg-info/SOURCES.txt'
[1.789s] [  2%] Built target ament_cmake_python_build_lslidar_c16_msg_egg
[2.042s] [  2%] Built target lslidar_c16_msg__cpp
[2.043s] [  3%] [32mBuilding C object CMakeFiles/lslidar_c16_msg__rosidl_generator_c.dir/rosidl_generator_c/lslidar_c16_msg/srv/detail/lslidar_c16_control__functions.c.o[0m
[2.043s] [  5%] [32mBuilding C object CMakeFiles/lslidar_c16_msg__rosidl_generator_c.dir/rosidl_generator_c/lslidar_c16_msg/msg/detail/lslidar_c16_packet__functions.c.o[0m
[2.044s] [  6%] [32mBuilding C object CMakeFiles/lslidar_c16_msg__rosidl_generator_c.dir/rosidl_generator_c/lslidar_c16_msg/msg/detail/lslidar_c16_point__functions.c.o[0m
[2.045s] [  7%] [32mBuilding C object CMakeFiles/lslidar_c16_msg__rosidl_generator_c.dir/rosidl_generator_c/lslidar_c16_msg/msg/detail/lslidar_c16_layer__functions.c.o[0m
[2.047s] [  8%] [32mBuilding C object CMakeFiles/lslidar_c16_msg__rosidl_generator_c.dir/rosidl_generator_c/lslidar_c16_msg/msg/detail/lslidar_c16_scan__functions.c.o[0m
[2.047s] [ 10%] [32mBuilding C object CMakeFiles/lslidar_c16_msg__rosidl_generator_c.dir/rosidl_generator_c/lslidar_c16_msg/msg/detail/lslidar_c16_scan_unified__functions.c.o[0m
[2.048s] [ 11%] [34m[1mGenerating C++ type support dispatch for ROS interfaces[0m
[2.049s] [ 12%] [32mBuilding C object CMakeFiles/lslidar_c16_msg__rosidl_generator_c.dir/rosidl_generator_c/lslidar_c16_msg/msg/detail/lslidar_c16_sweep__functions.c.o[0m
[2.052s] [ 13%] [34m[1mGenerating C++ type support for eProsima Fast-RTPS[0m
[2.054s] [ 15%] [34m[1mGenerating C++ introspection for ROS interfaces[0m
[2.100s] [ 16%] [32m[1mLinking C shared library liblslidar_c16_msg__rosidl_generator_c.so[0m
[2.128s] [ 16%] Built target lslidar_c16_msg__rosidl_generator_c
[2.137s] [ 17%] [34m[1mGenerating C type support for eProsima Fast-RTPS[0m
[2.137s] [ 18%] [34m[1mGenerating C introspection for ROS interfaces[0m
[2.137s] [ 20%] [34m[1mGenerating C type support dispatch for ROS interfaces[0m
[2.357s] [ 21%] [32mBuilding CXX object CMakeFiles/lslidar_c16_msg__rosidl_typesupport_cpp.dir/rosidl_typesupport_cpp/lslidar_c16_msg/srv/lslidar_c16_control__type_support.cpp.o[0m
[2.358s] [ 22%] [32mBuilding CXX object CMakeFiles/lslidar_c16_msg__rosidl_typesupport_cpp.dir/rosidl_typesupport_cpp/lslidar_c16_msg/msg/lslidar_c16_point__type_support.cpp.o[0m
[2.362s] [ 24%] [32mBuilding CXX object CMakeFiles/lslidar_c16_msg__rosidl_typesupport_cpp.dir/rosidl_typesupport_cpp/lslidar_c16_msg/msg/lslidar_c16_scan__type_support.cpp.o[0m
[2.362s] [ 25%] [32mBuilding CXX object CMakeFiles/lslidar_c16_msg__rosidl_typesupport_cpp.dir/rosidl_typesupport_cpp/lslidar_c16_msg/msg/lslidar_c16_packet__type_support.cpp.o[0m
[2.374s] [ 26%] [32mBuilding CXX object CMakeFiles/lslidar_c16_msg__rosidl_typesupport_cpp.dir/rosidl_typesupport_cpp/lslidar_c16_msg/msg/lslidar_c16_scan_unified__type_support.cpp.o[0m
[2.379s] [ 27%] [32mBuilding CXX object CMakeFiles/lslidar_c16_msg__rosidl_typesupport_cpp.dir/rosidl_typesupport_cpp/lslidar_c16_msg/msg/lslidar_c16_layer__type_support.cpp.o[0m
[2.404s] [ 29%] [32mBuilding CXX object CMakeFiles/lslidar_c16_msg__rosidl_typesupport_cpp.dir/rosidl_typesupport_cpp/lslidar_c16_msg/msg/lslidar_c16_sweep__type_support.cpp.o[0m
[2.588s] [ 30%] [32mBuilding CXX object CMakeFiles/lslidar_c16_msg__rosidl_typesupport_c.dir/rosidl_typesupport_c/lslidar_c16_msg/srv/lslidar_c16_control__type_support.cpp.o[0m
[2.628s] [ 31%] [32mBuilding CXX object CMakeFiles/lslidar_c16_msg__rosidl_typesupport_c.dir/rosidl_typesupport_c/lslidar_c16_msg/msg/lslidar_c16_point__type_support.cpp.o[0m
[2.630s] [ 32%] [32mBuilding CXX object CMakeFiles/lslidar_c16_msg__rosidl_typesupport_c.dir/rosidl_typesupport_c/lslidar_c16_msg/msg/lslidar_c16_packet__type_support.cpp.o[0m
[2.656s] [ 35%] [32mBuilding CXX object CMakeFiles/lslidar_c16_msg__rosidl_typesupport_c.dir/rosidl_typesupport_c/lslidar_c16_msg/msg/lslidar_c16_layer__type_support.cpp.o[0m
[2.656s] [ 35%] [32mBuilding CXX object CMakeFiles/lslidar_c16_msg__rosidl_typesupport_c.dir/rosidl_typesupport_c/lslidar_c16_msg/msg/lslidar_c16_scan__type_support.cpp.o[0m
[2.663s] [ 36%] [32mBuilding CXX object CMakeFiles/lslidar_c16_msg__rosidl_typesupport_c.dir/rosidl_typesupport_c/lslidar_c16_msg/msg/lslidar_c16_scan_unified__type_support.cpp.o[0m
[2.672s] [ 37%] [32mBuilding CXX object CMakeFiles/lslidar_c16_msg__rosidl_typesupport_fastrtps_cpp.dir/rosidl_typesupport_fastrtps_cpp/lslidar_c16_msg/msg/detail/dds_fastrtps/lslidar_c16_point__type_support.cpp.o[0m
[2.672s] [ 39%] [32mBuilding CXX object CMakeFiles/lslidar_c16_msg__rosidl_typesupport_fastrtps_cpp.dir/rosidl_typesupport_fastrtps_cpp/lslidar_c16_msg/srv/detail/dds_fastrtps/lslidar_c16_control__type_support.cpp.o[0m
[2.675s] [ 40%] [32mBuilding CXX object CMakeFiles/lslidar_c16_msg__rosidl_typesupport_c.dir/rosidl_typesupport_c/lslidar_c16_msg/msg/lslidar_c16_sweep__type_support.cpp.o[0m
[2.681s] [ 41%] [32mBuilding CXX object CMakeFiles/lslidar_c16_msg__rosidl_typesupport_fastrtps_cpp.dir/rosidl_typesupport_fastrtps_cpp/lslidar_c16_msg/msg/detail/dds_fastrtps/lslidar_c16_packet__type_support.cpp.o[0m
[2.688s] [ 43%] [32mBuilding CXX object CMakeFiles/lslidar_c16_msg__rosidl_typesupport_fastrtps_cpp.dir/rosidl_typesupport_fastrtps_cpp/lslidar_c16_msg/msg/detail/dds_fastrtps/lslidar_c16_scan__type_support.cpp.o[0m
[2.692s] [ 44%] [32mBuilding CXX object CMakeFiles/lslidar_c16_msg__rosidl_typesupport_fastrtps_cpp.dir/rosidl_typesupport_fastrtps_cpp/lslidar_c16_msg/msg/detail/dds_fastrtps/lslidar_c16_layer__type_support.cpp.o[0m
[2.692s] [ 45%] [32mBuilding CXX object CMakeFiles/lslidar_c16_msg__rosidl_typesupport_introspection_cpp.dir/rosidl_typesupport_introspection_cpp/lslidar_c16_msg/srv/detail/lslidar_c16_control__type_support.cpp.o[0m
[2.698s] [ 46%] [32mBuilding CXX object CMakeFiles/lslidar_c16_msg__rosidl_typesupport_introspection_cpp.dir/rosidl_typesupport_introspection_cpp/lslidar_c16_msg/msg/detail/lslidar_c16_point__type_support.cpp.o[0m
[2.715s] [ 48%] [32m[1mLinking CXX shared library liblslidar_c16_msg__rosidl_typesupport_cpp.so[0m
[2.722s] [ 49%] [32m[1mLinking CXX shared library liblslidar_c16_msg__rosidl_typesupport_c.so[0m
[2.745s] [ 50%] [32mBuilding CXX object CMakeFiles/lslidar_c16_msg__rosidl_typesupport_fastrtps_cpp.dir/rosidl_typesupport_fastrtps_cpp/lslidar_c16_msg/msg/detail/dds_fastrtps/lslidar_c16_scan_unified__type_support.cpp.o[0m
[2.818s] [ 50%] Built target lslidar_c16_msg__rosidl_typesupport_cpp
[2.828s] [ 50%] Built target lslidar_c16_msg__rosidl_typesupport_c
[2.850s] [ 51%] [32mBuilding CXX object CMakeFiles/lslidar_c16_msg__rosidl_typesupport_fastrtps_c.dir/rosidl_typesupport_fastrtps_c/lslidar_c16_msg/srv/detail/lslidar_c16_control__type_support_c.cpp.o[0m
[2.861s] [ 53%] [32mBuilding CXX object CMakeFiles/lslidar_c16_msg__rosidl_typesupport_fastrtps_cpp.dir/rosidl_typesupport_fastrtps_cpp/lslidar_c16_msg/msg/detail/dds_fastrtps/lslidar_c16_sweep__type_support.cpp.o[0m
[2.905s] [ 54%] [32mBuilding CXX object CMakeFiles/lslidar_c16_msg__rosidl_typesupport_fastrtps_c.dir/rosidl_typesupport_fastrtps_c/lslidar_c16_msg/msg/detail/lslidar_c16_point__type_support_c.cpp.o[0m
[3.030s] [ 55%] [32mBuilding CXX object CMakeFiles/lslidar_c16_msg__rosidl_typesupport_introspection_cpp.dir/rosidl_typesupport_introspection_cpp/lslidar_c16_msg/msg/detail/lslidar_c16_packet__type_support.cpp.o[0m
[3.050s] [ 56%] [32mBuilding C object CMakeFiles/lslidar_c16_msg__rosidl_typesupport_introspection_c.dir/rosidl_typesupport_introspection_c/lslidar_c16_msg/srv/detail/lslidar_c16_control__type_support.c.o[0m
[3.104s] [ 58%] [32mBuilding CXX object CMakeFiles/lslidar_c16_msg__rosidl_typesupport_introspection_cpp.dir/rosidl_typesupport_introspection_cpp/lslidar_c16_msg/msg/detail/lslidar_c16_scan__type_support.cpp.o[0m
[3.106s] [ 59%] [32mBuilding CXX object CMakeFiles/lslidar_c16_msg__rosidl_typesupport_fastrtps_c.dir/rosidl_typesupport_fastrtps_c/lslidar_c16_msg/msg/detail/lslidar_c16_packet__type_support_c.cpp.o[0m
[3.112s] [ 60%] [32mBuilding C object CMakeFiles/lslidar_c16_msg__rosidl_typesupport_introspection_c.dir/rosidl_typesupport_introspection_c/lslidar_c16_msg/msg/detail/lslidar_c16_point__type_support.c.o[0m
[3.112s] [ 62%] [32mBuilding CXX object CMakeFiles/lslidar_c16_msg__rosidl_typesupport_fastrtps_c.dir/rosidl_typesupport_fastrtps_c/lslidar_c16_msg/msg/detail/lslidar_c16_scan__type_support_c.cpp.o[0m
[3.116s] [ 63%] [32mBuilding CXX object CMakeFiles/lslidar_c16_msg__rosidl_typesupport_introspection_cpp.dir/rosidl_typesupport_introspection_cpp/lslidar_c16_msg/msg/detail/lslidar_c16_scan_unified__type_support.cpp.o[0m
[3.119s] [ 64%] [32mBuilding CXX object CMakeFiles/lslidar_c16_msg__rosidl_typesupport_introspection_cpp.dir/rosidl_typesupport_introspection_cpp/lslidar_c16_msg/msg/detail/lslidar_c16_layer__type_support.cpp.o[0m
[3.158s] [ 65%] [32mBuilding CXX object CMakeFiles/lslidar_c16_msg__rosidl_typesupport_fastrtps_c.dir/rosidl_typesupport_fastrtps_c/lslidar_c16_msg/msg/detail/lslidar_c16_layer__type_support_c.cpp.o[0m
[3.188s] [ 67%] [32mBuilding C object CMakeFiles/lslidar_c16_msg__rosidl_typesupport_introspection_c.dir/rosidl_typesupport_introspection_c/lslidar_c16_msg/msg/detail/lslidar_c16_packet__type_support.c.o[0m
[3.297s] [ 68%] [32mBuilding CXX object CMakeFiles/lslidar_c16_msg__rosidl_typesupport_fastrtps_c.dir/rosidl_typesupport_fastrtps_c/lslidar_c16_msg/msg/detail/lslidar_c16_scan_unified__type_support_c.cpp.o[0m
[3.297s] [ 69%] [32mBuilding C object CMakeFiles/lslidar_c16_msg__rosidl_typesupport_introspection_c.dir/rosidl_typesupport_introspection_c/lslidar_c16_msg/msg/detail/lslidar_c16_scan__type_support.c.o[0m
[3.321s] [ 72%] [32mBuilding C object CMakeFiles/lslidar_c16_msg__rosidl_typesupport_introspection_c.dir/rosidl_typesupport_introspection_c/lslidar_c16_msg/msg/detail/lslidar_c16_layer__type_support.c.o[0m
[3.321s] [ 72%] [32mBuilding CXX object CMakeFiles/lslidar_c16_msg__rosidl_typesupport_fastrtps_c.dir/rosidl_typesupport_fastrtps_c/lslidar_c16_msg/msg/detail/lslidar_c16_sweep__type_support_c.cpp.o[0m
[3.368s] [ 73%] [32m[1mLinking CXX shared library liblslidar_c16_msg__rosidl_typesupport_fastrtps_cpp.so[0m
[3.407s] [ 74%] [32mBuilding CXX object CMakeFiles/lslidar_c16_msg__rosidl_typesupport_introspection_cpp.dir/rosidl_typesupport_introspection_cpp/lslidar_c16_msg/msg/detail/lslidar_c16_sweep__type_support.cpp.o[0m
[3.420s] [ 75%] [32mBuilding C object CMakeFiles/lslidar_c16_msg__rosidl_typesupport_introspection_c.dir/rosidl_typesupport_introspection_c/lslidar_c16_msg/msg/detail/lslidar_c16_scan_unified__type_support.c.o[0m
[3.423s] [ 77%] [32mBuilding C object CMakeFiles/lslidar_c16_msg__rosidl_typesupport_introspection_c.dir/rosidl_typesupport_introspection_c/lslidar_c16_msg/msg/detail/lslidar_c16_sweep__type_support.c.o[0m
[3.502s] [ 78%] [32m[1mLinking C shared library liblslidar_c16_msg__rosidl_typesupport_introspection_c.so[0m
[3.521s] [ 78%] Built target lslidar_c16_msg__rosidl_typesupport_fastrtps_cpp
[3.541s] [ 78%] Built target lslidar_c16_msg__rosidl_typesupport_introspection_c
[3.645s] [ 79%] [32m[1mLinking CXX shared library liblslidar_c16_msg__rosidl_typesupport_fastrtps_c.so[0m
[3.690s] [ 79%] Built target lslidar_c16_msg__rosidl_typesupport_fastrtps_c
[3.740s] [ 81%] [32m[1mLinking CXX shared library liblslidar_c16_msg__rosidl_typesupport_introspection_cpp.so[0m
[3.790s] [ 81%] Built target lslidar_c16_msg__rosidl_typesupport_introspection_cpp
[3.800s] [ 81%] Built target lslidar_c16_msg
[3.812s] [ 82%] [34m[1mGenerating Python code for ROS interfaces[0m
[4.414s] [ 82%] Built target lslidar_c16_msg__py
[4.425s] [ 84%] [32mBuilding C object CMakeFiles/lslidar_c16_msg__rosidl_generator_py.dir/rosidl_generator_py/lslidar_c16_msg/msg/_lslidar_c16_scan_s.c.o[0m
[4.425s] [ 84%] [32mBuilding C object CMakeFiles/lslidar_c16_msg__rosidl_generator_py.dir/rosidl_generator_py/lslidar_c16_msg/msg/_lslidar_c16_layer_s.c.o[0m
[4.425s] [ 86%] [32mBuilding C object CMakeFiles/lslidar_c16_msg__rosidl_generator_py.dir/rosidl_generator_py/lslidar_c16_msg/msg/_lslidar_c16_packet_s.c.o[0m
[4.425s] [ 87%] [32mBuilding C object CMakeFiles/lslidar_c16_msg__rosidl_generator_py.dir/rosidl_generator_py/lslidar_c16_msg/msg/_lslidar_c16_point_s.c.o[0m
[4.425s] [ 88%] [32mBuilding C object CMakeFiles/lslidar_c16_msg__rosidl_generator_py.dir/rosidl_generator_py/lslidar_c16_msg/srv/_lslidar_c16_control_s.c.o[0m
[4.426s] [ 89%] [32mBuilding C object CMakeFiles/lslidar_c16_msg__rosidl_generator_py.dir/rosidl_generator_py/lslidar_c16_msg/msg/_lslidar_c16_sweep_s.c.o[0m
[4.426s] [ 91%] [32mBuilding C object CMakeFiles/lslidar_c16_msg__rosidl_generator_py.dir/rosidl_generator_py/lslidar_c16_msg/msg/_lslidar_c16_scan_unified_s.c.o[0m
[4.529s] [ 92%] [32m[1mLinking C shared library rosidl_generator_py/lslidar_c16_msg/liblslidar_c16_msg__rosidl_generator_py.so[0m
[4.554s] [ 92%] Built target lslidar_c16_msg__rosidl_generator_py
[4.564s] [ 96%] [32mBuilding C object CMakeFiles/lslidar_c16_msg__rosidl_typesupport_fastrtps_c__pyext.dir/rosidl_generator_py/lslidar_c16_msg/_lslidar_c16_msg_s.ep.rosidl_typesupport_fastrtps_c.c.o[0m
[4.564s] [ 96%] [32mBuilding C object CMakeFiles/lslidar_c16_msg__rosidl_typesupport_introspection_c__pyext.dir/rosidl_generator_py/lslidar_c16_msg/_lslidar_c16_msg_s.ep.rosidl_typesupport_introspection_c.c.o[0m
[4.564s] [ 96%] [32mBuilding C object CMakeFiles/lslidar_c16_msg__rosidl_typesupport_c__pyext.dir/rosidl_generator_py/lslidar_c16_msg/_lslidar_c16_msg_s.ep.rosidl_typesupport_c.c.o[0m
[4.637s] [ 97%] [32m[1mLinking C shared library rosidl_generator_py/lslidar_c16_msg/lslidar_c16_msg_s__rosidl_typesupport_introspection_c.cpython-311-x86_64-linux-gnu.so[0m
[4.637s] [100%] [32m[1mLinking C shared library rosidl_generator_py/lslidar_c16_msg/lslidar_c16_msg_s__rosidl_typesupport_fastrtps_c.cpython-311-x86_64-linux-gnu.so[0m
[4.637s] [100%] [32m[1mLinking C shared library rosidl_generator_py/lslidar_c16_msg/lslidar_c16_msg_s__rosidl_typesupport_c.cpython-311-x86_64-linux-gnu.so[0m
[4.661s] [100%] Built target lslidar_c16_msg__rosidl_typesupport_c__pyext
[4.661s] [100%] Built target lslidar_c16_msg__rosidl_typesupport_introspection_c__pyext
[4.661s] [100%] Built target lslidar_c16_msg__rosidl_typesupport_fastrtps_c__pyext
[4.666s] Invoked command in '/root/slam/slam/driver_FR_APOLLO/build/lslidar_c16_msg' returned '0': CMAKE_PREFIX_PATH=${CMAKE_PREFIX_PATH}:/opt/ros/humble CONDA_PROMPT_MODIFIER=(openalt) /usr/bin/cmake --build /root/slam/slam/driver_FR_APOLLO/build/lslidar_c16_msg -- -j12 -l12
[4.805s] Invoking command in '/root/slam/slam/driver_FR_APOLLO/build/lslidar_c16_msg': CMAKE_PREFIX_PATH=${CMAKE_PREFIX_PATH}:/opt/ros/humble CONDA_PROMPT_MODIFIER=(openalt) /usr/bin/cmake --install /root/slam/slam/driver_FR_APOLLO/build/lslidar_c16_msg
[4.809s] -- Install configuration: ""
[4.809s] -- Installing: /root/slam/slam/driver_FR_APOLLO/install/lslidar_c16_msg/share/ament_index/resource_index/rosidl_interfaces/lslidar_c16_msg
[4.810s] -- Installing: /root/slam/slam/driver_FR_APOLLO/install/lslidar_c16_msg/include/lslidar_c16_msg/lslidar_c16_msg
[4.810s] -- Installing: /root/slam/slam/driver_FR_APOLLO/install/lslidar_c16_msg/include/lslidar_c16_msg/lslidar_c16_msg/srv
[4.810s] -- Installing: /root/slam/slam/driver_FR_APOLLO/install/lslidar_c16_msg/include/lslidar_c16_msg/lslidar_c16_msg/srv/lslidar_c16_control.h
[4.810s] -- Installing: /root/slam/slam/driver_FR_APOLLO/install/lslidar_c16_msg/include/lslidar_c16_msg/lslidar_c16_msg/srv/detail
[4.810s] -- Installing: /root/slam/slam/driver_FR_APOLLO/install/lslidar_c16_msg/include/lslidar_c16_msg/lslidar_c16_msg/srv/detail/lslidar_c16_control__functions.c
[4.810s] -- Installing: /root/slam/slam/driver_FR_APOLLO/install/lslidar_c16_msg/include/lslidar_c16_msg/lslidar_c16_msg/srv/detail/lslidar_c16_control__type_support.h
[4.810s] -- Installing: /root/slam/slam/driver_FR_APOLLO/install/lslidar_c16_msg/include/lslidar_c16_msg/lslidar_c16_msg/srv/detail/lslidar_c16_control__functions.h
[4.810s] -- Installing: /root/slam/slam/driver_FR_APOLLO/install/lslidar_c16_msg/include/lslidar_c16_msg/lslidar_c16_msg/srv/detail/lslidar_c16_control__struct.h
[4.810s] -- Installing: /root/slam/slam/driver_FR_APOLLO/install/lslidar_c16_msg/include/lslidar_c16_msg/lslidar_c16_msg/msg
[4.810s] -- Installing: /root/slam/slam/driver_FR_APOLLO/install/lslidar_c16_msg/include/lslidar_c16_msg/lslidar_c16_msg/msg/lslidar_c16_packet.h
[4.810s] -- Installing: /root/slam/slam/driver_FR_APOLLO/install/lslidar_c16_msg/include/lslidar_c16_msg/lslidar_c16_msg/msg/lslidar_c16_layer.h
[4.810s] -- Installing: /root/slam/slam/driver_FR_APOLLO/install/lslidar_c16_msg/include/lslidar_c16_msg/lslidar_c16_msg/msg/lslidar_c16_point.h
[4.810s] -- Installing: /root/slam/slam/driver_FR_APOLLO/install/lslidar_c16_msg/include/lslidar_c16_msg/lslidar_c16_msg/msg/lslidar_c16_scan_unified.h
[4.810s] -- Installing: /root/slam/slam/driver_FR_APOLLO/install/lslidar_c16_msg/include/lslidar_c16_msg/lslidar_c16_msg/msg/lslidar_c16_sweep.h
[4.810s] -- Installing: /root/slam/slam/driver_FR_APOLLO/install/lslidar_c16_msg/include/lslidar_c16_msg/lslidar_c16_msg/msg/lslidar_c16_scan.h
[4.810s] -- Installing: /root/slam/slam/driver_FR_APOLLO/install/lslidar_c16_msg/include/lslidar_c16_msg/lslidar_c16_msg/msg/detail
[4.810s] -- Installing: /root/slam/slam/driver_FR_APOLLO/install/lslidar_c16_msg/include/lslidar_c16_msg/lslidar_c16_msg/msg/detail/lslidar_c16_scan__type_support.h
[4.810s] -- Installing: /root/slam/slam/driver_FR_APOLLO/install/lslidar_c16_msg/include/lslidar_c16_msg/lslidar_c16_msg/msg/detail/lslidar_c16_sweep__functions.c
[4.810s] -- Installing: /root/slam/slam/driver_FR_APOLLO/install/lslidar_c16_msg/include/lslidar_c16_msg/lslidar_c16_msg/msg/detail/lslidar_c16_scan_unified__type_support.h
[4.810s] -- Installing: /root/slam/slam/driver_FR_APOLLO/install/lslidar_c16_msg/include/lslidar_c16_msg/lslidar_c16_msg/msg/detail/lslidar_c16_layer__type_support.h
[4.810s] -- Installing: /root/slam/slam/driver_FR_APOLLO/install/lslidar_c16_msg/include/lslidar_c16_msg/lslidar_c16_msg/msg/detail/lslidar_c16_packet__type_support.h
[4.810s] -- Installing: /root/slam/slam/driver_FR_APOLLO/install/lslidar_c16_msg/include/lslidar_c16_msg/lslidar_c16_msg/msg/detail/lslidar_c16_scan__functions.h
[4.810s] -- Installing: /root/slam/slam/driver_FR_APOLLO/install/lslidar_c16_msg/include/lslidar_c16_msg/lslidar_c16_msg/msg/detail/lslidar_c16_scan_unified__struct.h
[4.810s] -- Installing: /root/slam/slam/driver_FR_APOLLO/install/lslidar_c16_msg/include/lslidar_c16_msg/lslidar_c16_msg/msg/detail/lslidar_c16_layer__struct.h
[4.810s] -- Installing: /root/slam/slam/driver_FR_APOLLO/install/lslidar_c16_msg/include/lslidar_c16_msg/lslidar_c16_msg/msg/detail/lslidar_c16_point__struct.h
[4.811s] -- Installing: /root/slam/slam/driver_FR_APOLLO/install/lslidar_c16_msg/include/lslidar_c16_msg/lslidar_c16_msg/msg/detail/lslidar_c16_scan__struct.h
[4.811s] -- Installing: /root/slam/slam/driver_FR_APOLLO/install/lslidar_c16_msg/include/lslidar_c16_msg/lslidar_c16_msg/msg/detail/lslidar_c16_sweep__struct.h
[4.811s] -- Installing: /root/slam/slam/driver_FR_APOLLO/install/lslidar_c16_msg/include/lslidar_c16_msg/lslidar_c16_msg/msg/detail/lslidar_c16_scan_unified__functions.c
[4.811s] -- Installing: /root/slam/slam/driver_FR_APOLLO/install/lslidar_c16_msg/include/lslidar_c16_msg/lslidar_c16_msg/msg/detail/lslidar_c16_layer__functions.h
[4.811s] -- Installing: /root/slam/slam/driver_FR_APOLLO/install/lslidar_c16_msg/include/lslidar_c16_msg/lslidar_c16_msg/msg/detail/lslidar_c16_scan_unified__functions.h
[4.811s] -- Installing: /root/slam/slam/driver_FR_APOLLO/install/lslidar_c16_msg/include/lslidar_c16_msg/lslidar_c16_msg/msg/detail/lslidar_c16_layer__functions.c
[4.811s] -- Installing: /root/slam/slam/driver_FR_APOLLO/install/lslidar_c16_msg/include/lslidar_c16_msg/lslidar_c16_msg/msg/detail/lslidar_c16_scan__functions.c
[4.811s] -- Installing: /root/slam/slam/driver_FR_APOLLO/install/lslidar_c16_msg/include/lslidar_c16_msg/lslidar_c16_msg/msg/detail/lslidar_c16_sweep__functions.h
[4.811s] -- Installing: /root/slam/slam/driver_FR_APOLLO/install/lslidar_c16_msg/include/lslidar_c16_msg/lslidar_c16_msg/msg/detail/lslidar_c16_packet__functions.h
[4.811s] -- Installing: /root/slam/slam/driver_FR_APOLLO/install/lslidar_c16_msg/include/lslidar_c16_msg/lslidar_c16_msg/msg/detail/lslidar_c16_sweep__type_support.h
[4.811s] -- Installing: /root/slam/slam/driver_FR_APOLLO/install/lslidar_c16_msg/include/lslidar_c16_msg/lslidar_c16_msg/msg/detail/lslidar_c16_point__type_support.h
[4.811s] -- Installing: /root/slam/slam/driver_FR_APOLLO/install/lslidar_c16_msg/include/lslidar_c16_msg/lslidar_c16_msg/msg/detail/lslidar_c16_packet__functions.c
[4.811s] -- Installing: /root/slam/slam/driver_FR_APOLLO/install/lslidar_c16_msg/include/lslidar_c16_msg/lslidar_c16_msg/msg/detail/lslidar_c16_point__functions.h
[4.811s] -- Installing: /root/slam/slam/driver_FR_APOLLO/install/lslidar_c16_msg/include/lslidar_c16_msg/lslidar_c16_msg/msg/detail/lslidar_c16_packet__struct.h
[4.811s] -- Installing: /root/slam/slam/driver_FR_APOLLO/install/lslidar_c16_msg/include/lslidar_c16_msg/lslidar_c16_msg/msg/detail/lslidar_c16_point__functions.c
[4.811s] -- Installing: /root/slam/slam/driver_FR_APOLLO/install/lslidar_c16_msg/include/lslidar_c16_msg/lslidar_c16_msg/msg/rosidl_generator_c__visibility_control.h
[4.811s] -- Installing: /root/slam/slam/driver_FR_APOLLO/install/lslidar_c16_msg/share/lslidar_c16_msg/environment/library_path.sh
[4.811s] -- Installing: /root/slam/slam/driver_FR_APOLLO/install/lslidar_c16_msg/share/lslidar_c16_msg/environment/library_path.dsv
[4.811s] -- Installing: /root/slam/slam/driver_FR_APOLLO/install/lslidar_c16_msg/lib/liblslidar_c16_msg__rosidl_generator_c.so
[4.811s] -- Set runtime path of "/root/slam/slam/driver_FR_APOLLO/install/lslidar_c16_msg/lib/liblslidar_c16_msg__rosidl_generator_c.so" to ""
[4.811s] -- Up-to-date: /root/slam/slam/driver_FR_APOLLO/install/lslidar_c16_msg/include/lslidar_c16_msg/lslidar_c16_msg
[4.811s] -- Up-to-date: /root/slam/slam/driver_FR_APOLLO/install/lslidar_c16_msg/include/lslidar_c16_msg/lslidar_c16_msg/srv
[4.811s] -- Up-to-date: /root/slam/slam/driver_FR_APOLLO/install/lslidar_c16_msg/include/lslidar_c16_msg/lslidar_c16_msg/srv/detail
[4.811s] -- Installing: /root/slam/slam/driver_FR_APOLLO/install/lslidar_c16_msg/include/lslidar_c16_msg/lslidar_c16_msg/srv/detail/lslidar_c16_control__rosidl_typesupport_fastrtps_c.h
[4.811s] -- Up-to-date: /root/slam/slam/driver_FR_APOLLO/install/lslidar_c16_msg/include/lslidar_c16_msg/lslidar_c16_msg/msg
[4.811s] -- Up-to-date: /root/slam/slam/driver_FR_APOLLO/install/lslidar_c16_msg/include/lslidar_c16_msg/lslidar_c16_msg/msg/detail
[4.812s] -- Installing: /root/slam/slam/driver_FR_APOLLO/install/lslidar_c16_msg/include/lslidar_c16_msg/lslidar_c16_msg/msg/detail/lslidar_c16_point__rosidl_typesupport_fastrtps_c.h
[4.812s] -- Installing: /root/slam/slam/driver_FR_APOLLO/install/lslidar_c16_msg/include/lslidar_c16_msg/lslidar_c16_msg/msg/detail/lslidar_c16_scan_unified__rosidl_typesupport_fastrtps_c.h
[4.812s] -- Installing: /root/slam/slam/driver_FR_APOLLO/install/lslidar_c16_msg/include/lslidar_c16_msg/lslidar_c16_msg/msg/detail/lslidar_c16_scan__rosidl_typesupport_fastrtps_c.h
[4.812s] -- Installing: /root/slam/slam/driver_FR_APOLLO/install/lslidar_c16_msg/include/lslidar_c16_msg/lslidar_c16_msg/msg/detail/lslidar_c16_sweep__rosidl_typesupport_fastrtps_c.h
[4.812s] -- Installing: /root/slam/slam/driver_FR_APOLLO/install/lslidar_c16_msg/include/lslidar_c16_msg/lslidar_c16_msg/msg/detail/lslidar_c16_packet__rosidl_typesupport_fastrtps_c.h
[4.812s] -- Installing: /root/slam/slam/driver_FR_APOLLO/install/lslidar_c16_msg/include/lslidar_c16_msg/lslidar_c16_msg/msg/detail/lslidar_c16_layer__rosidl_typesupport_fastrtps_c.h
[4.812s] -- Installing: /root/slam/slam/driver_FR_APOLLO/install/lslidar_c16_msg/include/lslidar_c16_msg/lslidar_c16_msg/msg/rosidl_typesupport_fastrtps_c__visibility_control.h
[4.812s] -- Installing: /root/slam/slam/driver_FR_APOLLO/install/lslidar_c16_msg/lib/liblslidar_c16_msg__rosidl_typesupport_fastrtps_c.so
[4.812s] -- Set runtime path of "/root/slam/slam/driver_FR_APOLLO/install/lslidar_c16_msg/lib/liblslidar_c16_msg__rosidl_typesupport_fastrtps_c.so" to ""
[4.812s] -- Up-to-date: /root/slam/slam/driver_FR_APOLLO/install/lslidar_c16_msg/include/lslidar_c16_msg/lslidar_c16_msg
[4.812s] -- Up-to-date: /root/slam/slam/driver_FR_APOLLO/install/lslidar_c16_msg/include/lslidar_c16_msg/lslidar_c16_msg/srv
[4.812s] -- Up-to-date: /root/slam/slam/driver_FR_APOLLO/install/lslidar_c16_msg/include/lslidar_c16_msg/lslidar_c16_msg/srv/detail
[4.812s] -- Installing: /root/slam/slam/driver_FR_APOLLO/install/lslidar_c16_msg/include/lslidar_c16_msg/lslidar_c16_msg/srv/detail/lslidar_c16_control__rosidl_typesupport_introspection_c.h
[4.812s] -- Installing: /root/slam/slam/driver_FR_APOLLO/install/lslidar_c16_msg/include/lslidar_c16_msg/lslidar_c16_msg/srv/detail/lslidar_c16_control__type_support.c
[4.812s] -- Up-to-date: /root/slam/slam/driver_FR_APOLLO/install/lslidar_c16_msg/include/lslidar_c16_msg/lslidar_c16_msg/msg
[4.812s] -- Up-to-date: /root/slam/slam/driver_FR_APOLLO/install/lslidar_c16_msg/include/lslidar_c16_msg/lslidar_c16_msg/msg/detail
[4.812s] -- Installing: /root/slam/slam/driver_FR_APOLLO/install/lslidar_c16_msg/include/lslidar_c16_msg/lslidar_c16_msg/msg/detail/lslidar_c16_point__type_support.c
[4.812s] -- Installing: /root/slam/slam/driver_FR_APOLLO/install/lslidar_c16_msg/include/lslidar_c16_msg/lslidar_c16_msg/msg/detail/lslidar_c16_scan_unified__rosidl_typesupport_introspection_c.h
[4.812s] -- Installing: /root/slam/slam/driver_FR_APOLLO/install/lslidar_c16_msg/include/lslidar_c16_msg/lslidar_c16_msg/msg/detail/lslidar_c16_sweep__type_support.c
[4.812s] -- Installing: /root/slam/slam/driver_FR_APOLLO/install/lslidar_c16_msg/include/lslidar_c16_msg/lslidar_c16_msg/msg/detail/lslidar_c16_layer__rosidl_typesupport_introspection_c.h
[4.812s] -- Installing: /root/slam/slam/driver_FR_APOLLO/install/lslidar_c16_msg/include/lslidar_c16_msg/lslidar_c16_msg/msg/detail/lslidar_c16_layer__type_support.c
[4.812s] -- Installing: /root/slam/slam/driver_FR_APOLLO/install/lslidar_c16_msg/include/lslidar_c16_msg/lslidar_c16_msg/msg/detail/lslidar_c16_packet__rosidl_typesupport_introspection_c.h
[4.812s] -- Installing: /root/slam/slam/driver_FR_APOLLO/install/lslidar_c16_msg/include/lslidar_c16_msg/lslidar_c16_msg/msg/detail/lslidar_c16_point__rosidl_typesupport_introspection_c.h
[4.812s] -- Installing: /root/slam/slam/driver_FR_APOLLO/install/lslidar_c16_msg/include/lslidar_c16_msg/lslidar_c16_msg/msg/detail/lslidar_c16_packet__type_support.c
[4.812s] -- Installing: /root/slam/slam/driver_FR_APOLLO/install/lslidar_c16_msg/include/lslidar_c16_msg/lslidar_c16_msg/msg/detail/lslidar_c16_scan_unified__type_support.c
[4.812s] -- Installing: /root/slam/slam/driver_FR_APOLLO/install/lslidar_c16_msg/include/lslidar_c16_msg/lslidar_c16_msg/msg/detail/lslidar_c16_scan__type_support.c
[4.812s] -- Installing: /root/slam/slam/driver_FR_APOLLO/install/lslidar_c16_msg/include/lslidar_c16_msg/lslidar_c16_msg/msg/detail/lslidar_c16_sweep__rosidl_typesupport_introspection_c.h
[4.812s] -- Installing: /root/slam/slam/driver_FR_APOLLO/install/lslidar_c16_msg/include/lslidar_c16_msg/lslidar_c16_msg/msg/detail/lslidar_c16_scan__rosidl_typesupport_introspection_c.h
[4.813s] -- Installing: /root/slam/slam/driver_FR_APOLLO/install/lslidar_c16_msg/include/lslidar_c16_msg/lslidar_c16_msg/msg/rosidl_typesupport_introspection_c__visibility_control.h
[4.813s] -- Installing: /root/slam/slam/driver_FR_APOLLO/install/lslidar_c16_msg/lib/liblslidar_c16_msg__rosidl_typesupport_introspection_c.so
[4.813s] -- Set runtime path of "/root/slam/slam/driver_FR_APOLLO/install/lslidar_c16_msg/lib/liblslidar_c16_msg__rosidl_typesupport_introspection_c.so" to ""
[4.813s] -- Installing: /root/slam/slam/driver_FR_APOLLO/install/lslidar_c16_msg/lib/liblslidar_c16_msg__rosidl_typesupport_c.so
[4.813s] -- Set runtime path of "/root/slam/slam/driver_FR_APOLLO/install/lslidar_c16_msg/lib/liblslidar_c16_msg__rosidl_typesupport_c.so" to ""
[4.813s] -- Up-to-date: /root/slam/slam/driver_FR_APOLLO/install/lslidar_c16_msg/include/lslidar_c16_msg/lslidar_c16_msg
[4.813s] -- Up-to-date: /root/slam/slam/driver_FR_APOLLO/install/lslidar_c16_msg/include/lslidar_c16_msg/lslidar_c16_msg/srv
[4.813s] -- Installing: /root/slam/slam/driver_FR_APOLLO/install/lslidar_c16_msg/include/lslidar_c16_msg/lslidar_c16_msg/srv/lslidar_c16_control.hpp
[4.813s] -- Up-to-date: /root/slam/slam/driver_FR_APOLLO/install/lslidar_c16_msg/include/lslidar_c16_msg/lslidar_c16_msg/srv/detail
[4.813s] -- Installing: /root/slam/slam/driver_FR_APOLLO/install/lslidar_c16_msg/include/lslidar_c16_msg/lslidar_c16_msg/srv/detail/lslidar_c16_control__traits.hpp
[4.813s] -- Installing: /root/slam/slam/driver_FR_APOLLO/install/lslidar_c16_msg/include/lslidar_c16_msg/lslidar_c16_msg/srv/detail/lslidar_c16_control__struct.hpp
[4.813s] -- Installing: /root/slam/slam/driver_FR_APOLLO/install/lslidar_c16_msg/include/lslidar_c16_msg/lslidar_c16_msg/srv/detail/lslidar_c16_control__builder.hpp
[4.813s] -- Up-to-date: /root/slam/slam/driver_FR_APOLLO/install/lslidar_c16_msg/include/lslidar_c16_msg/lslidar_c16_msg/msg
[4.813s] -- Installing: /root/slam/slam/driver_FR_APOLLO/install/lslidar_c16_msg/include/lslidar_c16_msg/lslidar_c16_msg/msg/lslidar_c16_scan_unified.hpp
[4.813s] -- Installing: /root/slam/slam/driver_FR_APOLLO/install/lslidar_c16_msg/include/lslidar_c16_msg/lslidar_c16_msg/msg/lslidar_c16_sweep.hpp
[4.813s] -- Installing: /root/slam/slam/driver_FR_APOLLO/install/lslidar_c16_msg/include/lslidar_c16_msg/lslidar_c16_msg/msg/lslidar_c16_packet.hpp
[4.813s] -- Installing: /root/slam/slam/driver_FR_APOLLO/install/lslidar_c16_msg/include/lslidar_c16_msg/lslidar_c16_msg/msg/lslidar_c16_layer.hpp
[4.813s] -- Installing: /root/slam/slam/driver_FR_APOLLO/install/lslidar_c16_msg/include/lslidar_c16_msg/lslidar_c16_msg/msg/lslidar_c16_point.hpp
[4.813s] -- Up-to-date: /root/slam/slam/driver_FR_APOLLO/install/lslidar_c16_msg/include/lslidar_c16_msg/lslidar_c16_msg/msg/detail
[4.813s] -- Installing: /root/slam/slam/driver_FR_APOLLO/install/lslidar_c16_msg/include/lslidar_c16_msg/lslidar_c16_msg/msg/detail/lslidar_c16_scan_unified__builder.hpp
[4.813s] -- Installing: /root/slam/slam/driver_FR_APOLLO/install/lslidar_c16_msg/include/lslidar_c16_msg/lslidar_c16_msg/msg/detail/lslidar_c16_scan_unified__struct.hpp
[4.813s] -- Installing: /root/slam/slam/driver_FR_APOLLO/install/lslidar_c16_msg/include/lslidar_c16_msg/lslidar_c16_msg/msg/detail/lslidar_c16_point__struct.hpp
[4.813s] -- Installing: /root/slam/slam/driver_FR_APOLLO/install/lslidar_c16_msg/include/lslidar_c16_msg/lslidar_c16_msg/msg/detail/lslidar_c16_scan__traits.hpp
[4.813s] -- Installing: /root/slam/slam/driver_FR_APOLLO/install/lslidar_c16_msg/include/lslidar_c16_msg/lslidar_c16_msg/msg/detail/lslidar_c16_sweep__traits.hpp
[4.813s] -- Installing: /root/slam/slam/driver_FR_APOLLO/install/lslidar_c16_msg/include/lslidar_c16_msg/lslidar_c16_msg/msg/detail/lslidar_c16_scan__builder.hpp
[4.813s] -- Installing: /root/slam/slam/driver_FR_APOLLO/install/lslidar_c16_msg/include/lslidar_c16_msg/lslidar_c16_msg/msg/detail/lslidar_c16_layer__traits.hpp
[4.813s] -- Installing: /root/slam/slam/driver_FR_APOLLO/install/lslidar_c16_msg/include/lslidar_c16_msg/lslidar_c16_msg/msg/detail/lslidar_c16_sweep__struct.hpp
[4.814s] -- Installing: /root/slam/slam/driver_FR_APOLLO/install/lslidar_c16_msg/include/lslidar_c16_msg/lslidar_c16_msg/msg/detail/lslidar_c16_scan_unified__traits.hpp
[4.814s] -- Installing: /root/slam/slam/driver_FR_APOLLO/install/lslidar_c16_msg/include/lslidar_c16_msg/lslidar_c16_msg/msg/detail/lslidar_c16_point__traits.hpp
[4.814s] -- Installing: /root/slam/slam/driver_FR_APOLLO/install/lslidar_c16_msg/include/lslidar_c16_msg/lslidar_c16_msg/msg/detail/lslidar_c16_sweep__builder.hpp
[4.814s] -- Installing: /root/slam/slam/driver_FR_APOLLO/install/lslidar_c16_msg/include/lslidar_c16_msg/lslidar_c16_msg/msg/detail/lslidar_c16_point__builder.hpp
[4.814s] -- Installing: /root/slam/slam/driver_FR_APOLLO/install/lslidar_c16_msg/include/lslidar_c16_msg/lslidar_c16_msg/msg/detail/lslidar_c16_scan__struct.hpp
[4.814s] -- Installing: /root/slam/slam/driver_FR_APOLLO/install/lslidar_c16_msg/include/lslidar_c16_msg/lslidar_c16_msg/msg/detail/lslidar_c16_layer__struct.hpp
[4.814s] -- Installing: /root/slam/slam/driver_FR_APOLLO/install/lslidar_c16_msg/include/lslidar_c16_msg/lslidar_c16_msg/msg/detail/lslidar_c16_packet__struct.hpp
[4.814s] -- Installing: /root/slam/slam/driver_FR_APOLLO/install/lslidar_c16_msg/include/lslidar_c16_msg/lslidar_c16_msg/msg/detail/lslidar_c16_packet__builder.hpp
[4.814s] -- Installing: /root/slam/slam/driver_FR_APOLLO/install/lslidar_c16_msg/include/lslidar_c16_msg/lslidar_c16_msg/msg/detail/lslidar_c16_layer__builder.hpp
[4.814s] -- Installing: /root/slam/slam/driver_FR_APOLLO/install/lslidar_c16_msg/include/lslidar_c16_msg/lslidar_c16_msg/msg/detail/lslidar_c16_packet__traits.hpp
[4.814s] -- Installing: /root/slam/slam/driver_FR_APOLLO/install/lslidar_c16_msg/include/lslidar_c16_msg/lslidar_c16_msg/msg/lslidar_c16_scan.hpp
[4.814s] -- Up-to-date: /root/slam/slam/driver_FR_APOLLO/install/lslidar_c16_msg/include/lslidar_c16_msg/lslidar_c16_msg
[4.814s] -- Up-to-date: /root/slam/slam/driver_FR_APOLLO/install/lslidar_c16_msg/include/lslidar_c16_msg/lslidar_c16_msg/srv
[4.814s] -- Up-to-date: /root/slam/slam/driver_FR_APOLLO/install/lslidar_c16_msg/include/lslidar_c16_msg/lslidar_c16_msg/srv/detail
[4.814s] -- Installing: /root/slam/slam/driver_FR_APOLLO/install/lslidar_c16_msg/include/lslidar_c16_msg/lslidar_c16_msg/srv/detail/dds_fastrtps
[4.814s] -- Installing: /root/slam/slam/driver_FR_APOLLO/install/lslidar_c16_msg/include/lslidar_c16_msg/lslidar_c16_msg/srv/detail/lslidar_c16_control__rosidl_typesupport_fastrtps_cpp.hpp
[4.814s] -- Up-to-date: /root/slam/slam/driver_FR_APOLLO/install/lslidar_c16_msg/include/lslidar_c16_msg/lslidar_c16_msg/msg
[4.814s] -- Installing: /root/slam/slam/driver_FR_APOLLO/install/lslidar_c16_msg/include/lslidar_c16_msg/lslidar_c16_msg/msg/rosidl_typesupport_fastrtps_cpp__visibility_control.h
[4.814s] -- Up-to-date: /root/slam/slam/driver_FR_APOLLO/install/lslidar_c16_msg/include/lslidar_c16_msg/lslidar_c16_msg/msg/detail
[4.814s] -- Installing: /root/slam/slam/driver_FR_APOLLO/install/lslidar_c16_msg/include/lslidar_c16_msg/lslidar_c16_msg/msg/detail/lslidar_c16_layer__rosidl_typesupport_fastrtps_cpp.hpp
[4.814s] -- Installing: /root/slam/slam/driver_FR_APOLLO/install/lslidar_c16_msg/include/lslidar_c16_msg/lslidar_c16_msg/msg/detail/dds_fastrtps
[4.814s] -- Installing: /root/slam/slam/driver_FR_APOLLO/install/lslidar_c16_msg/include/lslidar_c16_msg/lslidar_c16_msg/msg/detail/lslidar_c16_scan__rosidl_typesupport_fastrtps_cpp.hpp
[4.814s] -- Installing: /root/slam/slam/driver_FR_APOLLO/install/lslidar_c16_msg/include/lslidar_c16_msg/lslidar_c16_msg/msg/detail/lslidar_c16_point__rosidl_typesupport_fastrtps_cpp.hpp
[4.814s] -- Installing: /root/slam/slam/driver_FR_APOLLO/install/lslidar_c16_msg/include/lslidar_c16_msg/lslidar_c16_msg/msg/detail/lslidar_c16_sweep__rosidl_typesupport_fastrtps_cpp.hpp
[4.814s] -- Installing: /root/slam/slam/driver_FR_APOLLO/install/lslidar_c16_msg/include/lslidar_c16_msg/lslidar_c16_msg/msg/detail/lslidar_c16_scan_unified__rosidl_typesupport_fastrtps_cpp.hpp
[4.814s] -- Installing: /root/slam/slam/driver_FR_APOLLO/install/lslidar_c16_msg/include/lslidar_c16_msg/lslidar_c16_msg/msg/detail/lslidar_c16_packet__rosidl_typesupport_fastrtps_cpp.hpp
[4.814s] -- Installing: /root/slam/slam/driver_FR_APOLLO/install/lslidar_c16_msg/lib/liblslidar_c16_msg__rosidl_typesupport_fastrtps_cpp.so
[4.815s] -- Set runtime path of "/root/slam/slam/driver_FR_APOLLO/install/lslidar_c16_msg/lib/liblslidar_c16_msg__rosidl_typesupport_fastrtps_cpp.so" to ""
[4.815s] -- Up-to-date: /root/slam/slam/driver_FR_APOLLO/install/lslidar_c16_msg/include/lslidar_c16_msg/lslidar_c16_msg
[4.815s] -- Up-to-date: /root/slam/slam/driver_FR_APOLLO/install/lslidar_c16_msg/include/lslidar_c16_msg/lslidar_c16_msg/srv
[4.815s] -- Up-to-date: /root/slam/slam/driver_FR_APOLLO/install/lslidar_c16_msg/include/lslidar_c16_msg/lslidar_c16_msg/srv/detail
[4.815s] -- Installing: /root/slam/slam/driver_FR_APOLLO/install/lslidar_c16_msg/include/lslidar_c16_msg/lslidar_c16_msg/srv/detail/lslidar_c16_control__type_support.cpp
[4.815s] -- Installing: /root/slam/slam/driver_FR_APOLLO/install/lslidar_c16_msg/include/lslidar_c16_msg/lslidar_c16_msg/srv/detail/lslidar_c16_control__rosidl_typesupport_introspection_cpp.hpp
[4.815s] -- Up-to-date: /root/slam/slam/driver_FR_APOLLO/install/lslidar_c16_msg/include/lslidar_c16_msg/lslidar_c16_msg/msg
[4.815s] -- Up-to-date: /root/slam/slam/driver_FR_APOLLO/install/lslidar_c16_msg/include/lslidar_c16_msg/lslidar_c16_msg/msg/detail
[4.815s] -- Installing: /root/slam/slam/driver_FR_APOLLO/install/lslidar_c16_msg/include/lslidar_c16_msg/lslidar_c16_msg/msg/detail/lslidar_c16_sweep__rosidl_typesupport_introspection_cpp.hpp
[4.815s] -- Installing: /root/slam/slam/driver_FR_APOLLO/install/lslidar_c16_msg/include/lslidar_c16_msg/lslidar_c16_msg/msg/detail/lslidar_c16_scan__type_support.cpp
[4.815s] -- Installing: /root/slam/slam/driver_FR_APOLLO/install/lslidar_c16_msg/include/lslidar_c16_msg/lslidar_c16_msg/msg/detail/lslidar_c16_layer__rosidl_typesupport_introspection_cpp.hpp
[4.815s] -- Installing: /root/slam/slam/driver_FR_APOLLO/install/lslidar_c16_msg/include/lslidar_c16_msg/lslidar_c16_msg/msg/detail/lslidar_c16_scan_unified__rosidl_typesupport_introspection_cpp.hpp
[4.815s] -- Installing: /root/slam/slam/driver_FR_APOLLO/install/lslidar_c16_msg/include/lslidar_c16_msg/lslidar_c16_msg/msg/detail/lslidar_c16_sweep__type_support.cpp
[4.815s] -- Installing: /root/slam/slam/driver_FR_APOLLO/install/lslidar_c16_msg/include/lslidar_c16_msg/lslidar_c16_msg/msg/detail/lslidar_c16_scan_unified__type_support.cpp
[4.815s] -- Installing: /root/slam/slam/driver_FR_APOLLO/install/lslidar_c16_msg/include/lslidar_c16_msg/lslidar_c16_msg/msg/detail/lslidar_c16_scan__rosidl_typesupport_introspection_cpp.hpp
[4.815s] -- Installing: /root/slam/slam/driver_FR_APOLLO/install/lslidar_c16_msg/include/lslidar_c16_msg/lslidar_c16_msg/msg/detail/lslidar_c16_layer__type_support.cpp
[4.815s] -- Installing: /root/slam/slam/driver_FR_APOLLO/install/lslidar_c16_msg/include/lslidar_c16_msg/lslidar_c16_msg/msg/detail/lslidar_c16_point__rosidl_typesupport_introspection_cpp.hpp
[4.815s] -- Installing: /root/slam/slam/driver_FR_APOLLO/install/lslidar_c16_msg/include/lslidar_c16_msg/lslidar_c16_msg/msg/detail/lslidar_c16_packet__type_support.cpp
[4.815s] -- Installing: /root/slam/slam/driver_FR_APOLLO/install/lslidar_c16_msg/include/lslidar_c16_msg/lslidar_c16_msg/msg/detail/lslidar_c16_point__type_support.cpp
[4.815s] -- Installing: /root/slam/slam/driver_FR_APOLLO/install/lslidar_c16_msg/include/lslidar_c16_msg/lslidar_c16_msg/msg/detail/lslidar_c16_packet__rosidl_typesupport_introspection_cpp.hpp
[4.815s] -- Installing: /root/slam/slam/driver_FR_APOLLO/install/lslidar_c16_msg/lib/liblslidar_c16_msg__rosidl_typesupport_introspection_cpp.so
[4.815s] -- Set runtime path of "/root/slam/slam/driver_FR_APOLLO/install/lslidar_c16_msg/lib/liblslidar_c16_msg__rosidl_typesupport_introspection_cpp.so" to ""
[4.815s] -- Installing: /root/slam/slam/driver_FR_APOLLO/install/lslidar_c16_msg/lib/liblslidar_c16_msg__rosidl_typesupport_cpp.so
[4.816s] -- Set runtime path of "/root/slam/slam/driver_FR_APOLLO/install/lslidar_c16_msg/lib/liblslidar_c16_msg__rosidl_typesupport_cpp.so" to ""
[4.816s] -- Installing: /root/slam/slam/driver_FR_APOLLO/install/lslidar_c16_msg/share/lslidar_c16_msg/environment/pythonpath.sh
[4.816s] -- Installing: /root/slam/slam/driver_FR_APOLLO/install/lslidar_c16_msg/share/lslidar_c16_msg/environment/pythonpath.dsv
[4.816s] -- Installing: /root/slam/slam/driver_FR_APOLLO/install/lslidar_c16_msg/local/lib/python3.10/dist-packages/lslidar_c16_msg-0.0.0-py3.10.egg-info
[4.816s] -- Installing: /root/slam/slam/driver_FR_APOLLO/install/lslidar_c16_msg/local/lib/python3.10/dist-packages/lslidar_c16_msg-0.0.0-py3.10.egg-info/dependency_links.txt
[4.816s] -- Installing: /root/slam/slam/driver_FR_APOLLO/install/lslidar_c16_msg/local/lib/python3.10/dist-packages/lslidar_c16_msg-0.0.0-py3.10.egg-info/PKG-INFO
[4.816s] -- Installing: /root/slam/slam/driver_FR_APOLLO/install/lslidar_c16_msg/local/lib/python3.10/dist-packages/lslidar_c16_msg-0.0.0-py3.10.egg-info/SOURCES.txt
[4.816s] -- Installing: /root/slam/slam/driver_FR_APOLLO/install/lslidar_c16_msg/local/lib/python3.10/dist-packages/lslidar_c16_msg-0.0.0-py3.10.egg-info/top_level.txt
[4.816s] -- Installing: /root/slam/slam/driver_FR_APOLLO/install/lslidar_c16_msg/local/lib/python3.10/dist-packages/lslidar_c16_msg
[4.816s] -- Installing: /root/slam/slam/driver_FR_APOLLO/install/lslidar_c16_msg/local/lib/python3.10/dist-packages/lslidar_c16_msg/_lslidar_c16_msg_s.ep.rosidl_typesupport_fastrtps_c.c
[4.816s] -- Installing: /root/slam/slam/driver_FR_APOLLO/install/lslidar_c16_msg/local/lib/python3.10/dist-packages/lslidar_c16_msg/lslidar_c16_msg_s__rosidl_typesupport_c.cpython-311-x86_64-linux-gnu.so
[4.816s] -- Installing: /root/slam/slam/driver_FR_APOLLO/install/lslidar_c16_msg/local/lib/python3.10/dist-packages/lslidar_c16_msg/_lslidar_c16_msg_s.ep.rosidl_typesupport_c.c
[4.816s] -- Installing: /root/slam/slam/driver_FR_APOLLO/install/lslidar_c16_msg/local/lib/python3.10/dist-packages/lslidar_c16_msg/lslidar_c16_msg_s__rosidl_typesupport_introspection_c.cpython-311-x86_64-linux-gnu.so
[4.816s] -- Installing: /root/slam/slam/driver_FR_APOLLO/install/lslidar_c16_msg/local/lib/python3.10/dist-packages/lslidar_c16_msg/lslidar_c16_msg_s__rosidl_typesupport_fastrtps_c.cpython-311-x86_64-linux-gnu.so
[4.816s] -- Installing: /root/slam/slam/driver_FR_APOLLO/install/lslidar_c16_msg/local/lib/python3.10/dist-packages/lslidar_c16_msg/_lslidar_c16_msg_s.ep.rosidl_typesupport_introspection_c.c
[4.816s] -- Installing: /root/slam/slam/driver_FR_APOLLO/install/lslidar_c16_msg/local/lib/python3.10/dist-packages/lslidar_c16_msg/liblslidar_c16_msg__rosidl_generator_py.so
[4.816s] -- Installing: /root/slam/slam/driver_FR_APOLLO/install/lslidar_c16_msg/local/lib/python3.10/dist-packages/lslidar_c16_msg/srv
[4.816s] -- Installing: /root/slam/slam/driver_FR_APOLLO/install/lslidar_c16_msg/local/lib/python3.10/dist-packages/lslidar_c16_msg/srv/_lslidar_c16_control.py
[4.816s] -- Installing: /root/slam/slam/driver_FR_APOLLO/install/lslidar_c16_msg/local/lib/python3.10/dist-packages/lslidar_c16_msg/srv/__init__.py
[4.816s] -- Installing: /root/slam/slam/driver_FR_APOLLO/install/lslidar_c16_msg/local/lib/python3.10/dist-packages/lslidar_c16_msg/srv/_lslidar_c16_control_s.c
[4.816s] -- Installing: /root/slam/slam/driver_FR_APOLLO/install/lslidar_c16_msg/local/lib/python3.10/dist-packages/lslidar_c16_msg/msg
[4.816s] -- Installing: /root/slam/slam/driver_FR_APOLLO/install/lslidar_c16_msg/local/lib/python3.10/dist-packages/lslidar_c16_msg/msg/_lslidar_c16_layer_s.c
[4.816s] -- Installing: /root/slam/slam/driver_FR_APOLLO/install/lslidar_c16_msg/local/lib/python3.10/dist-packages/lslidar_c16_msg/msg/_lslidar_c16_layer.py
[4.817s] -- Installing: /root/slam/slam/driver_FR_APOLLO/install/lslidar_c16_msg/local/lib/python3.10/dist-packages/lslidar_c16_msg/msg/_lslidar_c16_scan.py
[4.817s] -- Installing: /root/slam/slam/driver_FR_APOLLO/install/lslidar_c16_msg/local/lib/python3.10/dist-packages/lslidar_c16_msg/msg/_lslidar_c16_sweep.py
[4.817s] -- Installing: /root/slam/slam/driver_FR_APOLLO/install/lslidar_c16_msg/local/lib/python3.10/dist-packages/lslidar_c16_msg/msg/_lslidar_c16_packet_s.c
[4.817s] -- Installing: /root/slam/slam/driver_FR_APOLLO/install/lslidar_c16_msg/local/lib/python3.10/dist-packages/lslidar_c16_msg/msg/_lslidar_c16_scan_unified_s.c
[4.817s] -- Installing: /root/slam/slam/driver_FR_APOLLO/install/lslidar_c16_msg/local/lib/python3.10/dist-packages/lslidar_c16_msg/msg/_lslidar_c16_packet.py
[4.817s] -- Installing: /root/slam/slam/driver_FR_APOLLO/install/lslidar_c16_msg/local/lib/python3.10/dist-packages/lslidar_c16_msg/msg/_lslidar_c16_scan_unified.py
[4.817s] -- Installing: /root/slam/slam/driver_FR_APOLLO/install/lslidar_c16_msg/local/lib/python3.10/dist-packages/lslidar_c16_msg/msg/_lslidar_c16_scan_s.c
[4.817s] -- Installing: /root/slam/slam/driver_FR_APOLLO/install/lslidar_c16_msg/local/lib/python3.10/dist-packages/lslidar_c16_msg/msg/_lslidar_c16_point_s.c
[4.817s] -- Installing: /root/slam/slam/driver_FR_APOLLO/install/lslidar_c16_msg/local/lib/python3.10/dist-packages/lslidar_c16_msg/msg/_lslidar_c16_point.py
[4.817s] -- Installing: /root/slam/slam/driver_FR_APOLLO/install/lslidar_c16_msg/local/lib/python3.10/dist-packages/lslidar_c16_msg/msg/_lslidar_c16_sweep_s.c
[4.817s] -- Installing: /root/slam/slam/driver_FR_APOLLO/install/lslidar_c16_msg/local/lib/python3.10/dist-packages/lslidar_c16_msg/msg/__init__.py
[4.817s] -- Installing: /root/slam/slam/driver_FR_APOLLO/install/lslidar_c16_msg/local/lib/python3.10/dist-packages/lslidar_c16_msg/__init__.py
[4.841s] Listing '/root/slam/slam/driver_FR_APOLLO/install/lslidar_c16_msg/local/lib/python3.10/dist-packages/lslidar_c16_msg'...
[4.841s] Compiling '/root/slam/slam/driver_FR_APOLLO/install/lslidar_c16_msg/local/lib/python3.10/dist-packages/lslidar_c16_msg/__init__.py'...
[4.841s] Listing '/root/slam/slam/driver_FR_APOLLO/install/lslidar_c16_msg/local/lib/python3.10/dist-packages/lslidar_c16_msg/msg'...
[4.841s] Compiling '/root/slam/slam/driver_FR_APOLLO/install/lslidar_c16_msg/local/lib/python3.10/dist-packages/lslidar_c16_msg/msg/__init__.py'...
[4.841s] Compiling '/root/slam/slam/driver_FR_APOLLO/install/lslidar_c16_msg/local/lib/python3.10/dist-packages/lslidar_c16_msg/msg/_lslidar_c16_layer.py'...
[4.841s] Compiling '/root/slam/slam/driver_FR_APOLLO/install/lslidar_c16_msg/local/lib/python3.10/dist-packages/lslidar_c16_msg/msg/_lslidar_c16_packet.py'...
[4.841s] Compiling '/root/slam/slam/driver_FR_APOLLO/install/lslidar_c16_msg/local/lib/python3.10/dist-packages/lslidar_c16_msg/msg/_lslidar_c16_point.py'...
[4.841s] Compiling '/root/slam/slam/driver_FR_APOLLO/install/lslidar_c16_msg/local/lib/python3.10/dist-packages/lslidar_c16_msg/msg/_lslidar_c16_scan.py'...
[4.841s] Compiling '/root/slam/slam/driver_FR_APOLLO/install/lslidar_c16_msg/local/lib/python3.10/dist-packages/lslidar_c16_msg/msg/_lslidar_c16_scan_unified.py'...
[4.841s] Compiling '/root/slam/slam/driver_FR_APOLLO/install/lslidar_c16_msg/local/lib/python3.10/dist-packages/lslidar_c16_msg/msg/_lslidar_c16_sweep.py'...
[4.841s] Listing '/root/slam/slam/driver_FR_APOLLO/install/lslidar_c16_msg/local/lib/python3.10/dist-packages/lslidar_c16_msg/srv'...
[4.841s] Compiling '/root/slam/slam/driver_FR_APOLLO/install/lslidar_c16_msg/local/lib/python3.10/dist-packages/lslidar_c16_msg/srv/__init__.py'...
[4.842s] Compiling '/root/slam/slam/driver_FR_APOLLO/install/lslidar_c16_msg/local/lib/python3.10/dist-packages/lslidar_c16_msg/srv/_lslidar_c16_control.py'...
[4.844s] -- Installing: /root/slam/slam/driver_FR_APOLLO/install/lslidar_c16_msg/local/lib/python3.10/dist-packages/lslidar_c16_msg/lslidar_c16_msg_s__rosidl_typesupport_fastrtps_c.cpython-311-x86_64-linux-gnu.so
[4.844s] -- Set runtime path of "/root/slam/slam/driver_FR_APOLLO/install/lslidar_c16_msg/local/lib/python3.10/dist-packages/lslidar_c16_msg/lslidar_c16_msg_s__rosidl_typesupport_fastrtps_c.cpython-311-x86_64-linux-gnu.so" to ""
[4.844s] -- Installing: /root/slam/slam/driver_FR_APOLLO/install/lslidar_c16_msg/local/lib/python3.10/dist-packages/lslidar_c16_msg/lslidar_c16_msg_s__rosidl_typesupport_introspection_c.cpython-311-x86_64-linux-gnu.so
[4.844s] -- Set runtime path of "/root/slam/slam/driver_FR_APOLLO/install/lslidar_c16_msg/local/lib/python3.10/dist-packages/lslidar_c16_msg/lslidar_c16_msg_s__rosidl_typesupport_introspection_c.cpython-311-x86_64-linux-gnu.so" to ""
[4.845s] -- Installing: /root/slam/slam/driver_FR_APOLLO/install/lslidar_c16_msg/local/lib/python3.10/dist-packages/lslidar_c16_msg/lslidar_c16_msg_s__rosidl_typesupport_c.cpython-311-x86_64-linux-gnu.so
[4.845s] -- Set runtime path of "/root/slam/slam/driver_FR_APOLLO/install/lslidar_c16_msg/local/lib/python3.10/dist-packages/lslidar_c16_msg/lslidar_c16_msg_s__rosidl_typesupport_c.cpython-311-x86_64-linux-gnu.so" to ""
[4.845s] -- Installing: /root/slam/slam/driver_FR_APOLLO/install/lslidar_c16_msg/lib/liblslidar_c16_msg__rosidl_generator_py.so
[4.845s] -- Set runtime path of "/root/slam/slam/driver_FR_APOLLO/install/lslidar_c16_msg/lib/liblslidar_c16_msg__rosidl_generator_py.so" to ""
[4.845s] -- Installing: /root/slam/slam/driver_FR_APOLLO/install/lslidar_c16_msg/share/lslidar_c16_msg/srv/LslidarC16Control.idl
[4.845s] -- Installing: /root/slam/slam/driver_FR_APOLLO/install/lslidar_c16_msg/share/lslidar_c16_msg/msg/LslidarC16Point.idl
[4.845s] -- Installing: /root/slam/slam/driver_FR_APOLLO/install/lslidar_c16_msg/share/lslidar_c16_msg/msg/LslidarC16Packet.idl
[4.845s] -- Installing: /root/slam/slam/driver_FR_APOLLO/install/lslidar_c16_msg/share/lslidar_c16_msg/msg/LslidarC16Scan.idl
[4.845s] -- Installing: /root/slam/slam/driver_FR_APOLLO/install/lslidar_c16_msg/share/lslidar_c16_msg/msg/LslidarC16Layer.idl
[4.845s] -- Installing: /root/slam/slam/driver_FR_APOLLO/install/lslidar_c16_msg/share/lslidar_c16_msg/msg/LslidarC16ScanUnified.idl
[4.845s] -- Installing: /root/slam/slam/driver_FR_APOLLO/install/lslidar_c16_msg/share/lslidar_c16_msg/msg/LslidarC16Sweep.idl
[4.845s] -- Installing: /root/slam/slam/driver_FR_APOLLO/install/lslidar_c16_msg/share/lslidar_c16_msg/srv/LslidarC16Control.srv
[4.845s] -- Installing: /root/slam/slam/driver_FR_APOLLO/install/lslidar_c16_msg/share/lslidar_c16_msg/srv/LslidarC16Control_Request.msg
[4.845s] -- Installing: /root/slam/slam/driver_FR_APOLLO/install/lslidar_c16_msg/share/lslidar_c16_msg/srv/LslidarC16Control_Response.msg
[4.845s] -- Installing: /root/slam/slam/driver_FR_APOLLO/install/lslidar_c16_msg/share/lslidar_c16_msg/msg/LslidarC16Point.msg
[4.845s] -- Installing: /root/slam/slam/driver_FR_APOLLO/install/lslidar_c16_msg/share/lslidar_c16_msg/msg/LslidarC16Packet.msg
[4.845s] -- Installing: /root/slam/slam/driver_FR_APOLLO/install/lslidar_c16_msg/share/lslidar_c16_msg/msg/LslidarC16Scan.msg
[4.845s] -- Installing: /root/slam/slam/driver_FR_APOLLO/install/lslidar_c16_msg/share/lslidar_c16_msg/msg/LslidarC16Layer.msg
[4.845s] -- Installing: /root/slam/slam/driver_FR_APOLLO/install/lslidar_c16_msg/share/lslidar_c16_msg/msg/LslidarC16ScanUnified.msg
[4.845s] -- Installing: /root/slam/slam/driver_FR_APOLLO/install/lslidar_c16_msg/share/lslidar_c16_msg/msg/LslidarC16Sweep.msg
[4.846s] -- Installing: /root/slam/slam/driver_FR_APOLLO/install/lslidar_c16_msg/share/ament_index/resource_index/package_run_dependencies/lslidar_c16_msg
[4.846s] -- Installing: /root/slam/slam/driver_FR_APOLLO/install/lslidar_c16_msg/share/ament_index/resource_index/parent_prefix_path/lslidar_c16_msg
[4.846s] -- Installing: /root/slam/slam/driver_FR_APOLLO/install/lslidar_c16_msg/share/lslidar_c16_msg/environment/ament_prefix_path.sh
[4.846s] -- Installing: /root/slam/slam/driver_FR_APOLLO/install/lslidar_c16_msg/share/lslidar_c16_msg/environment/ament_prefix_path.dsv
[4.846s] -- Installing: /root/slam/slam/driver_FR_APOLLO/install/lslidar_c16_msg/share/lslidar_c16_msg/environment/path.sh
[4.846s] -- Installing: /root/slam/slam/driver_FR_APOLLO/install/lslidar_c16_msg/share/lslidar_c16_msg/environment/path.dsv
[4.846s] -- Installing: /root/slam/slam/driver_FR_APOLLO/install/lslidar_c16_msg/share/lslidar_c16_msg/local_setup.bash
[4.846s] -- Installing: /root/slam/slam/driver_FR_APOLLO/install/lslidar_c16_msg/share/lslidar_c16_msg/local_setup.sh
[4.846s] -- Installing: /root/slam/slam/driver_FR_APOLLO/install/lslidar_c16_msg/share/lslidar_c16_msg/local_setup.zsh
[4.846s] -- Installing: /root/slam/slam/driver_FR_APOLLO/install/lslidar_c16_msg/share/lslidar_c16_msg/local_setup.dsv
[4.846s] -- Installing: /root/slam/slam/driver_FR_APOLLO/install/lslidar_c16_msg/share/lslidar_c16_msg/package.dsv
[4.846s] -- Installing: /root/slam/slam/driver_FR_APOLLO/install/lslidar_c16_msg/share/ament_index/resource_index/packages/lslidar_c16_msg
[4.846s] -- Installing: /root/slam/slam/driver_FR_APOLLO/install/lslidar_c16_msg/share/lslidar_c16_msg/cmake/export_lslidar_c16_msg__rosidl_generator_cExport.cmake
[4.846s] -- Installing: /root/slam/slam/driver_FR_APOLLO/install/lslidar_c16_msg/share/lslidar_c16_msg/cmake/export_lslidar_c16_msg__rosidl_generator_cExport-noconfig.cmake
[4.846s] -- Installing: /root/slam/slam/driver_FR_APOLLO/install/lslidar_c16_msg/share/lslidar_c16_msg/cmake/export_lslidar_c16_msg__rosidl_typesupport_fastrtps_cExport.cmake
[4.846s] -- Installing: /root/slam/slam/driver_FR_APOLLO/install/lslidar_c16_msg/share/lslidar_c16_msg/cmake/export_lslidar_c16_msg__rosidl_typesupport_fastrtps_cExport-noconfig.cmake
[4.846s] -- Installing: /root/slam/slam/driver_FR_APOLLO/install/lslidar_c16_msg/share/lslidar_c16_msg/cmake/lslidar_c16_msg__rosidl_typesupport_introspection_cExport.cmake
[4.846s] -- Installing: /root/slam/slam/driver_FR_APOLLO/install/lslidar_c16_msg/share/lslidar_c16_msg/cmake/lslidar_c16_msg__rosidl_typesupport_introspection_cExport-noconfig.cmake
[4.846s] -- Installing: /root/slam/slam/driver_FR_APOLLO/install/lslidar_c16_msg/share/lslidar_c16_msg/cmake/lslidar_c16_msg__rosidl_typesupport_cExport.cmake
[4.847s] -- Installing: /root/slam/slam/driver_FR_APOLLO/install/lslidar_c16_msg/share/lslidar_c16_msg/cmake/lslidar_c16_msg__rosidl_typesupport_cExport-noconfig.cmake
[4.847s] -- Installing: /root/slam/slam/driver_FR_APOLLO/install/lslidar_c16_msg/share/lslidar_c16_msg/cmake/export_lslidar_c16_msg__rosidl_generator_cppExport.cmake
[4.847s] -- Installing: /root/slam/slam/driver_FR_APOLLO/install/lslidar_c16_msg/share/lslidar_c16_msg/cmake/export_lslidar_c16_msg__rosidl_typesupport_fastrtps_cppExport.cmake
[4.847s] -- Installing: /root/slam/slam/driver_FR_APOLLO/install/lslidar_c16_msg/share/lslidar_c16_msg/cmake/export_lslidar_c16_msg__rosidl_typesupport_fastrtps_cppExport-noconfig.cmake
[4.847s] -- Installing: /root/slam/slam/driver_FR_APOLLO/install/lslidar_c16_msg/share/lslidar_c16_msg/cmake/lslidar_c16_msg__rosidl_typesupport_introspection_cppExport.cmake
[4.847s] -- Installing: /root/slam/slam/driver_FR_APOLLO/install/lslidar_c16_msg/share/lslidar_c16_msg/cmake/lslidar_c16_msg__rosidl_typesupport_introspection_cppExport-noconfig.cmake
[4.847s] -- Installing: /root/slam/slam/driver_FR_APOLLO/install/lslidar_c16_msg/share/lslidar_c16_msg/cmake/lslidar_c16_msg__rosidl_typesupport_cppExport.cmake
[4.847s] -- Installing: /root/slam/slam/driver_FR_APOLLO/install/lslidar_c16_msg/share/lslidar_c16_msg/cmake/lslidar_c16_msg__rosidl_typesupport_cppExport-noconfig.cmake
[4.847s] -- Installing: /root/slam/slam/driver_FR_APOLLO/install/lslidar_c16_msg/share/lslidar_c16_msg/cmake/export_lslidar_c16_msg__rosidl_generator_pyExport.cmake
[4.847s] -- Installing: /root/slam/slam/driver_FR_APOLLO/install/lslidar_c16_msg/share/lslidar_c16_msg/cmake/export_lslidar_c16_msg__rosidl_generator_pyExport-noconfig.cmake
[4.847s] -- Installing: /root/slam/slam/driver_FR_APOLLO/install/lslidar_c16_msg/share/lslidar_c16_msg/cmake/rosidl_cmake-extras.cmake
[4.847s] -- Installing: /root/slam/slam/driver_FR_APOLLO/install/lslidar_c16_msg/share/lslidar_c16_msg/cmake/ament_cmake_export_dependencies-extras.cmake
[4.847s] -- Installing: /root/slam/slam/driver_FR_APOLLO/install/lslidar_c16_msg/share/lslidar_c16_msg/cmake/ament_cmake_export_include_directories-extras.cmake
[4.847s] -- Installing: /root/slam/slam/driver_FR_APOLLO/install/lslidar_c16_msg/share/lslidar_c16_msg/cmake/ament_cmake_export_libraries-extras.cmake
[4.847s] -- Installing: /root/slam/slam/driver_FR_APOLLO/install/lslidar_c16_msg/share/lslidar_c16_msg/cmake/ament_cmake_export_targets-extras.cmake
[4.847s] -- Installing: /root/slam/slam/driver_FR_APOLLO/install/lslidar_c16_msg/share/lslidar_c16_msg/cmake/rosidl_cmake_export_typesupport_targets-extras.cmake
[4.847s] -- Installing: /root/slam/slam/driver_FR_APOLLO/install/lslidar_c16_msg/share/lslidar_c16_msg/cmake/rosidl_cmake_export_typesupport_libraries-extras.cmake
[4.847s] -- Installing: /root/slam/slam/driver_FR_APOLLO/install/lslidar_c16_msg/share/lslidar_c16_msg/cmake/lslidar_c16_msgConfig.cmake
[4.847s] -- Installing: /root/slam/slam/driver_FR_APOLLO/install/lslidar_c16_msg/share/lslidar_c16_msg/cmake/lslidar_c16_msgConfig-version.cmake
[4.847s] -- Installing: /root/slam/slam/driver_FR_APOLLO/install/lslidar_c16_msg/share/lslidar_c16_msg/package.xml
[4.849s] Invoked command in '/root/slam/slam/driver_FR_APOLLO/build/lslidar_c16_msg' returned '0': CMAKE_PREFIX_PATH=${CMAKE_PREFIX_PATH}:/opt/ros/humble CONDA_PROMPT_MODIFIER=(openalt) /usr/bin/cmake --install /root/slam/slam/driver_FR_APOLLO/build/lslidar_c16_msg
