[0.173s] DEBUG:colcon:Command line arguments: ['/usr/bin/colcon', 'build']
[0.173s] DEBUG:colcon:Parsed command line arguments: Namespace(log_base=None, log_level=None, verb_name='build', build_base='build', install_base='install', merge_install=False, symlink_install=False, test_result_base=None, continue_on_error=False, executor='parallel', parallel_workers=12, event_handlers=None, ignore_user_meta=False, metas=['./colcon.meta'], base_paths=['.'], packages_ignore=None, packages_ignore_regex=None, paths=None, packages_up_to=None, packages_up_to_regex=None, packages_above=None, packages_above_and_dependencies=None, packages_above_depth=None, packages_select_by_dep=None, packages_skip_by_dep=None, packages_skip_up_to=None, packages_select_build_failed=False, packages_skip_build_finished=False, packages_select_test_failures=False, packages_skip_test_passed=False, packages_select=None, packages_skip=None, packages_select_regex=None, packages_skip_regex=None, packages_start=None, packages_end=None, cmake_args=None, cmake_target=None, cmake_target_skip_unavailable=False, cmake_clean_cache=False, cmake_clean_first=False, cmake_force_configure=False, ament_cmake_args=None, catkin_cmake_args=None, catkin_skip_building_tests=False, mixin_files=None, mixin=None, verb_parser=<colcon_mixin.mixin.mixin_argument.MixinArgumentDecorator object at 0x7f633d7760b0>, verb_extension=<colcon_core.verb.build.BuildVerb object at 0x7f633df5e350>, main=<bound method BuildVerb.main of <colcon_core.verb.build.BuildVerb object at 0x7f633df5e350>>, mixin_verb=('build',))
[0.191s] Level 1:colcon.colcon_core.package_discovery:discover_packages(colcon_meta) check parameters
[0.191s] INFO:colcon.colcon_metadata.package_discovery.colcon_meta:Using configuration from '/root/.colcon/metadata/default/Gazebo.meta'
[0.191s] INFO:colcon.colcon_metadata.package_discovery.colcon_meta:Using configuration from '/root/.colcon/metadata/default/fastrtps.meta'
[0.192s] Level 1:colcon.colcon_core.package_discovery:discover_packages(recursive) check parameters
[0.192s] Level 1:colcon.colcon_core.package_discovery:discover_packages(ignore) check parameters
[0.192s] Level 1:colcon.colcon_core.package_discovery:discover_packages(path) check parameters
[0.192s] Level 1:colcon.colcon_core.package_discovery:discover_packages(colcon_meta) discover
[0.192s] Level 1:colcon.colcon_core.package_discovery:discover_packages(recursive) discover
[0.192s] INFO:colcon.colcon_core.package_discovery:Crawling recursively for packages in '/root/slam/slam/driver_FR_APOLLO'
[0.192s] Level 1:colcon.colcon_core.package_identification:_identify(.) by extensions ['ignore', 'ignore_ament_install']
[0.192s] Level 1:colcon.colcon_core.package_identification:_identify(.) by extension 'ignore'
[0.192s] Level 1:colcon.colcon_core.package_identification:_identify(.) by extension 'ignore_ament_install'
[0.192s] Level 1:colcon.colcon_core.package_identification:_identify(.) by extensions ['colcon_pkg']
[0.192s] Level 1:colcon.colcon_core.package_identification:_identify(.) by extension 'colcon_pkg'
[0.192s] Level 1:colcon.colcon_core.package_identification:_identify(.) by extensions ['colcon_meta']
[0.192s] Level 1:colcon.colcon_core.package_identification:_identify(.) by extension 'colcon_meta'
[0.192s] Level 1:colcon.colcon_core.package_identification:_identify(.) by extensions ['ros']
[0.192s] Level 1:colcon.colcon_core.package_identification:_identify(.) by extension 'ros'
[0.199s] Level 1:colcon.colcon_core.package_identification:_identify(.) by extensions ['cmake', 'python']
[0.199s] Level 1:colcon.colcon_core.package_identification:_identify(.) by extension 'cmake'
[0.199s] Level 1:colcon.colcon_core.package_identification:_identify(.) by extension 'python'
[0.199s] Level 1:colcon.colcon_core.package_identification:_identify(.) by extensions ['python_setup_py']
[0.199s] Level 1:colcon.colcon_core.package_identification:_identify(.) by extension 'python_setup_py'
[0.199s] Level 1:colcon.colcon_core.package_identification:_identify(build) by extensions ['ignore', 'ignore_ament_install']
[0.199s] Level 1:colcon.colcon_core.package_identification:_identify(build) by extension 'ignore'
[0.199s] Level 1:colcon.colcon_core.package_identification:_identify(build) ignored
[0.199s] Level 1:colcon.colcon_core.package_identification:_identify(install) by extensions ['ignore', 'ignore_ament_install']
[0.199s] Level 1:colcon.colcon_core.package_identification:_identify(install) by extension 'ignore'
[0.199s] Level 1:colcon.colcon_core.package_identification:_identify(install) ignored
[0.199s] Level 1:colcon.colcon_core.package_identification:_identify(log) by extensions ['ignore', 'ignore_ament_install']
[0.199s] Level 1:colcon.colcon_core.package_identification:_identify(log) by extension 'ignore'
[0.199s] Level 1:colcon.colcon_core.package_identification:_identify(log) ignored
[0.199s] Level 1:colcon.colcon_core.package_identification:_identify(src) by extensions ['ignore', 'ignore_ament_install']
[0.199s] Level 1:colcon.colcon_core.package_identification:_identify(src) by extension 'ignore'
[0.199s] Level 1:colcon.colcon_core.package_identification:_identify(src) by extension 'ignore_ament_install'
[0.199s] Level 1:colcon.colcon_core.package_identification:_identify(src) by extensions ['colcon_pkg']
[0.199s] Level 1:colcon.colcon_core.package_identification:_identify(src) by extension 'colcon_pkg'
[0.199s] Level 1:colcon.colcon_core.package_identification:_identify(src) by extensions ['colcon_meta']
[0.199s] Level 1:colcon.colcon_core.package_identification:_identify(src) by extension 'colcon_meta'
[0.199s] Level 1:colcon.colcon_core.package_identification:_identify(src) by extensions ['ros']
[0.199s] Level 1:colcon.colcon_core.package_identification:_identify(src) by extension 'ros'
[0.199s] Level 1:colcon.colcon_core.package_identification:_identify(src) by extensions ['cmake', 'python']
[0.199s] Level 1:colcon.colcon_core.package_identification:_identify(src) by extension 'cmake'
[0.199s] Level 1:colcon.colcon_core.package_identification:_identify(src) by extension 'python'
[0.199s] Level 1:colcon.colcon_core.package_identification:_identify(src) by extensions ['python_setup_py']
[0.199s] Level 1:colcon.colcon_core.package_identification:_identify(src) by extension 'python_setup_py'
[0.199s] Level 1:colcon.colcon_core.package_identification:_identify(src/lslidar_c16_decoder) by extensions ['ignore', 'ignore_ament_install']
[0.199s] Level 1:colcon.colcon_core.package_identification:_identify(src/lslidar_c16_decoder) by extension 'ignore'
[0.199s] Level 1:colcon.colcon_core.package_identification:_identify(src/lslidar_c16_decoder) by extension 'ignore_ament_install'
[0.199s] Level 1:colcon.colcon_core.package_identification:_identify(src/lslidar_c16_decoder) by extensions ['colcon_pkg']
[0.199s] Level 1:colcon.colcon_core.package_identification:_identify(src/lslidar_c16_decoder) by extension 'colcon_pkg'
[0.199s] Level 1:colcon.colcon_core.package_identification:_identify(src/lslidar_c16_decoder) by extensions ['colcon_meta']
[0.199s] Level 1:colcon.colcon_core.package_identification:_identify(src/lslidar_c16_decoder) by extension 'colcon_meta'
[0.199s] Level 1:colcon.colcon_core.package_identification:_identify(src/lslidar_c16_decoder) by extensions ['ros']
[0.199s] Level 1:colcon.colcon_core.package_identification:_identify(src/lslidar_c16_decoder) by extension 'ros'
[0.201s] DEBUG:colcon.colcon_core.package_identification:Package 'src/lslidar_c16_decoder' with type 'ros.ament_cmake' and name 'lslidar_c16_decoder'
[0.201s] Level 1:colcon.colcon_core.package_identification:_identify(src/lslidar_c16_driver) by extensions ['ignore', 'ignore_ament_install']
[0.201s] Level 1:colcon.colcon_core.package_identification:_identify(src/lslidar_c16_driver) by extension 'ignore'
[0.201s] Level 1:colcon.colcon_core.package_identification:_identify(src/lslidar_c16_driver) by extension 'ignore_ament_install'
[0.201s] Level 1:colcon.colcon_core.package_identification:_identify(src/lslidar_c16_driver) by extensions ['colcon_pkg']
[0.201s] Level 1:colcon.colcon_core.package_identification:_identify(src/lslidar_c16_driver) by extension 'colcon_pkg'
[0.201s] Level 1:colcon.colcon_core.package_identification:_identify(src/lslidar_c16_driver) by extensions ['colcon_meta']
[0.201s] Level 1:colcon.colcon_core.package_identification:_identify(src/lslidar_c16_driver) by extension 'colcon_meta'
[0.201s] Level 1:colcon.colcon_core.package_identification:_identify(src/lslidar_c16_driver) by extensions ['ros']
[0.201s] Level 1:colcon.colcon_core.package_identification:_identify(src/lslidar_c16_driver) by extension 'ros'
[0.202s] DEBUG:colcon.colcon_core.package_identification:Package 'src/lslidar_c16_driver' with type 'ros.ament_cmake' and name 'lslidar_c16_driver'
[0.202s] Level 1:colcon.colcon_core.package_identification:_identify(src/lslidar_c16_msg) by extensions ['ignore', 'ignore_ament_install']
[0.202s] Level 1:colcon.colcon_core.package_identification:_identify(src/lslidar_c16_msg) by extension 'ignore'
[0.202s] Level 1:colcon.colcon_core.package_identification:_identify(src/lslidar_c16_msg) by extension 'ignore_ament_install'
[0.202s] Level 1:colcon.colcon_core.package_identification:_identify(src/lslidar_c16_msg) by extensions ['colcon_pkg']
[0.202s] Level 1:colcon.colcon_core.package_identification:_identify(src/lslidar_c16_msg) by extension 'colcon_pkg'
[0.202s] Level 1:colcon.colcon_core.package_identification:_identify(src/lslidar_c16_msg) by extensions ['colcon_meta']
[0.202s] Level 1:colcon.colcon_core.package_identification:_identify(src/lslidar_c16_msg) by extension 'colcon_meta'
[0.202s] Level 1:colcon.colcon_core.package_identification:_identify(src/lslidar_c16_msg) by extensions ['ros']
[0.202s] Level 1:colcon.colcon_core.package_identification:_identify(src/lslidar_c16_msg) by extension 'ros'
[0.202s] DEBUG:colcon.colcon_core.package_identification:Package 'src/lslidar_c16_msg' with type 'ros.ament_cmake' and name 'lslidar_c16_msg'
[0.202s] Level 1:colcon.colcon_core.package_discovery:discover_packages(recursive) using defaults
[0.202s] Level 1:colcon.colcon_core.package_discovery:discover_packages(ignore) discover
[0.202s] Level 1:colcon.colcon_core.package_discovery:discover_packages(ignore) using defaults
[0.202s] Level 1:colcon.colcon_core.package_discovery:discover_packages(path) discover
[0.202s] Level 1:colcon.colcon_core.package_discovery:discover_packages(path) using defaults
[0.215s] Level 5:colcon.colcon_core.verb:set package 'lslidar_c16_msg' build argument 'cmake_args' from command line to 'None'
[0.215s] Level 5:colcon.colcon_core.verb:set package 'lslidar_c16_msg' build argument 'cmake_target' from command line to 'None'
[0.215s] Level 5:colcon.colcon_core.verb:set package 'lslidar_c16_msg' build argument 'cmake_target_skip_unavailable' from command line to 'False'
[0.215s] Level 5:colcon.colcon_core.verb:set package 'lslidar_c16_msg' build argument 'cmake_clean_cache' from command line to 'False'
[0.215s] Level 5:colcon.colcon_core.verb:set package 'lslidar_c16_msg' build argument 'cmake_clean_first' from command line to 'False'
[0.215s] Level 5:colcon.colcon_core.verb:set package 'lslidar_c16_msg' build argument 'cmake_force_configure' from command line to 'False'
[0.215s] Level 5:colcon.colcon_core.verb:set package 'lslidar_c16_msg' build argument 'ament_cmake_args' from command line to 'None'
[0.215s] Level 5:colcon.colcon_core.verb:set package 'lslidar_c16_msg' build argument 'catkin_cmake_args' from command line to 'None'
[0.215s] Level 5:colcon.colcon_core.verb:set package 'lslidar_c16_msg' build argument 'catkin_skip_building_tests' from command line to 'False'
[0.215s] DEBUG:colcon.colcon_core.verb:Building package 'lslidar_c16_msg' with the following arguments: {'ament_cmake_args': None, 'build_base': '/root/slam/slam/driver_FR_APOLLO/build/lslidar_c16_msg', 'catkin_cmake_args': None, 'catkin_skip_building_tests': False, 'cmake_args': None, 'cmake_clean_cache': False, 'cmake_clean_first': False, 'cmake_force_configure': False, 'cmake_target': None, 'cmake_target_skip_unavailable': False, 'install_base': '/root/slam/slam/driver_FR_APOLLO/install/lslidar_c16_msg', 'merge_install': False, 'path': '/root/slam/slam/driver_FR_APOLLO/src/lslidar_c16_msg', 'symlink_install': False, 'test_result_base': None}
[0.216s] Level 5:colcon.colcon_core.verb:set package 'lslidar_c16_decoder' build argument 'cmake_args' from command line to 'None'
[0.216s] Level 5:colcon.colcon_core.verb:set package 'lslidar_c16_decoder' build argument 'cmake_target' from command line to 'None'
[0.216s] Level 5:colcon.colcon_core.verb:set package 'lslidar_c16_decoder' build argument 'cmake_target_skip_unavailable' from command line to 'False'
[0.216s] Level 5:colcon.colcon_core.verb:set package 'lslidar_c16_decoder' build argument 'cmake_clean_cache' from command line to 'False'
[0.216s] Level 5:colcon.colcon_core.verb:set package 'lslidar_c16_decoder' build argument 'cmake_clean_first' from command line to 'False'
[0.216s] Level 5:colcon.colcon_core.verb:set package 'lslidar_c16_decoder' build argument 'cmake_force_configure' from command line to 'False'
[0.216s] Level 5:colcon.colcon_core.verb:set package 'lslidar_c16_decoder' build argument 'ament_cmake_args' from command line to 'None'
[0.216s] Level 5:colcon.colcon_core.verb:set package 'lslidar_c16_decoder' build argument 'catkin_cmake_args' from command line to 'None'
[0.216s] Level 5:colcon.colcon_core.verb:set package 'lslidar_c16_decoder' build argument 'catkin_skip_building_tests' from command line to 'False'
[0.216s] DEBUG:colcon.colcon_core.verb:Building package 'lslidar_c16_decoder' with the following arguments: {'ament_cmake_args': None, 'build_base': '/root/slam/slam/driver_FR_APOLLO/build/lslidar_c16_decoder', 'catkin_cmake_args': None, 'catkin_skip_building_tests': False, 'cmake_args': None, 'cmake_clean_cache': False, 'cmake_clean_first': False, 'cmake_force_configure': False, 'cmake_target': None, 'cmake_target_skip_unavailable': False, 'install_base': '/root/slam/slam/driver_FR_APOLLO/install/lslidar_c16_decoder', 'merge_install': False, 'path': '/root/slam/slam/driver_FR_APOLLO/src/lslidar_c16_decoder', 'symlink_install': False, 'test_result_base': None}
[0.217s] Level 5:colcon.colcon_core.verb:set package 'lslidar_c16_driver' build argument 'cmake_args' from command line to 'None'
[0.217s] Level 5:colcon.colcon_core.verb:set package 'lslidar_c16_driver' build argument 'cmake_target' from command line to 'None'
[0.217s] Level 5:colcon.colcon_core.verb:set package 'lslidar_c16_driver' build argument 'cmake_target_skip_unavailable' from command line to 'False'
[0.217s] Level 5:colcon.colcon_core.verb:set package 'lslidar_c16_driver' build argument 'cmake_clean_cache' from command line to 'False'
[0.217s] Level 5:colcon.colcon_core.verb:set package 'lslidar_c16_driver' build argument 'cmake_clean_first' from command line to 'False'
[0.217s] Level 5:colcon.colcon_core.verb:set package 'lslidar_c16_driver' build argument 'cmake_force_configure' from command line to 'False'
[0.217s] Level 5:colcon.colcon_core.verb:set package 'lslidar_c16_driver' build argument 'ament_cmake_args' from command line to 'None'
[0.217s] Level 5:colcon.colcon_core.verb:set package 'lslidar_c16_driver' build argument 'catkin_cmake_args' from command line to 'None'
[0.217s] Level 5:colcon.colcon_core.verb:set package 'lslidar_c16_driver' build argument 'catkin_skip_building_tests' from command line to 'False'
[0.217s] DEBUG:colcon.colcon_core.verb:Building package 'lslidar_c16_driver' with the following arguments: {'ament_cmake_args': None, 'build_base': '/root/slam/slam/driver_FR_APOLLO/build/lslidar_c16_driver', 'catkin_cmake_args': None, 'catkin_skip_building_tests': False, 'cmake_args': None, 'cmake_clean_cache': False, 'cmake_clean_first': False, 'cmake_force_configure': False, 'cmake_target': None, 'cmake_target_skip_unavailable': False, 'install_base': '/root/slam/slam/driver_FR_APOLLO/install/lslidar_c16_driver', 'merge_install': False, 'path': '/root/slam/slam/driver_FR_APOLLO/src/lslidar_c16_driver', 'symlink_install': False, 'test_result_base': None}
[0.217s] INFO:colcon.colcon_core.executor:Executing jobs using 'parallel' executor
[0.219s] DEBUG:colcon.colcon_parallel_executor.executor.parallel:run_until_complete
[0.219s] INFO:colcon.colcon_ros.task.ament_cmake.build:Building ROS package in '/root/slam/slam/driver_FR_APOLLO/src/lslidar_c16_msg' with build type 'ament_cmake'
[0.219s] INFO:colcon.colcon_cmake.task.cmake.build:Building CMake package in '/root/slam/slam/driver_FR_APOLLO/src/lslidar_c16_msg'
[0.221s] INFO:colcon.colcon_core.plugin_system:Skipping extension 'colcon_core.shell.bat': Not used on non-Windows systems
[0.221s] INFO:colcon.colcon_core.shell:Skip shell extension 'powershell' for command environment: Not usable outside of PowerShell
[0.222s] DEBUG:colcon.colcon_core.shell:Skip shell extension 'dsv' for command environment
[0.222s] WARNING:colcon.colcon_ros.prefix_path.ament:The path '/root/slam/slam/driver_FR_APOLLO/install/lslidar_c16_decoder_node' in the environment variable AMENT_PREFIX_PATH doesn't exist
[0.222s] WARNING:colcon.colcon_ros.prefix_path.catkin:The path '/root/slam/slam/driver_FR_APOLLO/install/lslidar_c16_decoder_node' in the environment variable CMAKE_PREFIX_PATH doesn't exist
[0.228s] DEBUG:colcon.colcon_core.event_handler.log_command:Invoking command in '/root/slam/slam/driver_FR_APOLLO/build/lslidar_c16_msg': CMAKE_PREFIX_PATH=${CMAKE_PREFIX_PATH}:/opt/ros/humble CONDA_PROMPT_MODIFIER=(openalt) /usr/bin/cmake --build /root/slam/slam/driver_FR_APOLLO/build/lslidar_c16_msg -- -j12 -l12
[0.441s] DEBUG:colcon.colcon_core.event_handler.log_command:Invoked command in '/root/slam/slam/driver_FR_APOLLO/build/lslidar_c16_msg' returned '0': CMAKE_PREFIX_PATH=${CMAKE_PREFIX_PATH}:/opt/ros/humble CONDA_PROMPT_MODIFIER=(openalt) /usr/bin/cmake --build /root/slam/slam/driver_FR_APOLLO/build/lslidar_c16_msg -- -j12 -l12
[0.645s] DEBUG:colcon.colcon_core.event_handler.log_command:Invoking command in '/root/slam/slam/driver_FR_APOLLO/build/lslidar_c16_msg': CMAKE_PREFIX_PATH=${CMAKE_PREFIX_PATH}:/opt/ros/humble CONDA_PROMPT_MODIFIER=(openalt) /usr/bin/cmake --install /root/slam/slam/driver_FR_APOLLO/build/lslidar_c16_msg
[0.686s] Level 1:colcon.colcon_core.environment:create_environment_scripts_only(lslidar_c16_msg)
[0.687s] DEBUG:colcon.colcon_core.event_handler.log_command:Invoked command in '/root/slam/slam/driver_FR_APOLLO/build/lslidar_c16_msg' returned '0': CMAKE_PREFIX_PATH=${CMAKE_PREFIX_PATH}:/opt/ros/humble CONDA_PROMPT_MODIFIER=(openalt) /usr/bin/cmake --install /root/slam/slam/driver_FR_APOLLO/build/lslidar_c16_msg
[0.689s] Level 1:colcon.colcon_core.environment:checking '/root/slam/slam/driver_FR_APOLLO/install/lslidar_c16_msg' for CMake module files
[0.689s] Level 1:colcon.colcon_core.environment:checking '/root/slam/slam/driver_FR_APOLLO/install/lslidar_c16_msg' for CMake config files
[0.690s] Level 1:colcon.colcon_core.shell:create_environment_hook('lslidar_c16_msg', 'cmake_prefix_path')
[0.690s] INFO:colcon.colcon_core.shell:Creating environment hook '/root/slam/slam/driver_FR_APOLLO/install/lslidar_c16_msg/share/lslidar_c16_msg/hook/cmake_prefix_path.ps1'
[0.691s] INFO:colcon.colcon_core.shell:Creating environment descriptor '/root/slam/slam/driver_FR_APOLLO/install/lslidar_c16_msg/share/lslidar_c16_msg/hook/cmake_prefix_path.dsv'
[0.691s] INFO:colcon.colcon_core.shell:Creating environment hook '/root/slam/slam/driver_FR_APOLLO/install/lslidar_c16_msg/share/lslidar_c16_msg/hook/cmake_prefix_path.sh'
[0.691s] Level 1:colcon.colcon_core.environment:checking '/root/slam/slam/driver_FR_APOLLO/install/lslidar_c16_msg/lib'
[0.691s] Level 1:colcon.colcon_core.shell:create_environment_hook('lslidar_c16_msg', 'ld_library_path_lib')
[0.692s] INFO:colcon.colcon_core.shell:Creating environment hook '/root/slam/slam/driver_FR_APOLLO/install/lslidar_c16_msg/share/lslidar_c16_msg/hook/ld_library_path_lib.ps1'
[0.692s] INFO:colcon.colcon_core.shell:Creating environment descriptor '/root/slam/slam/driver_FR_APOLLO/install/lslidar_c16_msg/share/lslidar_c16_msg/hook/ld_library_path_lib.dsv'
[0.692s] INFO:colcon.colcon_core.shell:Creating environment hook '/root/slam/slam/driver_FR_APOLLO/install/lslidar_c16_msg/share/lslidar_c16_msg/hook/ld_library_path_lib.sh'
[0.693s] Level 1:colcon.colcon_core.environment:checking '/root/slam/slam/driver_FR_APOLLO/install/lslidar_c16_msg/bin'
[0.693s] Level 1:colcon.colcon_core.environment:checking '/root/slam/slam/driver_FR_APOLLO/install/lslidar_c16_msg/lib/pkgconfig/lslidar_c16_msg.pc'
[0.694s] Level 1:colcon.colcon_core.environment:checking '/root/slam/slam/driver_FR_APOLLO/install/lslidar_c16_msg/lib/python3.10/site-packages'
[0.694s] Level 1:colcon.colcon_core.environment:checking '/root/slam/slam/driver_FR_APOLLO/install/lslidar_c16_msg/bin'
[0.694s] INFO:colcon.colcon_core.shell:Creating package script '/root/slam/slam/driver_FR_APOLLO/install/lslidar_c16_msg/share/lslidar_c16_msg/package.ps1'
[0.695s] INFO:colcon.colcon_core.shell:Creating package descriptor '/root/slam/slam/driver_FR_APOLLO/install/lslidar_c16_msg/share/lslidar_c16_msg/package.dsv'
[0.695s] INFO:colcon.colcon_core.shell:Creating package script '/root/slam/slam/driver_FR_APOLLO/install/lslidar_c16_msg/share/lslidar_c16_msg/package.sh'
[0.695s] INFO:colcon.colcon_core.shell:Creating package script '/root/slam/slam/driver_FR_APOLLO/install/lslidar_c16_msg/share/lslidar_c16_msg/package.bash'
[0.696s] INFO:colcon.colcon_core.shell:Creating package script '/root/slam/slam/driver_FR_APOLLO/install/lslidar_c16_msg/share/lslidar_c16_msg/package.zsh'
[0.696s] Level 1:colcon.colcon_core.environment:create_file_with_runtime_dependencies(/root/slam/slam/driver_FR_APOLLO/install/lslidar_c16_msg/share/colcon-core/packages/lslidar_c16_msg)
[0.814s] Level 1:colcon.colcon_core.environment:create_environment_scripts_only(lslidar_c16_msg)
[0.816s] Level 1:colcon.colcon_core.environment:checking '/root/slam/slam/driver_FR_APOLLO/install/lslidar_c16_msg' for CMake module files
[0.816s] Level 1:colcon.colcon_core.environment:checking '/root/slam/slam/driver_FR_APOLLO/install/lslidar_c16_msg' for CMake config files
[0.817s] Level 1:colcon.colcon_core.shell:create_environment_hook('lslidar_c16_msg', 'cmake_prefix_path')
[0.818s] INFO:colcon.colcon_core.shell:Creating environment hook '/root/slam/slam/driver_FR_APOLLO/install/lslidar_c16_msg/share/lslidar_c16_msg/hook/cmake_prefix_path.ps1'
[0.819s] INFO:colcon.colcon_core.shell:Creating environment descriptor '/root/slam/slam/driver_FR_APOLLO/install/lslidar_c16_msg/share/lslidar_c16_msg/hook/cmake_prefix_path.dsv'
[0.819s] INFO:colcon.colcon_core.shell:Creating environment hook '/root/slam/slam/driver_FR_APOLLO/install/lslidar_c16_msg/share/lslidar_c16_msg/hook/cmake_prefix_path.sh'
[0.819s] Level 1:colcon.colcon_core.environment:checking '/root/slam/slam/driver_FR_APOLLO/install/lslidar_c16_msg/lib'
[0.819s] Level 1:colcon.colcon_core.shell:create_environment_hook('lslidar_c16_msg', 'ld_library_path_lib')
[0.821s] INFO:colcon.colcon_core.shell:Creating environment hook '/root/slam/slam/driver_FR_APOLLO/install/lslidar_c16_msg/share/lslidar_c16_msg/hook/ld_library_path_lib.ps1'
[0.821s] INFO:colcon.colcon_core.shell:Creating environment descriptor '/root/slam/slam/driver_FR_APOLLO/install/lslidar_c16_msg/share/lslidar_c16_msg/hook/ld_library_path_lib.dsv'
[0.821s] INFO:colcon.colcon_core.shell:Creating environment hook '/root/slam/slam/driver_FR_APOLLO/install/lslidar_c16_msg/share/lslidar_c16_msg/hook/ld_library_path_lib.sh'
[0.821s] Level 1:colcon.colcon_core.environment:checking '/root/slam/slam/driver_FR_APOLLO/install/lslidar_c16_msg/bin'
[0.821s] Level 1:colcon.colcon_core.environment:checking '/root/slam/slam/driver_FR_APOLLO/install/lslidar_c16_msg/lib/pkgconfig/lslidar_c16_msg.pc'
[0.822s] Level 1:colcon.colcon_core.environment:checking '/root/slam/slam/driver_FR_APOLLO/install/lslidar_c16_msg/lib/python3.10/site-packages'
[0.822s] Level 1:colcon.colcon_core.environment:checking '/root/slam/slam/driver_FR_APOLLO/install/lslidar_c16_msg/bin'
[0.823s] INFO:colcon.colcon_core.shell:Creating package script '/root/slam/slam/driver_FR_APOLLO/install/lslidar_c16_msg/share/lslidar_c16_msg/package.ps1'
[0.823s] INFO:colcon.colcon_core.shell:Creating package descriptor '/root/slam/slam/driver_FR_APOLLO/install/lslidar_c16_msg/share/lslidar_c16_msg/package.dsv'
[0.823s] INFO:colcon.colcon_core.shell:Creating package script '/root/slam/slam/driver_FR_APOLLO/install/lslidar_c16_msg/share/lslidar_c16_msg/package.sh'
[0.824s] INFO:colcon.colcon_core.shell:Creating package script '/root/slam/slam/driver_FR_APOLLO/install/lslidar_c16_msg/share/lslidar_c16_msg/package.bash'
[0.824s] INFO:colcon.colcon_core.shell:Creating package script '/root/slam/slam/driver_FR_APOLLO/install/lslidar_c16_msg/share/lslidar_c16_msg/package.zsh'
[0.824s] Level 1:colcon.colcon_core.environment:create_file_with_runtime_dependencies(/root/slam/slam/driver_FR_APOLLO/install/lslidar_c16_msg/share/colcon-core/packages/lslidar_c16_msg)
[0.824s] INFO:colcon.colcon_ros.task.ament_cmake.build:Building ROS package in '/root/slam/slam/driver_FR_APOLLO/src/lslidar_c16_decoder' with build type 'ament_cmake'
[0.824s] INFO:colcon.colcon_cmake.task.cmake.build:Building CMake package in '/root/slam/slam/driver_FR_APOLLO/src/lslidar_c16_decoder'
[0.825s] INFO:colcon.colcon_core.shell:Skip shell extension 'powershell' for command environment: Not usable outside of PowerShell
[0.825s] DEBUG:colcon.colcon_core.shell:Skip shell extension 'dsv' for command environment
[0.828s] INFO:colcon.colcon_ros.task.ament_cmake.build:Building ROS package in '/root/slam/slam/driver_FR_APOLLO/src/lslidar_c16_driver' with build type 'ament_cmake'
[0.828s] INFO:colcon.colcon_cmake.task.cmake.build:Building CMake package in '/root/slam/slam/driver_FR_APOLLO/src/lslidar_c16_driver'
[0.830s] INFO:colcon.colcon_core.shell:Skip shell extension 'powershell' for command environment: Not usable outside of PowerShell
[0.830s] DEBUG:colcon.colcon_core.shell:Skip shell extension 'dsv' for command environment
[0.835s] DEBUG:colcon.colcon_core.event_handler.log_command:Invoking command in '/root/slam/slam/driver_FR_APOLLO/build/lslidar_c16_decoder': CMAKE_PREFIX_PATH=/root/slam/slam/driver_FR_APOLLO/install/lslidar_c16_msg:/root/slam/slam/driver_FR_APOLLO/install/lslidar_c16_decoder:/root/slam/slam/driver_FR_APOLLO/install/lslidar_c16_driver:/root/slam/slam/driver_FR_APOLLO/install/lslidar_c16_decoder_node:/opt/ros/humble CONDA_PROMPT_MODIFIER=(openalt) /usr/bin/cmake --build /root/slam/slam/driver_FR_APOLLO/build/lslidar_c16_decoder -- -j12 -l12
[0.838s] DEBUG:colcon.colcon_core.event_handler.log_command:Invoking command in '/root/slam/slam/driver_FR_APOLLO/build/lslidar_c16_driver': CMAKE_PREFIX_PATH=/root/slam/slam/driver_FR_APOLLO/install/lslidar_c16_msg:/root/slam/slam/driver_FR_APOLLO/install/lslidar_c16_decoder:/root/slam/slam/driver_FR_APOLLO/install/lslidar_c16_driver:/root/slam/slam/driver_FR_APOLLO/install/lslidar_c16_decoder_node:/opt/ros/humble CONDA_PROMPT_MODIFIER=(openalt) /usr/bin/cmake --build /root/slam/slam/driver_FR_APOLLO/build/lslidar_c16_driver -- -j12 -l12
[0.895s] DEBUG:colcon.colcon_core.event_handler.log_command:Invoked command in '/root/slam/slam/driver_FR_APOLLO/build/lslidar_c16_decoder' returned '0': CMAKE_PREFIX_PATH=/root/slam/slam/driver_FR_APOLLO/install/lslidar_c16_msg:/root/slam/slam/driver_FR_APOLLO/install/lslidar_c16_decoder:/root/slam/slam/driver_FR_APOLLO/install/lslidar_c16_driver:/root/slam/slam/driver_FR_APOLLO/install/lslidar_c16_decoder_node:/opt/ros/humble CONDA_PROMPT_MODIFIER=(openalt) /usr/bin/cmake --build /root/slam/slam/driver_FR_APOLLO/build/lslidar_c16_decoder -- -j12 -l12
[0.899s] DEBUG:colcon.colcon_core.event_handler.log_command:Invoked command in '/root/slam/slam/driver_FR_APOLLO/build/lslidar_c16_driver' returned '0': CMAKE_PREFIX_PATH=/root/slam/slam/driver_FR_APOLLO/install/lslidar_c16_msg:/root/slam/slam/driver_FR_APOLLO/install/lslidar_c16_decoder:/root/slam/slam/driver_FR_APOLLO/install/lslidar_c16_driver:/root/slam/slam/driver_FR_APOLLO/install/lslidar_c16_decoder_node:/opt/ros/humble CONDA_PROMPT_MODIFIER=(openalt) /usr/bin/cmake --build /root/slam/slam/driver_FR_APOLLO/build/lslidar_c16_driver -- -j12 -l12
[0.911s] DEBUG:colcon.colcon_core.event_handler.log_command:Invoking command in '/root/slam/slam/driver_FR_APOLLO/build/lslidar_c16_decoder': CMAKE_PREFIX_PATH=/root/slam/slam/driver_FR_APOLLO/install/lslidar_c16_msg:/root/slam/slam/driver_FR_APOLLO/install/lslidar_c16_decoder:/root/slam/slam/driver_FR_APOLLO/install/lslidar_c16_driver:/root/slam/slam/driver_FR_APOLLO/install/lslidar_c16_decoder_node:/opt/ros/humble CONDA_PROMPT_MODIFIER=(openalt) /usr/bin/cmake --install /root/slam/slam/driver_FR_APOLLO/build/lslidar_c16_decoder
[0.914s] DEBUG:colcon.colcon_core.event_handler.log_command:Invoking command in '/root/slam/slam/driver_FR_APOLLO/build/lslidar_c16_driver': CMAKE_PREFIX_PATH=/root/slam/slam/driver_FR_APOLLO/install/lslidar_c16_msg:/root/slam/slam/driver_FR_APOLLO/install/lslidar_c16_decoder:/root/slam/slam/driver_FR_APOLLO/install/lslidar_c16_driver:/root/slam/slam/driver_FR_APOLLO/install/lslidar_c16_decoder_node:/opt/ros/humble CONDA_PROMPT_MODIFIER=(openalt) /usr/bin/cmake --install /root/slam/slam/driver_FR_APOLLO/build/lslidar_c16_driver
[0.915s] Level 1:colcon.colcon_core.environment:create_environment_scripts_only(lslidar_c16_decoder)
[0.917s] Level 1:colcon.colcon_core.environment:checking '/root/slam/slam/driver_FR_APOLLO/install/lslidar_c16_decoder' for CMake module files
[0.917s] DEBUG:colcon.colcon_core.event_handler.log_command:Invoked command in '/root/slam/slam/driver_FR_APOLLO/build/lslidar_c16_decoder' returned '0': CMAKE_PREFIX_PATH=/root/slam/slam/driver_FR_APOLLO/install/lslidar_c16_msg:/root/slam/slam/driver_FR_APOLLO/install/lslidar_c16_decoder:/root/slam/slam/driver_FR_APOLLO/install/lslidar_c16_driver:/root/slam/slam/driver_FR_APOLLO/install/lslidar_c16_decoder_node:/opt/ros/humble CONDA_PROMPT_MODIFIER=(openalt) /usr/bin/cmake --install /root/slam/slam/driver_FR_APOLLO/build/lslidar_c16_decoder
[0.917s] Level 1:colcon.colcon_core.environment:checking '/root/slam/slam/driver_FR_APOLLO/install/lslidar_c16_decoder' for CMake config files
[0.918s] Level 1:colcon.colcon_core.shell:create_environment_hook('lslidar_c16_decoder', 'cmake_prefix_path')
[0.919s] INFO:colcon.colcon_core.shell:Creating environment hook '/root/slam/slam/driver_FR_APOLLO/install/lslidar_c16_decoder/share/lslidar_c16_decoder/hook/cmake_prefix_path.ps1'
[0.919s] INFO:colcon.colcon_core.shell:Creating environment descriptor '/root/slam/slam/driver_FR_APOLLO/install/lslidar_c16_decoder/share/lslidar_c16_decoder/hook/cmake_prefix_path.dsv'
[0.919s] INFO:colcon.colcon_core.shell:Creating environment hook '/root/slam/slam/driver_FR_APOLLO/install/lslidar_c16_decoder/share/lslidar_c16_decoder/hook/cmake_prefix_path.sh'
[0.919s] Level 1:colcon.colcon_core.environment:checking '/root/slam/slam/driver_FR_APOLLO/install/lslidar_c16_decoder/lib'
[0.919s] Level 1:colcon.colcon_core.environment:checking '/root/slam/slam/driver_FR_APOLLO/install/lslidar_c16_decoder/bin'
[0.919s] Level 1:colcon.colcon_core.environment:checking '/root/slam/slam/driver_FR_APOLLO/install/lslidar_c16_decoder/lib/pkgconfig/lslidar_c16_decoder.pc'
[0.920s] Level 1:colcon.colcon_core.environment:checking '/root/slam/slam/driver_FR_APOLLO/install/lslidar_c16_decoder/lib/python3.10/site-packages'
[0.920s] Level 1:colcon.colcon_core.environment:checking '/root/slam/slam/driver_FR_APOLLO/install/lslidar_c16_decoder/bin'
[0.920s] INFO:colcon.colcon_core.shell:Creating package script '/root/slam/slam/driver_FR_APOLLO/install/lslidar_c16_decoder/share/lslidar_c16_decoder/package.ps1'
[0.921s] INFO:colcon.colcon_core.shell:Creating package descriptor '/root/slam/slam/driver_FR_APOLLO/install/lslidar_c16_decoder/share/lslidar_c16_decoder/package.dsv'
[0.921s] INFO:colcon.colcon_core.shell:Creating package script '/root/slam/slam/driver_FR_APOLLO/install/lslidar_c16_decoder/share/lslidar_c16_decoder/package.sh'
[0.921s] INFO:colcon.colcon_core.shell:Creating package script '/root/slam/slam/driver_FR_APOLLO/install/lslidar_c16_decoder/share/lslidar_c16_decoder/package.bash'
[0.921s] INFO:colcon.colcon_core.shell:Creating package script '/root/slam/slam/driver_FR_APOLLO/install/lslidar_c16_decoder/share/lslidar_c16_decoder/package.zsh'
[0.921s] Level 1:colcon.colcon_core.environment:create_file_with_runtime_dependencies(/root/slam/slam/driver_FR_APOLLO/install/lslidar_c16_decoder/share/colcon-core/packages/lslidar_c16_decoder)
[0.922s] Level 1:colcon.colcon_core.environment:create_environment_scripts_only(lslidar_c16_driver)
[0.923s] Level 1:colcon.colcon_core.environment:checking '/root/slam/slam/driver_FR_APOLLO/install/lslidar_c16_driver' for CMake module files
[0.924s] DEBUG:colcon.colcon_core.event_handler.log_command:Invoked command in '/root/slam/slam/driver_FR_APOLLO/build/lslidar_c16_driver' returned '0': CMAKE_PREFIX_PATH=/root/slam/slam/driver_FR_APOLLO/install/lslidar_c16_msg:/root/slam/slam/driver_FR_APOLLO/install/lslidar_c16_decoder:/root/slam/slam/driver_FR_APOLLO/install/lslidar_c16_driver:/root/slam/slam/driver_FR_APOLLO/install/lslidar_c16_decoder_node:/opt/ros/humble CONDA_PROMPT_MODIFIER=(openalt) /usr/bin/cmake --install /root/slam/slam/driver_FR_APOLLO/build/lslidar_c16_driver
[0.924s] Level 1:colcon.colcon_core.environment:checking '/root/slam/slam/driver_FR_APOLLO/install/lslidar_c16_driver' for CMake config files
[0.924s] Level 1:colcon.colcon_core.shell:create_environment_hook('lslidar_c16_driver', 'cmake_prefix_path')
[0.924s] INFO:colcon.colcon_core.shell:Creating environment hook '/root/slam/slam/driver_FR_APOLLO/install/lslidar_c16_driver/share/lslidar_c16_driver/hook/cmake_prefix_path.ps1'
[0.925s] INFO:colcon.colcon_core.shell:Creating environment descriptor '/root/slam/slam/driver_FR_APOLLO/install/lslidar_c16_driver/share/lslidar_c16_driver/hook/cmake_prefix_path.dsv'
[0.925s] INFO:colcon.colcon_core.shell:Creating environment hook '/root/slam/slam/driver_FR_APOLLO/install/lslidar_c16_driver/share/lslidar_c16_driver/hook/cmake_prefix_path.sh'
[0.925s] Level 1:colcon.colcon_core.environment:checking '/root/slam/slam/driver_FR_APOLLO/install/lslidar_c16_driver/lib'
[0.925s] Level 1:colcon.colcon_core.environment:checking '/root/slam/slam/driver_FR_APOLLO/install/lslidar_c16_driver/bin'
[0.925s] Level 1:colcon.colcon_core.environment:checking '/root/slam/slam/driver_FR_APOLLO/install/lslidar_c16_driver/lib/pkgconfig/lslidar_c16_driver.pc'
[0.925s] Level 1:colcon.colcon_core.environment:checking '/root/slam/slam/driver_FR_APOLLO/install/lslidar_c16_driver/lib/python3.10/site-packages'
[0.925s] Level 1:colcon.colcon_core.environment:checking '/root/slam/slam/driver_FR_APOLLO/install/lslidar_c16_driver/bin'
[0.926s] INFO:colcon.colcon_core.shell:Creating package script '/root/slam/slam/driver_FR_APOLLO/install/lslidar_c16_driver/share/lslidar_c16_driver/package.ps1'
[0.926s] INFO:colcon.colcon_core.shell:Creating package descriptor '/root/slam/slam/driver_FR_APOLLO/install/lslidar_c16_driver/share/lslidar_c16_driver/package.dsv'
[0.927s] INFO:colcon.colcon_core.shell:Creating package script '/root/slam/slam/driver_FR_APOLLO/install/lslidar_c16_driver/share/lslidar_c16_driver/package.sh'
[0.927s] INFO:colcon.colcon_core.shell:Creating package script '/root/slam/slam/driver_FR_APOLLO/install/lslidar_c16_driver/share/lslidar_c16_driver/package.bash'
[0.927s] INFO:colcon.colcon_core.shell:Creating package script '/root/slam/slam/driver_FR_APOLLO/install/lslidar_c16_driver/share/lslidar_c16_driver/package.zsh'
[0.927s] Level 1:colcon.colcon_core.environment:create_file_with_runtime_dependencies(/root/slam/slam/driver_FR_APOLLO/install/lslidar_c16_driver/share/colcon-core/packages/lslidar_c16_driver)
[0.944s] Level 1:colcon.colcon_core.environment:create_environment_scripts_only(lslidar_c16_decoder)
[0.947s] Level 1:colcon.colcon_core.environment:checking '/root/slam/slam/driver_FR_APOLLO/install/lslidar_c16_decoder' for CMake module files
[0.947s] Level 1:colcon.colcon_core.environment:checking '/root/slam/slam/driver_FR_APOLLO/install/lslidar_c16_decoder' for CMake config files
[0.948s] Level 1:colcon.colcon_core.shell:create_environment_hook('lslidar_c16_decoder', 'cmake_prefix_path')
[0.948s] INFO:colcon.colcon_core.shell:Creating environment hook '/root/slam/slam/driver_FR_APOLLO/install/lslidar_c16_decoder/share/lslidar_c16_decoder/hook/cmake_prefix_path.ps1'
[0.949s] INFO:colcon.colcon_core.shell:Creating environment descriptor '/root/slam/slam/driver_FR_APOLLO/install/lslidar_c16_decoder/share/lslidar_c16_decoder/hook/cmake_prefix_path.dsv'
[0.949s] INFO:colcon.colcon_core.shell:Creating environment hook '/root/slam/slam/driver_FR_APOLLO/install/lslidar_c16_decoder/share/lslidar_c16_decoder/hook/cmake_prefix_path.sh'
[0.949s] Level 1:colcon.colcon_core.environment:checking '/root/slam/slam/driver_FR_APOLLO/install/lslidar_c16_decoder/lib'
[0.949s] Level 1:colcon.colcon_core.environment:checking '/root/slam/slam/driver_FR_APOLLO/install/lslidar_c16_decoder/bin'
[0.949s] Level 1:colcon.colcon_core.environment:checking '/root/slam/slam/driver_FR_APOLLO/install/lslidar_c16_decoder/lib/pkgconfig/lslidar_c16_decoder.pc'
[0.949s] Level 1:colcon.colcon_core.environment:checking '/root/slam/slam/driver_FR_APOLLO/install/lslidar_c16_decoder/lib/python3.10/site-packages'
[0.950s] Level 1:colcon.colcon_core.environment:checking '/root/slam/slam/driver_FR_APOLLO/install/lslidar_c16_decoder/bin'
[0.950s] INFO:colcon.colcon_core.shell:Creating package script '/root/slam/slam/driver_FR_APOLLO/install/lslidar_c16_decoder/share/lslidar_c16_decoder/package.ps1'
[0.951s] INFO:colcon.colcon_core.shell:Creating package descriptor '/root/slam/slam/driver_FR_APOLLO/install/lslidar_c16_decoder/share/lslidar_c16_decoder/package.dsv'
[0.951s] INFO:colcon.colcon_core.shell:Creating package script '/root/slam/slam/driver_FR_APOLLO/install/lslidar_c16_decoder/share/lslidar_c16_decoder/package.sh'
[0.951s] INFO:colcon.colcon_core.shell:Creating package script '/root/slam/slam/driver_FR_APOLLO/install/lslidar_c16_decoder/share/lslidar_c16_decoder/package.bash'
[0.951s] INFO:colcon.colcon_core.shell:Creating package script '/root/slam/slam/driver_FR_APOLLO/install/lslidar_c16_decoder/share/lslidar_c16_decoder/package.zsh'
[0.952s] Level 1:colcon.colcon_core.environment:create_file_with_runtime_dependencies(/root/slam/slam/driver_FR_APOLLO/install/lslidar_c16_decoder/share/colcon-core/packages/lslidar_c16_decoder)
[0.953s] Level 1:colcon.colcon_core.environment:create_environment_scripts_only(lslidar_c16_driver)
[0.954s] Level 1:colcon.colcon_core.environment:checking '/root/slam/slam/driver_FR_APOLLO/install/lslidar_c16_driver' for CMake module files
[0.954s] Level 1:colcon.colcon_core.environment:checking '/root/slam/slam/driver_FR_APOLLO/install/lslidar_c16_driver' for CMake config files
[0.955s] Level 1:colcon.colcon_core.shell:create_environment_hook('lslidar_c16_driver', 'cmake_prefix_path')
[0.955s] INFO:colcon.colcon_core.shell:Creating environment hook '/root/slam/slam/driver_FR_APOLLO/install/lslidar_c16_driver/share/lslidar_c16_driver/hook/cmake_prefix_path.ps1'
[0.955s] INFO:colcon.colcon_core.shell:Creating environment descriptor '/root/slam/slam/driver_FR_APOLLO/install/lslidar_c16_driver/share/lslidar_c16_driver/hook/cmake_prefix_path.dsv'
[0.956s] INFO:colcon.colcon_core.shell:Creating environment hook '/root/slam/slam/driver_FR_APOLLO/install/lslidar_c16_driver/share/lslidar_c16_driver/hook/cmake_prefix_path.sh'
[0.956s] Level 1:colcon.colcon_core.environment:checking '/root/slam/slam/driver_FR_APOLLO/install/lslidar_c16_driver/lib'
[0.956s] Level 1:colcon.colcon_core.environment:checking '/root/slam/slam/driver_FR_APOLLO/install/lslidar_c16_driver/bin'
[0.956s] Level 1:colcon.colcon_core.environment:checking '/root/slam/slam/driver_FR_APOLLO/install/lslidar_c16_driver/lib/pkgconfig/lslidar_c16_driver.pc'
[0.956s] Level 1:colcon.colcon_core.environment:checking '/root/slam/slam/driver_FR_APOLLO/install/lslidar_c16_driver/lib/python3.10/site-packages'
[0.956s] Level 1:colcon.colcon_core.environment:checking '/root/slam/slam/driver_FR_APOLLO/install/lslidar_c16_driver/bin'
[0.957s] INFO:colcon.colcon_core.shell:Creating package script '/root/slam/slam/driver_FR_APOLLO/install/lslidar_c16_driver/share/lslidar_c16_driver/package.ps1'
[0.957s] INFO:colcon.colcon_core.shell:Creating package descriptor '/root/slam/slam/driver_FR_APOLLO/install/lslidar_c16_driver/share/lslidar_c16_driver/package.dsv'
[0.958s] INFO:colcon.colcon_core.shell:Creating package script '/root/slam/slam/driver_FR_APOLLO/install/lslidar_c16_driver/share/lslidar_c16_driver/package.sh'
[0.958s] INFO:colcon.colcon_core.shell:Creating package script '/root/slam/slam/driver_FR_APOLLO/install/lslidar_c16_driver/share/lslidar_c16_driver/package.bash'
[0.958s] INFO:colcon.colcon_core.shell:Creating package script '/root/slam/slam/driver_FR_APOLLO/install/lslidar_c16_driver/share/lslidar_c16_driver/package.zsh'
[0.958s] Level 1:colcon.colcon_core.environment:create_file_with_runtime_dependencies(/root/slam/slam/driver_FR_APOLLO/install/lslidar_c16_driver/share/colcon-core/packages/lslidar_c16_driver)
[0.958s] DEBUG:colcon.colcon_parallel_executor.executor.parallel:closing loop
[0.959s] DEBUG:colcon.colcon_parallel_executor.executor.parallel:loop closed
[0.959s] DEBUG:colcon.colcon_parallel_executor.executor.parallel:run_until_complete finished with '0'
[0.959s] DEBUG:colcon.colcon_core.event_reactor:joining thread
[0.962s] INFO:colcon.colcon_core.plugin_system:Skipping extension 'colcon_notification.desktop_notification.notify_send': Could not find 'notify-send'
[0.962s] INFO:colcon.colcon_core.plugin_system:Skipping extension 'colcon_notification.desktop_notification.terminal_notifier': Not used on non-Darwin systems
[0.962s] INFO:colcon.colcon_core.plugin_system:Skipping extension 'colcon_notification.desktop_notification.win32': Not used on non-Windows systems
[0.962s] INFO:colcon.colcon_notification.desktop_notification:Sending desktop notification using 'notify2'
[0.963s] DEBUG:colcon.colcon_notification.desktop_notification.notify2:Failed to initialize notify2: org.freedesktop.DBus.Error.Spawn.ExecFailed: /usr/bin/dbus-launch terminated abnormally without any error message
[0.964s] DEBUG:colcon.colcon_core.event_reactor:joined thread
[0.965s] INFO:colcon.colcon_core.shell:Creating prefix script '/root/slam/slam/driver_FR_APOLLO/install/local_setup.ps1'
[0.965s] INFO:colcon.colcon_core.shell:Creating prefix util module '/root/slam/slam/driver_FR_APOLLO/install/_local_setup_util_ps1.py'
[0.966s] INFO:colcon.colcon_core.shell:Creating prefix chain script '/root/slam/slam/driver_FR_APOLLO/install/setup.ps1'
[0.967s] INFO:colcon.colcon_core.shell:Creating prefix script '/root/slam/slam/driver_FR_APOLLO/install/local_setup.sh'
[0.967s] INFO:colcon.colcon_core.shell:Creating prefix util module '/root/slam/slam/driver_FR_APOLLO/install/_local_setup_util_sh.py'
[0.967s] INFO:colcon.colcon_core.shell:Creating prefix chain script '/root/slam/slam/driver_FR_APOLLO/install/setup.sh'
[0.968s] INFO:colcon.colcon_core.shell:Creating prefix script '/root/slam/slam/driver_FR_APOLLO/install/local_setup.bash'
[0.969s] INFO:colcon.colcon_core.shell:Creating prefix chain script '/root/slam/slam/driver_FR_APOLLO/install/setup.bash'
[0.970s] INFO:colcon.colcon_core.shell:Creating prefix script '/root/slam/slam/driver_FR_APOLLO/install/local_setup.zsh'
[0.970s] INFO:colcon.colcon_core.shell:Creating prefix chain script '/root/slam/slam/driver_FR_APOLLO/install/setup.zsh'
