[ 25%] [32mBuilding CXX object CMakeFiles/lslidar_c16_driver_node.dir/src/input.cpp.o[0m
[ 50%] [32m[1mLinking CXX executable lslidar_c16_driver_node[0m
[100%] Built target lslidar_c16_driver_node
-- Install configuration: ""
-- Installing: /root/slam/slam/driver_FR_APOLLO/install/lslidar_c16_driver/lib/lslidar_c16_driver/lslidar_c16_driver_node
-- Set runtime path of "/root/slam/slam/driver_FR_APOLLO/install/lslidar_c16_driver/lib/lslidar_c16_driver/lslidar_c16_driver_node" to ""
-- Up-to-date: /root/slam/slam/driver_FR_APOLLO/install/lslidar_c16_driver/share/ament_index/resource_index/package_run_dependencies/lslidar_c16_driver
-- Up-to-date: /root/slam/slam/driver_FR_APOLLO/install/lslidar_c16_driver/share/ament_index/resource_index/parent_prefix_path/lslidar_c16_driver
-- Up-to-date: /root/slam/slam/driver_FR_APOLLO/install/lslidar_c16_driver/share/lslidar_c16_driver/environment/ament_prefix_path.sh
-- Up-to-date: /root/slam/slam/driver_FR_APOLLO/install/lslidar_c16_driver/share/lslidar_c16_driver/environment/ament_prefix_path.dsv
-- Up-to-date: /root/slam/slam/driver_FR_APOLLO/install/lslidar_c16_driver/share/lslidar_c16_driver/environment/path.sh
-- Up-to-date: /root/slam/slam/driver_FR_APOLLO/install/lslidar_c16_driver/share/lslidar_c16_driver/environment/path.dsv
-- Up-to-date: /root/slam/slam/driver_FR_APOLLO/install/lslidar_c16_driver/share/lslidar_c16_driver/local_setup.bash
-- Up-to-date: /root/slam/slam/driver_FR_APOLLO/install/lslidar_c16_driver/share/lslidar_c16_driver/local_setup.sh
-- Up-to-date: /root/slam/slam/driver_FR_APOLLO/install/lslidar_c16_driver/share/lslidar_c16_driver/local_setup.zsh
-- Up-to-date: /root/slam/slam/driver_FR_APOLLO/install/lslidar_c16_driver/share/lslidar_c16_driver/local_setup.dsv
-- Installing: /root/slam/slam/driver_FR_APOLLO/install/lslidar_c16_driver/share/lslidar_c16_driver/package.dsv
-- Up-to-date: /root/slam/slam/driver_FR_APOLLO/install/lslidar_c16_driver/share/ament_index/resource_index/packages/lslidar_c16_driver
-- Up-to-date: /root/slam/slam/driver_FR_APOLLO/install/lslidar_c16_driver/share/lslidar_c16_driver/cmake/lslidar_c16_driverConfig.cmake
-- Up-to-date: /root/slam/slam/driver_FR_APOLLO/install/lslidar_c16_driver/share/lslidar_c16_driver/cmake/lslidar_c16_driverConfig-version.cmake
-- Up-to-date: /root/slam/slam/driver_FR_APOLLO/install/lslidar_c16_driver/share/lslidar_c16_driver/package.xml
