[0.196s] DEBUG:colcon:Command line arguments: ['/usr/bin/colcon', 'build']
[0.196s] DEBUG:colcon:Parsed command line arguments: Namespace(log_base=None, log_level=None, verb_name='build', build_base='build', install_base='install', merge_install=False, symlink_install=False, test_result_base=None, continue_on_error=False, executor='parallel', parallel_workers=12, event_handlers=None, ignore_user_meta=False, metas=['./colcon.meta'], base_paths=['.'], packages_ignore=None, packages_ignore_regex=None, paths=None, packages_up_to=None, packages_up_to_regex=None, packages_above=None, packages_above_and_dependencies=None, packages_above_depth=None, packages_select_by_dep=None, packages_skip_by_dep=None, packages_skip_up_to=None, packages_select_build_failed=False, packages_skip_build_finished=False, packages_select_test_failures=False, packages_skip_test_passed=False, packages_select=None, packages_skip=None, packages_select_regex=None, packages_skip_regex=None, packages_start=None, packages_end=None, cmake_args=None, cmake_target=None, cmake_target_skip_unavailable=False, cmake_clean_cache=False, cmake_clean_first=False, cmake_force_configure=False, ament_cmake_args=None, catkin_cmake_args=None, catkin_skip_building_tests=False, mixin_files=None, mixin=None, verb_parser=<colcon_mixin.mixin.mixin_argument.MixinArgumentDecorator object at 0x7f63ccbcde10>, verb_extension=<colcon_core.verb.build.BuildVerb object at 0x7f63cd3b1ed0>, main=<bound method BuildVerb.main of <colcon_core.verb.build.BuildVerb object at 0x7f63cd3b1ed0>>, mixin_verb=('build',))
[0.219s] Level 1:colcon.colcon_core.package_discovery:discover_packages(colcon_meta) check parameters
[0.219s] INFO:colcon.colcon_metadata.package_discovery.colcon_meta:Using configuration from '/root/.colcon/metadata/default/Gazebo.meta'
[0.220s] INFO:colcon.colcon_metadata.package_discovery.colcon_meta:Using configuration from '/root/.colcon/metadata/default/fastrtps.meta'
[0.220s] Level 1:colcon.colcon_core.package_discovery:discover_packages(recursive) check parameters
[0.220s] Level 1:colcon.colcon_core.package_discovery:discover_packages(ignore) check parameters
[0.220s] Level 1:colcon.colcon_core.package_discovery:discover_packages(path) check parameters
[0.220s] Level 1:colcon.colcon_core.package_discovery:discover_packages(colcon_meta) discover
[0.220s] Level 1:colcon.colcon_core.package_discovery:discover_packages(recursive) discover
[0.220s] INFO:colcon.colcon_core.package_discovery:Crawling recursively for packages in '/root/slam/slam/driver_FR_APOLLO'
[0.220s] Level 1:colcon.colcon_core.package_identification:_identify(.) by extensions ['ignore', 'ignore_ament_install']
[0.220s] Level 1:colcon.colcon_core.package_identification:_identify(.) by extension 'ignore'
[0.220s] Level 1:colcon.colcon_core.package_identification:_identify(.) by extension 'ignore_ament_install'
[0.220s] Level 1:colcon.colcon_core.package_identification:_identify(.) by extensions ['colcon_pkg']
[0.220s] Level 1:colcon.colcon_core.package_identification:_identify(.) by extension 'colcon_pkg'
[0.220s] Level 1:colcon.colcon_core.package_identification:_identify(.) by extensions ['colcon_meta']
[0.220s] Level 1:colcon.colcon_core.package_identification:_identify(.) by extension 'colcon_meta'
[0.220s] Level 1:colcon.colcon_core.package_identification:_identify(.) by extensions ['ros']
[0.220s] Level 1:colcon.colcon_core.package_identification:_identify(.) by extension 'ros'
[0.227s] Level 1:colcon.colcon_core.package_identification:_identify(.) by extensions ['cmake', 'python']
[0.227s] Level 1:colcon.colcon_core.package_identification:_identify(.) by extension 'cmake'
[0.227s] Level 1:colcon.colcon_core.package_identification:_identify(.) by extension 'python'
[0.227s] Level 1:colcon.colcon_core.package_identification:_identify(.) by extensions ['python_setup_py']
[0.227s] Level 1:colcon.colcon_core.package_identification:_identify(.) by extension 'python_setup_py'
[0.228s] Level 1:colcon.colcon_core.package_identification:_identify(build) by extensions ['ignore', 'ignore_ament_install']
[0.228s] Level 1:colcon.colcon_core.package_identification:_identify(build) by extension 'ignore'
[0.228s] Level 1:colcon.colcon_core.package_identification:_identify(build) ignored
[0.228s] Level 1:colcon.colcon_core.package_identification:_identify(install) by extensions ['ignore', 'ignore_ament_install']
[0.228s] Level 1:colcon.colcon_core.package_identification:_identify(install) by extension 'ignore'
[0.228s] Level 1:colcon.colcon_core.package_identification:_identify(install) ignored
[0.228s] Level 1:colcon.colcon_core.package_identification:_identify(log) by extensions ['ignore', 'ignore_ament_install']
[0.228s] Level 1:colcon.colcon_core.package_identification:_identify(log) by extension 'ignore'
[0.228s] Level 1:colcon.colcon_core.package_identification:_identify(log) ignored
[0.228s] Level 1:colcon.colcon_core.package_identification:_identify(src) by extensions ['ignore', 'ignore_ament_install']
[0.228s] Level 1:colcon.colcon_core.package_identification:_identify(src) by extension 'ignore'
[0.228s] Level 1:colcon.colcon_core.package_identification:_identify(src) by extension 'ignore_ament_install'
[0.228s] Level 1:colcon.colcon_core.package_identification:_identify(src) by extensions ['colcon_pkg']
[0.228s] Level 1:colcon.colcon_core.package_identification:_identify(src) by extension 'colcon_pkg'
[0.228s] Level 1:colcon.colcon_core.package_identification:_identify(src) by extensions ['colcon_meta']
[0.228s] Level 1:colcon.colcon_core.package_identification:_identify(src) by extension 'colcon_meta'
[0.228s] Level 1:colcon.colcon_core.package_identification:_identify(src) by extensions ['ros']
[0.228s] Level 1:colcon.colcon_core.package_identification:_identify(src) by extension 'ros'
[0.228s] Level 1:colcon.colcon_core.package_identification:_identify(src) by extensions ['cmake', 'python']
[0.228s] Level 1:colcon.colcon_core.package_identification:_identify(src) by extension 'cmake'
[0.228s] Level 1:colcon.colcon_core.package_identification:_identify(src) by extension 'python'
[0.228s] Level 1:colcon.colcon_core.package_identification:_identify(src) by extensions ['python_setup_py']
[0.228s] Level 1:colcon.colcon_core.package_identification:_identify(src) by extension 'python_setup_py'
[0.228s] Level 1:colcon.colcon_core.package_identification:_identify(src/lslidar_c16_decoder) by extensions ['ignore', 'ignore_ament_install']
[0.228s] Level 1:colcon.colcon_core.package_identification:_identify(src/lslidar_c16_decoder) by extension 'ignore'
[0.228s] Level 1:colcon.colcon_core.package_identification:_identify(src/lslidar_c16_decoder) by extension 'ignore_ament_install'
[0.228s] Level 1:colcon.colcon_core.package_identification:_identify(src/lslidar_c16_decoder) by extensions ['colcon_pkg']
[0.228s] Level 1:colcon.colcon_core.package_identification:_identify(src/lslidar_c16_decoder) by extension 'colcon_pkg'
[0.228s] Level 1:colcon.colcon_core.package_identification:_identify(src/lslidar_c16_decoder) by extensions ['colcon_meta']
[0.228s] Level 1:colcon.colcon_core.package_identification:_identify(src/lslidar_c16_decoder) by extension 'colcon_meta'
[0.228s] Level 1:colcon.colcon_core.package_identification:_identify(src/lslidar_c16_decoder) by extensions ['ros']
[0.228s] Level 1:colcon.colcon_core.package_identification:_identify(src/lslidar_c16_decoder) by extension 'ros'
[0.230s] DEBUG:colcon.colcon_core.package_identification:Package 'src/lslidar_c16_decoder' with type 'ros.ament_cmake' and name 'lslidar_c16_decoder'
[0.230s] Level 1:colcon.colcon_core.package_identification:_identify(src/lslidar_c16_driver) by extensions ['ignore', 'ignore_ament_install']
[0.230s] Level 1:colcon.colcon_core.package_identification:_identify(src/lslidar_c16_driver) by extension 'ignore'
[0.230s] Level 1:colcon.colcon_core.package_identification:_identify(src/lslidar_c16_driver) by extension 'ignore_ament_install'
[0.230s] Level 1:colcon.colcon_core.package_identification:_identify(src/lslidar_c16_driver) by extensions ['colcon_pkg']
[0.230s] Level 1:colcon.colcon_core.package_identification:_identify(src/lslidar_c16_driver) by extension 'colcon_pkg'
[0.230s] Level 1:colcon.colcon_core.package_identification:_identify(src/lslidar_c16_driver) by extensions ['colcon_meta']
[0.231s] Level 1:colcon.colcon_core.package_identification:_identify(src/lslidar_c16_driver) by extension 'colcon_meta'
[0.231s] Level 1:colcon.colcon_core.package_identification:_identify(src/lslidar_c16_driver) by extensions ['ros']
[0.231s] Level 1:colcon.colcon_core.package_identification:_identify(src/lslidar_c16_driver) by extension 'ros'
[0.231s] DEBUG:colcon.colcon_core.package_identification:Package 'src/lslidar_c16_driver' with type 'ros.ament_cmake' and name 'lslidar_c16_driver'
[0.231s] Level 1:colcon.colcon_core.package_identification:_identify(src/lslidar_c16_msg) by extensions ['ignore', 'ignore_ament_install']
[0.231s] Level 1:colcon.colcon_core.package_identification:_identify(src/lslidar_c16_msg) by extension 'ignore'
[0.231s] Level 1:colcon.colcon_core.package_identification:_identify(src/lslidar_c16_msg) by extension 'ignore_ament_install'
[0.231s] Level 1:colcon.colcon_core.package_identification:_identify(src/lslidar_c16_msg) by extensions ['colcon_pkg']
[0.231s] Level 1:colcon.colcon_core.package_identification:_identify(src/lslidar_c16_msg) by extension 'colcon_pkg'
[0.231s] Level 1:colcon.colcon_core.package_identification:_identify(src/lslidar_c16_msg) by extensions ['colcon_meta']
[0.231s] Level 1:colcon.colcon_core.package_identification:_identify(src/lslidar_c16_msg) by extension 'colcon_meta'
[0.231s] Level 1:colcon.colcon_core.package_identification:_identify(src/lslidar_c16_msg) by extensions ['ros']
[0.231s] Level 1:colcon.colcon_core.package_identification:_identify(src/lslidar_c16_msg) by extension 'ros'
[0.232s] DEBUG:colcon.colcon_core.package_identification:Package 'src/lslidar_c16_msg' with type 'ros.ament_cmake' and name 'lslidar_c16_msg'
[0.232s] Level 1:colcon.colcon_core.package_discovery:discover_packages(recursive) using defaults
[0.232s] Level 1:colcon.colcon_core.package_discovery:discover_packages(ignore) discover
[0.232s] Level 1:colcon.colcon_core.package_discovery:discover_packages(ignore) using defaults
[0.232s] Level 1:colcon.colcon_core.package_discovery:discover_packages(path) discover
[0.232s] Level 1:colcon.colcon_core.package_discovery:discover_packages(path) using defaults
[0.247s] Level 5:colcon.colcon_core.verb:set package 'lslidar_c16_msg' build argument 'cmake_args' from command line to 'None'
[0.247s] Level 5:colcon.colcon_core.verb:set package 'lslidar_c16_msg' build argument 'cmake_target' from command line to 'None'
[0.247s] Level 5:colcon.colcon_core.verb:set package 'lslidar_c16_msg' build argument 'cmake_target_skip_unavailable' from command line to 'False'
[0.247s] Level 5:colcon.colcon_core.verb:set package 'lslidar_c16_msg' build argument 'cmake_clean_cache' from command line to 'False'
[0.247s] Level 5:colcon.colcon_core.verb:set package 'lslidar_c16_msg' build argument 'cmake_clean_first' from command line to 'False'
[0.247s] Level 5:colcon.colcon_core.verb:set package 'lslidar_c16_msg' build argument 'cmake_force_configure' from command line to 'False'
[0.247s] Level 5:colcon.colcon_core.verb:set package 'lslidar_c16_msg' build argument 'ament_cmake_args' from command line to 'None'
[0.247s] Level 5:colcon.colcon_core.verb:set package 'lslidar_c16_msg' build argument 'catkin_cmake_args' from command line to 'None'
[0.247s] Level 5:colcon.colcon_core.verb:set package 'lslidar_c16_msg' build argument 'catkin_skip_building_tests' from command line to 'False'
[0.247s] DEBUG:colcon.colcon_core.verb:Building package 'lslidar_c16_msg' with the following arguments: {'ament_cmake_args': None, 'build_base': '/root/slam/slam/driver_FR_APOLLO/build/lslidar_c16_msg', 'catkin_cmake_args': None, 'catkin_skip_building_tests': False, 'cmake_args': None, 'cmake_clean_cache': False, 'cmake_clean_first': False, 'cmake_force_configure': False, 'cmake_target': None, 'cmake_target_skip_unavailable': False, 'install_base': '/root/slam/slam/driver_FR_APOLLO/install/lslidar_c16_msg', 'merge_install': False, 'path': '/root/slam/slam/driver_FR_APOLLO/src/lslidar_c16_msg', 'symlink_install': False, 'test_result_base': None}
[0.248s] Level 5:colcon.colcon_core.verb:set package 'lslidar_c16_decoder' build argument 'cmake_args' from command line to 'None'
[0.248s] Level 5:colcon.colcon_core.verb:set package 'lslidar_c16_decoder' build argument 'cmake_target' from command line to 'None'
[0.248s] Level 5:colcon.colcon_core.verb:set package 'lslidar_c16_decoder' build argument 'cmake_target_skip_unavailable' from command line to 'False'
[0.248s] Level 5:colcon.colcon_core.verb:set package 'lslidar_c16_decoder' build argument 'cmake_clean_cache' from command line to 'False'
[0.248s] Level 5:colcon.colcon_core.verb:set package 'lslidar_c16_decoder' build argument 'cmake_clean_first' from command line to 'False'
[0.248s] Level 5:colcon.colcon_core.verb:set package 'lslidar_c16_decoder' build argument 'cmake_force_configure' from command line to 'False'
[0.248s] Level 5:colcon.colcon_core.verb:set package 'lslidar_c16_decoder' build argument 'ament_cmake_args' from command line to 'None'
[0.248s] Level 5:colcon.colcon_core.verb:set package 'lslidar_c16_decoder' build argument 'catkin_cmake_args' from command line to 'None'
[0.248s] Level 5:colcon.colcon_core.verb:set package 'lslidar_c16_decoder' build argument 'catkin_skip_building_tests' from command line to 'False'
[0.248s] DEBUG:colcon.colcon_core.verb:Building package 'lslidar_c16_decoder' with the following arguments: {'ament_cmake_args': None, 'build_base': '/root/slam/slam/driver_FR_APOLLO/build/lslidar_c16_decoder', 'catkin_cmake_args': None, 'catkin_skip_building_tests': False, 'cmake_args': None, 'cmake_clean_cache': False, 'cmake_clean_first': False, 'cmake_force_configure': False, 'cmake_target': None, 'cmake_target_skip_unavailable': False, 'install_base': '/root/slam/slam/driver_FR_APOLLO/install/lslidar_c16_decoder', 'merge_install': False, 'path': '/root/slam/slam/driver_FR_APOLLO/src/lslidar_c16_decoder', 'symlink_install': False, 'test_result_base': None}
[0.248s] Level 5:colcon.colcon_core.verb:set package 'lslidar_c16_driver' build argument 'cmake_args' from command line to 'None'
[0.248s] Level 5:colcon.colcon_core.verb:set package 'lslidar_c16_driver' build argument 'cmake_target' from command line to 'None'
[0.248s] Level 5:colcon.colcon_core.verb:set package 'lslidar_c16_driver' build argument 'cmake_target_skip_unavailable' from command line to 'False'
[0.248s] Level 5:colcon.colcon_core.verb:set package 'lslidar_c16_driver' build argument 'cmake_clean_cache' from command line to 'False'
[0.248s] Level 5:colcon.colcon_core.verb:set package 'lslidar_c16_driver' build argument 'cmake_clean_first' from command line to 'False'
[0.248s] Level 5:colcon.colcon_core.verb:set package 'lslidar_c16_driver' build argument 'cmake_force_configure' from command line to 'False'
[0.248s] Level 5:colcon.colcon_core.verb:set package 'lslidar_c16_driver' build argument 'ament_cmake_args' from command line to 'None'
[0.248s] Level 5:colcon.colcon_core.verb:set package 'lslidar_c16_driver' build argument 'catkin_cmake_args' from command line to 'None'
[0.249s] Level 5:colcon.colcon_core.verb:set package 'lslidar_c16_driver' build argument 'catkin_skip_building_tests' from command line to 'False'
[0.249s] DEBUG:colcon.colcon_core.verb:Building package 'lslidar_c16_driver' with the following arguments: {'ament_cmake_args': None, 'build_base': '/root/slam/slam/driver_FR_APOLLO/build/lslidar_c16_driver', 'catkin_cmake_args': None, 'catkin_skip_building_tests': False, 'cmake_args': None, 'cmake_clean_cache': False, 'cmake_clean_first': False, 'cmake_force_configure': False, 'cmake_target': None, 'cmake_target_skip_unavailable': False, 'install_base': '/root/slam/slam/driver_FR_APOLLO/install/lslidar_c16_driver', 'merge_install': False, 'path': '/root/slam/slam/driver_FR_APOLLO/src/lslidar_c16_driver', 'symlink_install': False, 'test_result_base': None}
[0.249s] INFO:colcon.colcon_core.executor:Executing jobs using 'parallel' executor
[0.251s] DEBUG:colcon.colcon_parallel_executor.executor.parallel:run_until_complete
[0.251s] INFO:colcon.colcon_ros.task.ament_cmake.build:Building ROS package in '/root/slam/slam/driver_FR_APOLLO/src/lslidar_c16_msg' with build type 'ament_cmake'
[0.251s] INFO:colcon.colcon_cmake.task.cmake.build:Building CMake package in '/root/slam/slam/driver_FR_APOLLO/src/lslidar_c16_msg'
[0.253s] INFO:colcon.colcon_core.plugin_system:Skipping extension 'colcon_core.shell.bat': Not used on non-Windows systems
[0.253s] INFO:colcon.colcon_core.shell:Skip shell extension 'powershell' for command environment: Not usable outside of PowerShell
[0.253s] DEBUG:colcon.colcon_core.shell:Skip shell extension 'dsv' for command environment
[0.254s] WARNING:colcon.colcon_ros.prefix_path.ament:The path '/root/slam/slam/driver_FR_APOLLO/install/lslidar_c16_decoder' in the environment variable AMENT_PREFIX_PATH doesn't exist
[0.254s] WARNING:colcon.colcon_ros.prefix_path.ament:The path '/root/slam/slam/driver_FR_APOLLO/install/lslidar_c16_driver' in the environment variable AMENT_PREFIX_PATH doesn't exist
[0.254s] WARNING:colcon.colcon_ros.prefix_path.ament:The path '/root/slam/slam/driver_FR_APOLLO/install/lslidar_c16_decoder_node' in the environment variable AMENT_PREFIX_PATH doesn't exist
[0.254s] WARNING:colcon.colcon_ros.prefix_path.ament:The path '/root/slam/slam/driver_FR_APOLLO/install/lslidar_c16_msg' in the environment variable AMENT_PREFIX_PATH doesn't exist
[0.254s] WARNING:colcon.colcon_ros.prefix_path.catkin:The path '/root/slam/slam/driver_FR_APOLLO/install/lslidar_c16_decoder' in the environment variable CMAKE_PREFIX_PATH doesn't exist
[0.254s] WARNING:colcon.colcon_ros.prefix_path.catkin:The path '/root/slam/slam/driver_FR_APOLLO/install/lslidar_c16_driver' in the environment variable CMAKE_PREFIX_PATH doesn't exist
[0.254s] WARNING:colcon.colcon_ros.prefix_path.catkin:The path '/root/slam/slam/driver_FR_APOLLO/install/lslidar_c16_decoder_node' in the environment variable CMAKE_PREFIX_PATH doesn't exist
[0.254s] WARNING:colcon.colcon_ros.prefix_path.catkin:The path '/root/slam/slam/driver_FR_APOLLO/install/lslidar_c16_msg' in the environment variable CMAKE_PREFIX_PATH doesn't exist
[0.259s] DEBUG:colcon.colcon_core.event_handler.log_command:Invoking command in '/root/slam/slam/driver_FR_APOLLO/build/lslidar_c16_msg': CMAKE_PREFIX_PATH=${CMAKE_PREFIX_PATH}:/opt/ros/humble CONDA_PROMPT_MODIFIER=(openalt) /usr/bin/cmake /root/slam/slam/driver_FR_APOLLO/src/lslidar_c16_msg -DCMAKE_INSTALL_PREFIX=/root/slam/slam/driver_FR_APOLLO/install/lslidar_c16_msg
[1.725s] DEBUG:colcon.colcon_core.event_handler.log_command:Invoked command in '/root/slam/slam/driver_FR_APOLLO/build/lslidar_c16_msg' returned '0': CMAKE_PREFIX_PATH=${CMAKE_PREFIX_PATH}:/opt/ros/humble CONDA_PROMPT_MODIFIER=(openalt) /usr/bin/cmake /root/slam/slam/driver_FR_APOLLO/src/lslidar_c16_msg -DCMAKE_INSTALL_PREFIX=/root/slam/slam/driver_FR_APOLLO/install/lslidar_c16_msg
[1.726s] DEBUG:colcon.colcon_core.event_handler.log_command:Invoking command in '/root/slam/slam/driver_FR_APOLLO/build/lslidar_c16_msg': CMAKE_PREFIX_PATH=${CMAKE_PREFIX_PATH}:/opt/ros/humble CONDA_PROMPT_MODIFIER=(openalt) /usr/bin/cmake --build /root/slam/slam/driver_FR_APOLLO/build/lslidar_c16_msg -- -j12 -l12
[4.603s] DEBUG:colcon.colcon_core.event_handler.log_command:Invoked command in '/root/slam/slam/driver_FR_APOLLO/build/lslidar_c16_msg' returned '0': CMAKE_PREFIX_PATH=${CMAKE_PREFIX_PATH}:/opt/ros/humble CONDA_PROMPT_MODIFIER=(openalt) /usr/bin/cmake --build /root/slam/slam/driver_FR_APOLLO/build/lslidar_c16_msg -- -j12 -l12
[4.687s] DEBUG:colcon.colcon_core.event_handler.log_command:Invoking command in '/root/slam/slam/driver_FR_APOLLO/build/lslidar_c16_msg': CMAKE_PREFIX_PATH=${CMAKE_PREFIX_PATH}:/opt/ros/humble CONDA_PROMPT_MODIFIER=(openalt) /usr/bin/cmake --install /root/slam/slam/driver_FR_APOLLO/build/lslidar_c16_msg
[4.730s] Level 1:colcon.colcon_core.environment:create_environment_scripts_only(lslidar_c16_msg)
[4.730s] DEBUG:colcon.colcon_core.event_handler.log_command:Invoked command in '/root/slam/slam/driver_FR_APOLLO/build/lslidar_c16_msg' returned '0': CMAKE_PREFIX_PATH=${CMAKE_PREFIX_PATH}:/opt/ros/humble CONDA_PROMPT_MODIFIER=(openalt) /usr/bin/cmake --install /root/slam/slam/driver_FR_APOLLO/build/lslidar_c16_msg
[4.733s] Level 1:colcon.colcon_core.environment:checking '/root/slam/slam/driver_FR_APOLLO/install/lslidar_c16_msg' for CMake module files
[4.733s] Level 1:colcon.colcon_core.environment:checking '/root/slam/slam/driver_FR_APOLLO/install/lslidar_c16_msg' for CMake config files
[4.733s] Level 1:colcon.colcon_core.shell:create_environment_hook('lslidar_c16_msg', 'cmake_prefix_path')
[4.734s] INFO:colcon.colcon_core.shell:Creating environment hook '/root/slam/slam/driver_FR_APOLLO/install/lslidar_c16_msg/share/lslidar_c16_msg/hook/cmake_prefix_path.ps1'
[4.734s] INFO:colcon.colcon_core.shell:Creating environment descriptor '/root/slam/slam/driver_FR_APOLLO/install/lslidar_c16_msg/share/lslidar_c16_msg/hook/cmake_prefix_path.dsv'
[4.734s] INFO:colcon.colcon_core.shell:Creating environment hook '/root/slam/slam/driver_FR_APOLLO/install/lslidar_c16_msg/share/lslidar_c16_msg/hook/cmake_prefix_path.sh'
[4.735s] Level 1:colcon.colcon_core.environment:checking '/root/slam/slam/driver_FR_APOLLO/install/lslidar_c16_msg/lib'
[4.735s] Level 1:colcon.colcon_core.shell:create_environment_hook('lslidar_c16_msg', 'ld_library_path_lib')
[4.736s] INFO:colcon.colcon_core.shell:Creating environment hook '/root/slam/slam/driver_FR_APOLLO/install/lslidar_c16_msg/share/lslidar_c16_msg/hook/ld_library_path_lib.ps1'
[4.736s] INFO:colcon.colcon_core.shell:Creating environment descriptor '/root/slam/slam/driver_FR_APOLLO/install/lslidar_c16_msg/share/lslidar_c16_msg/hook/ld_library_path_lib.dsv'
[4.736s] INFO:colcon.colcon_core.shell:Creating environment hook '/root/slam/slam/driver_FR_APOLLO/install/lslidar_c16_msg/share/lslidar_c16_msg/hook/ld_library_path_lib.sh'
[4.736s] Level 1:colcon.colcon_core.environment:checking '/root/slam/slam/driver_FR_APOLLO/install/lslidar_c16_msg/bin'
[4.736s] Level 1:colcon.colcon_core.environment:checking '/root/slam/slam/driver_FR_APOLLO/install/lslidar_c16_msg/lib/pkgconfig/lslidar_c16_msg.pc'
[4.737s] Level 1:colcon.colcon_core.environment:checking '/root/slam/slam/driver_FR_APOLLO/install/lslidar_c16_msg/lib/python3.10/site-packages'
[4.737s] Level 1:colcon.colcon_core.environment:checking '/root/slam/slam/driver_FR_APOLLO/install/lslidar_c16_msg/bin'
[4.738s] INFO:colcon.colcon_core.shell:Creating package script '/root/slam/slam/driver_FR_APOLLO/install/lslidar_c16_msg/share/lslidar_c16_msg/package.ps1'
[4.738s] INFO:colcon.colcon_core.shell:Creating package descriptor '/root/slam/slam/driver_FR_APOLLO/install/lslidar_c16_msg/share/lslidar_c16_msg/package.dsv'
[4.739s] INFO:colcon.colcon_core.shell:Creating package script '/root/slam/slam/driver_FR_APOLLO/install/lslidar_c16_msg/share/lslidar_c16_msg/package.sh'
[4.739s] INFO:colcon.colcon_core.shell:Creating package script '/root/slam/slam/driver_FR_APOLLO/install/lslidar_c16_msg/share/lslidar_c16_msg/package.bash'
[4.739s] INFO:colcon.colcon_core.shell:Creating package script '/root/slam/slam/driver_FR_APOLLO/install/lslidar_c16_msg/share/lslidar_c16_msg/package.zsh'
[4.740s] Level 1:colcon.colcon_core.environment:create_file_with_runtime_dependencies(/root/slam/slam/driver_FR_APOLLO/install/lslidar_c16_msg/share/colcon-core/packages/lslidar_c16_msg)
[4.823s] Level 1:colcon.colcon_core.environment:create_environment_scripts_only(lslidar_c16_msg)
[4.824s] Level 1:colcon.colcon_core.environment:checking '/root/slam/slam/driver_FR_APOLLO/install/lslidar_c16_msg' for CMake module files
[4.824s] Level 1:colcon.colcon_core.environment:checking '/root/slam/slam/driver_FR_APOLLO/install/lslidar_c16_msg' for CMake config files
[4.825s] Level 1:colcon.colcon_core.shell:create_environment_hook('lslidar_c16_msg', 'cmake_prefix_path')
[4.825s] INFO:colcon.colcon_core.shell:Creating environment hook '/root/slam/slam/driver_FR_APOLLO/install/lslidar_c16_msg/share/lslidar_c16_msg/hook/cmake_prefix_path.ps1'
[4.826s] INFO:colcon.colcon_core.shell:Creating environment descriptor '/root/slam/slam/driver_FR_APOLLO/install/lslidar_c16_msg/share/lslidar_c16_msg/hook/cmake_prefix_path.dsv'
[4.826s] INFO:colcon.colcon_core.shell:Creating environment hook '/root/slam/slam/driver_FR_APOLLO/install/lslidar_c16_msg/share/lslidar_c16_msg/hook/cmake_prefix_path.sh'
[4.826s] Level 1:colcon.colcon_core.environment:checking '/root/slam/slam/driver_FR_APOLLO/install/lslidar_c16_msg/lib'
[4.826s] Level 1:colcon.colcon_core.shell:create_environment_hook('lslidar_c16_msg', 'ld_library_path_lib')
[4.827s] INFO:colcon.colcon_core.shell:Creating environment hook '/root/slam/slam/driver_FR_APOLLO/install/lslidar_c16_msg/share/lslidar_c16_msg/hook/ld_library_path_lib.ps1'
[4.827s] INFO:colcon.colcon_core.shell:Creating environment descriptor '/root/slam/slam/driver_FR_APOLLO/install/lslidar_c16_msg/share/lslidar_c16_msg/hook/ld_library_path_lib.dsv'
[4.827s] INFO:colcon.colcon_core.shell:Creating environment hook '/root/slam/slam/driver_FR_APOLLO/install/lslidar_c16_msg/share/lslidar_c16_msg/hook/ld_library_path_lib.sh'
[4.827s] Level 1:colcon.colcon_core.environment:checking '/root/slam/slam/driver_FR_APOLLO/install/lslidar_c16_msg/bin'
[4.827s] Level 1:colcon.colcon_core.environment:checking '/root/slam/slam/driver_FR_APOLLO/install/lslidar_c16_msg/lib/pkgconfig/lslidar_c16_msg.pc'
[4.827s] Level 1:colcon.colcon_core.environment:checking '/root/slam/slam/driver_FR_APOLLO/install/lslidar_c16_msg/lib/python3.10/site-packages'
[4.828s] Level 1:colcon.colcon_core.environment:checking '/root/slam/slam/driver_FR_APOLLO/install/lslidar_c16_msg/bin'
[4.828s] INFO:colcon.colcon_core.shell:Creating package script '/root/slam/slam/driver_FR_APOLLO/install/lslidar_c16_msg/share/lslidar_c16_msg/package.ps1'
[4.829s] INFO:colcon.colcon_core.shell:Creating package descriptor '/root/slam/slam/driver_FR_APOLLO/install/lslidar_c16_msg/share/lslidar_c16_msg/package.dsv'
[4.829s] INFO:colcon.colcon_core.shell:Creating package script '/root/slam/slam/driver_FR_APOLLO/install/lslidar_c16_msg/share/lslidar_c16_msg/package.sh'
[4.829s] INFO:colcon.colcon_core.shell:Creating package script '/root/slam/slam/driver_FR_APOLLO/install/lslidar_c16_msg/share/lslidar_c16_msg/package.bash'
[4.829s] INFO:colcon.colcon_core.shell:Creating package script '/root/slam/slam/driver_FR_APOLLO/install/lslidar_c16_msg/share/lslidar_c16_msg/package.zsh'
[4.829s] Level 1:colcon.colcon_core.environment:create_file_with_runtime_dependencies(/root/slam/slam/driver_FR_APOLLO/install/lslidar_c16_msg/share/colcon-core/packages/lslidar_c16_msg)
[4.830s] INFO:colcon.colcon_ros.task.ament_cmake.build:Building ROS package in '/root/slam/slam/driver_FR_APOLLO/src/lslidar_c16_decoder' with build type 'ament_cmake'
[4.830s] INFO:colcon.colcon_cmake.task.cmake.build:Building CMake package in '/root/slam/slam/driver_FR_APOLLO/src/lslidar_c16_decoder'
[4.830s] INFO:colcon.colcon_core.shell:Skip shell extension 'powershell' for command environment: Not usable outside of PowerShell
[4.830s] DEBUG:colcon.colcon_core.shell:Skip shell extension 'dsv' for command environment
[4.833s] INFO:colcon.colcon_ros.task.ament_cmake.build:Building ROS package in '/root/slam/slam/driver_FR_APOLLO/src/lslidar_c16_driver' with build type 'ament_cmake'
[4.833s] INFO:colcon.colcon_cmake.task.cmake.build:Building CMake package in '/root/slam/slam/driver_FR_APOLLO/src/lslidar_c16_driver'
[4.834s] INFO:colcon.colcon_core.shell:Skip shell extension 'powershell' for command environment: Not usable outside of PowerShell
[4.834s] DEBUG:colcon.colcon_core.shell:Skip shell extension 'dsv' for command environment
[4.838s] DEBUG:colcon.colcon_core.event_handler.log_command:Invoking command in '/root/slam/slam/driver_FR_APOLLO/build/lslidar_c16_decoder': CMAKE_PREFIX_PATH=/root/slam/slam/driver_FR_APOLLO/install/lslidar_c16_msg:/root/slam/slam/driver_FR_APOLLO/install/lslidar_c16_decoder:/root/slam/slam/driver_FR_APOLLO/install/lslidar_c16_driver:/root/slam/slam/driver_FR_APOLLO/install/lslidar_c16_decoder_node:/opt/ros/humble CONDA_PROMPT_MODIFIER=(openalt) /usr/bin/cmake /root/slam/slam/driver_FR_APOLLO/src/lslidar_c16_decoder -DCMAKE_INSTALL_PREFIX=/root/slam/slam/driver_FR_APOLLO/install/lslidar_c16_decoder
[4.839s] DEBUG:colcon.colcon_core.event_handler.log_command:Invoking command in '/root/slam/slam/driver_FR_APOLLO/build/lslidar_c16_driver': CMAKE_PREFIX_PATH=/root/slam/slam/driver_FR_APOLLO/install/lslidar_c16_msg:/root/slam/slam/driver_FR_APOLLO/install/lslidar_c16_decoder:/root/slam/slam/driver_FR_APOLLO/install/lslidar_c16_driver:/root/slam/slam/driver_FR_APOLLO/install/lslidar_c16_decoder_node:/opt/ros/humble CONDA_PROMPT_MODIFIER=(openalt) /usr/bin/cmake /root/slam/slam/driver_FR_APOLLO/src/lslidar_c16_driver -DCMAKE_INSTALL_PREFIX=/root/slam/slam/driver_FR_APOLLO/install/lslidar_c16_driver
[7.366s] DEBUG:colcon.colcon_core.event_handler.log_command:Invoked command in '/root/slam/slam/driver_FR_APOLLO/build/lslidar_c16_decoder' returned '0': CMAKE_PREFIX_PATH=/root/slam/slam/driver_FR_APOLLO/install/lslidar_c16_msg:/root/slam/slam/driver_FR_APOLLO/install/lslidar_c16_decoder:/root/slam/slam/driver_FR_APOLLO/install/lslidar_c16_driver:/root/slam/slam/driver_FR_APOLLO/install/lslidar_c16_decoder_node:/opt/ros/humble CONDA_PROMPT_MODIFIER=(openalt) /usr/bin/cmake /root/slam/slam/driver_FR_APOLLO/src/lslidar_c16_decoder -DCMAKE_INSTALL_PREFIX=/root/slam/slam/driver_FR_APOLLO/install/lslidar_c16_decoder
[7.367s] DEBUG:colcon.colcon_core.event_handler.log_command:Invoking command in '/root/slam/slam/driver_FR_APOLLO/build/lslidar_c16_decoder': CMAKE_PREFIX_PATH=/root/slam/slam/driver_FR_APOLLO/install/lslidar_c16_msg:/root/slam/slam/driver_FR_APOLLO/install/lslidar_c16_decoder:/root/slam/slam/driver_FR_APOLLO/install/lslidar_c16_driver:/root/slam/slam/driver_FR_APOLLO/install/lslidar_c16_decoder_node:/opt/ros/humble CONDA_PROMPT_MODIFIER=(openalt) /usr/bin/cmake --build /root/slam/slam/driver_FR_APOLLO/build/lslidar_c16_decoder -- -j12 -l12
[7.598s] DEBUG:colcon.colcon_core.event_handler.log_command:Invoked command in '/root/slam/slam/driver_FR_APOLLO/build/lslidar_c16_driver' returned '0': CMAKE_PREFIX_PATH=/root/slam/slam/driver_FR_APOLLO/install/lslidar_c16_msg:/root/slam/slam/driver_FR_APOLLO/install/lslidar_c16_decoder:/root/slam/slam/driver_FR_APOLLO/install/lslidar_c16_driver:/root/slam/slam/driver_FR_APOLLO/install/lslidar_c16_decoder_node:/opt/ros/humble CONDA_PROMPT_MODIFIER=(openalt) /usr/bin/cmake /root/slam/slam/driver_FR_APOLLO/src/lslidar_c16_driver -DCMAKE_INSTALL_PREFIX=/root/slam/slam/driver_FR_APOLLO/install/lslidar_c16_driver
[7.599s] DEBUG:colcon.colcon_core.event_handler.log_command:Invoking command in '/root/slam/slam/driver_FR_APOLLO/build/lslidar_c16_driver': CMAKE_PREFIX_PATH=/root/slam/slam/driver_FR_APOLLO/install/lslidar_c16_msg:/root/slam/slam/driver_FR_APOLLO/install/lslidar_c16_decoder:/root/slam/slam/driver_FR_APOLLO/install/lslidar_c16_driver:/root/slam/slam/driver_FR_APOLLO/install/lslidar_c16_decoder_node:/opt/ros/humble CONDA_PROMPT_MODIFIER=(openalt) /usr/bin/cmake --build /root/slam/slam/driver_FR_APOLLO/build/lslidar_c16_driver -- -j12 -l12
[14.435s] DEBUG:colcon.colcon_core.event_handler.log_command:Invoked command in '/root/slam/slam/driver_FR_APOLLO/build/lslidar_c16_driver' returned '0': CMAKE_PREFIX_PATH=/root/slam/slam/driver_FR_APOLLO/install/lslidar_c16_msg:/root/slam/slam/driver_FR_APOLLO/install/lslidar_c16_decoder:/root/slam/slam/driver_FR_APOLLO/install/lslidar_c16_driver:/root/slam/slam/driver_FR_APOLLO/install/lslidar_c16_decoder_node:/opt/ros/humble CONDA_PROMPT_MODIFIER=(openalt) /usr/bin/cmake --build /root/slam/slam/driver_FR_APOLLO/build/lslidar_c16_driver -- -j12 -l12
[14.452s] DEBUG:colcon.colcon_core.event_handler.log_command:Invoking command in '/root/slam/slam/driver_FR_APOLLO/build/lslidar_c16_driver': CMAKE_PREFIX_PATH=/root/slam/slam/driver_FR_APOLLO/install/lslidar_c16_msg:/root/slam/slam/driver_FR_APOLLO/install/lslidar_c16_decoder:/root/slam/slam/driver_FR_APOLLO/install/lslidar_c16_driver:/root/slam/slam/driver_FR_APOLLO/install/lslidar_c16_decoder_node:/opt/ros/humble CONDA_PROMPT_MODIFIER=(openalt) /usr/bin/cmake --install /root/slam/slam/driver_FR_APOLLO/build/lslidar_c16_driver
[14.458s] Level 1:colcon.colcon_core.environment:create_environment_scripts_only(lslidar_c16_driver)
[14.459s] Level 1:colcon.colcon_core.environment:checking '/root/slam/slam/driver_FR_APOLLO/install/lslidar_c16_driver' for CMake module files
[14.459s] DEBUG:colcon.colcon_core.event_handler.log_command:Invoked command in '/root/slam/slam/driver_FR_APOLLO/build/lslidar_c16_driver' returned '0': CMAKE_PREFIX_PATH=/root/slam/slam/driver_FR_APOLLO/install/lslidar_c16_msg:/root/slam/slam/driver_FR_APOLLO/install/lslidar_c16_decoder:/root/slam/slam/driver_FR_APOLLO/install/lslidar_c16_driver:/root/slam/slam/driver_FR_APOLLO/install/lslidar_c16_decoder_node:/opt/ros/humble CONDA_PROMPT_MODIFIER=(openalt) /usr/bin/cmake --install /root/slam/slam/driver_FR_APOLLO/build/lslidar_c16_driver
[14.460s] Level 1:colcon.colcon_core.environment:checking '/root/slam/slam/driver_FR_APOLLO/install/lslidar_c16_driver' for CMake config files
[14.460s] Level 1:colcon.colcon_core.shell:create_environment_hook('lslidar_c16_driver', 'cmake_prefix_path')
[14.460s] INFO:colcon.colcon_core.shell:Creating environment hook '/root/slam/slam/driver_FR_APOLLO/install/lslidar_c16_driver/share/lslidar_c16_driver/hook/cmake_prefix_path.ps1'
[14.461s] INFO:colcon.colcon_core.shell:Creating environment descriptor '/root/slam/slam/driver_FR_APOLLO/install/lslidar_c16_driver/share/lslidar_c16_driver/hook/cmake_prefix_path.dsv'
[14.461s] INFO:colcon.colcon_core.shell:Creating environment hook '/root/slam/slam/driver_FR_APOLLO/install/lslidar_c16_driver/share/lslidar_c16_driver/hook/cmake_prefix_path.sh'
[14.461s] Level 1:colcon.colcon_core.environment:checking '/root/slam/slam/driver_FR_APOLLO/install/lslidar_c16_driver/lib'
[14.461s] Level 1:colcon.colcon_core.environment:checking '/root/slam/slam/driver_FR_APOLLO/install/lslidar_c16_driver/bin'
[14.461s] Level 1:colcon.colcon_core.environment:checking '/root/slam/slam/driver_FR_APOLLO/install/lslidar_c16_driver/lib/pkgconfig/lslidar_c16_driver.pc'
[14.461s] Level 1:colcon.colcon_core.environment:checking '/root/slam/slam/driver_FR_APOLLO/install/lslidar_c16_driver/lib/python3.10/site-packages'
[14.461s] Level 1:colcon.colcon_core.environment:checking '/root/slam/slam/driver_FR_APOLLO/install/lslidar_c16_driver/bin'
[14.462s] INFO:colcon.colcon_core.shell:Creating package script '/root/slam/slam/driver_FR_APOLLO/install/lslidar_c16_driver/share/lslidar_c16_driver/package.ps1'
[14.462s] INFO:colcon.colcon_core.shell:Creating package descriptor '/root/slam/slam/driver_FR_APOLLO/install/lslidar_c16_driver/share/lslidar_c16_driver/package.dsv'
[14.463s] INFO:colcon.colcon_core.shell:Creating package script '/root/slam/slam/driver_FR_APOLLO/install/lslidar_c16_driver/share/lslidar_c16_driver/package.sh'
[14.463s] INFO:colcon.colcon_core.shell:Creating package script '/root/slam/slam/driver_FR_APOLLO/install/lslidar_c16_driver/share/lslidar_c16_driver/package.bash'
[14.463s] INFO:colcon.colcon_core.shell:Creating package script '/root/slam/slam/driver_FR_APOLLO/install/lslidar_c16_driver/share/lslidar_c16_driver/package.zsh'
[14.463s] Level 1:colcon.colcon_core.environment:create_file_with_runtime_dependencies(/root/slam/slam/driver_FR_APOLLO/install/lslidar_c16_driver/share/colcon-core/packages/lslidar_c16_driver)
[14.479s] Level 1:colcon.colcon_core.environment:create_environment_scripts_only(lslidar_c16_driver)
[14.480s] Level 1:colcon.colcon_core.environment:checking '/root/slam/slam/driver_FR_APOLLO/install/lslidar_c16_driver' for CMake module files
[14.480s] Level 1:colcon.colcon_core.environment:checking '/root/slam/slam/driver_FR_APOLLO/install/lslidar_c16_driver' for CMake config files
[14.480s] Level 1:colcon.colcon_core.shell:create_environment_hook('lslidar_c16_driver', 'cmake_prefix_path')
[14.481s] INFO:colcon.colcon_core.shell:Creating environment hook '/root/slam/slam/driver_FR_APOLLO/install/lslidar_c16_driver/share/lslidar_c16_driver/hook/cmake_prefix_path.ps1'
[14.481s] INFO:colcon.colcon_core.shell:Creating environment descriptor '/root/slam/slam/driver_FR_APOLLO/install/lslidar_c16_driver/share/lslidar_c16_driver/hook/cmake_prefix_path.dsv'
[14.481s] INFO:colcon.colcon_core.shell:Creating environment hook '/root/slam/slam/driver_FR_APOLLO/install/lslidar_c16_driver/share/lslidar_c16_driver/hook/cmake_prefix_path.sh'
[14.482s] Level 1:colcon.colcon_core.environment:checking '/root/slam/slam/driver_FR_APOLLO/install/lslidar_c16_driver/lib'
[14.482s] Level 1:colcon.colcon_core.environment:checking '/root/slam/slam/driver_FR_APOLLO/install/lslidar_c16_driver/bin'
[14.482s] Level 1:colcon.colcon_core.environment:checking '/root/slam/slam/driver_FR_APOLLO/install/lslidar_c16_driver/lib/pkgconfig/lslidar_c16_driver.pc'
[14.482s] Level 1:colcon.colcon_core.environment:checking '/root/slam/slam/driver_FR_APOLLO/install/lslidar_c16_driver/lib/python3.10/site-packages'
[14.482s] Level 1:colcon.colcon_core.environment:checking '/root/slam/slam/driver_FR_APOLLO/install/lslidar_c16_driver/bin'
[14.483s] INFO:colcon.colcon_core.shell:Creating package script '/root/slam/slam/driver_FR_APOLLO/install/lslidar_c16_driver/share/lslidar_c16_driver/package.ps1'
[14.483s] INFO:colcon.colcon_core.shell:Creating package descriptor '/root/slam/slam/driver_FR_APOLLO/install/lslidar_c16_driver/share/lslidar_c16_driver/package.dsv'
[14.483s] INFO:colcon.colcon_core.shell:Creating package script '/root/slam/slam/driver_FR_APOLLO/install/lslidar_c16_driver/share/lslidar_c16_driver/package.sh'
[14.483s] INFO:colcon.colcon_core.shell:Creating package script '/root/slam/slam/driver_FR_APOLLO/install/lslidar_c16_driver/share/lslidar_c16_driver/package.bash'
[14.484s] INFO:colcon.colcon_core.shell:Creating package script '/root/slam/slam/driver_FR_APOLLO/install/lslidar_c16_driver/share/lslidar_c16_driver/package.zsh'
[14.484s] Level 1:colcon.colcon_core.environment:create_file_with_runtime_dependencies(/root/slam/slam/driver_FR_APOLLO/install/lslidar_c16_driver/share/colcon-core/packages/lslidar_c16_driver)
[17.850s] DEBUG:colcon.colcon_core.event_handler.log_command:Invoked command in '/root/slam/slam/driver_FR_APOLLO/build/lslidar_c16_decoder' returned '0': CMAKE_PREFIX_PATH=/root/slam/slam/driver_FR_APOLLO/install/lslidar_c16_msg:/root/slam/slam/driver_FR_APOLLO/install/lslidar_c16_decoder:/root/slam/slam/driver_FR_APOLLO/install/lslidar_c16_driver:/root/slam/slam/driver_FR_APOLLO/install/lslidar_c16_decoder_node:/opt/ros/humble CONDA_PROMPT_MODIFIER=(openalt) /usr/bin/cmake --build /root/slam/slam/driver_FR_APOLLO/build/lslidar_c16_decoder -- -j12 -l12
[17.865s] DEBUG:colcon.colcon_core.event_handler.log_command:Invoking command in '/root/slam/slam/driver_FR_APOLLO/build/lslidar_c16_decoder': CMAKE_PREFIX_PATH=/root/slam/slam/driver_FR_APOLLO/install/lslidar_c16_msg:/root/slam/slam/driver_FR_APOLLO/install/lslidar_c16_decoder:/root/slam/slam/driver_FR_APOLLO/install/lslidar_c16_driver:/root/slam/slam/driver_FR_APOLLO/install/lslidar_c16_decoder_node:/opt/ros/humble CONDA_PROMPT_MODIFIER=(openalt) /usr/bin/cmake --install /root/slam/slam/driver_FR_APOLLO/build/lslidar_c16_decoder
[17.875s] Level 1:colcon.colcon_core.environment:create_environment_scripts_only(lslidar_c16_decoder)
[17.876s] Level 1:colcon.colcon_core.environment:checking '/root/slam/slam/driver_FR_APOLLO/install/lslidar_c16_decoder' for CMake module files
[17.876s] DEBUG:colcon.colcon_core.event_handler.log_command:Invoked command in '/root/slam/slam/driver_FR_APOLLO/build/lslidar_c16_decoder' returned '0': CMAKE_PREFIX_PATH=/root/slam/slam/driver_FR_APOLLO/install/lslidar_c16_msg:/root/slam/slam/driver_FR_APOLLO/install/lslidar_c16_decoder:/root/slam/slam/driver_FR_APOLLO/install/lslidar_c16_driver:/root/slam/slam/driver_FR_APOLLO/install/lslidar_c16_decoder_node:/opt/ros/humble CONDA_PROMPT_MODIFIER=(openalt) /usr/bin/cmake --install /root/slam/slam/driver_FR_APOLLO/build/lslidar_c16_decoder
[17.876s] Level 1:colcon.colcon_core.environment:checking '/root/slam/slam/driver_FR_APOLLO/install/lslidar_c16_decoder' for CMake config files
[17.876s] Level 1:colcon.colcon_core.shell:create_environment_hook('lslidar_c16_decoder', 'cmake_prefix_path')
[17.877s] INFO:colcon.colcon_core.shell:Creating environment hook '/root/slam/slam/driver_FR_APOLLO/install/lslidar_c16_decoder/share/lslidar_c16_decoder/hook/cmake_prefix_path.ps1'
[17.877s] INFO:colcon.colcon_core.shell:Creating environment descriptor '/root/slam/slam/driver_FR_APOLLO/install/lslidar_c16_decoder/share/lslidar_c16_decoder/hook/cmake_prefix_path.dsv'
[17.877s] INFO:colcon.colcon_core.shell:Creating environment hook '/root/slam/slam/driver_FR_APOLLO/install/lslidar_c16_decoder/share/lslidar_c16_decoder/hook/cmake_prefix_path.sh'
[17.878s] Level 1:colcon.colcon_core.environment:checking '/root/slam/slam/driver_FR_APOLLO/install/lslidar_c16_decoder/lib'
[17.878s] Level 1:colcon.colcon_core.environment:checking '/root/slam/slam/driver_FR_APOLLO/install/lslidar_c16_decoder/bin'
[17.878s] Level 1:colcon.colcon_core.environment:checking '/root/slam/slam/driver_FR_APOLLO/install/lslidar_c16_decoder/lib/pkgconfig/lslidar_c16_decoder.pc'
[17.878s] Level 1:colcon.colcon_core.environment:checking '/root/slam/slam/driver_FR_APOLLO/install/lslidar_c16_decoder/lib/python3.10/site-packages'
[17.878s] Level 1:colcon.colcon_core.environment:checking '/root/slam/slam/driver_FR_APOLLO/install/lslidar_c16_decoder/bin'
[17.879s] INFO:colcon.colcon_core.shell:Creating package script '/root/slam/slam/driver_FR_APOLLO/install/lslidar_c16_decoder/share/lslidar_c16_decoder/package.ps1'
[17.879s] INFO:colcon.colcon_core.shell:Creating package descriptor '/root/slam/slam/driver_FR_APOLLO/install/lslidar_c16_decoder/share/lslidar_c16_decoder/package.dsv'
[17.879s] INFO:colcon.colcon_core.shell:Creating package script '/root/slam/slam/driver_FR_APOLLO/install/lslidar_c16_decoder/share/lslidar_c16_decoder/package.sh'
[17.879s] INFO:colcon.colcon_core.shell:Creating package script '/root/slam/slam/driver_FR_APOLLO/install/lslidar_c16_decoder/share/lslidar_c16_decoder/package.bash'
[17.879s] INFO:colcon.colcon_core.shell:Creating package script '/root/slam/slam/driver_FR_APOLLO/install/lslidar_c16_decoder/share/lslidar_c16_decoder/package.zsh'
[17.880s] Level 1:colcon.colcon_core.environment:create_file_with_runtime_dependencies(/root/slam/slam/driver_FR_APOLLO/install/lslidar_c16_decoder/share/colcon-core/packages/lslidar_c16_decoder)
[17.897s] Level 1:colcon.colcon_core.environment:create_environment_scripts_only(lslidar_c16_decoder)
[17.898s] Level 1:colcon.colcon_core.environment:checking '/root/slam/slam/driver_FR_APOLLO/install/lslidar_c16_decoder' for CMake module files
[17.898s] Level 1:colcon.colcon_core.environment:checking '/root/slam/slam/driver_FR_APOLLO/install/lslidar_c16_decoder' for CMake config files
[17.898s] Level 1:colcon.colcon_core.shell:create_environment_hook('lslidar_c16_decoder', 'cmake_prefix_path')
[17.899s] INFO:colcon.colcon_core.shell:Creating environment hook '/root/slam/slam/driver_FR_APOLLO/install/lslidar_c16_decoder/share/lslidar_c16_decoder/hook/cmake_prefix_path.ps1'
[17.899s] INFO:colcon.colcon_core.shell:Creating environment descriptor '/root/slam/slam/driver_FR_APOLLO/install/lslidar_c16_decoder/share/lslidar_c16_decoder/hook/cmake_prefix_path.dsv'
[17.899s] INFO:colcon.colcon_core.shell:Creating environment hook '/root/slam/slam/driver_FR_APOLLO/install/lslidar_c16_decoder/share/lslidar_c16_decoder/hook/cmake_prefix_path.sh'
[17.900s] Level 1:colcon.colcon_core.environment:checking '/root/slam/slam/driver_FR_APOLLO/install/lslidar_c16_decoder/lib'
[17.900s] Level 1:colcon.colcon_core.environment:checking '/root/slam/slam/driver_FR_APOLLO/install/lslidar_c16_decoder/bin'
[17.900s] Level 1:colcon.colcon_core.environment:checking '/root/slam/slam/driver_FR_APOLLO/install/lslidar_c16_decoder/lib/pkgconfig/lslidar_c16_decoder.pc'
[17.900s] Level 1:colcon.colcon_core.environment:checking '/root/slam/slam/driver_FR_APOLLO/install/lslidar_c16_decoder/lib/python3.10/site-packages'
[17.900s] Level 1:colcon.colcon_core.environment:checking '/root/slam/slam/driver_FR_APOLLO/install/lslidar_c16_decoder/bin'
[17.901s] INFO:colcon.colcon_core.shell:Creating package script '/root/slam/slam/driver_FR_APOLLO/install/lslidar_c16_decoder/share/lslidar_c16_decoder/package.ps1'
[17.901s] INFO:colcon.colcon_core.shell:Creating package descriptor '/root/slam/slam/driver_FR_APOLLO/install/lslidar_c16_decoder/share/lslidar_c16_decoder/package.dsv'
[17.902s] INFO:colcon.colcon_core.shell:Creating package script '/root/slam/slam/driver_FR_APOLLO/install/lslidar_c16_decoder/share/lslidar_c16_decoder/package.sh'
[17.902s] INFO:colcon.colcon_core.shell:Creating package script '/root/slam/slam/driver_FR_APOLLO/install/lslidar_c16_decoder/share/lslidar_c16_decoder/package.bash'
[17.902s] INFO:colcon.colcon_core.shell:Creating package script '/root/slam/slam/driver_FR_APOLLO/install/lslidar_c16_decoder/share/lslidar_c16_decoder/package.zsh'
[17.902s] Level 1:colcon.colcon_core.environment:create_file_with_runtime_dependencies(/root/slam/slam/driver_FR_APOLLO/install/lslidar_c16_decoder/share/colcon-core/packages/lslidar_c16_decoder)
[17.903s] DEBUG:colcon.colcon_parallel_executor.executor.parallel:closing loop
[17.903s] DEBUG:colcon.colcon_parallel_executor.executor.parallel:loop closed
[17.903s] DEBUG:colcon.colcon_parallel_executor.executor.parallel:run_until_complete finished with '0'
[17.903s] DEBUG:colcon.colcon_core.event_reactor:joining thread
[17.909s] INFO:colcon.colcon_core.plugin_system:Skipping extension 'colcon_notification.desktop_notification.notify_send': Could not find 'notify-send'
[17.909s] INFO:colcon.colcon_core.plugin_system:Skipping extension 'colcon_notification.desktop_notification.terminal_notifier': Not used on non-Darwin systems
[17.909s] INFO:colcon.colcon_core.plugin_system:Skipping extension 'colcon_notification.desktop_notification.win32': Not used on non-Windows systems
[17.909s] INFO:colcon.colcon_notification.desktop_notification:Sending desktop notification using 'notify2'
[17.913s] DEBUG:colcon.colcon_notification.desktop_notification.notify2:Failed to initialize notify2: org.freedesktop.DBus.Error.Spawn.ExecFailed: /usr/bin/dbus-launch terminated abnormally without any error message
[17.913s] DEBUG:colcon.colcon_core.event_reactor:joined thread
[17.914s] INFO:colcon.colcon_core.shell:Creating prefix script '/root/slam/slam/driver_FR_APOLLO/install/local_setup.ps1'
[17.915s] INFO:colcon.colcon_core.shell:Creating prefix util module '/root/slam/slam/driver_FR_APOLLO/install/_local_setup_util_ps1.py'
[17.916s] INFO:colcon.colcon_core.shell:Creating prefix chain script '/root/slam/slam/driver_FR_APOLLO/install/setup.ps1'
[17.917s] INFO:colcon.colcon_core.shell:Creating prefix script '/root/slam/slam/driver_FR_APOLLO/install/local_setup.sh'
[17.917s] INFO:colcon.colcon_core.shell:Creating prefix util module '/root/slam/slam/driver_FR_APOLLO/install/_local_setup_util_sh.py'
[17.917s] INFO:colcon.colcon_core.shell:Creating prefix chain script '/root/slam/slam/driver_FR_APOLLO/install/setup.sh'
[17.918s] INFO:colcon.colcon_core.shell:Creating prefix script '/root/slam/slam/driver_FR_APOLLO/install/local_setup.bash'
[17.918s] INFO:colcon.colcon_core.shell:Creating prefix chain script '/root/slam/slam/driver_FR_APOLLO/install/setup.bash'
[17.919s] INFO:colcon.colcon_core.shell:Creating prefix script '/root/slam/slam/driver_FR_APOLLO/install/local_setup.zsh'
[17.919s] INFO:colcon.colcon_core.shell:Creating prefix chain script '/root/slam/slam/driver_FR_APOLLO/install/setup.zsh'
